<?xml version="1.0" encoding="utf-8"?>
<TestRun id="1d58e2d9-f316-4ab2-bd68-f1ff5a8c138f" name="kulall@KUSHWS1 2019-01-25 17:45:08" runUser="FAREAST\kulall" xmlns="http://microsoft.com/schemas/VisualStudio/TeamTest/2010">
  <Times creation="2019-01-25T17:45:08.9413396+05:30" queuing="2019-01-25T17:45:08.9413396+05:30" start="2019-01-25T17:45:06.2179158+05:30" finish="2019-01-25T17:45:41.8063719+05:30" />
  <TestSettings name="default" id="8721b4c5-66db-406f-989f-671358ed95b1">
    <Deployment runDeploymentRoot="kulall_KUSHWS1_2019-01-25_17_45_08" />
  </TestSettings>
  <Results>
    <UnitTestResult executionId="c4d466d3-8bd9-4067-bf3d-31efda941b04" testId="57b8e405-9ba6-c1ee-7866-49a0379ef2a7" testName="Pass20" computerName="KUSHWS1" duration="00:00:03.0004010" startTime="2019-01-25T17:45:29.2498974+05:30" endTime="2019-01-25T17:45:32.2510098+05:30" testType="13cdc9d9-ddb5-4fa4-a97d-d965ccfc6d4b" outcome="Passed" testListId="8c84fa94-04c1-424b-9868-57a2d4851a1d" relativeResultsDirectory="c4d466d3-8bd9-4067-bf3d-31efda941b04" />
    <UnitTestResult executionId="00cbc792-c360-4d03-88c4-a59179f140d6" testId="ce6fa5bc-1b23-737f-cab1-9f96b479af5d" testName="Pass42" computerName="KUSHWS1" duration="00:00:00.0000783" startTime="2019-01-25T17:45:41.3723421+05:30" endTime="2019-01-25T17:45:41.3743460+05:30" testType="13cdc9d9-ddb5-4fa4-a97d-d965ccfc6d4b" outcome="Passed" testListId="8c84fa94-04c1-424b-9868-57a2d4851a1d" relativeResultsDirectory="00cbc792-c360-4d03-88c4-a59179f140d6" />
    <UnitTestResult executionId="b3f449e7-cd7d-4383-951b-2461851c47dc" testId="97462772-3a89-3d26-a23e-c081bc426930" testName="Pass41" computerName="KUSHWS1" duration="00:00:00.0000758" startTime="2019-01-25T17:45:41.3423677+05:30" endTime="2019-01-25T17:45:41.3443409+05:30" testType="13cdc9d9-ddb5-4fa4-a97d-d965ccfc6d4b" outcome="Passed" testListId="8c84fa94-04c1-424b-9868-57a2d4851a1d" relativeResultsDirectory="b3f449e7-cd7d-4383-951b-2461851c47dc" />
    <UnitTestResult executionId="224601e5-eb75-47fc-90dc-3fa86ec0e939" testId="7c66fbda-2d0e-a714-e18d-83c0464019a5" testName="Fail1" computerName="KUSHWS1" duration="00:00:03.0599148" startTime="2019-01-25T17:45:20.1538842+05:30" endTime="2019-01-25T17:45:23.2148557+05:30" testType="13cdc9d9-ddb5-4fa4-a97d-d965ccfc6d4b" outcome="Failed" testListId="8c84fa94-04c1-424b-9868-57a2d4851a1d" relativeResultsDirectory="224601e5-eb75-47fc-90dc-3fa86ec0e939">
      <Output>
        <ErrorInfo>
          <Message>Assert.IsFalse failed. </Message>
          <StackTrace>   at UnitTestProject1.UnitTest1.Fail1() in C:\agent\_work\4\s\UnitTestProject1\UnitTestProject1\UnitTest1.cs:line 95&#xD;
</StackTrace>
        </ErrorInfo>
      </Output>
    </UnitTestResult>
    <UnitTestResult executionId="b4acca85-73bd-4c07-aa05-6230b1ee4cc5" testId="55dec915-d020-dd64-93c1-85b797943642" testName="Pass31" computerName="KUSHWS1" duration="00:00:00.0000788" startTime="2019-01-25T17:45:41.3363715+05:30" endTime="2019-01-25T17:45:41.3373663+05:30" testType="13cdc9d9-ddb5-4fa4-a97d-d965ccfc6d4b" outcome="Passed" testListId="8c84fa94-04c1-424b-9868-57a2d4851a1d" relativeResultsDirectory="b4acca85-73bd-4c07-aa05-6230b1ee4cc5" />
    <UnitTestResult executionId="66b9867f-a379-47e7-b325-cfed4f0e39d5" testId="fd68f66f-1b60-3674-4e38-03dc41b73c8b" testName="Pass21" computerName="KUSHWS1" duration="00:00:00.0001018" startTime="2019-01-25T17:45:41.3283401+05:30" endTime="2019-01-25T17:45:41.3303444+05:30" testType="13cdc9d9-ddb5-4fa4-a97d-d965ccfc6d4b" outcome="Passed" testListId="8c84fa94-04c1-424b-9868-57a2d4851a1d" relativeResultsDirectory="66b9867f-a379-47e7-b325-cfed4f0e39d5" />
    <UnitTestResult executionId="cb316c69-4e4a-4a72-a434-bd6d329ba21c" testId="aefba017-ab06-be36-6b92-de4e29836f72" testName="Pass1" computerName="KUSHWS1" duration="00:00:03.0041148" startTime="2019-01-25T17:45:08.1138719+05:30" endTime="2019-01-25T17:45:11.1194794+05:30" testType="13cdc9d9-ddb5-4fa4-a97d-d965ccfc6d4b" outcome="Passed" testListId="8c84fa94-04c1-424b-9868-57a2d4851a1d" relativeResultsDirectory="cb316c69-4e4a-4a72-a434-bd6d329ba21c" />
    <UnitTestResult executionId="46d84aee-c553-49ae-a33d-1f43cfc48d9d" testId="7b8b3965-30c9-8915-77cd-f56f955bc8f3" testName="Pass30" computerName="KUSHWS1" duration="00:00:03.0011185" startTime="2019-01-25T17:45:32.2570149+05:30" endTime="2019-01-25T17:45:35.2609234+05:30" testType="13cdc9d9-ddb5-4fa4-a97d-d965ccfc6d4b" outcome="Passed" testListId="8c84fa94-04c1-424b-9868-57a2d4851a1d" relativeResultsDirectory="46d84aee-c553-49ae-a33d-1f43cfc48d9d" />
    <UnitTestResult executionId="8385718f-9614-42d9-9dfb-0403cbe2bc01" testId="3599b29c-a129-0bd3-282a-c9e1d758e82e" testName="Pass2" computerName="KUSHWS1" duration="00:00:03.0008664" startTime="2019-01-25T17:45:11.1264774+05:30" endTime="2019-01-25T17:45:14.1287291+05:30" testType="13cdc9d9-ddb5-4fa4-a97d-d965ccfc6d4b" outcome="Passed" testListId="8c84fa94-04c1-424b-9868-57a2d4851a1d" relativeResultsDirectory="8385718f-9614-42d9-9dfb-0403cbe2bc01" />
    <UnitTestResult executionId="495fbd3f-7864-4efc-8d55-1f5e0d77f9e1" testId="fbbd2ad5-0993-7f35-bbd4-29881a8cfaba" testName="Pass12" computerName="KUSHWS1" duration="00:00:00.0000724" startTime="2019-01-25T17:45:41.3493655+05:30" endTime="2019-01-25T17:45:41.3513397+05:30" testType="13cdc9d9-ddb5-4fa4-a97d-d965ccfc6d4b" outcome="Passed" testListId="8c84fa94-04c1-424b-9868-57a2d4851a1d" relativeResultsDirectory="495fbd3f-7864-4efc-8d55-1f5e0d77f9e1" />
    <UnitTestResult executionId="9dbf0236-fe5c-4bba-b494-73e538041e9e" testId="1bfb42e8-2ca4-257c-96d7-cb3737f77abb" testName="Pass32" computerName="KUSHWS1" duration="00:00:00.0000754" startTime="2019-01-25T17:45:41.3663425+05:30" endTime="2019-01-25T17:45:41.3683421+05:30" testType="13cdc9d9-ddb5-4fa4-a97d-d965ccfc6d4b" outcome="Passed" testListId="8c84fa94-04c1-424b-9868-57a2d4851a1d" relativeResultsDirectory="9dbf0236-fe5c-4bba-b494-73e538041e9e" />
    <UnitTestResult executionId="d713ff7d-0a94-4c4a-ab0d-4b8c5507ed4d" testId="9349c957-dea8-ec7b-ac45-f7acd4bcac2e" testName="Pass22" computerName="KUSHWS1" duration="00:00:00.0000902" startTime="2019-01-25T17:45:41.3593376+05:30" endTime="2019-01-25T17:45:41.3613409+05:30" testType="13cdc9d9-ddb5-4fa4-a97d-d965ccfc6d4b" outcome="Passed" testListId="8c84fa94-04c1-424b-9868-57a2d4851a1d" relativeResultsDirectory="d713ff7d-0a94-4c4a-ab0d-4b8c5507ed4d" />
    <UnitTestResult executionId="c6c59654-081c-4cc5-962e-4069594c1680" testId="5ec80c74-dd0b-b800-e23e-3e2553454930" testName="Pass40" computerName="KUSHWS1" duration="00:00:03.0001856" startTime="2019-01-25T17:45:35.2669291+05:30" endTime="2019-01-25T17:45:38.2687516+05:30" testType="13cdc9d9-ddb5-4fa4-a97d-d965ccfc6d4b" outcome="Passed" testListId="8c84fa94-04c1-424b-9868-57a2d4851a1d" relativeResultsDirectory="c6c59654-081c-4cc5-962e-4069594c1680" />
    <UnitTestResult executionId="c74e1b90-7fda-442c-b056-e640f682fd78" testId="f9993924-b6cb-ae10-8258-aa8826fc15f2" testName="Pass11" computerName="KUSHWS1" duration="00:00:00.0001433" startTime="2019-01-25T17:45:41.3193462+05:30" endTime="2019-01-25T17:45:41.3223480+05:30" testType="13cdc9d9-ddb5-4fa4-a97d-d965ccfc6d4b" outcome="Passed" testListId="8c84fa94-04c1-424b-9868-57a2d4851a1d" relativeResultsDirectory="c74e1b90-7fda-442c-b056-e640f682fd78" />
    <UnitTestResult executionId="efd30d71-3de4-4f19-b043-b2d99b38f7b1" testId="7aabd3c2-5bb5-1d38-a327-9e159e75ce39" testName="Pass3" computerName="KUSHWS1" duration="00:00:03.0009024" startTime="2019-01-25T17:45:14.1357336+05:30" endTime="2019-01-25T17:45:17.1379181+05:30" testType="13cdc9d9-ddb5-4fa4-a97d-d965ccfc6d4b" outcome="Passed" testListId="8c84fa94-04c1-424b-9868-57a2d4851a1d" relativeResultsDirectory="efd30d71-3de4-4f19-b043-b2d99b38f7b1" />
    <UnitTestResult executionId="7d3c5056-fad7-4dde-8596-97f8fef4b9af" testId="45318ffb-81d9-25f8-f060-a97144697a0a" testName="TestMethod11" computerName="KUSHWS1" duration="00:00:00.0038799" startTime="2019-01-25T17:45:08.0378580+05:30" endTime="2019-01-25T17:45:08.0738571+05:30" testType="13cdc9d9-ddb5-4fa4-a97d-d965ccfc6d4b" outcome="Passed" testListId="8c84fa94-04c1-424b-9868-57a2d4851a1d" relativeResultsDirectory="7d3c5056-fad7-4dde-8596-97f8fef4b9af">
      <ResultFiles>
        <ResultFile path="KUSHWS1\LogStore.txt" />
        <ResultFile path="KUSHWS1\LogStore[1].txt" />
        <ResultFile path="KUSHWS1\LogStore[2].txt" />
        <ResultFile path="KUSHWS1\LogStore[3].txt" />
        <ResultFile path="KUSHWS1\LogStore[4].txt" />
        <ResultFile path="KUSHWS1\LogStore[5].txt" />
        <ResultFile path="KUSHWS1\LogStore[6].txt" />
        <ResultFile path="KUSHWS1\LogStore[7].txt" />
        <ResultFile path="KUSHWS1\LogStore[8].txt" />
        <ResultFile path="KUSHWS1\LogStore[9].txt" />
      </ResultFiles>
    </UnitTestResult>
    <UnitTestResult executionId="35ed4f2a-cf9b-4268-8a1d-6b73f41dc642" testId="a18c1e1e-d07c-fa66-e769-c5ca2941d3ac" testName="Pass10" computerName="KUSHWS1" duration="00:00:03.0023156" startTime="2019-01-25T17:45:26.2393895+05:30" endTime="2019-01-25T17:45:29.2429020+05:30" testType="13cdc9d9-ddb5-4fa4-a97d-d965ccfc6d4b" outcome="Passed" testListId="8c84fa94-04c1-424b-9868-57a2d4851a1d" relativeResultsDirectory="35ed4f2a-cf9b-4268-8a1d-6b73f41dc642" />
    <UnitTestResult executionId="bfcb603c-816e-4714-890b-67590d2e4f02" testId="0596bb2b-0e75-bd18-c533-421c006a056b" testName="Fail20" computerName="KUSHWS1" duration="00:00:00.0049938" startTime="2019-01-25T17:45:41.2993466+05:30" endTime="2019-01-25T17:45:41.3073458+05:30" testType="13cdc9d9-ddb5-4fa4-a97d-d965ccfc6d4b" outcome="Failed" testListId="8c84fa94-04c1-424b-9868-57a2d4851a1d" relativeResultsDirectory="bfcb603c-816e-4714-890b-67590d2e4f02">
      <Output>
        <ErrorInfo>
          <Message>Assert.IsFalse failed. </Message>
          <StackTrace>   at UnitTestProject1.UnitTest1.Fail20() in C:\agent\_work\4\s\UnitTestProject1\UnitTestProject1\UnitTest1.cs:line 141&#xD;
</StackTrace>
        </ErrorInfo>
      </Output>
    </UnitTestResult>
    <UnitTestResult executionId="5d6c3e98-d85c-4a3f-bf26-a0afd9049091" testId="75a3bc6c-5c8a-1e8a-497b-e632f9771662" testName="Fail10" computerName="KUSHWS1" duration="00:00:03.0060482" startTime="2019-01-25T17:45:38.2738924+05:30" endTime="2019-01-25T17:45:41.2823508+05:30" testType="13cdc9d9-ddb5-4fa4-a97d-d965ccfc6d4b" outcome="Failed" testListId="8c84fa94-04c1-424b-9868-57a2d4851a1d" relativeResultsDirectory="5d6c3e98-d85c-4a3f-bf26-a0afd9049091">
      <Output>
        <ErrorInfo>
          <Message>Assert.IsFalse failed. </Message>
          <StackTrace>   at UnitTestProject1.UnitTest1.Fail10() in C:\agent\_work\4\s\UnitTestProject1\UnitTestProject1\UnitTest1.cs:line 136&#xD;
</StackTrace>
        </ErrorInfo>
      </Output>
    </UnitTestResult>
    <UnitTestResult executionId="bbce5512-4c22-4267-ae5a-398e4c07841f" testId="a9d0a865-47ef-0673-67ca-e57147dff1a9" testName="Fail2" computerName="KUSHWS1" duration="00:00:03.0029080" startTime="2019-01-25T17:45:23.2218558+05:30" endTime="2019-01-25T17:45:26.2263800+05:30" testType="13cdc9d9-ddb5-4fa4-a97d-d965ccfc6d4b" outcome="Failed" testListId="8c84fa94-04c1-424b-9868-57a2d4851a1d" relativeResultsDirectory="bbce5512-4c22-4267-ae5a-398e4c07841f">
      <Output>
        <ErrorInfo>
          <Message>Assert.IsFalse failed. </Message>
          <StackTrace>   at UnitTestProject1.UnitTest1.Fail2() in C:\agent\_work\4\s\UnitTestProject1\UnitTestProject1\UnitTest1.cs:line 101&#xD;
</StackTrace>
        </ErrorInfo>
      </Output>
    </UnitTestResult>
    <UnitTestResult executionId="caac3b9f-e3d6-41db-b3f5-f9f880e242c4" testId="ef30f211-13c3-ea98-1d1d-499bb371b1c9" testName="Pass4" computerName="KUSHWS1" duration="00:00:03.0004235" startTime="2019-01-25T17:45:17.1459219+05:30" endTime="2019-01-25T17:45:20.1470785+05:30" testType="13cdc9d9-ddb5-4fa4-a97d-d965ccfc6d4b" outcome="Passed" testListId="8c84fa94-04c1-424b-9868-57a2d4851a1d" relativeResultsDirectory="caac3b9f-e3d6-41db-b3f5-f9f880e242c4" />
  </Results>
  <TestDefinitions>
    <UnitTest name="Pass12" storage="c:\agent\_work\4\s\unittestproject1\unittestproject1\bin\release\unittestproject1.dll" id="fbbd2ad5-0993-7f35-bbd4-29881a8cfaba">
      <Execution id="495fbd3f-7864-4efc-8d55-1f5e0d77f9e1" />
      <TestMethod codeBase="C:\agent\_work\4\s\UnitTestProject1\UnitTestProject1\bin\Release\UnitTestProject1.dll" adapterTypeName="executor://mstestadapter/v1" className="UnitTestProject1.UnitTest1" name="Pass12" />
    </UnitTest>
    <UnitTest name="Pass4" storage="c:\agent\_work\4\s\unittestproject1\unittestproject1\bin\release\unittestproject1.dll" id="ef30f211-13c3-ea98-1d1d-499bb371b1c9">
      <Execution id="caac3b9f-e3d6-41db-b3f5-f9f880e242c4" />
      <TestMethod codeBase="C:\agent\_work\4\s\UnitTestProject1\UnitTestProject1\bin\Release\UnitTestProject1.dll" adapterTypeName="executor://mstestadapter/v1" className="UnitTestProject1.UnitTest1" name="Pass4" />
    </UnitTest>
    <UnitTest name="Pass2" storage="c:\agent\_work\4\s\unittestproject1\unittestproject1\bin\release\unittestproject1.dll" id="3599b29c-a129-0bd3-282a-c9e1d758e82e">
      <Execution id="8385718f-9614-42d9-9dfb-0403cbe2bc01" />
      <TestMethod codeBase="C:\agent\_work\4\s\UnitTestProject1\UnitTestProject1\bin\Release\UnitTestProject1.dll" adapterTypeName="executor://mstestadapter/v1" className="UnitTestProject1.UnitTest1" name="Pass2" />
    </UnitTest>
    <UnitTest name="Pass10" storage="c:\agent\_work\4\s\unittestproject1\unittestproject1\bin\release\unittestproject1.dll" id="a18c1e1e-d07c-fa66-e769-c5ca2941d3ac">
      <Execution id="35ed4f2a-cf9b-4268-8a1d-6b73f41dc642" />
      <TestMethod codeBase="C:\agent\_work\4\s\UnitTestProject1\UnitTestProject1\bin\Release\UnitTestProject1.dll" adapterTypeName="executor://mstestadapter/v1" className="UnitTestProject1.UnitTest1" name="Pass10" />
    </UnitTest>
    <UnitTest name="Pass20" storage="c:\agent\_work\4\s\unittestproject1\unittestproject1\bin\release\unittestproject1.dll" id="57b8e405-9ba6-c1ee-7866-49a0379ef2a7">
      <Execution id="c4d466d3-8bd9-4067-bf3d-31efda941b04" />
      <TestMethod codeBase="C:\agent\_work\4\s\UnitTestProject1\UnitTestProject1\bin\Release\UnitTestProject1.dll" adapterTypeName="executor://mstestadapter/v1" className="UnitTestProject1.UnitTest1" name="Pass20" />
    </UnitTest>
    <UnitTest name="Pass21" storage="c:\agent\_work\4\s\unittestproject1\unittestproject1\bin\release\unittestproject1.dll" id="fd68f66f-1b60-3674-4e38-03dc41b73c8b">
      <Execution id="66b9867f-a379-47e7-b325-cfed4f0e39d5" />
      <TestMethod codeBase="C:\agent\_work\4\s\UnitTestProject1\UnitTestProject1\bin\Release\UnitTestProject1.dll" adapterTypeName="executor://mstestadapter/v1" className="UnitTestProject1.UnitTest1" name="Pass21" />
    </UnitTest>
    <UnitTest name="TestMethod11" storage="c:\agent\_work\4\s\unittestproject1\unittestproject1\bin\release\unittestproject1.dll" priority="1" id="45318ffb-81d9-25f8-f060-a97144697a0a">
      <Owners>
        <Owner name="some1" />
      </Owners>
      <Execution id="7d3c5056-fad7-4dde-8596-97f8fef4b9af" />
      <TestMethod codeBase="C:\agent\_work\4\s\UnitTestProject1\UnitTestProject1\bin\Release\UnitTestProject1.dll" adapterTypeName="executor://mstestadapter/v1" className="UnitTestProject1.UnitTest1" name="TestMethod11" />
    </UnitTest>
    <UnitTest name="Pass31" storage="c:\agent\_work\4\s\unittestproject1\unittestproject1\bin\release\unittestproject1.dll" id="55dec915-d020-dd64-93c1-85b797943642">
      <Execution id="b4acca85-73bd-4c07-aa05-6230b1ee4cc5" />
      <TestMethod codeBase="C:\agent\_work\4\s\UnitTestProject1\UnitTestProject1\bin\Release\UnitTestProject1.dll" adapterTypeName="executor://mstestadapter/v1" className="UnitTestProject1.UnitTest1" name="Pass31" />
    </UnitTest>
    <UnitTest name="Pass22" storage="c:\agent\_work\4\s\unittestproject1\unittestproject1\bin\release\unittestproject1.dll" id="9349c957-dea8-ec7b-ac45-f7acd4bcac2e">
      <Execution id="d713ff7d-0a94-4c4a-ab0d-4b8c5507ed4d" />
      <TestMethod codeBase="C:\agent\_work\4\s\UnitTestProject1\UnitTestProject1\bin\Release\UnitTestProject1.dll" adapterTypeName="executor://mstestadapter/v1" className="UnitTestProject1.UnitTest1" name="Pass22" />
    </UnitTest>
    <UnitTest name="Pass30" storage="c:\agent\_work\4\s\unittestproject1\unittestproject1\bin\release\unittestproject1.dll" id="7b8b3965-30c9-8915-77cd-f56f955bc8f3">
      <Execution id="46d84aee-c553-49ae-a33d-1f43cfc48d9d" />
      <TestMethod codeBase="C:\agent\_work\4\s\UnitTestProject1\UnitTestProject1\bin\Release\UnitTestProject1.dll" adapterTypeName="executor://mstestadapter/v1" className="UnitTestProject1.UnitTest1" name="Pass30" />
    </UnitTest>
    <UnitTest name="Pass11" storage="c:\agent\_work\4\s\unittestproject1\unittestproject1\bin\release\unittestproject1.dll" id="f9993924-b6cb-ae10-8258-aa8826fc15f2">
      <Execution id="c74e1b90-7fda-442c-b056-e640f682fd78" />
      <TestMethod codeBase="C:\agent\_work\4\s\UnitTestProject1\UnitTestProject1\bin\Release\UnitTestProject1.dll" adapterTypeName="executor://mstestadapter/v1" className="UnitTestProject1.UnitTest1" name="Pass11" />
    </UnitTest>
    <UnitTest name="Pass32" storage="c:\agent\_work\4\s\unittestproject1\unittestproject1\bin\release\unittestproject1.dll" id="1bfb42e8-2ca4-257c-96d7-cb3737f77abb">
      <Execution id="9dbf0236-fe5c-4bba-b494-73e538041e9e" />
      <TestMethod codeBase="C:\agent\_work\4\s\UnitTestProject1\UnitTestProject1\bin\Release\UnitTestProject1.dll" adapterTypeName="executor://mstestadapter/v1" className="UnitTestProject1.UnitTest1" name="Pass32" />
    </UnitTest>
    <UnitTest name="Fail20" storage="c:\agent\_work\4\s\unittestproject1\unittestproject1\bin\release\unittestproject1.dll" id="0596bb2b-0e75-bd18-c533-421c006a056b">
      <Execution id="bfcb603c-816e-4714-890b-67590d2e4f02" />
      <TestMethod codeBase="C:\agent\_work\4\s\UnitTestProject1\UnitTestProject1\bin\Release\UnitTestProject1.dll" adapterTypeName="executor://mstestadapter/v1" className="UnitTestProject1.UnitTest1" name="Fail20" />
    </UnitTest>
    <UnitTest name="Fail2" storage="c:\agent\_work\4\s\unittestproject1\unittestproject1\bin\release\unittestproject1.dll" id="a9d0a865-47ef-0673-67ca-e57147dff1a9">
      <Execution id="bbce5512-4c22-4267-ae5a-398e4c07841f" />
      <TestMethod codeBase="C:\agent\_work\4\s\UnitTestProject1\UnitTestProject1\bin\Release\UnitTestProject1.dll" adapterTypeName="executor://mstestadapter/v1" className="UnitTestProject1.UnitTest1" name="Fail2" />
    </UnitTest>
    <UnitTest name="Pass41" storage="c:\agent\_work\4\s\unittestproject1\unittestproject1\bin\release\unittestproject1.dll" id="97462772-3a89-3d26-a23e-c081bc426930">
      <Execution id="b3f449e7-cd7d-4383-951b-2461851c47dc" />
      <TestMethod codeBase="C:\agent\_work\4\s\UnitTestProject1\UnitTestProject1\bin\Release\UnitTestProject1.dll" adapterTypeName="executor://mstestadapter/v1" className="UnitTestProject1.UnitTest1" name="Pass41" />
    </UnitTest>
    <UnitTest name="Fail10" storage="c:\agent\_work\4\s\unittestproject1\unittestproject1\bin\release\unittestproject1.dll" id="75a3bc6c-5c8a-1e8a-497b-e632f9771662">
      <Execution id="5d6c3e98-d85c-4a3f-bf26-a0afd9049091" />
      <TestMethod codeBase="C:\agent\_work\4\s\UnitTestProject1\UnitTestProject1\bin\Release\UnitTestProject1.dll" adapterTypeName="executor://mstestadapter/v1" className="UnitTestProject1.UnitTest1" name="Fail10" />
    </UnitTest>
    <UnitTest name="Pass40" storage="c:\agent\_work\4\s\unittestproject1\unittestproject1\bin\release\unittestproject1.dll" id="5ec80c74-dd0b-b800-e23e-3e2553454930">
      <Execution id="c6c59654-081c-4cc5-962e-4069594c1680" />
      <TestMethod codeBase="C:\agent\_work\4\s\UnitTestProject1\UnitTestProject1\bin\Release\UnitTestProject1.dll" adapterTypeName="executor://mstestadapter/v1" className="UnitTestProject1.UnitTest1" name="Pass40" />
    </UnitTest>
    <UnitTest name="Pass1" storage="c:\agent\_work\4\s\unittestproject1\unittestproject1\bin\release\unittestproject1.dll" id="aefba017-ab06-be36-6b92-de4e29836f72">
      <Execution id="cb316c69-4e4a-4a72-a434-bd6d329ba21c" />
      <TestMethod codeBase="C:\agent\_work\4\s\UnitTestProject1\UnitTestProject1\bin\Release\UnitTestProject1.dll" adapterTypeName="executor://mstestadapter/v1" className="UnitTestProject1.UnitTest1" name="Pass1" />
    </UnitTest>
    <UnitTest name="Pass3" storage="c:\agent\_work\4\s\unittestproject1\unittestproject1\bin\release\unittestproject1.dll" id="7aabd3c2-5bb5-1d38-a327-9e159e75ce39">
      <Execution id="efd30d71-3de4-4f19-b043-b2d99b38f7b1" />
      <TestMethod codeBase="C:\agent\_work\4\s\UnitTestProject1\UnitTestProject1\bin\Release\UnitTestProject1.dll" adapterTypeName="executor://mstestadapter/v1" className="UnitTestProject1.UnitTest1" name="Pass3" />
    </UnitTest>
    <UnitTest name="Fail1" storage="c:\agent\_work\4\s\unittestproject1\unittestproject1\bin\release\unittestproject1.dll" id="7c66fbda-2d0e-a714-e18d-83c0464019a5">
      <Execution id="224601e5-eb75-47fc-90dc-3fa86ec0e939" />
      <TestMethod codeBase="C:\agent\_work\4\s\UnitTestProject1\UnitTestProject1\bin\Release\UnitTestProject1.dll" adapterTypeName="executor://mstestadapter/v1" className="UnitTestProject1.UnitTest1" name="Fail1" />
    </UnitTest>
    <UnitTest name="Pass42" storage="c:\agent\_work\4\s\unittestproject1\unittestproject1\bin\release\unittestproject1.dll" id="ce6fa5bc-1b23-737f-cab1-9f96b479af5d">
      <Execution id="00cbc792-c360-4d03-88c4-a59179f140d6" />
      <TestMethod codeBase="C:\agent\_work\4\s\UnitTestProject1\UnitTestProject1\bin\Release\UnitTestProject1.dll" adapterTypeName="executor://mstestadapter/v1" className="UnitTestProject1.UnitTest1" name="Pass42" />
    </UnitTest>
  </TestDefinitions>
  <TestEntries>
    <TestEntry testId="57b8e405-9ba6-c1ee-7866-49a0379ef2a7" executionId="c4d466d3-8bd9-4067-bf3d-31efda941b04" testListId="8c84fa94-04c1-424b-9868-57a2d4851a1d" />
    <TestEntry testId="ce6fa5bc-1b23-737f-cab1-9f96b479af5d" executionId="00cbc792-c360-4d03-88c4-a59179f140d6" testListId="8c84fa94-04c1-424b-9868-57a2d4851a1d" />
    <TestEntry testId="97462772-3a89-3d26-a23e-c081bc426930" executionId="b3f449e7-cd7d-4383-951b-2461851c47dc" testListId="8c84fa94-04c1-424b-9868-57a2d4851a1d" />
    <TestEntry testId="7c66fbda-2d0e-a714-e18d-83c0464019a5" executionId="224601e5-eb75-47fc-90dc-3fa86ec0e939" testListId="8c84fa94-04c1-424b-9868-57a2d4851a1d" />
    <TestEntry testId="55dec915-d020-dd64-93c1-85b797943642" executionId="b4acca85-73bd-4c07-aa05-6230b1ee4cc5" testListId="8c84fa94-04c1-424b-9868-57a2d4851a1d" />
    <TestEntry testId="fd68f66f-1b60-3674-4e38-03dc41b73c8b" executionId="66b9867f-a379-47e7-b325-cfed4f0e39d5" testListId="8c84fa94-04c1-424b-9868-57a2d4851a1d" />
    <TestEntry testId="aefba017-ab06-be36-6b92-de4e29836f72" executionId="cb316c69-4e4a-4a72-a434-bd6d329ba21c" testListId="8c84fa94-04c1-424b-9868-57a2d4851a1d" />
    <TestEntry testId="7b8b3965-30c9-8915-77cd-f56f955bc8f3" executionId="46d84aee-c553-49ae-a33d-1f43cfc48d9d" testListId="8c84fa94-04c1-424b-9868-57a2d4851a1d" />
    <TestEntry testId="3599b29c-a129-0bd3-282a-c9e1d758e82e" executionId="8385718f-9614-42d9-9dfb-0403cbe2bc01" testListId="8c84fa94-04c1-424b-9868-57a2d4851a1d" />
    <TestEntry testId="fbbd2ad5-0993-7f35-bbd4-29881a8cfaba" executionId="495fbd3f-7864-4efc-8d55-1f5e0d77f9e1" testListId="8c84fa94-04c1-424b-9868-57a2d4851a1d" />
    <TestEntry testId="1bfb42e8-2ca4-257c-96d7-cb3737f77abb" executionId="9dbf0236-fe5c-4bba-b494-73e538041e9e" testListId="8c84fa94-04c1-424b-9868-57a2d4851a1d" />
    <TestEntry testId="9349c957-dea8-ec7b-ac45-f7acd4bcac2e" executionId="d713ff7d-0a94-4c4a-ab0d-4b8c5507ed4d" testListId="8c84fa94-04c1-424b-9868-57a2d4851a1d" />
    <TestEntry testId="5ec80c74-dd0b-b800-e23e-3e2553454930" executionId="c6c59654-081c-4cc5-962e-4069594c1680" testListId="8c84fa94-04c1-424b-9868-57a2d4851a1d" />
    <TestEntry testId="f9993924-b6cb-ae10-8258-aa8826fc15f2" executionId="c74e1b90-7fda-442c-b056-e640f682fd78" testListId="8c84fa94-04c1-424b-9868-57a2d4851a1d" />
    <TestEntry testId="7aabd3c2-5bb5-1d38-a327-9e159e75ce39" executionId="efd30d71-3de4-4f19-b043-b2d99b38f7b1" testListId="8c84fa94-04c1-424b-9868-57a2d4851a1d" />
    <TestEntry testId="45318ffb-81d9-25f8-f060-a97144697a0a" executionId="7d3c5056-fad7-4dde-8596-97f8fef4b9af" testListId="8c84fa94-04c1-424b-9868-57a2d4851a1d" />
    <TestEntry testId="a18c1e1e-d07c-fa66-e769-c5ca2941d3ac" executionId="35ed4f2a-cf9b-4268-8a1d-6b73f41dc642" testListId="8c84fa94-04c1-424b-9868-57a2d4851a1d" />
    <TestEntry testId="0596bb2b-0e75-bd18-c533-421c006a056b" executionId="bfcb603c-816e-4714-890b-67590d2e4f02" testListId="8c84fa94-04c1-424b-9868-57a2d4851a1d" />
    <TestEntry testId="75a3bc6c-5c8a-1e8a-497b-e632f9771662" executionId="5d6c3e98-d85c-4a3f-bf26-a0afd9049091" testListId="8c84fa94-04c1-424b-9868-57a2d4851a1d" />
    <TestEntry testId="a9d0a865-47ef-0673-67ca-e57147dff1a9" executionId="bbce5512-4c22-4267-ae5a-398e4c07841f" testListId="8c84fa94-04c1-424b-9868-57a2d4851a1d" />
    <TestEntry testId="ef30f211-13c3-ea98-1d1d-499bb371b1c9" executionId="caac3b9f-e3d6-41db-b3f5-f9f880e242c4" testListId="8c84fa94-04c1-424b-9868-57a2d4851a1d" />
  </TestEntries>
  <TestLists>
    <TestList name="Results Not in a List" id="8c84fa94-04c1-424b-9868-57a2d4851a1d" />
    <TestList name="All Loaded Results" id="19431567-8539-422a-85d7-44ee4e166bda" />
  </TestLists>
  <ResultSummary outcome="Failed">
    <Counters total="21" executed="21" passed="17" failed="4" error="0" timeout="0" aborted="0" inconclusive="0" passedButRunAborted="0" notRunnable="0" notExecuted="0" disconnected="0" warning="0" completed="0" inProgress="0" pending="0" />
    <Output>
      <StdOut>Data collection : Logging DataCollector Diagnostics in file: C:\agent\_work\_temp\Attempt-3_63ddbdfd-3328-4e56-bbbf-a3c19e0936df.datacollector.19-01-25_17-45-06_24593_1.diagLogging TestHost Diagnostics in file: C:\agent\_work\_temp\Attempt-3_63ddbdfd-3328-4e56-bbbf-a3c19e0936df.host.19-01-25_17-45-06_86396_1.diag</StdOut>
    </Output>
  </ResultSummary>
</TestRun>