<?xml version="1.0" encoding="utf-8"?>
<TestRun id="1cc120d2-e14f-4584-a9e3-677ab269090f" name="kulall@KUSHWS1 2019-01-25 18:09:11" runUser="FAREAST\kulall" xmlns="http://microsoft.com/schemas/VisualStudio/TeamTest/2010">
  <Times creation="2019-01-25T18:09:11.3526345+05:30" queuing="2019-01-25T18:09:11.3526345+05:30" start="2019-01-25T18:09:08.6906278+05:30" finish="2019-01-25T18:09:20.1406538+05:30" />
  <TestSettings name="default" id="94dca3fd-827e-4c76-a584-9c037d505b37">
    <Deployment runDeploymentRoot="kulall_KUSHWS1_2019-01-25_18_09_11" />
  </TestSettings>
  <Results>
    <UnitTestResult executionId="5d9e49ec-e086-49c6-8a6c-f28824eb6832" testId="75a3bc6c-5c8a-1e8a-497b-e632f9771662" testName="Fail10" computerName="KUSHWS1" duration="00:00:03.0022783" startTime="2019-01-25T18:09:16.6936471+05:30" endTime="2019-01-25T18:09:19.6966544+05:30" testType="13cdc9d9-ddb5-4fa4-a97d-d965ccfc6d4b" outcome="Failed" testListId="8c84fa94-04c1-424b-9868-57a2d4851a1d" relativeResultsDirectory="5d9e49ec-e086-49c6-8a6c-f28824eb6832">
      <Output>
        <ErrorInfo>
          <Message>Assert.IsFalse failed. </Message>
          <StackTrace>   at UnitTestProject1.UnitTest1.Fail10() in C:\agent\_work\4\s\UnitTestProject1\UnitTestProject1\UnitTest1.cs:line 137&#xD;
</StackTrace>
        </ErrorInfo>
      </Output>
    </UnitTestResult>
    <UnitTestResult executionId="573154f5-83c4-430e-9f00-cb0e7d83431c" testId="7c66fbda-2d0e-a714-e18d-83c0464019a5" testName="Fail1" computerName="KUSHWS1" duration="00:00:03.0045233" startTime="2019-01-25T18:09:10.6696291+05:30" endTime="2019-01-25T18:09:13.6756414+05:30" testType="13cdc9d9-ddb5-4fa4-a97d-d965ccfc6d4b" outcome="Failed" testListId="8c84fa94-04c1-424b-9868-57a2d4851a1d" relativeResultsDirectory="573154f5-83c4-430e-9f00-cb0e7d83431c">
      <Output>
        <ErrorInfo>
          <Message>Assert.IsFalse failed. </Message>
          <StackTrace>   at UnitTestProject1.UnitTest1.Fail1() in C:\agent\_work\4\s\UnitTestProject1\UnitTestProject1\UnitTest1.cs:line 96&#xD;
</StackTrace>
        </ErrorInfo>
      </Output>
    </UnitTestResult>
    <UnitTestResult executionId="21a4ebb0-1b5f-416a-9b12-3c141ead9020" testId="a9d0a865-47ef-0673-67ca-e57147dff1a9" testName="Fail2" computerName="KUSHWS1" duration="00:00:03.0022880" startTime="2019-01-25T18:09:13.6836382+05:30" endTime="2019-01-25T18:09:16.6866473+05:30" testType="13cdc9d9-ddb5-4fa4-a97d-d965ccfc6d4b" outcome="Failed" testListId="8c84fa94-04c1-424b-9868-57a2d4851a1d" relativeResultsDirectory="21a4ebb0-1b5f-416a-9b12-3c141ead9020">
      <Output>
        <ErrorInfo>
          <Message>Assert.IsFalse failed. </Message>
          <StackTrace>   at UnitTestProject1.UnitTest1.Fail2() in C:\agent\_work\4\s\UnitTestProject1\UnitTestProject1\UnitTest1.cs:line 102&#xD;
</StackTrace>
        </ErrorInfo>
      </Output>
    </UnitTestResult>
    <UnitTestResult executionId="e5a638b7-2565-435c-b08a-772b469989da" testId="0596bb2b-0e75-bd18-c533-421c006a056b" testName="Fail20" computerName="KUSHWS1" duration="00:00:00.0021119" startTime="2019-01-25T18:09:19.7036558+05:30" endTime="2019-01-25T18:09:19.7066553+05:30" testType="13cdc9d9-ddb5-4fa4-a97d-d965ccfc6d4b" outcome="Failed" testListId="8c84fa94-04c1-424b-9868-57a2d4851a1d" relativeResultsDirectory="e5a638b7-2565-435c-b08a-772b469989da">
      <Output>
        <ErrorInfo>
          <Message>Assert.IsFalse failed. </Message>
          <StackTrace>   at UnitTestProject1.UnitTest1.Fail20() in C:\agent\_work\4\s\UnitTestProject1\UnitTestProject1\UnitTest1.cs:line 142&#xD;
</StackTrace>
        </ErrorInfo>
      </Output>
    </UnitTestResult>
    <UnitTestResult executionId="619e46ac-a4cb-4a3b-9512-3da3a20770e0" testId="45318ffb-81d9-25f8-f060-a97144697a0a" testName="TestMethod11" computerName="KUSHWS1" duration="00:00:00.0680807" startTime="2019-01-25T18:09:10.5226310+05:30" endTime="2019-01-25T18:09:10.6236298+05:30" testType="13cdc9d9-ddb5-4fa4-a97d-d965ccfc6d4b" outcome="Failed" testListId="8c84fa94-04c1-424b-9868-57a2d4851a1d" relativeResultsDirectory="619e46ac-a4cb-4a3b-9512-3da3a20770e0">
      <Output>
        <ErrorInfo>
          <Message>Assert.IsTrue failed. </Message>
          <StackTrace>   at UnitTestProject1.UnitTest1.TestMethod11() in C:\agent\_work\4\s\UnitTestProject1\UnitTestProject1\UnitTest1.cs:line 33&#xD;
</StackTrace>
        </ErrorInfo>
      </Output>
      <ResultFiles>
        <ResultFile path="../../../LogStore.txt" />
        <ResultFile path="../../../LogStore[1].txt" />
        <ResultFile path="../../../LogStore[2].txt" />
        <ResultFile path="../../../LogStore[3].txt" />
        <ResultFile path="../../../LogStore[4].txt" />
        <ResultFile path="../../../LogStore[5].txt" />
      </ResultFiles>
    </UnitTestResult>
  </Results>
  <TestDefinitions>
    <UnitTest name="Fail1" storage="c:\agent\_work\4\s\unittestproject1\unittestproject1\bin\release\unittestproject1.dll" id="7c66fbda-2d0e-a714-e18d-83c0464019a5">
      <Execution id="573154f5-83c4-430e-9f00-cb0e7d83431c" />
      <TestMethod codeBase="C:\agent\_work\4\s\UnitTestProject1\UnitTestProject1\bin\Release\UnitTestProject1.dll" adapterTypeName="executor://mstestadapter/v1" className="UnitTestProject1.UnitTest1" name="Fail1" />
    </UnitTest>
    <UnitTest name="TestMethod11" storage="c:\agent\_work\4\s\unittestproject1\unittestproject1\bin\release\unittestproject1.dll" priority="1" id="45318ffb-81d9-25f8-f060-a97144697a0a">
      <Owners>
        <Owner name="some1" />
      </Owners>
      <Execution id="619e46ac-a4cb-4a3b-9512-3da3a20770e0" />
      <TestMethod codeBase="C:\agent\_work\4\s\UnitTestProject1\UnitTestProject1\bin\Release\UnitTestProject1.dll" adapterTypeName="executor://mstestadapter/v1" className="UnitTestProject1.UnitTest1" name="TestMethod11" />
    </UnitTest>
    <UnitTest name="Fail10" storage="c:\agent\_work\4\s\unittestproject1\unittestproject1\bin\release\unittestproject1.dll" id="75a3bc6c-5c8a-1e8a-497b-e632f9771662">
      <Execution id="5d9e49ec-e086-49c6-8a6c-f28824eb6832" />
      <TestMethod codeBase="C:\agent\_work\4\s\UnitTestProject1\UnitTestProject1\bin\Release\UnitTestProject1.dll" adapterTypeName="executor://mstestadapter/v1" className="UnitTestProject1.UnitTest1" name="Fail10" />
    </UnitTest>
    <UnitTest name="Fail20" storage="c:\agent\_work\4\s\unittestproject1\unittestproject1\bin\release\unittestproject1.dll" id="0596bb2b-0e75-bd18-c533-421c006a056b">
      <Execution id="e5a638b7-2565-435c-b08a-772b469989da" />
      <TestMethod codeBase="C:\agent\_work\4\s\UnitTestProject1\UnitTestProject1\bin\Release\UnitTestProject1.dll" adapterTypeName="executor://mstestadapter/v1" className="UnitTestProject1.UnitTest1" name="Fail20" />
    </UnitTest>
    <UnitTest name="Fail2" storage="c:\agent\_work\4\s\unittestproject1\unittestproject1\bin\release\unittestproject1.dll" id="a9d0a865-47ef-0673-67ca-e57147dff1a9">
      <Execution id="21a4ebb0-1b5f-416a-9b12-3c141ead9020" />
      <TestMethod codeBase="C:\agent\_work\4\s\UnitTestProject1\UnitTestProject1\bin\Release\UnitTestProject1.dll" adapterTypeName="executor://mstestadapter/v1" className="UnitTestProject1.UnitTest1" name="Fail2" />
    </UnitTest>
  </TestDefinitions>
  <TestEntries>
    <TestEntry testId="75a3bc6c-5c8a-1e8a-497b-e632f9771662" executionId="5d9e49ec-e086-49c6-8a6c-f28824eb6832" testListId="8c84fa94-04c1-424b-9868-57a2d4851a1d" />
    <TestEntry testId="7c66fbda-2d0e-a714-e18d-83c0464019a5" executionId="573154f5-83c4-430e-9f00-cb0e7d83431c" testListId="8c84fa94-04c1-424b-9868-57a2d4851a1d" />
    <TestEntry testId="a9d0a865-47ef-0673-67ca-e57147dff1a9" executionId="21a4ebb0-1b5f-416a-9b12-3c141ead9020" testListId="8c84fa94-04c1-424b-9868-57a2d4851a1d" />
    <TestEntry testId="0596bb2b-0e75-bd18-c533-421c006a056b" executionId="e5a638b7-2565-435c-b08a-772b469989da" testListId="8c84fa94-04c1-424b-9868-57a2d4851a1d" />
    <TestEntry testId="45318ffb-81d9-25f8-f060-a97144697a0a" executionId="619e46ac-a4cb-4a3b-9512-3da3a20770e0" testListId="8c84fa94-04c1-424b-9868-57a2d4851a1d" />
  </TestEntries>
  <TestLists>
    <TestList name="Results Not in a List" id="8c84fa94-04c1-424b-9868-57a2d4851a1d" />
    <TestList name="All Loaded Results" id="19431567-8539-422a-85d7-44ee4e166bda" />
  </TestLists>
  <ResultSummary outcome="Failed">
    <Counters total="5" executed="5" passed="0" failed="5" error="0" timeout="0" aborted="0" inconclusive="0" passedButRunAborted="0" notRunnable="0" notExecuted="0" disconnected="0" warning="0" completed="0" inProgress="0" pending="0" />
    <Output>
      <StdOut>Data collection : Logging DataCollector Diagnostics in file: C:\agent\_work\_temp\Attempt-5_a3fb02fa-a2af-497b-bab0-e294e35f23bb.datacollector.19-01-25_18-09-08_71862_1.diagLogging TestHost Diagnostics in file: C:\agent\_work\_temp\Attempt-5_a3fb02fa-a2af-497b-bab0-e294e35f23bb.host.19-01-25_18-09-09_30562_1.diag</StdOut>
    </Output>
  </ResultSummary>
</TestRun>
