<?xml version="1.0" encoding="utf-8"?>
<TestRun id="ecfcbbcc-a595-49e8-b9e2-32f732391ee0" name="kulall@KUSHWS1 2019-01-25 17:50:09" runUser="FAREAST\kulall" xmlns="http://microsoft.com/schemas/VisualStudio/TeamTest/2010">
  <Times creation="2019-01-25T17:50:09.9804941+05:30" queuing="2019-01-25T17:50:09.9804941+05:30" start="2019-01-25T17:50:07.2744889+05:30" finish="2019-01-25T17:50:42.9736462+05:30" />
  <TestSettings name="default" id="66698c00-95af-4305-ba57-4e07f93b56a1">
    <Deployment runDeploymentRoot="kulall_KUSHWS1_2019-01-25_17_50_09" />
  </TestSettings>
  <Results>
    <UnitTestResult executionId="58a3d69c-4fbd-45a6-99fd-7f0acecc53a4" testId="57b8e405-9ba6-c1ee-7866-49a0379ef2a7" testName="Pass20" computerName="KUSHWS1" duration="00:00:03.0007569" startTime="2019-01-25T17:50:30.4357912+05:30" endTime="2019-01-25T17:50:33.4381246+05:30" testType="13cdc9d9-ddb5-4fa4-a97d-d965ccfc6d4b" outcome="Passed" testListId="8c84fa94-04c1-424b-9868-57a2d4851a1d" relativeResultsDirectory="58a3d69c-4fbd-45a6-99fd-7f0acecc53a4" />
    <UnitTestResult executionId="92e57919-2fe0-40b0-8a10-95e988d5c7b6" testId="ef30f211-13c3-ea98-1d1d-499bb371b1c9" testName="Pass4" computerName="KUSHWS1" duration="00:00:03.0010847" startTime="2019-01-25T17:50:18.3938874+05:30" endTime="2019-01-25T17:50:21.3959254+05:30" testType="13cdc9d9-ddb5-4fa4-a97d-d965ccfc6d4b" outcome="Passed" testListId="8c84fa94-04c1-424b-9868-57a2d4851a1d" relativeResultsDirectory="92e57919-2fe0-40b0-8a10-95e988d5c7b6" />
    <UnitTestResult executionId="9fb86982-a82c-441a-ab59-3d80e7a48f8a" testId="a18c1e1e-d07c-fa66-e769-c5ca2941d3ac" testName="Pass10" computerName="KUSHWS1" duration="00:00:03.0003718" startTime="2019-01-25T17:50:27.4277793+05:30" endTime="2019-01-25T17:50:30.4297883+05:30" testType="13cdc9d9-ddb5-4fa4-a97d-d965ccfc6d4b" outcome="Passed" testListId="8c84fa94-04c1-424b-9868-57a2d4851a1d" relativeResultsDirectory="9fb86982-a82c-441a-ab59-3d80e7a48f8a" />
    <UnitTestResult executionId="1c728dba-fa56-496b-948f-fcb8b1e8dea3" testId="a9d0a865-47ef-0673-67ca-e57147dff1a9" testName="Fail2" computerName="KUSHWS1" duration="00:00:03.0025792" startTime="2019-01-25T17:50:24.4147692+05:30" endTime="2019-01-25T17:50:27.4187753+05:30" testType="13cdc9d9-ddb5-4fa4-a97d-d965ccfc6d4b" outcome="Failed" testListId="8c84fa94-04c1-424b-9868-57a2d4851a1d" relativeResultsDirectory="1c728dba-fa56-496b-948f-fcb8b1e8dea3">
      <Output>
        <ErrorInfo>
          <Message>Assert.IsFalse failed. </Message>
          <StackTrace>   at UnitTestProject1.UnitTest1.Fail2() in C:\agent\_work\4\s\UnitTestProject1\UnitTestProject1\UnitTest1.cs:line 102&#xD;
</StackTrace>
        </ErrorInfo>
      </Output>
    </UnitTestResult>
    <UnitTestResult executionId="3249dd74-0fbd-4170-ac42-6ece44b41368" testId="5ec80c74-dd0b-b800-e23e-3e2553454930" testName="Pass40" computerName="KUSHWS1" duration="00:00:03.0008912" startTime="2019-01-25T17:50:36.4528207+05:30" endTime="2019-01-25T17:50:39.4543402+05:30" testType="13cdc9d9-ddb5-4fa4-a97d-d965ccfc6d4b" outcome="Passed" testListId="8c84fa94-04c1-424b-9868-57a2d4851a1d" relativeResultsDirectory="3249dd74-0fbd-4170-ac42-6ece44b41368" />
    <UnitTestResult executionId="0362c5a0-5bff-4267-bd68-1ca8429fb684" testId="75a3bc6c-5c8a-1e8a-497b-e632f9771662" testName="Fail10" computerName="KUSHWS1" duration="00:00:03.0028306" startTime="2019-01-25T17:50:39.4593363+05:30" endTime="2019-01-25T17:50:42.4636419+05:30" testType="13cdc9d9-ddb5-4fa4-a97d-d965ccfc6d4b" outcome="Failed" testListId="8c84fa94-04c1-424b-9868-57a2d4851a1d" relativeResultsDirectory="0362c5a0-5bff-4267-bd68-1ca8429fb684">
      <Output>
        <ErrorInfo>
          <Message>Assert.IsFalse failed. </Message>
          <StackTrace>   at UnitTestProject1.UnitTest1.Fail10() in C:\agent\_work\4\s\UnitTestProject1\UnitTestProject1\UnitTest1.cs:line 137&#xD;
</StackTrace>
        </ErrorInfo>
      </Output>
    </UnitTestResult>
    <UnitTestResult executionId="906b923e-a428-474f-a965-9272d0dc6f86" testId="f9993924-b6cb-ae10-8258-aa8826fc15f2" testName="Pass11" computerName="KUSHWS1" duration="00:00:00.0000615" startTime="2019-01-25T17:50:42.4776489+05:30" endTime="2019-01-25T17:50:42.4786427+05:30" testType="13cdc9d9-ddb5-4fa4-a97d-d965ccfc6d4b" outcome="Passed" testListId="8c84fa94-04c1-424b-9868-57a2d4851a1d" relativeResultsDirectory="906b923e-a428-474f-a965-9272d0dc6f86" />
    <UnitTestResult executionId="26f36784-ffc0-4fcb-a209-22c7a1e8c290" testId="45318ffb-81d9-25f8-f060-a97144697a0a" testName="TestMethod11" computerName="KUSHWS1" duration="00:00:00.0752581" startTime="2019-01-25T17:50:09.1974932+05:30" endTime="2019-01-25T17:50:09.3134922+05:30" testType="13cdc9d9-ddb5-4fa4-a97d-d965ccfc6d4b" outcome="Failed" testListId="8c84fa94-04c1-424b-9868-57a2d4851a1d" relativeResultsDirectory="26f36784-ffc0-4fcb-a209-22c7a1e8c290">
      <Output>
        <ErrorInfo>
          <Message>Assert.IsTrue failed. </Message>
          <StackTrace>   at UnitTestProject1.UnitTest1.TestMethod11() in C:\agent\_work\4\s\UnitTestProject1\UnitTestProject1\UnitTest1.cs:line 33&#xD;
</StackTrace>
        </ErrorInfo>
      </Output>
      <ResultFiles>
        <ResultFile path="KUSHWS1\LogStore.txt" />
        <ResultFile path="KUSHWS1\LogStore[1].txt" />
        <ResultFile path="KUSHWS1\LogStore[2].txt" />
        <ResultFile path="KUSHWS1\LogStore[3].txt" />
        <ResultFile path="KUSHWS1\LogStore[4].txt" />
        <ResultFile path="KUSHWS1\LogStore[5].txt" />
        <ResultFile path="KUSHWS1\LogStore[6].txt" />
        <ResultFile path="KUSHWS1\LogStore[7].txt" />
        <ResultFile path="KUSHWS1\LogStore[8].txt" />
        <ResultFile path="KUSHWS1\LogStore[9].txt" />
      </ResultFiles>
    </UnitTestResult>
    <UnitTestResult executionId="01ad7ced-53b2-4d26-b1d7-373ee67e1aef" testId="7c66fbda-2d0e-a714-e18d-83c0464019a5" testName="Fail1" computerName="KUSHWS1" duration="00:00:03.0050252" startTime="2019-01-25T17:50:21.4019317+05:30" endTime="2019-01-25T17:50:24.4077728+05:30" testType="13cdc9d9-ddb5-4fa4-a97d-d965ccfc6d4b" outcome="Failed" testListId="8c84fa94-04c1-424b-9868-57a2d4851a1d" relativeResultsDirectory="01ad7ced-53b2-4d26-b1d7-373ee67e1aef">
      <Output>
        <ErrorInfo>
          <Message>Assert.IsFalse failed. </Message>
          <StackTrace>   at UnitTestProject1.UnitTest1.Fail1() in C:\agent\_work\4\s\UnitTestProject1\UnitTestProject1\UnitTest1.cs:line 96&#xD;
</StackTrace>
        </ErrorInfo>
      </Output>
    </UnitTestResult>
    <UnitTestResult executionId="5bbb9462-bd13-40d6-aa79-dcd34f9bdca6" testId="fd68f66f-1b60-3674-4e38-03dc41b73c8b" testName="Pass21" computerName="KUSHWS1" duration="00:00:00.0000583" startTime="2019-01-25T17:50:42.4826428+05:30" endTime="2019-01-25T17:50:42.4836430+05:30" testType="13cdc9d9-ddb5-4fa4-a97d-d965ccfc6d4b" outcome="Passed" testListId="8c84fa94-04c1-424b-9868-57a2d4851a1d" relativeResultsDirectory="5bbb9462-bd13-40d6-aa79-dcd34f9bdca6" />
    <UnitTestResult executionId="8e84db98-0aeb-4d45-9644-3cfcd5849253" testId="0596bb2b-0e75-bd18-c533-421c006a056b" testName="Fail20" computerName="KUSHWS1" duration="00:00:00.0019561" startTime="2019-01-25T17:50:42.4696477+05:30" endTime="2019-01-25T17:50:42.4726540+05:30" testType="13cdc9d9-ddb5-4fa4-a97d-d965ccfc6d4b" outcome="Failed" testListId="8c84fa94-04c1-424b-9868-57a2d4851a1d" relativeResultsDirectory="8e84db98-0aeb-4d45-9644-3cfcd5849253">
      <Output>
        <ErrorInfo>
          <Message>Assert.IsFalse failed. </Message>
          <StackTrace>   at UnitTestProject1.UnitTest1.Fail20() in C:\agent\_work\4\s\UnitTestProject1\UnitTestProject1\UnitTest1.cs:line 142&#xD;
</StackTrace>
        </ErrorInfo>
      </Output>
    </UnitTestResult>
    <UnitTestResult executionId="e532e45a-1552-4514-a5b0-c194e829758e" testId="fbbd2ad5-0993-7f35-bbd4-29881a8cfaba" testName="Pass12" computerName="KUSHWS1" duration="00:00:00.0000799" startTime="2019-01-25T17:50:42.5026440+05:30" endTime="2019-01-25T17:50:42.5046462+05:30" testType="13cdc9d9-ddb5-4fa4-a97d-d965ccfc6d4b" outcome="Passed" testListId="8c84fa94-04c1-424b-9868-57a2d4851a1d" relativeResultsDirectory="e532e45a-1552-4514-a5b0-c194e829758e" />
    <UnitTestResult executionId="33c1929a-99dc-4334-8f0d-c682106d6da5" testId="3599b29c-a129-0bd3-282a-c9e1d758e82e" testName="Pass2" computerName="KUSHWS1" duration="00:00:03.0004744" startTime="2019-01-25T17:50:12.3697029+05:30" endTime="2019-01-25T17:50:15.3726043+05:30" testType="13cdc9d9-ddb5-4fa4-a97d-d965ccfc6d4b" outcome="Passed" testListId="8c84fa94-04c1-424b-9868-57a2d4851a1d" relativeResultsDirectory="33c1929a-99dc-4334-8f0d-c682106d6da5" />
    <UnitTestResult executionId="e2c64dcc-923d-4dce-85ae-9eeb5db84055" testId="aefba017-ab06-be36-6b92-de4e29836f72" testName="Pass1" computerName="KUSHWS1" duration="00:00:03.0012425" startTime="2019-01-25T17:50:09.3624931+05:30" endTime="2019-01-25T17:50:12.3647015+05:30" testType="13cdc9d9-ddb5-4fa4-a97d-d965ccfc6d4b" outcome="Passed" testListId="8c84fa94-04c1-424b-9868-57a2d4851a1d" relativeResultsDirectory="e2c64dcc-923d-4dce-85ae-9eeb5db84055" />
    <UnitTestResult executionId="f108bb35-26d9-48ca-8a91-c701d9ee7a89" testId="55dec915-d020-dd64-93c1-85b797943642" testName="Pass31" computerName="KUSHWS1" duration="00:00:00.0000565" startTime="2019-01-25T17:50:42.4876476+05:30" endTime="2019-01-25T17:50:42.4886430+05:30" testType="13cdc9d9-ddb5-4fa4-a97d-d965ccfc6d4b" outcome="Passed" testListId="8c84fa94-04c1-424b-9868-57a2d4851a1d" relativeResultsDirectory="f108bb35-26d9-48ca-8a91-c701d9ee7a89" />
    <UnitTestResult executionId="292a4806-7c79-4fb1-a1da-bfd494907195" testId="97462772-3a89-3d26-a23e-c081bc426930" testName="Pass41" computerName="KUSHWS1" duration="00:00:00.0000756" startTime="2019-01-25T17:50:42.4926430+05:30" endTime="2019-01-25T17:50:42.4936443+05:30" testType="13cdc9d9-ddb5-4fa4-a97d-d965ccfc6d4b" outcome="Passed" testListId="8c84fa94-04c1-424b-9868-57a2d4851a1d" relativeResultsDirectory="292a4806-7c79-4fb1-a1da-bfd494907195" />
    <UnitTestResult executionId="5620964b-2d3e-40b9-a51a-1cb6926946b9" testId="7b8b3965-30c9-8915-77cd-f56f955bc8f3" testName="Pass30" computerName="KUSHWS1" duration="00:00:03.0004865" startTime="2019-01-25T17:50:33.4450980+05:30" endTime="2019-01-25T17:50:36.4468185+05:30" testType="13cdc9d9-ddb5-4fa4-a97d-d965ccfc6d4b" outcome="Passed" testListId="8c84fa94-04c1-424b-9868-57a2d4851a1d" relativeResultsDirectory="5620964b-2d3e-40b9-a51a-1cb6926946b9" />
    <UnitTestResult executionId="d56a7571-5e69-4c95-9d99-a1a447e391d1" testId="1bfb42e8-2ca4-257c-96d7-cb3737f77abb" testName="Pass32" computerName="KUSHWS1" duration="00:00:00.0000990" startTime="2019-01-25T17:50:42.5186439+05:30" endTime="2019-01-25T17:50:42.5196611+05:30" testType="13cdc9d9-ddb5-4fa4-a97d-d965ccfc6d4b" outcome="Passed" testListId="8c84fa94-04c1-424b-9868-57a2d4851a1d" relativeResultsDirectory="d56a7571-5e69-4c95-9d99-a1a447e391d1" />
    <UnitTestResult executionId="010722c3-8cbe-46da-8c63-5135d7cf8e66" testId="9349c957-dea8-ec7b-ac45-f7acd4bcac2e" testName="Pass22" computerName="KUSHWS1" duration="00:00:00.0000827" startTime="2019-01-25T17:50:42.5126566+05:30" endTime="2019-01-25T17:50:42.5146500+05:30" testType="13cdc9d9-ddb5-4fa4-a97d-d965ccfc6d4b" outcome="Passed" testListId="8c84fa94-04c1-424b-9868-57a2d4851a1d" relativeResultsDirectory="010722c3-8cbe-46da-8c63-5135d7cf8e66" />
    <UnitTestResult executionId="ac4370ce-60e9-4e1b-bbde-1fc21b6eb2c5" testId="7aabd3c2-5bb5-1d38-a327-9e159e75ce39" testName="Pass3" computerName="KUSHWS1" duration="00:00:03.0004484" startTime="2019-01-25T17:50:15.3845635+05:30" endTime="2019-01-25T17:50:18.3869219+05:30" testType="13cdc9d9-ddb5-4fa4-a97d-d965ccfc6d4b" outcome="Passed" testListId="8c84fa94-04c1-424b-9868-57a2d4851a1d" relativeResultsDirectory="ac4370ce-60e9-4e1b-bbde-1fc21b6eb2c5" />
    <UnitTestResult executionId="d5ff3a2b-6121-4638-975b-f8ce30c43a54" testId="ce6fa5bc-1b23-737f-cab1-9f96b479af5d" testName="Pass42" computerName="KUSHWS1" duration="00:00:00.0000877" startTime="2019-01-25T17:50:42.5236427+05:30" endTime="2019-01-25T17:50:42.5246427+05:30" testType="13cdc9d9-ddb5-4fa4-a97d-d965ccfc6d4b" outcome="Passed" testListId="8c84fa94-04c1-424b-9868-57a2d4851a1d" relativeResultsDirectory="d5ff3a2b-6121-4638-975b-f8ce30c43a54" />
  </Results>
  <TestDefinitions>
    <UnitTest name="Pass12" storage="c:\agent\_work\4\s\unittestproject1\unittestproject1\bin\release\unittestproject1.dll" id="fbbd2ad5-0993-7f35-bbd4-29881a8cfaba">
      <Execution id="e532e45a-1552-4514-a5b0-c194e829758e" />
      <TestMethod codeBase="C:\agent\_work\4\s\UnitTestProject1\UnitTestProject1\bin\Release\UnitTestProject1.dll" adapterTypeName="executor://mstestadapter/v1" className="UnitTestProject1.UnitTest1" name="Pass12" />
    </UnitTest>
    <UnitTest name="Pass4" storage="c:\agent\_work\4\s\unittestproject1\unittestproject1\bin\release\unittestproject1.dll" id="ef30f211-13c3-ea98-1d1d-499bb371b1c9">
      <Execution id="92e57919-2fe0-40b0-8a10-95e988d5c7b6" />
      <TestMethod codeBase="C:\agent\_work\4\s\UnitTestProject1\UnitTestProject1\bin\Release\UnitTestProject1.dll" adapterTypeName="executor://mstestadapter/v1" className="UnitTestProject1.UnitTest1" name="Pass4" />
    </UnitTest>
    <UnitTest name="Pass2" storage="c:\agent\_work\4\s\unittestproject1\unittestproject1\bin\release\unittestproject1.dll" id="3599b29c-a129-0bd3-282a-c9e1d758e82e">
      <Execution id="33c1929a-99dc-4334-8f0d-c682106d6da5" />
      <TestMethod codeBase="C:\agent\_work\4\s\UnitTestProject1\UnitTestProject1\bin\Release\UnitTestProject1.dll" adapterTypeName="executor://mstestadapter/v1" className="UnitTestProject1.UnitTest1" name="Pass2" />
    </UnitTest>
    <UnitTest name="Pass10" storage="c:\agent\_work\4\s\unittestproject1\unittestproject1\bin\release\unittestproject1.dll" id="a18c1e1e-d07c-fa66-e769-c5ca2941d3ac">
      <Execution id="9fb86982-a82c-441a-ab59-3d80e7a48f8a" />
      <TestMethod codeBase="C:\agent\_work\4\s\UnitTestProject1\UnitTestProject1\bin\Release\UnitTestProject1.dll" adapterTypeName="executor://mstestadapter/v1" className="UnitTestProject1.UnitTest1" name="Pass10" />
    </UnitTest>
    <UnitTest name="Pass20" storage="c:\agent\_work\4\s\unittestproject1\unittestproject1\bin\release\unittestproject1.dll" id="57b8e405-9ba6-c1ee-7866-49a0379ef2a7">
      <Execution id="58a3d69c-4fbd-45a6-99fd-7f0acecc53a4" />
      <TestMethod codeBase="C:\agent\_work\4\s\UnitTestProject1\UnitTestProject1\bin\Release\UnitTestProject1.dll" adapterTypeName="executor://mstestadapter/v1" className="UnitTestProject1.UnitTest1" name="Pass20" />
    </UnitTest>
    <UnitTest name="Pass21" storage="c:\agent\_work\4\s\unittestproject1\unittestproject1\bin\release\unittestproject1.dll" id="fd68f66f-1b60-3674-4e38-03dc41b73c8b">
      <Execution id="5bbb9462-bd13-40d6-aa79-dcd34f9bdca6" />
      <TestMethod codeBase="C:\agent\_work\4\s\UnitTestProject1\UnitTestProject1\bin\Release\UnitTestProject1.dll" adapterTypeName="executor://mstestadapter/v1" className="UnitTestProject1.UnitTest1" name="Pass21" />
    </UnitTest>
    <UnitTest name="TestMethod11" storage="c:\agent\_work\4\s\unittestproject1\unittestproject1\bin\release\unittestproject1.dll" priority="1" id="45318ffb-81d9-25f8-f060-a97144697a0a">
      <Owners>
        <Owner name="some1" />
      </Owners>
      <Execution id="26f36784-ffc0-4fcb-a209-22c7a1e8c290" />
      <TestMethod codeBase="C:\agent\_work\4\s\UnitTestProject1\UnitTestProject1\bin\Release\UnitTestProject1.dll" adapterTypeName="executor://mstestadapter/v1" className="UnitTestProject1.UnitTest1" name="TestMethod11" />
    </UnitTest>
    <UnitTest name="Pass31" storage="c:\agent\_work\4\s\unittestproject1\unittestproject1\bin\release\unittestproject1.dll" id="55dec915-d020-dd64-93c1-85b797943642">
      <Execution id="f108bb35-26d9-48ca-8a91-c701d9ee7a89" />
      <TestMethod codeBase="C:\agent\_work\4\s\UnitTestProject1\UnitTestProject1\bin\Release\UnitTestProject1.dll" adapterTypeName="executor://mstestadapter/v1" className="UnitTestProject1.UnitTest1" name="Pass31" />
    </UnitTest>
    <UnitTest name="Pass22" storage="c:\agent\_work\4\s\unittestproject1\unittestproject1\bin\release\unittestproject1.dll" id="9349c957-dea8-ec7b-ac45-f7acd4bcac2e">
      <Execution id="010722c3-8cbe-46da-8c63-5135d7cf8e66" />
      <TestMethod codeBase="C:\agent\_work\4\s\UnitTestProject1\UnitTestProject1\bin\Release\UnitTestProject1.dll" adapterTypeName="executor://mstestadapter/v1" className="UnitTestProject1.UnitTest1" name="Pass22" />
    </UnitTest>
    <UnitTest name="Pass30" storage="c:\agent\_work\4\s\unittestproject1\unittestproject1\bin\release\unittestproject1.dll" id="7b8b3965-30c9-8915-77cd-f56f955bc8f3">
      <Execution id="5620964b-2d3e-40b9-a51a-1cb6926946b9" />
      <TestMethod codeBase="C:\agent\_work\4\s\UnitTestProject1\UnitTestProject1\bin\Release\UnitTestProject1.dll" adapterTypeName="executor://mstestadapter/v1" className="UnitTestProject1.UnitTest1" name="Pass30" />
    </UnitTest>
    <UnitTest name="Pass11" storage="c:\agent\_work\4\s\unittestproject1\unittestproject1\bin\release\unittestproject1.dll" id="f9993924-b6cb-ae10-8258-aa8826fc15f2">
      <Execution id="906b923e-a428-474f-a965-9272d0dc6f86" />
      <TestMethod codeBase="C:\agent\_work\4\s\UnitTestProject1\UnitTestProject1\bin\Release\UnitTestProject1.dll" adapterTypeName="executor://mstestadapter/v1" className="UnitTestProject1.UnitTest1" name="Pass11" />
    </UnitTest>
    <UnitTest name="Pass32" storage="c:\agent\_work\4\s\unittestproject1\unittestproject1\bin\release\unittestproject1.dll" id="1bfb42e8-2ca4-257c-96d7-cb3737f77abb">
      <Execution id="d56a7571-5e69-4c95-9d99-a1a447e391d1" />
      <TestMethod codeBase="C:\agent\_work\4\s\UnitTestProject1\UnitTestProject1\bin\Release\UnitTestProject1.dll" adapterTypeName="executor://mstestadapter/v1" className="UnitTestProject1.UnitTest1" name="Pass32" />
    </UnitTest>
    <UnitTest name="Fail20" storage="c:\agent\_work\4\s\unittestproject1\unittestproject1\bin\release\unittestproject1.dll" id="0596bb2b-0e75-bd18-c533-421c006a056b">
      <Execution id="8e84db98-0aeb-4d45-9644-3cfcd5849253" />
      <TestMethod codeBase="C:\agent\_work\4\s\UnitTestProject1\UnitTestProject1\bin\Release\UnitTestProject1.dll" adapterTypeName="executor://mstestadapter/v1" className="UnitTestProject1.UnitTest1" name="Fail20" />
    </UnitTest>
    <UnitTest name="Fail2" storage="c:\agent\_work\4\s\unittestproject1\unittestproject1\bin\release\unittestproject1.dll" id="a9d0a865-47ef-0673-67ca-e57147dff1a9">
      <Execution id="1c728dba-fa56-496b-948f-fcb8b1e8dea3" />
      <TestMethod codeBase="C:\agent\_work\4\s\UnitTestProject1\UnitTestProject1\bin\Release\UnitTestProject1.dll" adapterTypeName="executor://mstestadapter/v1" className="UnitTestProject1.UnitTest1" name="Fail2" />
    </UnitTest>
    <UnitTest name="Pass41" storage="c:\agent\_work\4\s\unittestproject1\unittestproject1\bin\release\unittestproject1.dll" id="97462772-3a89-3d26-a23e-c081bc426930">
      <Execution id="292a4806-7c79-4fb1-a1da-bfd494907195" />
      <TestMethod codeBase="C:\agent\_work\4\s\UnitTestProject1\UnitTestProject1\bin\Release\UnitTestProject1.dll" adapterTypeName="executor://mstestadapter/v1" className="UnitTestProject1.UnitTest1" name="Pass41" />
    </UnitTest>
    <UnitTest name="Fail10" storage="c:\agent\_work\4\s\unittestproject1\unittestproject1\bin\release\unittestproject1.dll" id="75a3bc6c-5c8a-1e8a-497b-e632f9771662">
      <Execution id="0362c5a0-5bff-4267-bd68-1ca8429fb684" />
      <TestMethod codeBase="C:\agent\_work\4\s\UnitTestProject1\UnitTestProject1\bin\Release\UnitTestProject1.dll" adapterTypeName="executor://mstestadapter/v1" className="UnitTestProject1.UnitTest1" name="Fail10" />
    </UnitTest>
    <UnitTest name="Pass40" storage="c:\agent\_work\4\s\unittestproject1\unittestproject1\bin\release\unittestproject1.dll" id="5ec80c74-dd0b-b800-e23e-3e2553454930">
      <Execution id="3249dd74-0fbd-4170-ac42-6ece44b41368" />
      <TestMethod codeBase="C:\agent\_work\4\s\UnitTestProject1\UnitTestProject1\bin\Release\UnitTestProject1.dll" adapterTypeName="executor://mstestadapter/v1" className="UnitTestProject1.UnitTest1" name="Pass40" />
    </UnitTest>
    <UnitTest name="Pass1" storage="c:\agent\_work\4\s\unittestproject1\unittestproject1\bin\release\unittestproject1.dll" id="aefba017-ab06-be36-6b92-de4e29836f72">
      <Execution id="e2c64dcc-923d-4dce-85ae-9eeb5db84055" />
      <TestMethod codeBase="C:\agent\_work\4\s\UnitTestProject1\UnitTestProject1\bin\Release\UnitTestProject1.dll" adapterTypeName="executor://mstestadapter/v1" className="UnitTestProject1.UnitTest1" name="Pass1" />
    </UnitTest>
    <UnitTest name="Pass3" storage="c:\agent\_work\4\s\unittestproject1\unittestproject1\bin\release\unittestproject1.dll" id="7aabd3c2-5bb5-1d38-a327-9e159e75ce39">
      <Execution id="ac4370ce-60e9-4e1b-bbde-1fc21b6eb2c5" />
      <TestMethod codeBase="C:\agent\_work\4\s\UnitTestProject1\UnitTestProject1\bin\Release\UnitTestProject1.dll" adapterTypeName="executor://mstestadapter/v1" className="UnitTestProject1.UnitTest1" name="Pass3" />
    </UnitTest>
    <UnitTest name="Fail1" storage="c:\agent\_work\4\s\unittestproject1\unittestproject1\bin\release\unittestproject1.dll" id="7c66fbda-2d0e-a714-e18d-83c0464019a5">
      <Execution id="01ad7ced-53b2-4d26-b1d7-373ee67e1aef" />
      <TestMethod codeBase="C:\agent\_work\4\s\UnitTestProject1\UnitTestProject1\bin\Release\UnitTestProject1.dll" adapterTypeName="executor://mstestadapter/v1" className="UnitTestProject1.UnitTest1" name="Fail1" />
    </UnitTest>
    <UnitTest name="Pass42" storage="c:\agent\_work\4\s\unittestproject1\unittestproject1\bin\release\unittestproject1.dll" id="ce6fa5bc-1b23-737f-cab1-9f96b479af5d">
      <Execution id="d5ff3a2b-6121-4638-975b-f8ce30c43a54" />
      <TestMethod codeBase="C:\agent\_work\4\s\UnitTestProject1\UnitTestProject1\bin\Release\UnitTestProject1.dll" adapterTypeName="executor://mstestadapter/v1" className="UnitTestProject1.UnitTest1" name="Pass42" />
    </UnitTest>
  </TestDefinitions>
  <TestEntries>
    <TestEntry testId="57b8e405-9ba6-c1ee-7866-49a0379ef2a7" executionId="58a3d69c-4fbd-45a6-99fd-7f0acecc53a4" testListId="8c84fa94-04c1-424b-9868-57a2d4851a1d" />
    <TestEntry testId="ef30f211-13c3-ea98-1d1d-499bb371b1c9" executionId="92e57919-2fe0-40b0-8a10-95e988d5c7b6" testListId="8c84fa94-04c1-424b-9868-57a2d4851a1d" />
    <TestEntry testId="a18c1e1e-d07c-fa66-e769-c5ca2941d3ac" executionId="9fb86982-a82c-441a-ab59-3d80e7a48f8a" testListId="8c84fa94-04c1-424b-9868-57a2d4851a1d" />
    <TestEntry testId="a9d0a865-47ef-0673-67ca-e57147dff1a9" executionId="1c728dba-fa56-496b-948f-fcb8b1e8dea3" testListId="8c84fa94-04c1-424b-9868-57a2d4851a1d" />
    <TestEntry testId="5ec80c74-dd0b-b800-e23e-3e2553454930" executionId="3249dd74-0fbd-4170-ac42-6ece44b41368" testListId="8c84fa94-04c1-424b-9868-57a2d4851a1d" />
    <TestEntry testId="75a3bc6c-5c8a-1e8a-497b-e632f9771662" executionId="0362c5a0-5bff-4267-bd68-1ca8429fb684" testListId="8c84fa94-04c1-424b-9868-57a2d4851a1d" />
    <TestEntry testId="f9993924-b6cb-ae10-8258-aa8826fc15f2" executionId="906b923e-a428-474f-a965-9272d0dc6f86" testListId="8c84fa94-04c1-424b-9868-57a2d4851a1d" />
    <TestEntry testId="45318ffb-81d9-25f8-f060-a97144697a0a" executionId="26f36784-ffc0-4fcb-a209-22c7a1e8c290" testListId="8c84fa94-04c1-424b-9868-57a2d4851a1d" />
    <TestEntry testId="7c66fbda-2d0e-a714-e18d-83c0464019a5" executionId="01ad7ced-53b2-4d26-b1d7-373ee67e1aef" testListId="8c84fa94-04c1-424b-9868-57a2d4851a1d" />
    <TestEntry testId="fd68f66f-1b60-3674-4e38-03dc41b73c8b" executionId="5bbb9462-bd13-40d6-aa79-dcd34f9bdca6" testListId="8c84fa94-04c1-424b-9868-57a2d4851a1d" />
    <TestEntry testId="0596bb2b-0e75-bd18-c533-421c006a056b" executionId="8e84db98-0aeb-4d45-9644-3cfcd5849253" testListId="8c84fa94-04c1-424b-9868-57a2d4851a1d" />
    <TestEntry testId="fbbd2ad5-0993-7f35-bbd4-29881a8cfaba" executionId="e532e45a-1552-4514-a5b0-c194e829758e" testListId="8c84fa94-04c1-424b-9868-57a2d4851a1d" />
    <TestEntry testId="3599b29c-a129-0bd3-282a-c9e1d758e82e" executionId="33c1929a-99dc-4334-8f0d-c682106d6da5" testListId="8c84fa94-04c1-424b-9868-57a2d4851a1d" />
    <TestEntry testId="aefba017-ab06-be36-6b92-de4e29836f72" executionId="e2c64dcc-923d-4dce-85ae-9eeb5db84055" testListId="8c84fa94-04c1-424b-9868-57a2d4851a1d" />
    <TestEntry testId="55dec915-d020-dd64-93c1-85b797943642" executionId="f108bb35-26d9-48ca-8a91-c701d9ee7a89" testListId="8c84fa94-04c1-424b-9868-57a2d4851a1d" />
    <TestEntry testId="97462772-3a89-3d26-a23e-c081bc426930" executionId="292a4806-7c79-4fb1-a1da-bfd494907195" testListId="8c84fa94-04c1-424b-9868-57a2d4851a1d" />
    <TestEntry testId="7b8b3965-30c9-8915-77cd-f56f955bc8f3" executionId="5620964b-2d3e-40b9-a51a-1cb6926946b9" testListId="8c84fa94-04c1-424b-9868-57a2d4851a1d" />
    <TestEntry testId="1bfb42e8-2ca4-257c-96d7-cb3737f77abb" executionId="d56a7571-5e69-4c95-9d99-a1a447e391d1" testListId="8c84fa94-04c1-424b-9868-57a2d4851a1d" />
    <TestEntry testId="9349c957-dea8-ec7b-ac45-f7acd4bcac2e" executionId="010722c3-8cbe-46da-8c63-5135d7cf8e66" testListId="8c84fa94-04c1-424b-9868-57a2d4851a1d" />
    <TestEntry testId="7aabd3c2-5bb5-1d38-a327-9e159e75ce39" executionId="ac4370ce-60e9-4e1b-bbde-1fc21b6eb2c5" testListId="8c84fa94-04c1-424b-9868-57a2d4851a1d" />
    <TestEntry testId="ce6fa5bc-1b23-737f-cab1-9f96b479af5d" executionId="d5ff3a2b-6121-4638-975b-f8ce30c43a54" testListId="8c84fa94-04c1-424b-9868-57a2d4851a1d" />
  </TestEntries>
  <TestLists>
    <TestList name="Results Not in a List" id="8c84fa94-04c1-424b-9868-57a2d4851a1d" />
    <TestList name="All Loaded Results" id="19431567-8539-422a-85d7-44ee4e166bda" />
  </TestLists>
  <ResultSummary outcome="Failed">
    <Counters total="21" executed="21" passed="16" failed="5" error="0" timeout="0" aborted="0" inconclusive="0" passedButRunAborted="0" notRunnable="0" notExecuted="0" disconnected="0" warning="0" completed="0" inProgress="0" pending="0" />
    <Output>
      <StdOut>Data collection : Logging DataCollector Diagnostics in file: C:\agent\_work\_temp\Attempt-3_33493399-7f38-4663-b127-cc191a5e09d2.datacollector.19-01-25_17-50-07_30448_1.diagLogging TestHost Diagnostics in file: C:\agent\_work\_temp\Attempt-3_33493399-7f38-4663-b127-cc191a5e09d2.host.19-01-25_17-50-07_92551_1.diag</StdOut>
    </Output>
  </ResultSummary>
</TestRun>