<?xml version="1.0" encoding="utf-8"?>
<TestRun id="eb286464-9552-4f84-bb47-3c33094cb41a" name="kulall@KUSHWS1 2019-01-25 18:08:18" runUser="FAREAST\kulall" xmlns="http://microsoft.com/schemas/VisualStudio/TeamTest/2010">
  <Times creation="2019-01-25T18:08:18.3527231+05:30" queuing="2019-01-25T18:08:18.3527231+05:30" start="2019-01-25T18:08:15.6962061+05:30" finish="2019-01-25T18:08:27.1203075+05:30" />
  <TestSettings name="default" id="baef2022-78ea-4a29-b5df-faf0a925abff">
    <Deployment runDeploymentRoot="kulall_KUSHWS1_2019-01-25_18_08_18" />
  </TestSettings>
  <Results>
    <UnitTestResult executionId="98e6b124-0b19-4aee-bdd7-7fc215e924ea" testId="0596bb2b-0e75-bd18-c533-421c006a056b" testName="Fail20" computerName="KUSHWS1" duration="00:00:00.0018873" startTime="2019-01-25T18:08:26.6883090+05:30" endTime="2019-01-25T18:08:26.6913028+05:30" testType="13cdc9d9-ddb5-4fa4-a97d-d965ccfc6d4b" outcome="Failed" testListId="8c84fa94-04c1-424b-9868-57a2d4851a1d" relativeResultsDirectory="98e6b124-0b19-4aee-bdd7-7fc215e924ea">
      <Output>
        <ErrorInfo>
          <Message>Assert.IsFalse failed. </Message>
          <StackTrace>   at UnitTestProject1.UnitTest1.Fail20() in C:\agent\_work\4\s\UnitTestProject1\UnitTestProject1\UnitTest1.cs:line 142&#xD;
</StackTrace>
        </ErrorInfo>
      </Output>
    </UnitTestResult>
    <UnitTestResult executionId="0006d6bd-5b9b-4b4f-b1ce-76fadb821ef8" testId="a9d0a865-47ef-0673-67ca-e57147dff1a9" testName="Fail2" computerName="KUSHWS1" duration="00:00:03.0026400" startTime="2019-01-25T18:08:20.6667772+05:30" endTime="2019-01-25T18:08:23.6707830+05:30" testType="13cdc9d9-ddb5-4fa4-a97d-d965ccfc6d4b" outcome="Failed" testListId="8c84fa94-04c1-424b-9868-57a2d4851a1d" relativeResultsDirectory="0006d6bd-5b9b-4b4f-b1ce-76fadb821ef8">
      <Output>
        <ErrorInfo>
          <Message>Assert.IsFalse failed. </Message>
          <StackTrace>   at UnitTestProject1.UnitTest1.Fail2() in C:\agent\_work\4\s\UnitTestProject1\UnitTestProject1\UnitTest1.cs:line 102&#xD;
</StackTrace>
        </ErrorInfo>
      </Output>
    </UnitTestResult>
    <UnitTestResult executionId="74a72f28-0693-4e76-a64c-0c8d64142c69" testId="45318ffb-81d9-25f8-f060-a97144697a0a" testName="TestMethod11" computerName="KUSHWS1" duration="00:00:00.0643570" startTime="2019-01-25T18:08:17.5032093+05:30" endTime="2019-01-25T18:08:17.6052078+05:30" testType="13cdc9d9-ddb5-4fa4-a97d-d965ccfc6d4b" outcome="Failed" testListId="8c84fa94-04c1-424b-9868-57a2d4851a1d" relativeResultsDirectory="74a72f28-0693-4e76-a64c-0c8d64142c69">
      <Output>
        <ErrorInfo>
          <Message>Assert.IsTrue failed. </Message>
          <StackTrace>   at UnitTestProject1.UnitTest1.TestMethod11() in C:\agent\_work\4\s\UnitTestProject1\UnitTestProject1\UnitTest1.cs:line 33&#xD;
</StackTrace>
        </ErrorInfo>
      </Output>
      <ResultFiles>
        <ResultFile path="KUSHWS1\LogStore.txt" />
        <ResultFile path="KUSHWS1\LogStore[1].txt" />
        <ResultFile path="KUSHWS1\LogStore[2].txt" />
        <ResultFile path="KUSHWS1\LogStore[3].txt" />
        <ResultFile path="KUSHWS1\LogStore[4].txt" />
        <ResultFile path="KUSHWS1\LogStore[5].txt" />
        <ResultFile path="KUSHWS1\LogStore[6].txt" />
        <ResultFile path="KUSHWS1\LogStore[7].txt" />
        <ResultFile path="KUSHWS1\LogStore[8].txt" />
        <ResultFile path="KUSHWS1\LogStore[9].txt" />
      </ResultFiles>
    </UnitTestResult>
    <UnitTestResult executionId="ebc07f98-5e7e-408a-b9cf-b664a0110f34" testId="75a3bc6c-5c8a-1e8a-497b-e632f9771662" testName="Fail10" computerName="KUSHWS1" duration="00:00:03.0027806" startTime="2019-01-25T18:08:23.6767827+05:30" endTime="2019-01-25T18:08:26.6803038+05:30" testType="13cdc9d9-ddb5-4fa4-a97d-d965ccfc6d4b" outcome="Failed" testListId="8c84fa94-04c1-424b-9868-57a2d4851a1d" relativeResultsDirectory="ebc07f98-5e7e-408a-b9cf-b664a0110f34">
      <Output>
        <ErrorInfo>
          <Message>Assert.IsFalse failed. </Message>
          <StackTrace>   at UnitTestProject1.UnitTest1.Fail10() in C:\agent\_work\4\s\UnitTestProject1\UnitTestProject1\UnitTest1.cs:line 137&#xD;
</StackTrace>
        </ErrorInfo>
      </Output>
    </UnitTestResult>
    <UnitTestResult executionId="ba8321fa-0cc9-4ffa-b716-a7b2a2bba13e" testId="7c66fbda-2d0e-a714-e18d-83c0464019a5" testName="Fail1" computerName="KUSHWS1" duration="00:00:03.0042103" startTime="2019-01-25T18:08:17.6542090+05:30" endTime="2019-01-25T18:08:20.6587737+05:30" testType="13cdc9d9-ddb5-4fa4-a97d-d965ccfc6d4b" outcome="Failed" testListId="8c84fa94-04c1-424b-9868-57a2d4851a1d" relativeResultsDirectory="ba8321fa-0cc9-4ffa-b716-a7b2a2bba13e">
      <Output>
        <ErrorInfo>
          <Message>Assert.IsFalse failed. </Message>
          <StackTrace>   at UnitTestProject1.UnitTest1.Fail1() in C:\agent\_work\4\s\UnitTestProject1\UnitTestProject1\UnitTest1.cs:line 96&#xD;
</StackTrace>
        </ErrorInfo>
      </Output>
    </UnitTestResult>
  </Results>
  <TestDefinitions>
    <UnitTest name="Fail1" storage="c:\agent\_work\4\s\unittestproject1\unittestproject1\bin\release\unittestproject1.dll" id="7c66fbda-2d0e-a714-e18d-83c0464019a5">
      <Execution id="ba8321fa-0cc9-4ffa-b716-a7b2a2bba13e" />
      <TestMethod codeBase="C:\agent\_work\4\s\UnitTestProject1\UnitTestProject1\bin\Release\UnitTestProject1.dll" adapterTypeName="executor://mstestadapter/v1" className="UnitTestProject1.UnitTest1" name="Fail1" />
    </UnitTest>
    <UnitTest name="TestMethod11" storage="c:\agent\_work\4\s\unittestproject1\unittestproject1\bin\release\unittestproject1.dll" priority="1" id="45318ffb-81d9-25f8-f060-a97144697a0a">
      <Owners>
        <Owner name="some1" />
      </Owners>
      <Execution id="74a72f28-0693-4e76-a64c-0c8d64142c69" />
      <TestMethod codeBase="C:\agent\_work\4\s\UnitTestProject1\UnitTestProject1\bin\Release\UnitTestProject1.dll" adapterTypeName="executor://mstestadapter/v1" className="UnitTestProject1.UnitTest1" name="TestMethod11" />
    </UnitTest>
    <UnitTest name="Fail10" storage="c:\agent\_work\4\s\unittestproject1\unittestproject1\bin\release\unittestproject1.dll" id="75a3bc6c-5c8a-1e8a-497b-e632f9771662">
      <Execution id="ebc07f98-5e7e-408a-b9cf-b664a0110f34" />
      <TestMethod codeBase="C:\agent\_work\4\s\UnitTestProject1\UnitTestProject1\bin\Release\UnitTestProject1.dll" adapterTypeName="executor://mstestadapter/v1" className="UnitTestProject1.UnitTest1" name="Fail10" />
    </UnitTest>
    <UnitTest name="Fail20" storage="c:\agent\_work\4\s\unittestproject1\unittestproject1\bin\release\unittestproject1.dll" id="0596bb2b-0e75-bd18-c533-421c006a056b">
      <Execution id="98e6b124-0b19-4aee-bdd7-7fc215e924ea" />
      <TestMethod codeBase="C:\agent\_work\4\s\UnitTestProject1\UnitTestProject1\bin\Release\UnitTestProject1.dll" adapterTypeName="executor://mstestadapter/v1" className="UnitTestProject1.UnitTest1" name="Fail20" />
    </UnitTest>
    <UnitTest name="Fail2" storage="c:\agent\_work\4\s\unittestproject1\unittestproject1\bin\release\unittestproject1.dll" id="a9d0a865-47ef-0673-67ca-e57147dff1a9">
      <Execution id="0006d6bd-5b9b-4b4f-b1ce-76fadb821ef8" />
      <TestMethod codeBase="C:\agent\_work\4\s\UnitTestProject1\UnitTestProject1\bin\Release\UnitTestProject1.dll" adapterTypeName="executor://mstestadapter/v1" className="UnitTestProject1.UnitTest1" name="Fail2" />
    </UnitTest>
  </TestDefinitions>
  <TestEntries>
    <TestEntry testId="0596bb2b-0e75-bd18-c533-421c006a056b" executionId="98e6b124-0b19-4aee-bdd7-7fc215e924ea" testListId="8c84fa94-04c1-424b-9868-57a2d4851a1d" />
    <TestEntry testId="a9d0a865-47ef-0673-67ca-e57147dff1a9" executionId="0006d6bd-5b9b-4b4f-b1ce-76fadb821ef8" testListId="8c84fa94-04c1-424b-9868-57a2d4851a1d" />
    <TestEntry testId="45318ffb-81d9-25f8-f060-a97144697a0a" executionId="74a72f28-0693-4e76-a64c-0c8d64142c69" testListId="8c84fa94-04c1-424b-9868-57a2d4851a1d" />
    <TestEntry testId="75a3bc6c-5c8a-1e8a-497b-e632f9771662" executionId="ebc07f98-5e7e-408a-b9cf-b664a0110f34" testListId="8c84fa94-04c1-424b-9868-57a2d4851a1d" />
    <TestEntry testId="7c66fbda-2d0e-a714-e18d-83c0464019a5" executionId="ba8321fa-0cc9-4ffa-b716-a7b2a2bba13e" testListId="8c84fa94-04c1-424b-9868-57a2d4851a1d" />
  </TestEntries>
  <TestLists>
    <TestList name="Results Not in a List" id="8c84fa94-04c1-424b-9868-57a2d4851a1d" />
    <TestList name="All Loaded Results" id="19431567-8539-422a-85d7-44ee4e166bda" />
  </TestLists>
  <ResultSummary outcome="Failed">
    <Counters total="5" executed="5" passed="0" failed="5" error="0" timeout="0" aborted="0" inconclusive="0" passedButRunAborted="0" notRunnable="0" notExecuted="0" disconnected="0" warning="0" completed="0" inProgress="0" pending="0" />
    <Output>
      <StdOut>Data collection : Logging DataCollector Diagnostics in file: C:\agent\_work\_temp\Attempt-5_a3fb02fa-a2af-497b-bab0-e294e35f23bb.datacollector.19-01-25_18-08-15_72320_1.diagLogging TestHost Diagnostics in file: C:\agent\_work\_temp\Attempt-5_a3fb02fa-a2af-497b-bab0-e294e35f23bb.host.19-01-25_18-08-16_34320_1.diag</StdOut>
    </Output>
  </ResultSummary>
</TestRun>