<?xml version="1.0" encoding="utf-8"?>
<TestRun id="04dab2c6-3852-4f2f-8196-5777c4ed5d48" name="kulall@KUSHWS1 2019-01-29 15:28:55" runUser="FAREAST\kulall" xmlns="http://microsoft.com/schemas/VisualStudio/TeamTest/2010">
  <Times creation="2019-01-29T15:28:55.1414238+05:30" queuing="2019-01-29T15:28:55.1414238+05:30" start="2019-01-29T15:28:52.6749328+05:30" finish="2019-01-29T15:28:57.8717887+05:30" />
  <TestSettings name="default" id="14534800-d8ec-485e-a745-145dde11fb62">
    <Deployment runDeploymentRoot="kulall_KUSHWS1_2019-01-29_15_28_55" />
  </TestSettings>
  <Results>
    <UnitTestResult executionId="d2d14143-6a5a-4770-a366-313b3dc86cc8" testId="50870e1b-d147-9442-98cb-12ef4190a1fb" testName="TestMethod4" computerName="KUSHWS1" duration="00:00:00.5031985" startTime="2019-01-29T15:28:55.9584934+05:30" endTime="2019-01-29T15:28:56.4627407+05:30" testType="13cdc9d9-ddb5-4fa4-a97d-d965ccfc6d4b" outcome="Failed" testListId="8c84fa94-04c1-424b-9868-57a2d4851a1d" relativeResultsDirectory="d2d14143-6a5a-4770-a366-313b3dc86cc8">
      <Output>
        <StdOut>TestContext Messages:
I am doing something here</StdOut>
        <ErrorInfo>
          <Message>Assert.IsTrue failed. </Message>
          <StackTrace>   at FlakyTestProject.UnitTest1.TestMethod4() in C:\HierarchialTest - Rerun\CodedUITestProject17\UnitTest1.cs:line 43&#xD;
</StackTrace>
        </ErrorInfo>
      </Output>
    </UnitTestResult>
    <UnitTestResult executionId="749a36aa-ef4f-469d-ac2f-f876ee342106" testId="a111f25d-ebc3-eb2f-b8d5-71ba6b9a7cde" testName="TestMethod3" computerName="KUSHWS1" duration="00:00:00.5053422" startTime="2019-01-29T15:28:55.4506750+05:30" endTime="2019-01-29T15:28:55.9554980+05:30" testType="13cdc9d9-ddb5-4fa4-a97d-d965ccfc6d4b" outcome="Failed" testListId="8c84fa94-04c1-424b-9868-57a2d4851a1d" relativeResultsDirectory="749a36aa-ef4f-469d-ac2f-f876ee342106">
      <Output>
        <StdOut>TestContext Messages:
I am doing something here</StdOut>
        <ErrorInfo>
          <Message>Assert.IsTrue failed. </Message>
          <StackTrace>   at FlakyTestProject.UnitTest1.TestMethod3() in C:\HierarchialTest - Rerun\CodedUITestProject17\UnitTest1.cs:line 34&#xD;
</StackTrace>
        </ErrorInfo>
      </Output>
    </UnitTestResult>
    <UnitTestResult executionId="19a70f21-e4b2-45dc-b328-682b517683bd" testId="b6131e6f-020e-267f-bcda-93d4a2af5e3c" testName="TestMethod5" computerName="KUSHWS1" duration="00:00:00.5003189" startTime="2019-01-29T15:28:56.4637383+05:30" endTime="2019-01-29T15:28:56.9651898+05:30" testType="13cdc9d9-ddb5-4fa4-a97d-d965ccfc6d4b" outcome="Passed" testListId="8c84fa94-04c1-424b-9868-57a2d4851a1d" relativeResultsDirectory="19a70f21-e4b2-45dc-b328-682b517683bd">
      <Output>
        <StdOut>TestContext Messages:
I am doing something here</StdOut>
      </Output>
    </UnitTestResult>
    <UnitTestResult executionId="642e7adb-e78e-498d-84cf-377dbdc373cb" testId="1ca68a31-c8f3-d6b3-d0a3-130829997923" testName="TestMethod6" computerName="KUSHWS1" duration="00:00:00.5002424" startTime="2019-01-29T15:28:56.9691662+05:30" endTime="2019-01-29T15:28:57.4697819+05:30" testType="13cdc9d9-ddb5-4fa4-a97d-d965ccfc6d4b" outcome="Passed" testListId="8c84fa94-04c1-424b-9868-57a2d4851a1d" relativeResultsDirectory="642e7adb-e78e-498d-84cf-377dbdc373cb">
      <Output>
        <StdOut>TestContext Messages:
I am doing something here</StdOut>
      </Output>
    </UnitTestResult>
    <UnitTestResult executionId="d054650f-e424-490b-b72c-018ec45dc14a" testId="7c228cbd-81bd-4ba2-64da-683aa348b283" testName="TestMethod1" computerName="KUSHWS1" duration="00:00:00.5107901" startTime="2019-01-29T15:28:54.0954584+05:30" endTime="2019-01-29T15:28:54.8305903+05:30" testType="13cdc9d9-ddb5-4fa4-a97d-d965ccfc6d4b" outcome="Passed" testListId="8c84fa94-04c1-424b-9868-57a2d4851a1d" relativeResultsDirectory="d054650f-e424-490b-b72c-018ec45dc14a">
      <Output>
        <StdOut>TestContext Messages:
I am doing something here</StdOut>
      </Output>
    </UnitTestResult>
    <UnitTestResult executionId="fb67ce78-4c53-4305-8928-9d1f02a792b5" testId="4a90947c-9475-bd80-7d7a-bda53224a554" testName="TestMethod2" computerName="KUSHWS1" duration="00:00:00.5684418" startTime="2019-01-29T15:28:54.8805633+05:30" endTime="2019-01-29T15:28:55.4486716+05:30" testType="13cdc9d9-ddb5-4fa4-a97d-d965ccfc6d4b" outcome="Failed" testListId="8c84fa94-04c1-424b-9868-57a2d4851a1d" relativeResultsDirectory="fb67ce78-4c53-4305-8928-9d1f02a792b5">
      <Output>
        <StdOut>TestContext Messages:
I am doing something here</StdOut>
        <ErrorInfo>
          <Message>Assert.IsTrue failed. </Message>
          <StackTrace>   at FlakyTestProject.UnitTest1.TestMethod2() in C:\HierarchialTest - Rerun\CodedUITestProject17\UnitTest1.cs:line 25&#xD;
</StackTrace>
        </ErrorInfo>
      </Output>
    </UnitTestResult>
  </Results>
  <TestDefinitions>
    <UnitTest name="TestMethod3" storage="c:\hierarchialtest - rerun\codeduitestproject17\bin\release\codeduitestproject17.dll" id="a111f25d-ebc3-eb2f-b8d5-71ba6b9a7cde">
      <Execution id="749a36aa-ef4f-469d-ac2f-f876ee342106" />
      <TestMethod codeBase="C:\HierarchialTest - Rerun\CodedUITestProject17\bin\Release\CodedUITestProject17.dll" adapterTypeName="executor://mstestadapter/v1" className="FlakyTestProject.UnitTest1" name="TestMethod3" />
    </UnitTest>
    <UnitTest name="TestMethod6" storage="c:\hierarchialtest - rerun\codeduitestproject17\bin\release\codeduitestproject17.dll" id="1ca68a31-c8f3-d6b3-d0a3-130829997923">
      <Execution id="642e7adb-e78e-498d-84cf-377dbdc373cb" />
      <TestMethod codeBase="C:\HierarchialTest - Rerun\CodedUITestProject17\bin\Release\CodedUITestProject17.dll" adapterTypeName="executor://mstestadapter/v1" className="FlakyTestProject.UnitTest1" name="TestMethod6" />
    </UnitTest>
    <UnitTest name="TestMethod4" storage="c:\hierarchialtest - rerun\codeduitestproject17\bin\release\codeduitestproject17.dll" id="50870e1b-d147-9442-98cb-12ef4190a1fb">
      <Execution id="d2d14143-6a5a-4770-a366-313b3dc86cc8" />
      <TestMethod codeBase="C:\HierarchialTest - Rerun\CodedUITestProject17\bin\Release\CodedUITestProject17.dll" adapterTypeName="executor://mstestadapter/v1" className="FlakyTestProject.UnitTest1" name="TestMethod4" />
    </UnitTest>
    <UnitTest name="TestMethod1" storage="c:\hierarchialtest - rerun\codeduitestproject17\bin\release\codeduitestproject17.dll" id="7c228cbd-81bd-4ba2-64da-683aa348b283">
      <Execution id="d054650f-e424-490b-b72c-018ec45dc14a" />
      <TestMethod codeBase="C:\HierarchialTest - Rerun\CodedUITestProject17\bin\Release\CodedUITestProject17.dll" adapterTypeName="executor://mstestadapter/v1" className="FlakyTestProject.UnitTest1" name="TestMethod1" />
    </UnitTest>
    <UnitTest name="TestMethod5" storage="c:\hierarchialtest - rerun\codeduitestproject17\bin\release\codeduitestproject17.dll" id="b6131e6f-020e-267f-bcda-93d4a2af5e3c">
      <Execution id="19a70f21-e4b2-45dc-b328-682b517683bd" />
      <TestMethod codeBase="C:\HierarchialTest - Rerun\CodedUITestProject17\bin\Release\CodedUITestProject17.dll" adapterTypeName="executor://mstestadapter/v1" className="FlakyTestProject.UnitTest1" name="TestMethod5" />
    </UnitTest>
    <UnitTest name="TestMethod2" storage="c:\hierarchialtest - rerun\codeduitestproject17\bin\release\codeduitestproject17.dll" id="4a90947c-9475-bd80-7d7a-bda53224a554">
      <Execution id="fb67ce78-4c53-4305-8928-9d1f02a792b5" />
      <TestMethod codeBase="C:\HierarchialTest - Rerun\CodedUITestProject17\bin\Release\CodedUITestProject17.dll" adapterTypeName="executor://mstestadapter/v1" className="FlakyTestProject.UnitTest1" name="TestMethod2" />
    </UnitTest>
  </TestDefinitions>
  <TestEntries>
    <TestEntry testId="50870e1b-d147-9442-98cb-12ef4190a1fb" executionId="d2d14143-6a5a-4770-a366-313b3dc86cc8" testListId="8c84fa94-04c1-424b-9868-57a2d4851a1d" />
    <TestEntry testId="a111f25d-ebc3-eb2f-b8d5-71ba6b9a7cde" executionId="749a36aa-ef4f-469d-ac2f-f876ee342106" testListId="8c84fa94-04c1-424b-9868-57a2d4851a1d" />
    <TestEntry testId="b6131e6f-020e-267f-bcda-93d4a2af5e3c" executionId="19a70f21-e4b2-45dc-b328-682b517683bd" testListId="8c84fa94-04c1-424b-9868-57a2d4851a1d" />
    <TestEntry testId="1ca68a31-c8f3-d6b3-d0a3-130829997923" executionId="642e7adb-e78e-498d-84cf-377dbdc373cb" testListId="8c84fa94-04c1-424b-9868-57a2d4851a1d" />
    <TestEntry testId="7c228cbd-81bd-4ba2-64da-683aa348b283" executionId="d054650f-e424-490b-b72c-018ec45dc14a" testListId="8c84fa94-04c1-424b-9868-57a2d4851a1d" />
    <TestEntry testId="4a90947c-9475-bd80-7d7a-bda53224a554" executionId="fb67ce78-4c53-4305-8928-9d1f02a792b5" testListId="8c84fa94-04c1-424b-9868-57a2d4851a1d" />
  </TestEntries>
  <TestLists>
    <TestList name="Results Not in a List" id="8c84fa94-04c1-424b-9868-57a2d4851a1d" />
    <TestList name="All Loaded Results" id="19431567-8539-422a-85d7-44ee4e166bda" />
  </TestLists>
  <ResultSummary outcome="Failed">
    <Counters total="6" executed="6" passed="3" failed="3" error="0" timeout="0" aborted="0" inconclusive="0" passedButRunAborted="0" notRunnable="0" notExecuted="0" disconnected="0" warning="0" completed="0" inProgress="0" pending="0" />
  </ResultSummary>
</TestRun>