<?xml version="1.0" encoding="utf-8"?>
<TestRun id="2c253f03-ed88-44fc-a138-36b37f2a6a3a" name="tfsmladm@TFSBUILD110 2018-12-04 01:57:28" runUser="REDMOND\tfsmladm" xmlns="http://microsoft.com/schemas/VisualStudio/TeamTest/2010">
  <Times creation="2018-12-04T01:57:28.0742656-08:00" queuing="2018-12-04T01:57:28.0742656-08:00" start="2018-12-04T01:55:54.4513909-08:00" finish="2018-12-04T01:58:12.8146839-08:00" />
  <TestSettings name="default" id="d521558a-0eea-4d3e-b1f1-22954e0724fd">
    <Deployment runDeploymentRoot="tfsmladm_TFSBUILD110_2018-12-04_01_57_28" />
  </TestSettings>
  <Results>
    <UnitTestResult executionId="661fe51e-77ab-4dfd-9baa-2455962ddc04" testId="c9128d1d-21fd-a0e1-bf62-975f47fc6651" testName="QueueDeleteRunsByRetentionSettings_RunsCountMatchBatchSize_IteratesUntilMaxRunCount" computerName="TFSBUILD110" duration="00:00:00.0633737" startTime="2018-12-04T01:57:48.5654578-08:00" endTime="2018-12-04T01:57:48.6294592-08:00" testType="13cdc9d9-ddb5-4fa4-a97d-d965ccfc6d4b" outcome="Passed" testListId="8c84fa94-04c1-424b-9868-57a2d4851a1d" relativeResultsDirectory="661fe51e-77ab-4dfd-9baa-2455962ddc04" />
    <UnitTestResult executionId="8963dcda-4c55-41e1-93d4-e0c86a58fe99" testId="c352acd2-7a46-9397-95d8-abaf9328e6b3" testName="UpdateTestRunChangedSignalRNotification_ForReleaseRuns" computerName="TFSBUILD110" duration="00:00:00.1038427" startTime="2018-12-04T01:57:44.7984208-08:00" endTime="2018-12-04T01:57:44.9034240-08:00" testType="13cdc9d9-ddb5-4fa4-a97d-d965ccfc6d4b" outcome="Passed" testListId="8c84fa94-04c1-424b-9868-57a2d4851a1d" relativeResultsDirectory="8963dcda-4c55-41e1-93d4-e0c86a58fe99" />
    <UnitTestResult executionId="ff707a12-15f1-4082-a56e-e9c997105226" testId="e1f10b13-21d8-0c95-2989-50d44e15fe50" testName="CreateTestRunShouldTrimCommentLengthIfMoreThanSpecified" computerName="TFSBUILD110" duration="00:00:00.0715225" startTime="2018-12-04T01:57:41.8003923-08:00" endTime="2018-12-04T01:57:41.8723921-08:00" testType="13cdc9d9-ddb5-4fa4-a97d-d965ccfc6d4b" outcome="Passed" testListId="8c84fa94-04c1-424b-9868-57a2d4851a1d" relativeResultsDirectory="ff707a12-15f1-4082-a56e-e9c997105226" />
    <UnitTestResult executionId="ef73c18f-f55e-4720-9d14-fec8264d8038" testId="5ee8c7c4-0841-3665-8e79-bce8e756ae09" testName="DeleteBuild_WithSkipRetentionPolicyCheck_AlwaysDeletesResults" computerName="TFSBUILD110" duration="00:00:00.0641207" startTime="2018-12-04T01:57:35.3083323-08:00" endTime="2018-12-04T01:57:35.3733355-08:00" testType="13cdc9d9-ddb5-4fa4-a97d-d965ccfc6d4b" outcome="Passed" testListId="8c84fa94-04c1-424b-9868-57a2d4851a1d" relativeResultsDirectory="ef73c18f-f55e-4720-9d14-fec8264d8038" />
    <UnitTestResult executionId="22d30224-33cc-43bf-9624-2dbbe3f299ed" testId="aecc428b-b149-03d1-1498-a8fce2fe23ba" testName="QueueDeleteRunsByRetentionSettings_DisableRunDeletionInRegistry_SkipsRunDeletion" computerName="TFSBUILD110" duration="00:00:00.0389819" startTime="2018-12-04T01:57:48.0974501-08:00" endTime="2018-12-04T01:57:48.1364502-08:00" testType="13cdc9d9-ddb5-4fa4-a97d-d965ccfc6d4b" outcome="Passed" testListId="8c84fa94-04c1-424b-9868-57a2d4851a1d" relativeResultsDirectory="22d30224-33cc-43bf-9624-2dbbe3f299ed" />
    <UnitTestResult executionId="48568157-7c13-4d0e-8156-7f5c86239f04" testId="02b6250b-fca9-ce73-555a-9e718dca0146" testName="TestGetPullRequestIterationUrl" computerName="TFSBUILD110" duration="00:00:00.0455890" startTime="2018-12-04T01:58:10.4546601-08:00" endTime="2018-12-04T01:58:10.5006604-08:00" testType="13cdc9d9-ddb5-4fa4-a97d-d965ccfc6d4b" outcome="Passed" testListId="8c84fa94-04c1-424b-9868-57a2d4851a1d" relativeResultsDirectory="48568157-7c13-4d0e-8156-7f5c86239f04" />
    <UnitTestResult executionId="4ba981f8-b31d-463f-8ddc-a9a43326565b" testId="ec3b4ddb-cc81-ab15-6474-81d13a020c67" testName="DeleteReleasesShouldThrowExceptionIfThrownByDatabase" computerName="TFSBUILD110" duration="00:00:00.0890734" startTime="2018-12-04T01:57:43.3304041-08:00" endTime="2018-12-04T01:57:43.4204283-08:00" testType="13cdc9d9-ddb5-4fa4-a97d-d965ccfc6d4b" outcome="Passed" testListId="8c84fa94-04c1-424b-9868-57a2d4851a1d" relativeResultsDirectory="4ba981f8-b31d-463f-8ddc-a9a43326565b" />
    <UnitTestResult executionId="b0160e64-4392-4c98-90ca-71c56178e732" testId="d92f652b-0838-0950-0e87-0d359abce4d9" testName="QueueDeleteRunsByRetentionSettings_MatchingProjectsAndRuns_QueuesRunDeletion" computerName="TFSBUILD110" duration="00:00:00.0476058" startTime="2018-12-04T01:57:48.3364503-08:00" endTime="2018-12-04T01:57:48.3854518-08:00" testType="13cdc9d9-ddb5-4fa4-a97d-d965ccfc6d4b" outcome="Passed" testListId="8c84fa94-04c1-424b-9868-57a2d4851a1d" relativeResultsDirectory="b0160e64-4392-4c98-90ca-71c56178e732" />
    <UnitTestResult executionId="cb30b5ce-e982-49b1-9e64-9e3ffe534990" testId="05f5028d-bbce-9b14-869c-d866567ad348" testName="GetBuildRetentionPolicies_DefinitionHasRetention_ReturnsPolicies" computerName="TFSBUILD110" duration="00:00:00.0432752" startTime="2018-12-04T01:57:34.4933257-08:00" endTime="2018-12-04T01:57:34.5373261-08:00" testType="13cdc9d9-ddb5-4fa4-a97d-d965ccfc6d4b" outcome="Passed" testListId="8c84fa94-04c1-424b-9868-57a2d4851a1d" relativeResultsDirectory="cb30b5ce-e982-49b1-9e64-9e3ffe534990" />
    <UnitTestResult executionId="7c43442c-fdc2-4326-8747-33fc87096723" testId="bf843ea4-71e6-e388-5ef5-c047f6c434e2" testName="TestPrCommentCreationWithLargeNumberOfFiles" computerName="TFSBUILD110" duration="00:00:00.0477567" startTime="2018-12-04T01:58:00.1205629-08:00" endTime="2018-12-04T01:58:00.1695657-08:00" testType="13cdc9d9-ddb5-4fa4-a97d-d965ccfc6d4b" outcome="Passed" testListId="8c84fa94-04c1-424b-9868-57a2d4851a1d" relativeResultsDirectory="7c43442c-fdc2-4326-8747-33fc87096723" />
    <UnitTestResult executionId="3c30304a-0dc2-47bf-b6f0-e5ca29251885" testId="3026930a-2d56-d72d-0f8f-c69bca5711e6" testName="CleanTestRuns_WithNonDeletedProjects_ResetsJobData" computerName="TFSBUILD110" duration="00:00:00.0445387" startTime="2018-12-04T01:57:47.0944423-08:00" endTime="2018-12-04T01:57:47.1394464-08:00" testType="13cdc9d9-ddb5-4fa4-a97d-d965ccfc6d4b" outcome="Passed" testListId="8c84fa94-04c1-424b-9868-57a2d4851a1d" relativeResultsDirectory="3c30304a-0dc2-47bf-b6f0-e5ca29251885" />
    <UnitTestResult executionId="8351c836-b280-43e7-9a59-05e5221e861b" testId="ad9261e1-b1d5-553a-d48f-1416836dea88" testName="VerifyReleaseHandleTestRunChangedShouldNotQueueAJobWhenNoClient" computerName="TFSBUILD110" duration="00:00:00.0581940" startTime="2018-12-04T01:57:56.0935242-08:00" endTime="2018-12-04T01:57:56.1625286-08:00" testType="13cdc9d9-ddb5-4fa4-a97d-d965ccfc6d4b" outcome="Passed" testListId="8c84fa94-04c1-424b-9868-57a2d4851a1d" relativeResultsDirectory="8351c836-b280-43e7-9a59-05e5221e861b" />
    <UnitTestResult executionId="823eb501-c05e-4d65-b0ac-7b576bb580a4" testId="627d837c-fee9-f1ec-f105-e35ceac4b905" testName="UpdateTestRunSummaryOnRunCompleted_WithBuildReference_QueuesJob" computerName="TFSBUILD110" duration="00:00:00.0611583" startTime="2018-12-04T01:57:45.6664327-08:00" endTime="2018-12-04T01:57:45.7274294-08:00" testType="13cdc9d9-ddb5-4fa4-a97d-d965ccfc6d4b" outcome="Passed" testListId="8c84fa94-04c1-424b-9868-57a2d4851a1d" relativeResultsDirectory="823eb501-c05e-4d65-b0ac-7b576bb580a4" />
    <UnitTestResult executionId="bf964aaa-417c-4f6a-a7ac-bc21ddd850d1" testId="cc6fae0d-1f42-8cf1-519a-4635300175a2" testName="Verify_SendTestRunStatChangedIsCalled_WhenClients" computerName="TFSBUILD110" duration="00:00:00.0763825" startTime="2018-12-04T01:57:54.0775086-08:00" endTime="2018-12-04T01:57:54.1545079-08:00" testType="13cdc9d9-ddb5-4fa4-a97d-d965ccfc6d4b" outcome="Passed" testListId="8c84fa94-04c1-424b-9868-57a2d4851a1d" relativeResultsDirectory="bf964aaa-417c-4f6a-a7ac-bc21ddd850d1" />
    <UnitTestResult executionId="d995f92e-8c06-4188-92c3-950265a6e050" testId="e22279f3-bb56-8664-25b7-dfe39c81ac16" testName="TestGetChangesInCurrentIteration" computerName="TFSBUILD110" duration="00:00:07.8488728" startTime="2018-12-04T01:58:02.4485864-08:00" endTime="2018-12-04T01:58:10.2986581-08:00" testType="13cdc9d9-ddb5-4fa4-a97d-d965ccfc6d4b" outcome="Passed" testListId="8c84fa94-04c1-424b-9868-57a2d4851a1d" relativeResultsDirectory="d995f92e-8c06-4188-92c3-950265a6e050" />
    <UnitTestResult executionId="3b8535cb-96cf-42ec-bb5e-1d6d2a2f435e" testId="7059a2cb-5144-cc3f-e6e4-c6acbf06710c" testName="CreateTestRunWithAutomated" computerName="TFSBUILD110" duration="00:00:00.0727393" startTime="2018-12-04T01:57:41.2263849-08:00" endTime="2018-12-04T01:57:41.3003847-08:00" testType="13cdc9d9-ddb5-4fa4-a97d-d965ccfc6d4b" outcome="Passed" testListId="8c84fa94-04c1-424b-9868-57a2d4851a1d" relativeResultsDirectory="3b8535cb-96cf-42ec-bb5e-1d6d2a2f435e" />
    <UnitTestResult executionId="b7c9a034-1768-4954-8c8a-31c3c4d5678f" testId="c3b868d6-699d-dc23-0157-dd952998cee8" testName="CheckCoverageContainerPath" computerName="TFSBUILD110" duration="00:00:00.0456753" startTime="2018-12-04T01:57:50.0224717-08:00" endTime="2018-12-04T01:57:50.0684707-08:00" testType="13cdc9d9-ddb5-4fa4-a97d-d965ccfc6d4b" outcome="Passed" testListId="8c84fa94-04c1-424b-9868-57a2d4851a1d" relativeResultsDirectory="b7c9a034-1768-4954-8c8a-31c3c4d5678f" />
    <UnitTestResult executionId="d0775d69-94ba-4d0d-b66a-c6126f7d96cc" testId="e8e5f758-b389-9af5-e88f-c4f07c52e985" testName="CreateTestRunWithNullBuildRef" computerName="TFSBUILD110" duration="00:00:00.0615345" startTime="2018-12-04T01:57:41.7223921-08:00" endTime="2018-12-04T01:57:41.7843927-08:00" testType="13cdc9d9-ddb5-4fa4-a97d-d965ccfc6d4b" outcome="Passed" testListId="8c84fa94-04c1-424b-9868-57a2d4851a1d" relativeResultsDirectory="d0775d69-94ba-4d0d-b66a-c6126f7d96cc" />
    <UnitTestResult executionId="225b2e46-786d-48cb-9913-3e97df6993cc" testId="1ba6b2a3-a77f-f580-c8f7-470abf03523e" testName="AbortNotStartedRunAssociatedWithFailedReleaseEnvironment_DeploymentIsNotSuccessful_RunAborted" computerName="TFSBUILD110" duration="00:00:00.2308381" startTime="2018-12-04T01:57:42.6404033-08:00" endTime="2018-12-04T01:57:42.8734018-08:00" testType="13cdc9d9-ddb5-4fa4-a97d-d965ccfc6d4b" outcome="Passed" testListId="8c84fa94-04c1-424b-9868-57a2d4851a1d" relativeResultsDirectory="225b2e46-786d-48cb-9913-3e97df6993cc" resultType="DataDrivenTest">
      <InnerResults>
        <UnitTestResult executionId="7ecc1ae5-99de-4db9-972a-92ce7575a1aa" parentExecutionId="225b2e46-786d-48cb-9913-3e97df6993cc" testId="1ba6b2a3-a77f-f580-c8f7-470abf03523e" testName="AbortNotStartedRunAssociatedWithFailedReleaseEnvironment_DeploymentIsNotSuccessful_RunAborted (NotDeployed)" computerName="TFSBUILD110" duration="00:00:00.0761136" startTime="2018-12-04T01:57:42.6404033-08:00" endTime="2018-12-04T01:57:42.8734018-08:00" testType="13cdc9d9-ddb5-4fa4-a97d-d965ccfc6d4b" outcome="Passed" testListId="8c84fa94-04c1-424b-9868-57a2d4851a1d" relativeResultsDirectory="7ecc1ae5-99de-4db9-972a-92ce7575a1aa" dataRowInfo="1" resultType="DataDrivenDataRow" />
        <UnitTestResult executionId="236a3e17-84e0-41f0-adb4-986e8c5872cc" parentExecutionId="225b2e46-786d-48cb-9913-3e97df6993cc" testId="1ba6b2a3-a77f-f580-c8f7-470abf03523e" testName="AbortNotStartedRunAssociatedWithFailedReleaseEnvironment_DeploymentIsNotSuccessful_RunAborted (Failed)" computerName="TFSBUILD110" duration="00:00:00.0416755" startTime="2018-12-04T01:57:42.6404033-08:00" endTime="2018-12-04T01:57:42.8734018-08:00" testType="13cdc9d9-ddb5-4fa4-a97d-d965ccfc6d4b" outcome="Passed" testListId="8c84fa94-04c1-424b-9868-57a2d4851a1d" relativeResultsDirectory="236a3e17-84e0-41f0-adb4-986e8c5872cc" dataRowInfo="2" resultType="DataDrivenDataRow" />
        <UnitTestResult executionId="78319448-d9a3-45b9-909a-6de966b06541" parentExecutionId="225b2e46-786d-48cb-9913-3e97df6993cc" testId="1ba6b2a3-a77f-f580-c8f7-470abf03523e" testName="AbortNotStartedRunAssociatedWithFailedReleaseEnvironment_DeploymentIsNotSuccessful_RunAborted (Undefined)" computerName="TFSBUILD110" duration="00:00:00.0530744" startTime="2018-12-04T01:57:42.6404033-08:00" endTime="2018-12-04T01:57:42.8734018-08:00" testType="13cdc9d9-ddb5-4fa4-a97d-d965ccfc6d4b" outcome="Passed" testListId="8c84fa94-04c1-424b-9868-57a2d4851a1d" relativeResultsDirectory="78319448-d9a3-45b9-909a-6de966b06541" dataRowInfo="3" resultType="DataDrivenDataRow" />
      </InnerResults>
    </UnitTestResult>
    <UnitTestResult executionId="b5e0d909-a1aa-4688-b0b0-8db3d3c5914e" testId="d681a424-38a9-c72e-adaa-90bd36b26bf0" testName="TestPullRequestCommentPublish" computerName="TFSBUILD110" duration="00:00:00.3407669" startTime="2018-12-04T01:57:57.8855413-08:00" endTime="2018-12-04T01:57:58.2265434-08:00" testType="13cdc9d9-ddb5-4fa4-a97d-d965ccfc6d4b" outcome="Passed" testListId="8c84fa94-04c1-424b-9868-57a2d4851a1d" relativeResultsDirectory="b5e0d909-a1aa-4688-b0b0-8db3d3c5914e" />
    <UnitTestResult executionId="396a59a9-0747-46f9-ba76-bef8f527f137" testId="346f921a-e28d-bbf6-9a77-7783e9bfe7ba" testName="IncludeTestResults_FeatureFlagDisable_ReturnsFalse" computerName="TFSBUILD110" duration="00:00:00.0813979" startTime="2018-12-04T01:57:34.1063222-08:00" endTime="2018-12-04T01:57:34.1893245-08:00" testType="13cdc9d9-ddb5-4fa4-a97d-d965ccfc6d4b" outcome="Passed" testListId="8c84fa94-04c1-424b-9868-57a2d4851a1d" relativeResultsDirectory="396a59a9-0747-46f9-ba76-bef8f527f137" />
    <UnitTestResult executionId="9c3715bf-1586-4f10-b5be-65e90f3dbfc4" testId="d222b83c-58e4-41ca-9d4e-a54818b3904d" testName="CreateTestRunWithInvalidIteration" computerName="TFSBUILD110" duration="00:00:00.0505425" startTime="2018-12-04T01:57:39.7113773-08:00" endTime="2018-12-04T01:57:39.7623752-08:00" testType="13cdc9d9-ddb5-4fa4-a97d-d965ccfc6d4b" outcome="Passed" testListId="8c84fa94-04c1-424b-9868-57a2d4851a1d" relativeResultsDirectory="9c3715bf-1586-4f10-b5be-65e90f3dbfc4" />
    <UnitTestResult executionId="21db0459-7cd5-41e8-9697-0d66d68543e2" testId="c6d46028-b426-d3ea-f7c4-a1230752650a" testName="CreateTestRunWithNoOwner" computerName="TFSBUILD110" duration="00:00:00.0443993" startTime="2018-12-04T01:57:38.8643661-08:00" endTime="2018-12-04T01:57:38.9093685-08:00" testType="13cdc9d9-ddb5-4fa4-a97d-d965ccfc6d4b" outcome="Passed" testListId="8c84fa94-04c1-424b-9868-57a2d4851a1d" relativeResultsDirectory="21db0459-7cd5-41e8-9697-0d66d68543e2" />
    <UnitTestResult executionId="ee2adfc2-80da-4e1e-a71c-cba17e6bf263" testId="5b04be64-70eb-2658-ab4d-bb4d034483cf" testName="VerifyReleaseHandleTestRunChangedQueuesAJobWithDefaultDelay" computerName="TFSBUILD110" duration="00:00:00.0394948" startTime="2018-12-04T01:57:56.1765326-08:00" endTime="2018-12-04T01:57:56.2165259-08:00" testType="13cdc9d9-ddb5-4fa4-a97d-d965ccfc6d4b" outcome="Passed" testListId="8c84fa94-04c1-424b-9868-57a2d4851a1d" relativeResultsDirectory="ee2adfc2-80da-4e1e-a71c-cba17e6bf263" />
    <UnitTestResult executionId="2eb4d48f-d32d-49d0-a29c-7d9e05e3cc17" testId="e61ab353-abb8-77e5-f821-9b6644e6c23a" testName="CancelTestRunFiresRunCancelRequestedNotification" computerName="TFSBUILD110" duration="00:00:00.0434764" startTime="2018-12-04T01:57:38.2923587-08:00" endTime="2018-12-04T01:57:38.3363594-08:00" testType="13cdc9d9-ddb5-4fa4-a97d-d965ccfc6d4b" outcome="Passed" testListId="8c84fa94-04c1-424b-9868-57a2d4851a1d" relativeResultsDirectory="2eb4d48f-d32d-49d0-a29c-7d9e05e3cc17" />
    <UnitTestResult executionId="7be5b408-f28e-4d53-aa0e-0a2d79c0e112" testId="00659f0c-3f0a-c3f1-5426-61ddf3c3486e" testName="GetIntermediateCoverageAttachmentsTestForOneFileWithGuidInNameWithOutMetaData" computerName="TFSBUILD110" duration="00:00:00.0521729" startTime="2018-12-04T01:58:01.6915763-08:00" endTime="2018-12-04T01:58:01.7445767-08:00" testType="13cdc9d9-ddb5-4fa4-a97d-d965ccfc6d4b" outcome="Passed" testListId="8c84fa94-04c1-424b-9868-57a2d4851a1d" relativeResultsDirectory="7be5b408-f28e-4d53-aa0e-0a2d79c0e112" />
    <UnitTestResult executionId="be72494d-4926-47c0-8085-2114dbd4961e" testId="1e908455-1929-748c-07af-2f31d759f605" testName="DeleteReleasesShouldReadTestRunDeletionBatchSizeFromRegistry" computerName="TFSBUILD110" duration="00:00:00.0474095" startTime="2018-12-04T01:57:43.0024043-08:00" endTime="2018-12-04T01:57:43.0504036-08:00" testType="13cdc9d9-ddb5-4fa4-a97d-d965ccfc6d4b" outcome="Passed" testListId="8c84fa94-04c1-424b-9868-57a2d4851a1d" relativeResultsDirectory="be72494d-4926-47c0-8085-2114dbd4961e" />
    <UnitTestResult executionId="7cdd1237-ae54-43df-aa42-cf0b17ce31fa" testId="26ea4e14-4086-a2fa-455f-d1111797599b" testName="ProjectInitialization_NewProject_CreatesProjectData" computerName="TFSBUILD110" duration="00:00:00.0844227" startTime="2018-12-04T01:57:36.6383441-08:00" endTime="2018-12-04T01:57:36.7233449-08:00" testType="13cdc9d9-ddb5-4fa4-a97d-d965ccfc6d4b" outcome="Passed" testListId="8c84fa94-04c1-424b-9868-57a2d4851a1d" relativeResultsDirectory="7cdd1237-ae54-43df-aa42-cf0b17ce31fa" />
    <UnitTestResult executionId="91fba6e8-7745-444b-bab2-2b670c2c4485" testId="c08e099c-75da-9a4e-aa9d-2bdff8529016" testName="CleanTestRuns_WithNonDeletedProjects_CleansTestRuns" computerName="TFSBUILD110" duration="00:00:00.0784136" startTime="2018-12-04T01:57:46.9854399-08:00" endTime="2018-12-04T01:57:47.0644413-08:00" testType="13cdc9d9-ddb5-4fa4-a97d-d965ccfc6d4b" outcome="Passed" testListId="8c84fa94-04c1-424b-9868-57a2d4851a1d" relativeResultsDirectory="91fba6e8-7745-444b-bab2-2b670c2c4485" />
    <UnitTestResult executionId="58f00532-cf28-4df2-a257-8d7cbc4b8b93" testId="73e9b1f9-9717-efeb-073e-740e80bdb8d8" testName="TestShouldRetain_Retain" computerName="TFSBUILD110" duration="00:00:00.0005413" startTime="2018-12-04T01:57:57.6865434-08:00" endTime="2018-12-04T01:57:57.6875402-08:00" testType="13cdc9d9-ddb5-4fa4-a97d-d965ccfc6d4b" outcome="Passed" testListId="8c84fa94-04c1-424b-9868-57a2d4851a1d" relativeResultsDirectory="58f00532-cf28-4df2-a257-8d7cbc4b8b93" />
    <UnitTestResult executionId="ae08ad7d-ff95-4049-923a-f1a2ade65e79" testId="840bda69-a628-798f-cbb9-79ec60f47079" testName="VerifyBuildHandleTestRunChangedQueuesAJobWithDefaultDelay" computerName="TFSBUILD110" duration="00:00:00.0474335" startTime="2018-12-04T01:57:55.4795190-08:00" endTime="2018-12-04T01:57:55.5275223-08:00" testType="13cdc9d9-ddb5-4fa4-a97d-d965ccfc6d4b" outcome="Passed" testListId="8c84fa94-04c1-424b-9868-57a2d4851a1d" relativeResultsDirectory="ae08ad7d-ff95-4049-923a-f1a2ade65e79" />
    <UnitTestResult executionId="376a9cb7-1426-4e30-ad6f-21f5deeacfd9" testId="f402d0ec-7c21-4815-45e3-ea93cc211240" testName="Execute_CalculateTestInsights_WithReleaseData" computerName="TFSBUILD110" duration="00:00:00.1201074" startTime="2018-12-04T01:57:53.4944994-08:00" endTime="2018-12-04T01:57:53.6155009-08:00" testType="13cdc9d9-ddb5-4fa4-a97d-d965ccfc6d4b" outcome="Passed" testListId="8c84fa94-04c1-424b-9868-57a2d4851a1d" relativeResultsDirectory="376a9cb7-1426-4e30-ad6f-21f5deeacfd9" />
    <UnitTestResult executionId="d5b75321-e435-4a57-8583-ebf4d011c10d" testId="7735ccef-becd-c3da-dc63-73f1c86b99ff" testName="WatchBuildOnHubShouldCallWatchBuildOnDispatcher" computerName="TFSBUILD110" duration="00:00:00.0996091" startTime="2018-12-04T01:57:56.4675323-08:00" endTime="2018-12-04T01:57:56.5675329-08:00" testType="13cdc9d9-ddb5-4fa4-a97d-d965ccfc6d4b" outcome="Passed" testListId="8c84fa94-04c1-424b-9868-57a2d4851a1d" relativeResultsDirectory="d5b75321-e435-4a57-8583-ebf4d011c10d" />
    <UnitTestResult executionId="df2d877b-77a9-46f7-be25-304397827c00" testId="886d718b-0688-abd3-d5b7-6312921f5e58" testName="FindApplicablePolicy_BranchMatcherNotSet_DefaultRetention" computerName="TFSBUILD110" duration="00:00:00.0413122" startTime="2018-12-04T01:57:34.8403299-08:00" endTime="2018-12-04T01:57:34.8823299-08:00" testType="13cdc9d9-ddb5-4fa4-a97d-d965ccfc6d4b" outcome="Passed" testListId="8c84fa94-04c1-424b-9868-57a2d4851a1d" relativeResultsDirectory="df2d877b-77a9-46f7-be25-304397827c00" />
    <UnitTestResult executionId="78535484-c11e-41c0-a25c-44c0480d498e" testId="acdb8223-bf02-608c-ab4d-aa39c82c921a" testName="CreateTestRunWithoutProjectName" computerName="TFSBUILD110" duration="00:00:00.0440289" startTime="2018-12-04T01:57:39.0133675-08:00" endTime="2018-12-04T01:57:39.0573681-08:00" testType="13cdc9d9-ddb5-4fa4-a97d-d965ccfc6d4b" outcome="Passed" testListId="8c84fa94-04c1-424b-9868-57a2d4851a1d" relativeResultsDirectory="78535484-c11e-41c0-a25c-44c0480d498e" />
    <UnitTestResult executionId="5bda5908-a3ba-4a6b-8568-8a98cba1a613" testId="8726cbeb-e595-0acd-289d-097643f9faf9" testName="TestPrCommentCreationForCoverageNotFoundAndNoExecutableChanges" computerName="TFSBUILD110" duration="00:00:00.0666861" startTime="2018-12-04T01:58:00.0165641-08:00" endTime="2018-12-04T01:58:00.0845645-08:00" testType="13cdc9d9-ddb5-4fa4-a97d-d965ccfc6d4b" outcome="Passed" testListId="8c84fa94-04c1-424b-9868-57a2d4851a1d" relativeResultsDirectory="5bda5908-a3ba-4a6b-8568-8a98cba1a613" />
    <UnitTestResult executionId="d043ed08-29ac-4cbd-a268-310679405b9d" testId="5f1cb520-1e6f-a22c-eeb9-145b41cfb042" testName="CancelTestRun" computerName="TFSBUILD110" duration="00:00:00.1345716" startTime="2018-12-04T01:57:37.6163547-08:00" endTime="2018-12-04T01:57:37.7513555-08:00" testType="13cdc9d9-ddb5-4fa4-a97d-d965ccfc6d4b" outcome="Passed" testListId="8c84fa94-04c1-424b-9868-57a2d4851a1d" relativeResultsDirectory="d043ed08-29ac-4cbd-a268-310679405b9d" />
    <UnitTestResult executionId="13ce5698-0d6c-4b71-91a3-02a9a2b95c8a" testId="73635338-4a76-d6f5-35cf-602ef7a4ca3e" testName="GetFileLevelCoverageReturnsEmptyJsonIfNoFileFound" computerName="TFSBUILD110" duration="00:00:00.0743746" startTime="2018-12-04T01:58:02.3425839-08:00" endTime="2018-12-04T01:58:02.4175863-08:00" testType="13cdc9d9-ddb5-4fa4-a97d-d965ccfc6d4b" outcome="Passed" testListId="8c84fa94-04c1-424b-9868-57a2d4851a1d" relativeResultsDirectory="13ce5698-0d6c-4b71-91a3-02a9a2b95c8a" />
    <UnitTestResult executionId="bb8b5d3a-c29a-471b-91a3-86b9f217fab4" testId="def1ddfb-cd16-1344-e28a-03760ee6f17d" testName="ProjectInitialization_NewProject_CreatesDefaultDataspace" computerName="TFSBUILD110" duration="00:00:00.0736449" startTime="2018-12-04T01:57:36.7523451-08:00" endTime="2018-12-04T01:57:36.8263440-08:00" testType="13cdc9d9-ddb5-4fa4-a97d-d965ccfc6d4b" outcome="Passed" testListId="8c84fa94-04c1-424b-9868-57a2d4851a1d" relativeResultsDirectory="bb8b5d3a-c29a-471b-91a3-86b9f217fab4" />
    <UnitTestResult executionId="95ead6ec-592f-41e5-b7df-160496c50478" testId="fc27dfa7-7a9f-3ef4-10de-e9a7ae9b58db" testName="DeleteIntermediateCoverageFilesTestWithSomeCoverageFileThrowsException" computerName="TFSBUILD110" duration="00:00:00.0339465" startTime="2018-12-04T01:58:01.4155732-08:00" endTime="2018-12-04T01:58:01.4505730-08:00" testType="13cdc9d9-ddb5-4fa4-a97d-d965ccfc6d4b" outcome="Passed" testListId="8c84fa94-04c1-424b-9868-57a2d4851a1d" relativeResultsDirectory="95ead6ec-592f-41e5-b7df-160496c50478" />
    <UnitTestResult executionId="692a18bf-d985-41ee-9a01-5d4aff8f179f" testId="c660bddd-5322-1aa7-7986-222c18d2eada" testName="GetIntermediateCoverageAttachmentsTestForOneFileWithFlavorAndPlatForm" computerName="TFSBUILD110" duration="00:00:00.0479989" startTime="2018-12-04T01:58:01.8155770-08:00" endTime="2018-12-04T01:58:01.8635771-08:00" testType="13cdc9d9-ddb5-4fa4-a97d-d965ccfc6d4b" outcome="Passed" testListId="8c84fa94-04c1-424b-9868-57a2d4851a1d" relativeResultsDirectory="692a18bf-d985-41ee-9a01-5d4aff8f179f" />
    <UnitTestResult executionId="b3bdd8fb-9485-4947-a022-e7fceed95854" testId="047dc96e-31c3-8f55-54d9-289ec0397e6c" testName="CleanTestRuns_WithMaxRetriesDone_ResetsJobData" computerName="TFSBUILD110" duration="00:00:00.1604660" startTime="2018-12-04T01:57:47.2614450-08:00" endTime="2018-12-04T01:57:47.4224433-08:00" testType="13cdc9d9-ddb5-4fa4-a97d-d965ccfc6d4b" outcome="Passed" testListId="8c84fa94-04c1-424b-9868-57a2d4851a1d" relativeResultsDirectory="b3bdd8fb-9485-4947-a022-e7fceed95854" />
    <UnitTestResult executionId="0d204777-6b34-4acf-b952-968933db605c" testId="ad32c4fe-6fe9-c82a-69b2-86f712aeb855" testName="CleanTestRuns_WithNonDeletedProjects_CleansMaxNumberOfDeletedTestRuns" computerName="TFSBUILD110" duration="00:00:00.0620732" startTime="2018-12-04T01:57:47.1574420-08:00" endTime="2018-12-04T01:57:47.2204434-08:00" testType="13cdc9d9-ddb5-4fa4-a97d-d965ccfc6d4b" outcome="Passed" testListId="8c84fa94-04c1-424b-9868-57a2d4851a1d" relativeResultsDirectory="0d204777-6b34-4acf-b952-968933db605c" />
    <UnitTestResult executionId="dcf1af4d-ca78-4394-8c13-d9cd552d00e4" testId="7113ea1b-5701-7284-af55-2378a8231b4f" testName="GetIntermediateCoverageAttachmentsTestForOneFile" computerName="TFSBUILD110" duration="00:00:00.1454492" startTime="2018-12-04T01:58:00.3015636-08:00" endTime="2018-12-04T01:58:00.4475673-08:00" testType="13cdc9d9-ddb5-4fa4-a97d-d965ccfc6d4b" outcome="Passed" testListId="8c84fa94-04c1-424b-9868-57a2d4851a1d" relativeResultsDirectory="dcf1af4d-ca78-4394-8c13-d9cd552d00e4" />
    <UnitTestResult executionId="aa151a83-4e3f-43e7-bf9a-5d88e231b226" testId="bbc98406-b46f-78ad-4bbb-f3e1df032307" testName="CreateTestRunInPRBuild" computerName="TFSBUILD110" duration="00:00:00.1775441" startTime="2018-12-04T01:57:41.4683876-08:00" endTime="2018-12-04T01:57:41.6463902-08:00" testType="13cdc9d9-ddb5-4fa4-a97d-d965ccfc6d4b" outcome="Passed" testListId="8c84fa94-04c1-424b-9868-57a2d4851a1d" relativeResultsDirectory="aa151a83-4e3f-43e7-bf9a-5d88e231b226" />
    <UnitTestResult executionId="63b86113-72fc-4936-8c1b-e165c3e783f0" testId="71a4fc69-7447-c07d-0bb5-a313af2198af" testName="Execute_TriSignalRReportingRuns_SkipSendingSignals" computerName="TFSBUILD110" duration="00:00:00.0389000" startTime="2018-12-04T01:57:53.7645027-08:00" endTime="2018-12-04T01:57:53.8045043-08:00" testType="13cdc9d9-ddb5-4fa4-a97d-d965ccfc6d4b" outcome="Passed" testListId="8c84fa94-04c1-424b-9868-57a2d4851a1d" relativeResultsDirectory="63b86113-72fc-4936-8c1b-e165c3e783f0" />
    <UnitTestResult executionId="60819a20-e386-463e-8dba-f727b4c0704d" testId="d2f5c7db-f417-b4e3-12b9-eb73316341c7" testName="FileCoverageProviderTests_GetFileCoverageInfoWhenNoJsonPresent" computerName="TFSBUILD110" duration="00:00:00.1979369" startTime="2018-12-04T01:57:28.3602660-08:00" endTime="2018-12-04T01:57:28.5592679-08:00" testType="13cdc9d9-ddb5-4fa4-a97d-d965ccfc6d4b" outcome="Passed" testListId="8c84fa94-04c1-424b-9868-57a2d4851a1d" relativeResultsDirectory="60819a20-e386-463e-8dba-f727b4c0704d" />
    <UnitTestResult executionId="317e3495-dea0-4ed9-a080-7ebff632b585" testId="e4a0901b-f951-279f-0ea8-4a6218bdda12" testName="TestPrCommentCreationWithEmptyCoverage" computerName="TFSBUILD110" duration="00:00:00.0312543" startTime="2018-12-04T01:57:59.7115590-08:00" endTime="2018-12-04T01:57:59.7455601-08:00" testType="13cdc9d9-ddb5-4fa4-a97d-d965ccfc6d4b" outcome="Passed" testListId="8c84fa94-04c1-424b-9868-57a2d4851a1d" relativeResultsDirectory="317e3495-dea0-4ed9-a080-7ebff632b585" />
    <UnitTestResult executionId="811cf3f9-1a8b-46ec-a236-efc5042e7c67" testId="22752d96-818c-0b37-8b1d-710212f1eb31" testName="ValidateHandleBuildsDeletedEvent" computerName="TFSBUILD110" duration="00:00:00.5905082" startTime="2018-12-04T01:57:58.8655535-08:00" endTime="2018-12-04T01:57:59.4565622-08:00" testType="13cdc9d9-ddb5-4fa4-a97d-d965ccfc6d4b" outcome="Passed" testListId="8c84fa94-04c1-424b-9868-57a2d4851a1d" relativeResultsDirectory="811cf3f9-1a8b-46ec-a236-efc5042e7c67" />
    <UnitTestResult executionId="1f524dfb-10c6-4928-af61-b665d99bcc1b" testId="8cce8d43-f98c-f436-bbc9-37935b701238" testName="VerifyReleaseNotificationDeleteCallsDbNotificationDelete" computerName="TFSBUILD110" duration="00:00:00.0409200" startTime="2018-12-04T01:57:56.4105315-08:00" endTime="2018-12-04T01:57:56.4525315-08:00" testType="13cdc9d9-ddb5-4fa4-a97d-d965ccfc6d4b" outcome="Passed" testListId="8c84fa94-04c1-424b-9868-57a2d4851a1d" relativeResultsDirectory="1f524dfb-10c6-4928-af61-b665d99bcc1b" />
    <UnitTestResult executionId="f3c72753-8694-4290-a1b2-dd3b337774ec" testId="60f28385-4a98-0e55-3b38-f761b6bd5e74" testName="ValidateFileCoverageEvalJobGetsCorrectFileDiff" computerName="TFSBUILD110" duration="00:00:04.8976233" startTime="2018-12-04T01:57:19.9141912-08:00" endTime="2018-12-04T01:57:27.6722606-08:00" testType="13cdc9d9-ddb5-4fa4-a97d-d965ccfc6d4b" outcome="Passed" testListId="8c84fa94-04c1-424b-9868-57a2d4851a1d" relativeResultsDirectory="f3c72753-8694-4290-a1b2-dd3b337774ec" />
    <UnitTestResult executionId="fd736379-0ca9-4ba5-ac6f-6863348c8c74" testId="086fe566-20c8-a851-ec3e-70260fe63c63" testName="IncludeTestResults_PolicyDoesNotAllowDeleteTestResults_ReturnsFalse" computerName="TFSBUILD110" duration="00:00:00.0910377" startTime="2018-12-04T01:57:34.2043254-08:00" endTime="2018-12-04T01:57:34.2963292-08:00" testType="13cdc9d9-ddb5-4fa4-a97d-d965ccfc6d4b" outcome="Passed" testListId="8c84fa94-04c1-424b-9868-57a2d4851a1d" relativeResultsDirectory="fd736379-0ca9-4ba5-ac6f-6863348c8c74" />
    <UnitTestResult executionId="5f101209-c015-4dfb-95c2-196b41b7529f" testId="aabac6f6-17a8-4f23-3c5d-52bc42bb279a" testName="Execute_TcmCleanupFeatureFlagEnabled_SkipsTestCleanup" computerName="TFSBUILD110" duration="00:00:00.1166178" startTime="2018-12-04T01:57:45.8484285-08:00" endTime="2018-12-04T01:57:45.9664317-08:00" testType="13cdc9d9-ddb5-4fa4-a97d-d965ccfc6d4b" outcome="Passed" testListId="8c84fa94-04c1-424b-9868-57a2d4851a1d" relativeResultsDirectory="5f101209-c015-4dfb-95c2-196b41b7529f" />
    <UnitTestResult executionId="246e680a-a3e3-4d71-963f-eb3b42715da0" testId="7beaa01b-fbd4-158d-4dad-d1b24526157d" testName="VerifyNoConnectionString" computerName="TFSBUILD110" duration="00:00:00.2589621" startTime="2018-12-04T01:57:37.2863508-08:00" endTime="2018-12-04T01:57:37.5463552-08:00" testType="13cdc9d9-ddb5-4fa4-a97d-d965ccfc6d4b" outcome="Passed" testListId="8c84fa94-04c1-424b-9868-57a2d4851a1d" relativeResultsDirectory="246e680a-a3e3-4d71-963f-eb3b42715da0" />
    <UnitTestResult executionId="69947b22-3355-4543-a4bd-d5e811a7118e" testId="ab57339b-01de-0e5d-cc6f-9402f73f1447" testName="UploadMergedCoverageFileTestWhenContainerAlreadyExist" computerName="TFSBUILD110" duration="00:00:00.0478903" startTime="2018-12-04T01:58:02.1415812-08:00" endTime="2018-12-04T01:58:02.1905871-08:00" testType="13cdc9d9-ddb5-4fa4-a97d-d965ccfc6d4b" outcome="Passed" testListId="8c84fa94-04c1-424b-9868-57a2d4851a1d" relativeResultsDirectory="69947b22-3355-4543-a4bd-d5e811a7118e" />
    <UnitTestResult executionId="318b8e85-127d-49fb-b2c0-e5f4422a268a" testId="fb553472-43aa-fbe8-b485-ffedb70b5376" testName="RunCleanUpAction_WithException_ReturnsFalse" computerName="TFSBUILD110" duration="00:00:00.0357207" startTime="2018-12-04T01:57:49.0574593-08:00" endTime="2018-12-04T01:57:49.0944650-08:00" testType="13cdc9d9-ddb5-4fa4-a97d-d965ccfc6d4b" outcome="Passed" testListId="8c84fa94-04c1-424b-9868-57a2d4851a1d" relativeResultsDirectory="318b8e85-127d-49fb-b2c0-e5f4422a268a" />
    <UnitTestResult executionId="9c1290c1-002e-4021-aba4-0599de415662" testId="ef004604-5dc2-07dc-7f27-9ac10a3bbd95" testName="VerifyReleaseHandleTestRunChangedSholdNotSaveSignalInDbWhenNoClient" computerName="TFSBUILD110" duration="00:00:00.0426082" startTime="2018-12-04T01:57:55.8635264-08:00" endTime="2018-12-04T01:57:55.9075209-08:00" testType="13cdc9d9-ddb5-4fa4-a97d-d965ccfc6d4b" outcome="Passed" testListId="8c84fa94-04c1-424b-9868-57a2d4851a1d" relativeResultsDirectory="9c1290c1-002e-4021-aba4-0599de415662" />
    <UnitTestResult executionId="7e91abf9-4bf8-4af8-b0b2-5df83533cff9" testId="18103fad-ca69-d112-ebec-4a1a788e9bca" testName="VerifySingleConnectionString" computerName="TFSBUILD110" startTime="2018-12-04T01:57:37.5643590-08:00" endTime="2018-12-04T01:57:37.5663541-08:00" testType="13cdc9d9-ddb5-4fa4-a97d-d965ccfc6d4b" outcome="NotExecuted" testListId="8c84fa94-04c1-424b-9868-57a2d4851a1d" relativeResultsDirectory="7e91abf9-4bf8-4af8-b0b2-5df83533cff9">
      <Output></Output>
    </UnitTestResult>
    <UnitTestResult executionId="3f485a5f-fa9a-4ce4-a0b8-ec20d7e88189" testId="8f22c8b1-14e7-3eb5-8ee9-b6fce4a873b3" testName="CreateTestRunWithSpecifiedType" computerName="TFSBUILD110" duration="00:00:00.0487037" startTime="2018-12-04T01:57:40.6473808-08:00" endTime="2018-12-04T01:57:40.6963859-08:00" testType="13cdc9d9-ddb5-4fa4-a97d-d965ccfc6d4b" outcome="Passed" testListId="8c84fa94-04c1-424b-9868-57a2d4851a1d" relativeResultsDirectory="3f485a5f-fa9a-4ce4-a0b8-ec20d7e88189" />
    <UnitTestResult executionId="61ee9c5f-ec88-44a9-a4d4-a0283e7cd02f" testId="7f88d404-c504-7376-999c-3f98950ff19f" testName="Execute_WithRequestCancelled_NotExecuteNextSteps" computerName="TFSBUILD110" duration="00:00:00.0418647" startTime="2018-12-04T01:57:45.9844280-08:00" endTime="2018-12-04T01:57:46.0274342-08:00" testType="13cdc9d9-ddb5-4fa4-a97d-d965ccfc6d4b" outcome="Passed" testListId="8c84fa94-04c1-424b-9868-57a2d4851a1d" relativeResultsDirectory="61ee9c5f-ec88-44a9-a4d4-a0283e7cd02f" />
    <UnitTestResult executionId="4ed0ca95-a2b7-4f44-9d7a-ac4f7edccbcc" testId="82ea3902-0474-5162-08ca-d9a6cb3354eb" testName="UpdateTestRunSummaryOnRunCompleted_RunNotCompleted_SkipSummaryUpdate" computerName="TFSBUILD110" duration="00:00:00.0584179" startTime="2018-12-04T01:57:45.0354246-08:00" endTime="2018-12-04T01:57:45.0954239-08:00" testType="13cdc9d9-ddb5-4fa4-a97d-d965ccfc6d4b" outcome="Passed" testListId="8c84fa94-04c1-424b-9868-57a2d4851a1d" relativeResultsDirectory="4ed0ca95-a2b7-4f44-9d7a-ac4f7edccbcc" />
    <UnitTestResult executionId="2dfb3d79-0bac-4a84-89bc-8454f7065561" testId="e33f09de-6ca8-94e9-aca1-bca82f850031" testName="FileCoverageProviderTests_UploadFileCoverageInfo" computerName="TFSBUILD110" duration="00:00:00.0883709" startTime="2018-12-04T01:57:28.6812691-08:00" endTime="2018-12-04T01:57:28.7712702-08:00" testType="13cdc9d9-ddb5-4fa4-a97d-d965ccfc6d4b" outcome="Passed" testListId="8c84fa94-04c1-424b-9868-57a2d4851a1d" relativeResultsDirectory="2dfb3d79-0bac-4a84-89bc-8454f7065561" />
    <UnitTestResult executionId="ce107668-408a-49a8-beec-fd6ab74661b4" testId="14e9d8fc-ba87-e319-abf3-f2ff794893cb" testName="UploadMergedCoverageFileTest" computerName="TFSBUILD110" duration="00:00:00.0386605" startTime="2018-12-04T01:58:02.0645802-08:00" endTime="2018-12-04T01:58:02.1035863-08:00" testType="13cdc9d9-ddb5-4fa4-a97d-d965ccfc6d4b" outcome="Passed" testListId="8c84fa94-04c1-424b-9868-57a2d4851a1d" relativeResultsDirectory="ce107668-408a-49a8-beec-fd6ab74661b4" />
    <UnitTestResult executionId="b11dbfb3-3ab2-46d5-b4a8-365bf6d13ada" testId="bbf3d84b-4aff-c3da-4c68-81f45678dbec" testName="Validate_BatchTestCaseResultsWithGreaterBatchSize" computerName="TFSBUILD110" duration="00:00:00.0366997" startTime="2018-12-04T01:57:52.8634952-08:00" endTime="2018-12-04T01:57:52.9004958-08:00" testType="13cdc9d9-ddb5-4fa4-a97d-d965ccfc6d4b" outcome="Passed" testListId="8c84fa94-04c1-424b-9868-57a2d4851a1d" relativeResultsDirectory="b11dbfb3-3ab2-46d5-b4a8-365bf6d13ada" />
    <UnitTestResult executionId="cd6c433f-d124-4de6-8009-905f13c38979" testId="73b4b68a-90c7-698a-fa98-23fbe3307f14" testName="UpdateTestRunSummaryOnRunCompleted_InvalidProject_SkipSummaryUpdate" computerName="TFSBUILD110" duration="00:00:00.0635566" startTime="2018-12-04T01:57:45.1714241-08:00" endTime="2018-12-04T01:57:45.2364255-08:00" testType="13cdc9d9-ddb5-4fa4-a97d-d965ccfc6d4b" outcome="Passed" testListId="8c84fa94-04c1-424b-9868-57a2d4851a1d" relativeResultsDirectory="cd6c433f-d124-4de6-8009-905f13c38979" />
    <UnitTestResult executionId="379e2f00-c3dc-4363-b6eb-22cd3867eb51" testId="23ddee52-9eab-34f1-7f75-abb7202020f9" testName="UpdateTestRunSummaryOnAddResults_WithResults_UpdatesTestRunSummary" computerName="TFSBUILD110" duration="00:00:00.0358578" startTime="2018-12-04T01:57:44.2404197-08:00" endTime="2018-12-04T01:57:44.2774174-08:00" testType="13cdc9d9-ddb5-4fa4-a97d-d965ccfc6d4b" outcome="Passed" testListId="8c84fa94-04c1-424b-9868-57a2d4851a1d" relativeResultsDirectory="379e2f00-c3dc-4363-b6eb-22cd3867eb51" />
    <UnitTestResult executionId="dd628bb2-b30b-41aa-bd80-b2240c9b1356" testId="8b3a7c4e-046a-d8a6-7c31-c69e42847479" testName="CreateTestRunWithNonZeroResultsCount" computerName="TFSBUILD110" duration="00:00:00.1337662" startTime="2018-12-04T01:57:40.8243816-08:00" endTime="2018-12-04T01:57:40.9593830-08:00" testType="13cdc9d9-ddb5-4fa4-a97d-d965ccfc6d4b" outcome="Passed" testListId="8c84fa94-04c1-424b-9868-57a2d4851a1d" relativeResultsDirectory="dd628bb2-b30b-41aa-bd80-b2240c9b1356" />
    <UnitTestResult executionId="9d99997c-1cb0-4cb6-8cfd-57e22a7d5b60" testId="593e8fe7-6135-0386-0adc-b9238d91809b" testName="DeleteIntermediateCoverageFilesTestWithSomeCoverageFile" computerName="TFSBUILD110" duration="00:00:00.0358325" startTime="2018-12-04T01:58:01.3755728-08:00" endTime="2018-12-04T01:58:01.4125715-08:00" testType="13cdc9d9-ddb5-4fa4-a97d-d965ccfc6d4b" outcome="Passed" testListId="8c84fa94-04c1-424b-9868-57a2d4851a1d" relativeResultsDirectory="9d99997c-1cb0-4cb6-8cfd-57e22a7d5b60" />
    <UnitTestResult executionId="2a3a754d-1944-415e-99ed-31e5eb6dac1b" testId="25ddba23-61d8-7130-809f-7e055113beb6" testName="QueueDeleteRunsByRetentionSettings_WithAutomatedAndManualDeleteCount_PublishesTelemetry" computerName="TFSBUILD110" duration="00:00:00.0937656" startTime="2018-12-04T01:57:48.8504577-08:00" endTime="2018-12-04T01:57:48.9454596-08:00" testType="13cdc9d9-ddb5-4fa4-a97d-d965ccfc6d4b" outcome="Passed" testListId="8c84fa94-04c1-424b-9868-57a2d4851a1d" relativeResultsDirectory="2a3a754d-1944-415e-99ed-31e5eb6dac1b" />
    <UnitTestResult executionId="1fa1bd71-a071-4468-95c5-f76041a08b72" testId="ede39b2d-418b-4127-dbf8-9a50e181401b" testName="CreateTestRunWithUnspecifiedType" computerName="TFSBUILD110" duration="00:00:00.0769746" startTime="2018-12-04T01:57:40.5493782-08:00" endTime="2018-12-04T01:57:40.6273837-08:00" testType="13cdc9d9-ddb5-4fa4-a97d-d965ccfc6d4b" outcome="Passed" testListId="8c84fa94-04c1-424b-9868-57a2d4851a1d" relativeResultsDirectory="1fa1bd71-a071-4468-95c5-f76041a08b72" />
    <UnitTestResult executionId="71c082ef-b4db-4703-b3ee-66d7a43ef250" testId="d6c8b137-f76b-3e7a-ae25-5aab634975a4" testName="ValidateFileCoverageEvalJobReturnsNullIfNoCoverageIsFoundForFile" computerName="TFSBUILD110" duration="00:00:00.0325365" startTime="2018-12-04T01:57:28.2632661-08:00" endTime="2018-12-04T01:57:28.2962663-08:00" testType="13cdc9d9-ddb5-4fa4-a97d-d965ccfc6d4b" outcome="Passed" testListId="8c84fa94-04c1-424b-9868-57a2d4851a1d" relativeResultsDirectory="71c082ef-b4db-4703-b3ee-66d7a43ef250" />
    <UnitTestResult executionId="cd7580a1-9ec8-4dd2-bebd-249036839408" testId="77923ebf-f24e-95a0-5427-fb5cdffb23a2" testName="AbortNotStartedRunAssociatedWithFailedReleaseEnvironment_DeploymentIsNull_RunNotAborted" computerName="TFSBUILD110" duration="00:00:00.0472296" startTime="2018-12-04T01:57:42.3963991-08:00" endTime="2018-12-04T01:57:42.4444014-08:00" testType="13cdc9d9-ddb5-4fa4-a97d-d965ccfc6d4b" outcome="Passed" testListId="8c84fa94-04c1-424b-9868-57a2d4851a1d" relativeResultsDirectory="cd7580a1-9ec8-4dd2-bebd-249036839408" />
    <UnitTestResult executionId="2acd3665-3bc0-42a6-aa68-f92b9efb89b8" testId="b6fca9ec-8671-d6a9-c7ea-bb46e6301d66" testName="CleanTestRuns_CleansDeletedTestRunDimensions_TelemetryNotPublishedIfDeletedRefsIsNull" computerName="TFSBUILD110" duration="00:00:00.0692118" startTime="2018-12-04T01:57:47.6104479-08:00" endTime="2018-12-04T01:57:47.6804465-08:00" testType="13cdc9d9-ddb5-4fa4-a97d-d965ccfc6d4b" outcome="Passed" testListId="8c84fa94-04c1-424b-9868-57a2d4851a1d" relativeResultsDirectory="2acd3665-3bc0-42a6-aa68-f92b9efb89b8" />
    <UnitTestResult executionId="2b8f4bbb-ee26-4718-8771-7139babfca1f" testId="6951fc45-7966-0e20-5710-4cb0d84543cd" testName="CreateTestRunInNonPRBuild" computerName="TFSBUILD110" duration="00:00:00.0587763" startTime="2018-12-04T01:57:41.6593907-08:00" endTime="2018-12-04T01:57:41.7193896-08:00" testType="13cdc9d9-ddb5-4fa4-a97d-d965ccfc6d4b" outcome="Passed" testListId="8c84fa94-04c1-424b-9868-57a2d4851a1d" relativeResultsDirectory="2b8f4bbb-ee26-4718-8771-7139babfca1f" />
    <UnitTestResult executionId="aaf8b2fa-d0d6-47d0-96d1-92fab0b7e05a" testId="f6f1dee1-2fc9-b81f-c8f8-ab0aa19d3c2e" testName="AbortNotStartedRunAssociatedWithFailedReleaseEnvironment_DeploymentIsSuccessful_RunNotAborted" computerName="TFSBUILD110" duration="00:00:00.0429987" startTime="2018-12-04T01:57:42.4763987-08:00" endTime="2018-12-04T01:57:42.5204019-08:00" testType="13cdc9d9-ddb5-4fa4-a97d-d965ccfc6d4b" outcome="Passed" testListId="8c84fa94-04c1-424b-9868-57a2d4851a1d" relativeResultsDirectory="aaf8b2fa-d0d6-47d0-96d1-92fab0b7e05a" />
    <UnitTestResult executionId="4796427f-6355-4d24-bd0e-1c36151e660a" testId="391a0ae6-ff09-2633-a72c-1685acf8b03b" testName="CancelTestRunWithInvalidProjectName" computerName="TFSBUILD110" duration="00:00:00.0427961" startTime="2018-12-04T01:57:37.8453569-08:00" endTime="2018-12-04T01:57:37.8893572-08:00" testType="13cdc9d9-ddb5-4fa4-a97d-d965ccfc6d4b" outcome="Passed" testListId="8c84fa94-04c1-424b-9868-57a2d4851a1d" relativeResultsDirectory="4796427f-6355-4d24-bd0e-1c36151e660a" />
    <UnitTestResult executionId="74c88392-5381-408a-9436-29b58a7a7c4f" testId="e32a511c-db3f-8b25-f350-b2634cdadb16" testName="IncludeTestResults_PolicyAllowsDeleteTestResults_ReturnsTrue" computerName="TFSBUILD110" duration="00:00:00.0464224" startTime="2018-12-04T01:57:34.3193268-08:00" endTime="2018-12-04T01:57:34.3673242-08:00" testType="13cdc9d9-ddb5-4fa4-a97d-d965ccfc6d4b" outcome="Passed" testListId="8c84fa94-04c1-424b-9868-57a2d4851a1d" relativeResultsDirectory="74c88392-5381-408a-9436-29b58a7a7c4f" />
    <UnitTestResult executionId="a38d3944-f839-4a66-8647-5a6e7db33452" testId="48338bd5-06c8-5180-5ec5-6c00d20df126" testName="Execute_CalculateTestInsights_WithBuildData" computerName="TFSBUILD110" duration="00:00:00.1207463" startTime="2018-12-04T01:57:53.3254996-08:00" endTime="2018-12-04T01:57:53.4465001-08:00" testType="13cdc9d9-ddb5-4fa4-a97d-d965ccfc6d4b" outcome="Passed" testListId="8c84fa94-04c1-424b-9868-57a2d4851a1d" relativeResultsDirectory="a38d3944-f839-4a66-8647-5a6e7db33452" />
    <UnitTestResult executionId="613d1718-b84a-4c4e-b101-0ea8892b1c98" testId="9ec46b9a-c312-88da-f6ef-7e372ef4cba9" testName="CleanTestRuns_OnException_ResetsJobData" computerName="TFSBUILD110" duration="00:00:00.0465270" startTime="2018-12-04T01:57:47.4574486-08:00" endTime="2018-12-04T01:57:47.5044500-08:00" testType="13cdc9d9-ddb5-4fa4-a97d-d965ccfc6d4b" outcome="Passed" testListId="8c84fa94-04c1-424b-9868-57a2d4851a1d" relativeResultsDirectory="613d1718-b84a-4c4e-b101-0ea8892b1c98" />
    <UnitTestResult executionId="95b49483-fe97-4046-9888-bf49d81c6e8f" testId="eaead9f6-42e2-4729-f64b-c82c33fca4c1" testName="WatchReleaseOnHubShouldCallWatchReleaseOnDispatcher" computerName="TFSBUILD110" duration="00:00:00.0533905" startTime="2018-12-04T01:57:56.6595265-08:00" endTime="2018-12-04T01:57:56.7135295-08:00" testType="13cdc9d9-ddb5-4fa4-a97d-d965ccfc6d4b" outcome="Passed" testListId="8c84fa94-04c1-424b-9868-57a2d4851a1d" relativeResultsDirectory="95b49483-fe97-4046-9888-bf49d81c6e8f" />
    <UnitTestResult executionId="7408dca8-e3d0-4d8f-9b34-66fcd46fa111" testId="b80660fc-ad87-b5b4-b094-8f9cac87b9b8" testName="UploadMergedCoverageFileTest" computerName="TFSBUILD110" duration="00:00:00.0845420" startTime="2018-12-04T01:58:00.9405702-08:00" endTime="2018-12-04T01:58:01.0255727-08:00" testType="13cdc9d9-ddb5-4fa4-a97d-d965ccfc6d4b" outcome="Passed" testListId="8c84fa94-04c1-424b-9868-57a2d4851a1d" relativeResultsDirectory="7408dca8-e3d0-4d8f-9b34-66fcd46fa111" />
    <UnitTestResult executionId="1422bec2-0fd3-48ef-b2f1-14829809e2e5" testId="83f1b804-c435-84ba-ac36-64a3b476c5ce" testName="TestInvalidName" computerName="TFSBUILD110" duration="00:00:00.0530357" startTime="2018-12-04T01:57:57.3125357-08:00" endTime="2018-12-04T01:57:57.3665365-08:00" testType="13cdc9d9-ddb5-4fa4-a97d-d965ccfc6d4b" outcome="Passed" testListId="8c84fa94-04c1-424b-9868-57a2d4851a1d" relativeResultsDirectory="1422bec2-0fd3-48ef-b2f1-14829809e2e5" />
    <UnitTestResult executionId="a65b47e6-26bf-4b66-a4f8-f1a423e54331" testId="e7d3a7cd-4060-8cc2-43ed-9f9107b1f449" testName="DeleteBuild_WithBuildIdsOnException_MarksTestBuildDeleted" computerName="TFSBUILD110" duration="00:00:00.0436434" startTime="2018-12-04T01:57:35.8553361-08:00" endTime="2018-12-04T01:57:35.9003364-08:00" testType="13cdc9d9-ddb5-4fa4-a97d-d965ccfc6d4b" outcome="Passed" testListId="8c84fa94-04c1-424b-9868-57a2d4851a1d" relativeResultsDirectory="a65b47e6-26bf-4b66-a4f8-f1a423e54331" />
    <UnitTestResult executionId="3e10a5a9-4f64-49b5-9f69-f3f6f1b8562b" testId="8abf4f0e-b5dc-8921-4367-3e4fb9238c0a" testName="ReturnBestMatchingFilePath" computerName="TFSBUILD110" duration="00:00:00.0010863" startTime="2018-12-04T01:58:00.2795639-08:00" endTime="2018-12-04T01:58:00.2815638-08:00" testType="13cdc9d9-ddb5-4fa4-a97d-d965ccfc6d4b" outcome="Passed" testListId="8c84fa94-04c1-424b-9868-57a2d4851a1d" relativeResultsDirectory="3e10a5a9-4f64-49b5-9f69-f3f6f1b8562b" />
    <UnitTestResult executionId="96975caa-1953-47c2-af37-c11787e44539" testId="87ed3e3d-c09b-5c0d-1695-5d1c580bce6a" testName="VerifyReleaseHandleTestRunChangedSaveSignalInDb" computerName="TFSBUILD110" duration="00:00:00.0496316" startTime="2018-12-04T01:57:55.7155237-08:00" endTime="2018-12-04T01:57:55.7655198-08:00" testType="13cdc9d9-ddb5-4fa4-a97d-d965ccfc6d4b" outcome="Passed" testListId="8c84fa94-04c1-424b-9868-57a2d4851a1d" relativeResultsDirectory="96975caa-1953-47c2-af37-c11787e44539" />
    <UnitTestResult executionId="0edca067-1b76-4103-9263-d05eb85225a1" testId="73e34c03-dafe-0b0f-4e93-f71bee9f6e6f" testName="CleanInProgressNotification_ExistingProjects_DeletesInProgressTestResultDetails" computerName="TFSBUILD110" duration="00:00:00.0714731" startTime="2018-12-04T01:57:46.8254357-08:00" endTime="2018-12-04T01:57:46.8984373-08:00" testType="13cdc9d9-ddb5-4fa4-a97d-d965ccfc6d4b" outcome="Passed" testListId="8c84fa94-04c1-424b-9868-57a2d4851a1d" relativeResultsDirectory="0edca067-1b76-4103-9263-d05eb85225a1" />
    <UnitTestResult executionId="e3f3c54a-ce0d-4473-8d5e-572618bff1f0" testId="ce14c7a8-4c0a-3b5c-ce0d-533603c174bd" testName="UpdateTestRunChangedSignalRNotification_ForBuildRuns" computerName="TFSBUILD110" duration="00:00:00.1117720" startTime="2018-12-04T01:57:44.5934200-08:00" endTime="2018-12-04T01:57:44.7204189-08:00" testType="13cdc9d9-ddb5-4fa4-a97d-d965ccfc6d4b" outcome="Passed" testListId="8c84fa94-04c1-424b-9868-57a2d4851a1d" relativeResultsDirectory="e3f3c54a-ce0d-4473-8d5e-572618bff1f0" />
    <UnitTestResult executionId="6bbbf682-4130-4922-9292-4c2178d52fee" testId="020b42c6-84a8-c57e-31d1-d718364fadd3" testName="GetBuildRetentionPolicies_DefinitionHasNoRepository_EmptyRepositoryType" computerName="TFSBUILD110" duration="00:00:00.0740130" startTime="2018-12-04T01:57:34.5973361-08:00" endTime="2018-12-04T01:57:34.6723279-08:00" testType="13cdc9d9-ddb5-4fa4-a97d-d965ccfc6d4b" outcome="Passed" testListId="8c84fa94-04c1-424b-9868-57a2d4851a1d" relativeResultsDirectory="6bbbf682-4130-4922-9292-4c2178d52fee" />
    <UnitTestResult executionId="203a9246-47ac-4881-a21d-bb3cf60e564f" testId="07576205-8e1d-e265-92be-07bcec4e7cb4" testName="TestGetFileDiffMappingsInCurrentIteration" computerName="TFSBUILD110" duration="00:00:00.1437805" startTime="2018-12-04T01:58:10.3036593-08:00" endTime="2018-12-04T01:58:10.4486590-08:00" testType="13cdc9d9-ddb5-4fa4-a97d-d965ccfc6d4b" outcome="Passed" testListId="8c84fa94-04c1-424b-9868-57a2d4851a1d" relativeResultsDirectory="203a9246-47ac-4881-a21d-bb3cf60e564f" />
    <UnitTestResult executionId="8c0edb30-4d76-4da0-a13c-d3ecbbcf71e9" testId="f350b749-c59c-1672-005b-fabd676985fd" testName="QueueDeleteRunsByRetentionSettings_RequestCanceled_SkipsRunDeletion" computerName="TFSBUILD110" duration="00:00:00.0746849" startTime="2018-12-04T01:57:48.2304542-08:00" endTime="2018-12-04T01:57:48.3064530-08:00" testType="13cdc9d9-ddb5-4fa4-a97d-d965ccfc6d4b" outcome="Passed" testListId="8c84fa94-04c1-424b-9868-57a2d4851a1d" relativeResultsDirectory="8c0edb30-4d76-4da0-a13c-d3ecbbcf71e9" />
    <UnitTestResult executionId="36bf3f67-3da7-4c45-9e5a-00a2b9e2f980" testId="2f4d611a-da6f-3d6a-bf47-f8a645ddecaa" testName="FileNameWhenFlavorHasUnwantedCharacters" computerName="TFSBUILD110" duration="00:00:00.0004434" startTime="2018-12-04T01:57:57.7435428-08:00" endTime="2018-12-04T01:57:57.7445406-08:00" testType="13cdc9d9-ddb5-4fa4-a97d-d965ccfc6d4b" outcome="Passed" testListId="8c84fa94-04c1-424b-9868-57a2d4851a1d" relativeResultsDirectory="36bf3f67-3da7-4c45-9e5a-00a2b9e2f980" />
    <UnitTestResult executionId="fad54a75-9af5-4e0a-9033-b9e445624faa" testId="efed76f4-3ca9-7247-9e51-e94dff596f72" testName="FindApplicablePolicy_MultiplePolicies_RetentionWithMaxDaysToKeep" computerName="TFSBUILD110" duration="00:00:00.0354295" startTime="2018-12-04T01:57:34.9153310-08:00" endTime="2018-12-04T01:57:34.9513329-08:00" testType="13cdc9d9-ddb5-4fa4-a97d-d965ccfc6d4b" outcome="Passed" testListId="8c84fa94-04c1-424b-9868-57a2d4851a1d" relativeResultsDirectory="fad54a75-9af5-4e0a-9033-b9e445624faa" />
    <UnitTestResult executionId="6189ca9b-0f96-477e-a94f-6748106438dc" testId="cd5f29a9-6200-2a18-4b4f-95d82986b558" testName="HandleBuildCompletionEventWhenFeatureFlagIsOnWhenTestRunsAreThereButNoCoverageFiles" computerName="TFSBUILD110" duration="00:00:00.0696788" startTime="2018-12-04T01:57:58.7705502-08:00" endTime="2018-12-04T01:57:58.8405546-08:00" testType="13cdc9d9-ddb5-4fa4-a97d-d965ccfc6d4b" outcome="Passed" testListId="8c84fa94-04c1-424b-9868-57a2d4851a1d" relativeResultsDirectory="6189ca9b-0f96-477e-a94f-6748106438dc" />
    <UnitTestResult executionId="3a1b48a5-c1af-4a02-be71-9f4c384d4570" testId="4226dff2-cea7-499b-b3c3-4e1a18df8332" testName="AnalyzeFailsWhenBuildNotFound" computerName="TFSBUILD110" duration="00:00:00.4322687" startTime="2018-12-04T01:57:49.4654644-08:00" endTime="2018-12-04T01:57:49.8984714-08:00" testType="13cdc9d9-ddb5-4fa4-a97d-d965ccfc6d4b" outcome="Passed" testListId="8c84fa94-04c1-424b-9868-57a2d4851a1d" relativeResultsDirectory="3a1b48a5-c1af-4a02-be71-9f4c384d4570" />
    <UnitTestResult executionId="a64537d0-b1bf-4a06-95cd-8999b6d9f3d6" testId="b10878cd-33eb-934f-432d-a85db282c77f" testName="Verify_BuildAndResultsAreHandledInBatches" computerName="TFSBUILD110" duration="00:00:00.1290269" startTime="2018-12-04T01:57:54.3555146-08:00" endTime="2018-12-04T01:57:54.4855115-08:00" testType="13cdc9d9-ddb5-4fa4-a97d-d965ccfc6d4b" outcome="Passed" testListId="8c84fa94-04c1-424b-9868-57a2d4851a1d" relativeResultsDirectory="a64537d0-b1bf-4a06-95cd-8999b6d9f3d6" />
    <UnitTestResult executionId="e46d812d-f594-446d-aa5a-7bb20233f5d4" testId="45685da9-ee5e-b45d-58ae-d7bb4aa800a5" testName="UploadMergedCoverageFileTestWithContainersDoesntExist" computerName="TFSBUILD110" duration="00:00:00.0589927" startTime="2018-12-04T01:58:01.2415714-08:00" endTime="2018-12-04T01:58:01.3015707-08:00" testType="13cdc9d9-ddb5-4fa4-a97d-d965ccfc6d4b" outcome="Passed" testListId="8c84fa94-04c1-424b-9868-57a2d4851a1d" relativeResultsDirectory="e46d812d-f594-446d-aa5a-7bb20233f5d4" />
    <UnitTestResult executionId="5e989cbc-47bd-417d-9d8a-a9bffc427fe9" testId="28bbfc85-10a7-8775-57bb-6d9d91675f6a" testName="VerifyMultipleConnectionString" computerName="TFSBUILD110" startTime="2018-12-04T01:57:37.5973553-08:00" endTime="2018-12-04T01:57:37.5983552-08:00" testType="13cdc9d9-ddb5-4fa4-a97d-d965ccfc6d4b" outcome="NotExecuted" testListId="8c84fa94-04c1-424b-9868-57a2d4851a1d" relativeResultsDirectory="5e989cbc-47bd-417d-9d8a-a9bffc427fe9">
      <Output></Output>
    </UnitTestResult>
    <UnitTestResult executionId="08afeed3-08b0-4600-b135-423945322a50" testId="42581c5f-84d0-2428-eddd-c4da8e722fcf" testName="UnWatchBuildOnHubShouldCallUnWatchBuildOnDispatcher" computerName="TFSBUILD110" duration="00:00:00.0440650" startTime="2018-12-04T01:57:56.7565297-08:00" endTime="2018-12-04T01:57:56.8015285-08:00" testType="13cdc9d9-ddb5-4fa4-a97d-d965ccfc6d4b" outcome="Passed" testListId="8c84fa94-04c1-424b-9868-57a2d4851a1d" relativeResultsDirectory="08afeed3-08b0-4600-b135-423945322a50" />
    <UnitTestResult executionId="636ca852-2419-4a16-b644-8b6d2cb38219" testId="39d5e775-08d5-1d5c-fc1c-563e768828ab" testName="AbortNotStartedRunAssociatedWithFailedReleaseEnvironment_CompletedEventNull_RunNotAborted" computerName="TFSBUILD110" duration="00:00:00.0563855" startTime="2018-12-04T01:57:42.3193998-08:00" endTime="2018-12-04T01:57:42.3854003-08:00" testType="13cdc9d9-ddb5-4fa4-a97d-d965ccfc6d4b" outcome="Passed" testListId="8c84fa94-04c1-424b-9868-57a2d4851a1d" relativeResultsDirectory="636ca852-2419-4a16-b644-8b6d2cb38219" />
    <UnitTestResult executionId="b616ad50-20fe-45f7-86bb-81dc7fa3574e" testId="12ff644d-75a5-6ceb-c639-0761161a4565" testName="TestPrCommentCreationForCoverageNotFound" computerName="TFSBUILD110" duration="00:00:00.0322912" startTime="2018-12-04T01:57:59.8075639-08:00" endTime="2018-12-04T01:57:59.8405606-08:00" testType="13cdc9d9-ddb5-4fa4-a97d-d965ccfc6d4b" outcome="Passed" testListId="8c84fa94-04c1-424b-9868-57a2d4851a1d" relativeResultsDirectory="b616ad50-20fe-45f7-86bb-81dc7fa3574e" />
    <UnitTestResult executionId="1d3d5471-a197-4384-8561-ebf117f1e6b3" testId="0fb976d4-ae6c-fb36-7adb-95d6d0ff65fa" testName="MergeFileInfoShouldReturnNullIfFilePathsAreDifferent" computerName="TFSBUILD110" duration="00:00:00.0302646" startTime="2018-12-04T01:57:57.4005405-08:00" endTime="2018-12-04T01:57:57.4325370-08:00" testType="13cdc9d9-ddb5-4fa4-a97d-d965ccfc6d4b" outcome="Passed" testListId="8c84fa94-04c1-424b-9868-57a2d4851a1d" relativeResultsDirectory="1d3d5471-a197-4384-8561-ebf117f1e6b3" />
    <UnitTestResult executionId="68e0cd41-3815-46f2-a4e8-536ed9748584" testId="3106703d-6dee-c79d-cbc4-99142ead326a" testName="UpdateTestRunSummaryOnRunAborted_WithBuildReference_QueuesJob" computerName="TFSBUILD110" duration="00:00:00.0585422" startTime="2018-12-04T01:57:45.7624282-08:00" endTime="2018-12-04T01:57:45.8254284-08:00" testType="13cdc9d9-ddb5-4fa4-a97d-d965ccfc6d4b" outcome="Passed" testListId="8c84fa94-04c1-424b-9868-57a2d4851a1d" relativeResultsDirectory="68e0cd41-3815-46f2-a4e8-536ed9748584" />
    <UnitTestResult executionId="c5f790f6-aea7-4912-bb94-8d1aae7cd6b4" testId="936603b7-90cd-06b2-de78-25be1d7e5fb4" testName="CancelTestRunWithUserNotSpecified" computerName="TFSBUILD110" duration="00:00:00.0809905" startTime="2018-12-04T01:57:37.9763575-08:00" endTime="2018-12-04T01:57:38.0583583-08:00" testType="13cdc9d9-ddb5-4fa4-a97d-d965ccfc6d4b" outcome="Passed" testListId="8c84fa94-04c1-424b-9868-57a2d4851a1d" relativeResultsDirectory="c5f790f6-aea7-4912-bb94-8d1aae7cd6b4" />
    <UnitTestResult executionId="0574ede6-2940-4638-8dbe-47812eba2f17" testId="7924bff6-8662-9688-d9cb-6a59907ddeb7" testName="ReturnBestMatchingFilePathWithForwardSlashInPaths" computerName="TFSBUILD110" duration="00:00:00.0008752" startTime="2018-12-04T01:58:00.2855637-08:00" endTime="2018-12-04T01:58:00.2875650-08:00" testType="13cdc9d9-ddb5-4fa4-a97d-d965ccfc6d4b" outcome="Passed" testListId="8c84fa94-04c1-424b-9868-57a2d4851a1d" relativeResultsDirectory="0574ede6-2940-4638-8dbe-47812eba2f17" />
    <UnitTestResult executionId="175a8d79-bf62-4680-98e8-961662372e25" testId="fdd18cf4-a8d7-f878-685b-3c5dbee86ea9" testName="ReturnMatchingFilePath" computerName="TFSBUILD110" duration="00:00:00.0061355" startTime="2018-12-04T01:58:00.2455659-08:00" endTime="2018-12-04T01:58:00.2525648-08:00" testType="13cdc9d9-ddb5-4fa4-a97d-d965ccfc6d4b" outcome="Passed" testListId="8c84fa94-04c1-424b-9868-57a2d4851a1d" relativeResultsDirectory="175a8d79-bf62-4680-98e8-961662372e25" />
    <UnitTestResult executionId="139e038e-3fe7-4a95-a7ba-f1614b2e0ec2" testId="cd6dddc0-e90e-258d-3e4e-7bb3b5c8337f" testName="FileNameWhenPlatformHasUnwantedCharacters" computerName="TFSBUILD110" duration="00:00:00.0006215" startTime="2018-12-04T01:57:57.7155402-08:00" endTime="2018-12-04T01:57:57.7175415-08:00" testType="13cdc9d9-ddb5-4fa4-a97d-d965ccfc6d4b" outcome="Passed" testListId="8c84fa94-04c1-424b-9868-57a2d4851a1d" relativeResultsDirectory="139e038e-3fe7-4a95-a7ba-f1614b2e0ec2" />
    <UnitTestResult executionId="5ede6634-c549-423c-bb00-83e7921d227b" testId="fdef44be-e86d-9c45-b0e0-764df50ab523" testName="UpdateTestRunSummaryOnAddResults_NoResults_DoesNotUpdateSummary" computerName="TFSBUILD110" duration="00:00:00.0400295" startTime="2018-12-04T01:57:44.0284133-08:00" endTime="2018-12-04T01:57:44.0694140-08:00" testType="13cdc9d9-ddb5-4fa4-a97d-d965ccfc6d4b" outcome="Passed" testListId="8c84fa94-04c1-424b-9868-57a2d4851a1d" relativeResultsDirectory="5ede6634-c549-423c-bb00-83e7921d227b" />
    <UnitTestResult executionId="a624562b-7594-4c83-8ecd-580b5fc95b95" testId="0e007e19-1fbb-b529-3752-1c1b511be8b9" testName="SyncTestFailureTypesWorks" computerName="TFSBUILD110" duration="00:00:00.0447604" startTime="2018-12-04T01:57:36.8603466-08:00" endTime="2018-12-04T01:57:36.9053454-08:00" testType="13cdc9d9-ddb5-4fa4-a97d-d965ccfc6d4b" outcome="Passed" testListId="8c84fa94-04c1-424b-9868-57a2d4851a1d" relativeResultsDirectory="a624562b-7594-4c83-8ecd-580b5fc95b95" />
    <UnitTestResult executionId="d1c02b72-74bc-438c-a74e-a8cac25dd59f" testId="10031e76-6117-3796-1464-20c359d40092" testName="ValidateFileCoverageEvalJobReturnsEmptyStringIfNoLineAddedOrModified" computerName="TFSBUILD110" duration="00:00:00.2937951" startTime="2018-12-04T01:57:27.9532643-08:00" endTime="2018-12-04T01:57:28.2482657-08:00" testType="13cdc9d9-ddb5-4fa4-a97d-d965ccfc6d4b" outcome="Passed" testListId="8c84fa94-04c1-424b-9868-57a2d4851a1d" relativeResultsDirectory="d1c02b72-74bc-438c-a74e-a8cac25dd59f" />
    <UnitTestResult executionId="c7e28f64-951e-45d4-a779-e2834e0597d2" testId="64c4062e-2bfa-7f91-8da6-6667e93ca4c0" testName="TestShouldRetain_EmptyExtensionThrows" computerName="TFSBUILD110" duration="00:00:00.0024380" startTime="2018-12-04T01:57:57.5725400-08:00" endTime="2018-12-04T01:57:57.5765394-08:00" testType="13cdc9d9-ddb5-4fa4-a97d-d965ccfc6d4b" outcome="Passed" testListId="8c84fa94-04c1-424b-9868-57a2d4851a1d" relativeResultsDirectory="c7e28f64-951e-45d4-a779-e2834e0597d2" />
    <UnitTestResult executionId="db010481-9255-4c9e-8d68-bae9371ee9c4" testId="2ba8fb0e-93d9-c70c-9ca1-a2d5dac774c4" testName="Execute_WithException_FailedResult" computerName="TFSBUILD110" duration="00:00:00.0427026" startTime="2018-12-04T01:57:46.2404343-08:00" endTime="2018-12-04T01:57:46.2834324-08:00" testType="13cdc9d9-ddb5-4fa4-a97d-d965ccfc6d4b" outcome="Passed" testListId="8c84fa94-04c1-424b-9868-57a2d4851a1d" relativeResultsDirectory="db010481-9255-4c9e-8d68-bae9371ee9c4" />
    <UnitTestResult executionId="3463486d-4b05-473a-bbba-ed7851c6fe2e" testId="33d229e1-0293-0877-bb12-764f889f3e4d" testName="VerifyBuildHandleTestRunChangedShouldNotSaveSignalInDbWhenNoClient" computerName="TFSBUILD110" duration="00:00:00.0497576" startTime="2018-12-04T01:57:55.1395164-08:00" endTime="2018-12-04T01:57:55.1905196-08:00" testType="13cdc9d9-ddb5-4fa4-a97d-d965ccfc6d4b" outcome="Passed" testListId="8c84fa94-04c1-424b-9868-57a2d4851a1d" relativeResultsDirectory="3463486d-4b05-473a-bbba-ed7851c6fe2e" />
    <UnitTestResult executionId="b792940c-d73c-47b3-be9e-84a4c7e4f001" testId="2c0bf965-ade9-18d3-0505-6b0d2c3c12bf" testName="CreateTestRunWithoutResultsPublishPermission" computerName="TFSBUILD110" duration="00:00:00.0427601" startTime="2018-12-04T01:57:39.4953746-08:00" endTime="2018-12-04T01:57:39.5393741-08:00" testType="13cdc9d9-ddb5-4fa4-a97d-d965ccfc6d4b" outcome="Passed" testListId="8c84fa94-04c1-424b-9868-57a2d4851a1d" relativeResultsDirectory="b792940c-d73c-47b3-be9e-84a4c7e4f001" />
    <UnitTestResult executionId="4d90d19f-a197-476d-87ab-9f69f2bdd950" testId="9729a4ba-e31d-7863-e63d-b47469c7a121" testName="UpdateTestRunChangedSignalRNotification_InValid_TestRunId" computerName="TFSBUILD110" duration="00:00:00.0668940" startTime="2018-12-04T01:57:44.5014207-08:00" endTime="2018-12-04T01:57:44.5684212-08:00" testType="13cdc9d9-ddb5-4fa4-a97d-d965ccfc6d4b" outcome="Passed" testListId="8c84fa94-04c1-424b-9868-57a2d4851a1d" relativeResultsDirectory="4d90d19f-a197-476d-87ab-9f69f2bdd950" />
    <UnitTestResult executionId="1928cfe5-5425-49f3-819c-41466cf1cf68" testId="a72e47a9-5371-212b-40bd-61faa2640b3d" testName="Execute_ValidDefinition_PublishJobData" computerName="TFSBUILD110" duration="00:00:00.0536301" startTime="2018-12-04T01:57:51.7654845-08:00" endTime="2018-12-04T01:57:51.8204848-08:00" testType="13cdc9d9-ddb5-4fa4-a97d-d965ccfc6d4b" outcome="Passed" testListId="8c84fa94-04c1-424b-9868-57a2d4851a1d" relativeResultsDirectory="1928cfe5-5425-49f3-819c-41466cf1cf68" />
    <UnitTestResult executionId="a62c7911-c4af-46b9-a725-7da9ebcec637" testId="b2dccf9f-86cb-1887-f88a-628c15d37945" testName="Execute_PublishTestResultsTestResultsAttachmentStream" computerName="TFSBUILD110" duration="00:00:00.8651286" startTime="2018-12-04T01:57:51.8524857-08:00" endTime="2018-12-04T01:57:52.7184991-08:00" testType="13cdc9d9-ddb5-4fa4-a97d-d965ccfc6d4b" outcome="Passed" testListId="8c84fa94-04c1-424b-9868-57a2d4851a1d" relativeResultsDirectory="a62c7911-c4af-46b9-a725-7da9ebcec637" />
    <UnitTestResult executionId="decc9723-5163-41ff-8d2a-c709298635a6" testId="6afaca6f-df82-ecdc-7879-d41e21e66314" testName="Execute_WithException_FailedResult" computerName="TFSBUILD110" duration="00:00:00.0801303" startTime="2018-12-04T01:57:53.8355035-08:00" endTime="2018-12-04T01:57:53.9165049-08:00" testType="13cdc9d9-ddb5-4fa4-a97d-d965ccfc6d4b" outcome="Passed" testListId="8c84fa94-04c1-424b-9868-57a2d4851a1d" relativeResultsDirectory="decc9723-5163-41ff-8d2a-c709298635a6" />
    <UnitTestResult executionId="32a901a4-9715-4f38-9731-2f079f87269b" testId="1b009c87-475b-8ef8-cc9e-da768e92b6f6" testName="Validate_BatchTestCaseResults" computerName="TFSBUILD110" duration="00:00:00.0485399" startTime="2018-12-04T01:57:52.7714956-08:00" endTime="2018-12-04T01:57:52.8214935-08:00" testType="13cdc9d9-ddb5-4fa4-a97d-d965ccfc6d4b" outcome="Passed" testListId="8c84fa94-04c1-424b-9868-57a2d4851a1d" relativeResultsDirectory="32a901a4-9715-4f38-9731-2f079f87269b" />
    <UnitTestResult executionId="1aac1437-a13a-4d22-b701-a148043a2779" testId="28c9dcf2-5e6a-59a8-9e2b-a881ac374040" testName="RunCleanUpAction_WithoutException_IteratesUntilSuccess" computerName="TFSBUILD110" duration="00:00:00.0433847" startTime="2018-12-04T01:57:49.1114623-08:00" endTime="2018-12-04T01:57:49.1554620-08:00" testType="13cdc9d9-ddb5-4fa4-a97d-d965ccfc6d4b" outcome="Passed" testListId="8c84fa94-04c1-424b-9868-57a2d4851a1d" relativeResultsDirectory="1aac1437-a13a-4d22-b701-a148043a2779" />
    <UnitTestResult executionId="e72d32a2-248d-460f-8665-1bfe95e31e6c" testId="cee44b56-ade8-86f3-ef97-45de1dac83fc" testName="DeleteBuild_NullProjectName_DoesNotDeleteBuild" computerName="TFSBUILD110" duration="00:00:00.0421955" startTime="2018-12-04T01:57:35.4673342-08:00" endTime="2018-12-04T01:57:35.5103368-08:00" testType="13cdc9d9-ddb5-4fa4-a97d-d965ccfc6d4b" outcome="Passed" testListId="8c84fa94-04c1-424b-9868-57a2d4851a1d" relativeResultsDirectory="e72d32a2-248d-460f-8665-1bfe95e31e6c" />
    <UnitTestResult executionId="8c951d97-2536-49f1-82de-765a1d9887a3" testId="56741507-7bea-e036-f50d-3fce58a15c26" testName="QueryBuildCoverageTestWhenItIsNull" computerName="TFSBUILD110" duration="00:00:00.0555507" startTime="2018-12-04T01:57:59.5535589-08:00" endTime="2018-12-04T01:57:59.6095619-08:00" testType="13cdc9d9-ddb5-4fa4-a97d-d965ccfc6d4b" outcome="Passed" testListId="8c84fa94-04c1-424b-9868-57a2d4851a1d" relativeResultsDirectory="8c951d97-2536-49f1-82de-765a1d9887a3" />
    <UnitTestResult executionId="96e4081c-3a1b-460e-bf23-81e444a8f39b" testId="33b47e14-8737-755b-03ae-42b2e2d530f4" testName="Verify_TimeOutIsHonouredIntheJob" computerName="TFSBUILD110" duration="00:00:00.1051814" startTime="2018-12-04T01:57:54.5995146-08:00" endTime="2018-12-04T01:57:54.7055169-08:00" testType="13cdc9d9-ddb5-4fa4-a97d-d965ccfc6d4b" outcome="Passed" testListId="8c84fa94-04c1-424b-9868-57a2d4851a1d" relativeResultsDirectory="96e4081c-3a1b-460e-bf23-81e444a8f39b" />
    <UnitTestResult executionId="b68df283-647c-49f3-b33b-b662794638fb" testId="c88700c1-64b7-146b-760b-00f64e022e6d" testName="DownloadIntermediateCoverageFilesTest" computerName="TFSBUILD110" duration="00:00:00.3553358" startTime="2018-12-04T01:58:00.5745742-08:00" endTime="2018-12-04T01:58:00.9295683-08:00" testType="13cdc9d9-ddb5-4fa4-a97d-d965ccfc6d4b" outcome="Passed" testListId="8c84fa94-04c1-424b-9868-57a2d4851a1d" relativeResultsDirectory="b68df283-647c-49f3-b33b-b662794638fb" />
    <UnitTestResult executionId="bc500010-0118-423e-b131-5cefe1c0aca9" testId="7af18900-103f-2522-0dc1-e19641553f59" testName="SyncTestSettingsWorksWithContinuationtoken" computerName="TFSBUILD110" duration="00:00:00.0767529" startTime="2018-12-04T01:57:37.1773493-08:00" endTime="2018-12-04T01:57:37.2543557-08:00" testType="13cdc9d9-ddb5-4fa4-a97d-d965ccfc6d4b" outcome="Passed" testListId="8c84fa94-04c1-424b-9868-57a2d4851a1d" relativeResultsDirectory="bc500010-0118-423e-b131-5cefe1c0aca9" />
    <UnitTestResult executionId="15f9888f-fdec-419f-ace6-9ac43db80ca9" testId="a88083dc-7d4c-421c-7fb8-d6cc9dc96b2e" testName="FileCoverageProviderTests_GetFileCoverageInfoWhenMultipleJsonPresent" computerName="TFSBUILD110" duration="00:00:00.0516916" startTime="2018-12-04T01:57:28.5932683-08:00" endTime="2018-12-04T01:57:28.6452700-08:00" testType="13cdc9d9-ddb5-4fa4-a97d-d965ccfc6d4b" outcome="Passed" testListId="8c84fa94-04c1-424b-9868-57a2d4851a1d" relativeResultsDirectory="15f9888f-fdec-419f-ace6-9ac43db80ca9" />
    <UnitTestResult executionId="630d68df-331e-46da-b1a3-8148f49ade58" testId="c77ab15b-9cad-bc65-91a9-78dfeea9569d" testName="UnWatchReleaseOnHubShouldCallUnWatchReleaseOnDispatcher" computerName="TFSBUILD110" duration="00:00:00.0434680" startTime="2018-12-04T01:57:56.8405301-08:00" endTime="2018-12-04T01:57:56.8845320-08:00" testType="13cdc9d9-ddb5-4fa4-a97d-d965ccfc6d4b" outcome="Passed" testListId="8c84fa94-04c1-424b-9868-57a2d4851a1d" relativeResultsDirectory="630d68df-331e-46da-b1a3-8148f49ade58" />
    <UnitTestResult executionId="9db44636-eb51-42db-95e0-dab1611ee1c2" testId="925080e3-c4cc-fdb0-7c82-8f0b2ed9d3ff" testName="DeleteReleasesShouldNotHitDBIfProjectGuidIsNull" computerName="TFSBUILD110" duration="00:00:00.0399761" startTime="2018-12-04T01:57:43.2544044-08:00" endTime="2018-12-04T01:57:43.2944040-08:00" testType="13cdc9d9-ddb5-4fa4-a97d-d965ccfc6d4b" outcome="Passed" testListId="8c84fa94-04c1-424b-9868-57a2d4851a1d" relativeResultsDirectory="9db44636-eb51-42db-95e0-dab1611ee1c2" />
    <UnitTestResult executionId="0f1c7d5d-918a-43f3-9a79-a304c6e235aa" testId="d30e2d40-08a0-3d0c-2246-d296db7c4f34" testName="Validate_BatchTestCaseResultsWithEqualBatchSize" computerName="TFSBUILD110" duration="00:00:00.0316340" startTime="2018-12-04T01:57:52.9364973-08:00" endTime="2018-12-04T01:57:52.9694962-08:00" testType="13cdc9d9-ddb5-4fa4-a97d-d965ccfc6d4b" outcome="Passed" testListId="8c84fa94-04c1-424b-9868-57a2d4851a1d" relativeResultsDirectory="0f1c7d5d-918a-43f3-9a79-a304c6e235aa" />
    <UnitTestResult executionId="0fb558ba-1284-4bba-88c3-217e45281902" testId="fe35a98d-56a5-71d5-a91e-e5bbd8c89fd3" testName="GetIntermediateCoverageAttachmentsTestForOneFileWithGuidInName" computerName="TFSBUILD110" duration="00:00:00.0374393" startTime="2018-12-04T01:58:01.5945745-08:00" endTime="2018-12-04T01:58:01.6325735-08:00" testType="13cdc9d9-ddb5-4fa4-a97d-d965ccfc6d4b" outcome="Passed" testListId="8c84fa94-04c1-424b-9868-57a2d4851a1d" relativeResultsDirectory="0fb558ba-1284-4bba-88c3-217e45281902" />
    <UnitTestResult executionId="47699e2b-bc32-42da-9576-feaa235a36da" testId="294d215f-eb4f-579d-d15a-e077bb5db637" testName="TestOldAttachmentStoreName" computerName="TFSBUILD110" duration="00:00:00.0319439" startTime="2018-12-04T01:57:57.0825321-08:00" endTime="2018-12-04T01:57:57.1155356-08:00" testType="13cdc9d9-ddb5-4fa4-a97d-d965ccfc6d4b" outcome="Passed" testListId="8c84fa94-04c1-424b-9868-57a2d4851a1d" relativeResultsDirectory="47699e2b-bc32-42da-9576-feaa235a36da" />
    <UnitTestResult executionId="8c3fd937-0506-4efe-8998-3554e63d6ded" testId="bd99f4f2-23d5-8a9f-8e07-55031f31fb6b" testName="Execute_CalculateTestInsights_WithBuildReleaseData" computerName="TFSBUILD110" duration="00:00:00.0707923" startTime="2018-12-04T01:57:53.6505018-08:00" endTime="2018-12-04T01:57:53.7225021-08:00" testType="13cdc9d9-ddb5-4fa4-a97d-d965ccfc6d4b" outcome="Passed" testListId="8c84fa94-04c1-424b-9868-57a2d4851a1d" relativeResultsDirectory="8c3fd937-0506-4efe-8998-3554e63d6ded" />
    <UnitTestResult executionId="bd93f397-4f46-41e5-83d0-3e6723d0ac5b" testId="f6f46a56-a6de-53bb-7013-90031be1c8d2" testName="TestPrCommentCreation_SortedByCoverage_ThresholdsRight" computerName="TFSBUILD110" duration="00:00:00.0355342" startTime="2018-12-04T01:58:00.2045646-08:00" endTime="2018-12-04T01:58:00.2405670-08:00" testType="13cdc9d9-ddb5-4fa4-a97d-d965ccfc6d4b" outcome="Passed" testListId="8c84fa94-04c1-424b-9868-57a2d4851a1d" relativeResultsDirectory="bd93f397-4f46-41e5-83d0-3e6723d0ac5b" />
    <UnitTestResult executionId="6d1fc23f-c53b-469e-ad4a-fb76043ad8e2" testId="61527920-ea4d-3ec2-5663-a6c80ed9fb17" testName="CancelTestRunWithProjectNameNull" computerName="TFSBUILD110" duration="00:00:00.0316318" startTime="2018-12-04T01:57:37.7963558-08:00" endTime="2018-12-04T01:57:37.8293565-08:00" testType="13cdc9d9-ddb5-4fa4-a97d-d965ccfc6d4b" outcome="Passed" testListId="8c84fa94-04c1-424b-9868-57a2d4851a1d" relativeResultsDirectory="6d1fc23f-c53b-469e-ad4a-fb76043ad8e2" />
    <UnitTestResult executionId="4c6158bf-59e5-4adc-9148-8dbbf1c87a57" testId="89316f66-fb90-4488-ce3a-e8655fe2818c" testName="GetBuildRetentionPolicies_DefinitionHasNoRetention_DefaultMaxRetention" computerName="TFSBUILD110" duration="00:00:00.0597554" startTime="2018-12-04T01:57:34.3863263-08:00" endTime="2018-12-04T01:57:34.4473305-08:00" testType="13cdc9d9-ddb5-4fa4-a97d-d965ccfc6d4b" outcome="Passed" testListId="8c84fa94-04c1-424b-9868-57a2d4851a1d" relativeResultsDirectory="4c6158bf-59e5-4adc-9148-8dbbf1c87a57" />
    <UnitTestResult executionId="daa69610-cbe8-4548-a855-7d78f7c3bfc0" testId="44a6b3ab-5415-26ba-0eea-a1f9ca8c1db2" testName="WhenOurFFisOffAndTheirIfOff" computerName="TFSBUILD110" duration="00:00:00.0309293" startTime="2018-12-04T01:57:56.9955322-08:00" endTime="2018-12-04T01:57:57.0275353-08:00" testType="13cdc9d9-ddb5-4fa4-a97d-d965ccfc6d4b" outcome="Passed" testListId="8c84fa94-04c1-424b-9868-57a2d4851a1d" relativeResultsDirectory="daa69610-cbe8-4548-a855-7d78f7c3bfc0" />
    <UnitTestResult executionId="5c744afb-c139-4191-b06c-98fcf51392bd" testId="bb06e784-bfe6-b201-be4f-6f1389f1d03e" testName="ValidateFileCoverageEvalJobGetsCorrectFileDiffIfCommetsArePresentInFile" computerName="TFSBUILD110" duration="00:00:00.0291907" startTime="2018-12-04T01:57:27.8102632-08:00" endTime="2018-12-04T01:57:27.8402640-08:00" testType="13cdc9d9-ddb5-4fa4-a97d-d965ccfc6d4b" outcome="Passed" testListId="8c84fa94-04c1-424b-9868-57a2d4851a1d" relativeResultsDirectory="5c744afb-c139-4191-b06c-98fcf51392bd" />
    <UnitTestResult executionId="5fcc0850-793e-45df-bbe0-ee114e9d5cb2" testId="dc52b115-554d-fdda-eb46-adcc365d79b9" testName="HandleBuildCompletionEventWhenFeatureFlagIsOnAndBuildArgsAreNull" computerName="TFSBUILD110" duration="00:00:00.0537151" startTime="2018-12-04T01:57:58.3765447-08:00" endTime="2018-12-04T01:57:58.4305442-08:00" testType="13cdc9d9-ddb5-4fa4-a97d-d965ccfc6d4b" outcome="Passed" testListId="8c84fa94-04c1-424b-9868-57a2d4851a1d" relativeResultsDirectory="5fcc0850-793e-45df-bbe0-ee114e9d5cb2" />
    <UnitTestResult executionId="965ad963-b924-4973-84c3-5a7b994d89c2" testId="a9fd0979-a22c-1f05-d679-3161092b0c39" testName="CreateTestRunWithInvalidProjectId" computerName="TFSBUILD110" duration="00:00:00.0578516" startTime="2018-12-04T01:57:39.2333709-08:00" endTime="2018-12-04T01:57:39.2913712-08:00" testType="13cdc9d9-ddb5-4fa4-a97d-d965ccfc6d4b" outcome="Passed" testListId="8c84fa94-04c1-424b-9868-57a2d4851a1d" relativeResultsDirectory="965ad963-b924-4973-84c3-5a7b994d89c2" />
    <UnitTestResult executionId="7225fd53-c44c-48dd-87ca-138bfef6e9f4" testId="1333d28e-2246-61f0-999c-f60860a833c9" testName="SyncTestResolutionStateWorks" computerName="TFSBUILD110" duration="00:00:00.0537935" startTime="2018-12-04T01:57:36.9243485-08:00" endTime="2018-12-04T01:57:36.9783484-08:00" testType="13cdc9d9-ddb5-4fa4-a97d-d965ccfc6d4b" outcome="Passed" testListId="8c84fa94-04c1-424b-9868-57a2d4851a1d" relativeResultsDirectory="7225fd53-c44c-48dd-87ca-138bfef6e9f4" />
    <UnitTestResult executionId="f3993df7-a3fc-4e5e-a9f8-2ba43ce45ee7" testId="9847945e-5a85-9f46-f8d6-10b5a621aaea" testName="UpdateTestCaseReferenceOnResultChange_InvalidProject_ThrowsException" computerName="TFSBUILD110" duration="00:00:00.0346500" startTime="2018-12-04T01:57:43.5414068-08:00" endTime="2018-12-04T01:57:43.5774063-08:00" testType="13cdc9d9-ddb5-4fa4-a97d-d965ccfc6d4b" outcome="Passed" testListId="8c84fa94-04c1-424b-9868-57a2d4851a1d" relativeResultsDirectory="f3993df7-a3fc-4e5e-a9f8-2ba43ce45ee7" />
    <UnitTestResult executionId="a1b492a2-3545-4278-b157-a586087e309a" testId="2f82bb06-2978-7459-40a5-e968c6feeec9" testName="Execute_NullDefinition_Fails" computerName="TFSBUILD110" duration="00:00:00.0311412" startTime="2018-12-04T01:57:51.6374870-08:00" endTime="2018-12-04T01:57:51.6694803-08:00" testType="13cdc9d9-ddb5-4fa4-a97d-d965ccfc6d4b" outcome="Passed" testListId="8c84fa94-04c1-424b-9868-57a2d4851a1d" relativeResultsDirectory="a1b492a2-3545-4278-b157-a586087e309a" />
    <UnitTestResult executionId="d6aee3a4-a24b-4300-bf75-2e8fa6db8647" testId="2af7185a-1a63-98df-6108-3d97437b6fa2" testName="Execute_WithMessageChunk_SuccessfulResult" computerName="TFSBUILD110" duration="00:00:00.0393247" startTime="2018-12-04T01:57:46.1594316-08:00" endTime="2018-12-04T01:57:46.1994374-08:00" testType="13cdc9d9-ddb5-4fa4-a97d-d965ccfc6d4b" outcome="Passed" testListId="8c84fa94-04c1-424b-9868-57a2d4851a1d" relativeResultsDirectory="d6aee3a4-a24b-4300-bf75-2e8fa6db8647" />
    <UnitTestResult executionId="259c9995-bab9-4e62-8bc8-aebe1fa60645" testId="4c63b308-c14a-0cd8-7cb1-f5b9e5df1b31" testName="GetIntermediateCoverageAttachmentsTestForOneFile" computerName="TFSBUILD110" duration="00:00:00.0755330" startTime="2018-12-04T01:58:01.4525751-08:00" endTime="2018-12-04T01:58:01.5295740-08:00" testType="13cdc9d9-ddb5-4fa4-a97d-d965ccfc6d4b" outcome="Passed" testListId="8c84fa94-04c1-424b-9868-57a2d4851a1d" relativeResultsDirectory="259c9995-bab9-4e62-8bc8-aebe1fa60645" />
    <UnitTestResult executionId="5b996ada-9063-430e-9aa6-0c69b714d9ee" testId="3a779dd0-bad8-ed81-935c-792eb3654bb8" testName="DeleteReleasesShouldDeleteReleases" computerName="TFSBUILD110" duration="00:00:00.0976550" startTime="2018-12-04T01:57:42.9024022-08:00" endTime="2018-12-04T01:57:43.0004039-08:00" testType="13cdc9d9-ddb5-4fa4-a97d-d965ccfc6d4b" outcome="Passed" testListId="8c84fa94-04c1-424b-9868-57a2d4851a1d" relativeResultsDirectory="5b996ada-9063-430e-9aa6-0c69b714d9ee" />
    <UnitTestResult executionId="d696ddcc-850f-4d87-a7b8-a46223617dd2" testId="2337eeff-d503-5f85-0236-cef567db39f4" testName="CreateTestRunAddCITest" computerName="TFSBUILD110" duration="00:00:00.0624681" startTime="2018-12-04T01:57:41.1373838-08:00" endTime="2018-12-04T01:57:41.2003853-08:00" testType="13cdc9d9-ddb5-4fa4-a97d-d965ccfc6d4b" outcome="Passed" testListId="8c84fa94-04c1-424b-9868-57a2d4851a1d" relativeResultsDirectory="d696ddcc-850f-4d87-a7b8-a46223617dd2" />
    <UnitTestResult executionId="f988bdf3-96a6-4bf3-a299-7f15d16393ef" testId="e35a88f7-385e-3d22-633c-a18957c0dd5f" testName="Verify_SendTestRunStatChangedIsNotCalled_WhenNoClients" computerName="TFSBUILD110" duration="00:00:00.1033026" startTime="2018-12-04T01:57:53.9375048-08:00" endTime="2018-12-04T01:57:54.0415069-08:00" testType="13cdc9d9-ddb5-4fa4-a97d-d965ccfc6d4b" outcome="Passed" testListId="8c84fa94-04c1-424b-9868-57a2d4851a1d" relativeResultsDirectory="f988bdf3-96a6-4bf3-a299-7f15d16393ef" />
    <UnitTestResult executionId="3c20876e-2ef8-4bf4-8e4c-e6a4f45d35e0" testId="5e2d2600-2f2c-0d9a-b3f0-eee6e2b205f5" testName="UploadMergedCoverageFileTestWithContainersDoesntExist" computerName="TFSBUILD110" duration="00:00:00.0636537" startTime="2018-12-04T01:58:02.2515836-08:00" endTime="2018-12-04T01:58:02.3155833-08:00" testType="13cdc9d9-ddb5-4fa4-a97d-d965ccfc6d4b" outcome="Passed" testListId="8c84fa94-04c1-424b-9868-57a2d4851a1d" relativeResultsDirectory="3c20876e-2ef8-4bf4-8e4c-e6a4f45d35e0" />
    <UnitTestResult executionId="0c3d76c7-a74a-4699-b324-59484e20af3a" testId="9567ad80-5f6c-dbb9-04ab-70738d2786fd" testName="Execute_NullDefinitionData_Fails" computerName="TFSBUILD110" duration="00:00:00.0416443" startTime="2018-12-04T01:57:51.6944855-08:00" endTime="2018-12-04T01:57:51.7374825-08:00" testType="13cdc9d9-ddb5-4fa4-a97d-d965ccfc6d4b" outcome="Passed" testListId="8c84fa94-04c1-424b-9868-57a2d4851a1d" relativeResultsDirectory="0c3d76c7-a74a-4699-b324-59484e20af3a" />
    <UnitTestResult executionId="9bfeaaaf-b730-4942-8ca0-6fb61e61c15c" testId="a576ec33-0f40-56d5-7f5a-3ae28b7296da" testName="SyncTestSettingsWorksWithoutContinuationtoken" computerName="TFSBUILD110" duration="00:00:00.1734681" startTime="2018-12-04T01:57:36.9953470-08:00" endTime="2018-12-04T01:57:37.1693499-08:00" testType="13cdc9d9-ddb5-4fa4-a97d-d965ccfc6d4b" outcome="Passed" testListId="8c84fa94-04c1-424b-9868-57a2d4851a1d" relativeResultsDirectory="9bfeaaaf-b730-4942-8ca0-6fb61e61c15c" />
    <UnitTestResult executionId="ab2973aa-dcd6-4a85-8954-0af3cee89421" testId="5d8ffa2a-a6d0-88a4-35ca-a5d478d6e7b8" testName="CreateTestRunWithSettingsNull" computerName="TFSBUILD110" duration="00:00:00.0752018" startTime="2018-12-04T01:57:40.7383818-08:00" endTime="2018-12-04T01:57:40.8143851-08:00" testType="13cdc9d9-ddb5-4fa4-a97d-d965ccfc6d4b" outcome="Passed" testListId="8c84fa94-04c1-424b-9868-57a2d4851a1d" relativeResultsDirectory="ab2973aa-dcd6-4a85-8954-0af3cee89421" />
    <UnitTestResult executionId="a5dba895-a497-41ec-95e5-94a9f03ee7e7" testId="fce22142-3213-bf1e-fadd-872553224e7c" testName="AbortNotStartedRunAssociatedWithFailedReleaseEnvironment_FeatureFlagDisabled_RunNotAborted" computerName="TFSBUILD110" duration="00:00:00.1045354" startTime="2018-12-04T01:57:42.1833950-08:00" endTime="2018-12-04T01:57:42.2893979-08:00" testType="13cdc9d9-ddb5-4fa4-a97d-d965ccfc6d4b" outcome="Passed" testListId="8c84fa94-04c1-424b-9868-57a2d4851a1d" relativeResultsDirectory="a5dba895-a497-41ec-95e5-94a9f03ee7e7" />
    <UnitTestResult executionId="02b2286f-dffe-4a17-8b9c-8feaf934c82e" testId="a331dc04-4ae7-02e8-a7e2-7f909508fd9b" testName="TestQueryCoverageChanges" computerName="TFSBUILD110" duration="00:00:00.0532988" startTime="2018-12-04T01:57:49.9184694-08:00" endTime="2018-12-04T01:57:49.9724703-08:00" testType="13cdc9d9-ddb5-4fa4-a97d-d965ccfc6d4b" outcome="Passed" testListId="8c84fa94-04c1-424b-9868-57a2d4851a1d" relativeResultsDirectory="02b2286f-dffe-4a17-8b9c-8feaf934c82e" />
    <UnitTestResult executionId="6affb2a0-a9b2-4ac5-afdc-2a7abc7c497c" testId="52f566b8-f178-10be-6f0d-0c3dc9f91b45" testName="UpdateTestCaseReferenceOnResultChange_NoResults_DoesNotUpdateTestCaseReference" computerName="TFSBUILD110" duration="00:00:00.0303091" startTime="2018-12-04T01:57:43.6834083-08:00" endTime="2018-12-04T01:57:43.7144097-08:00" testType="13cdc9d9-ddb5-4fa4-a97d-d965ccfc6d4b" outcome="Passed" testListId="8c84fa94-04c1-424b-9868-57a2d4851a1d" relativeResultsDirectory="6affb2a0-a9b2-4ac5-afdc-2a7abc7c497c" />
    <UnitTestResult executionId="f7d30e29-0019-4531-b9e7-1b57cd915647" testId="aa3b52de-28aa-0a8d-5eda-a943dba005bd" testName="ProjectInitialization_Creates_InitializeNewProjectAlreadySynced" computerName="TFSBUILD110" duration="00:00:00.2989244" startTime="2018-12-04T01:57:35.9163372-08:00" endTime="2018-12-04T01:57:36.2173402-08:00" testType="13cdc9d9-ddb5-4fa4-a97d-d965ccfc6d4b" outcome="Passed" testListId="8c84fa94-04c1-424b-9868-57a2d4851a1d" relativeResultsDirectory="f7d30e29-0019-4531-b9e7-1b57cd915647" />
    <UnitTestResult executionId="b268708e-1049-4f64-8dc6-3fb731499c30" testId="f8de6808-1fa2-5357-4a06-f3c55333c490" testName="SecondCoverageFileNullOrEmpty" computerName="TFSBUILD110" duration="00:00:00.0440258" startTime="2018-12-04T01:57:49.3904642-08:00" endTime="2018-12-04T01:57:49.4354635-08:00" testType="13cdc9d9-ddb5-4fa4-a97d-d965ccfc6d4b" outcome="Passed" testListId="8c84fa94-04c1-424b-9868-57a2d4851a1d" relativeResultsDirectory="b268708e-1049-4f64-8dc6-3fb731499c30" />
    <UnitTestResult executionId="a85bc41a-9544-42d3-93d6-755050656fd6" testId="34c95f66-77ff-3974-8056-b5d845f689d8" testName="QueryBuildCoverageTestWhenCofigurationDoesntMatch" computerName="TFSBUILD110" duration="00:00:00.0386609" startTime="2018-12-04T01:57:59.6175626-08:00" endTime="2018-12-04T01:57:59.6565608-08:00" testType="13cdc9d9-ddb5-4fa4-a97d-d965ccfc6d4b" outcome="Passed" testListId="8c84fa94-04c1-424b-9868-57a2d4851a1d" relativeResultsDirectory="a85bc41a-9544-42d3-93d6-755050656fd6" />
    <UnitTestResult executionId="e697861c-dc4a-47a4-bb8d-70129080af5b" testId="49663d2f-58d9-38eb-9f3c-86a29399385d" testName="TestNewAttachmentStoreName" computerName="TFSBUILD110" duration="00:00:00.0263048" startTime="2018-12-04T01:57:57.1335343-08:00" endTime="2018-12-04T01:57:57.1605353-08:00" testType="13cdc9d9-ddb5-4fa4-a97d-d965ccfc6d4b" outcome="Passed" testListId="8c84fa94-04c1-424b-9868-57a2d4851a1d" relativeResultsDirectory="e697861c-dc4a-47a4-bb8d-70129080af5b" />
    <UnitTestResult executionId="a5c286f9-9316-4fa0-8af8-be589dc35822" testId="d0d7a5f2-7a85-2e6d-51d0-84ffef8fa148" testName="CleanTestProjects_DeleteProjectThrows_JobFails" computerName="TFSBUILD110" duration="00:00:00.0626186" startTime="2018-12-04T01:57:46.4244322-08:00" endTime="2018-12-04T01:57:46.4874324-08:00" testType="13cdc9d9-ddb5-4fa4-a97d-d965ccfc6d4b" outcome="Passed" testListId="8c84fa94-04c1-424b-9868-57a2d4851a1d" relativeResultsDirectory="a5c286f9-9316-4fa0-8af8-be589dc35822" />
    <UnitTestResult executionId="daf7696c-42c9-4b16-b57d-c430496ef240" testId="f0713164-001a-9e79-34ae-154cb803ca58" testName="AbortNotStartedRunAssociatedWithFailedReleaseEnvironment_EnvironmentIsNull_RunNotAborted" computerName="TFSBUILD110" duration="00:00:00.0428714" startTime="2018-12-04T01:57:42.5734010-08:00" endTime="2018-12-04T01:57:42.6174045-08:00" testType="13cdc9d9-ddb5-4fa4-a97d-d965ccfc6d4b" outcome="Passed" testListId="8c84fa94-04c1-424b-9868-57a2d4851a1d" relativeResultsDirectory="daf7696c-42c9-4b16-b57d-c430496ef240" />
    <UnitTestResult executionId="17734041-284c-4cb3-872c-743959000ee1" testId="ae3b1129-6982-d6ac-fe89-a4c944036272" testName="DeleteReleasesShouldEatUpProjectDoesNotExistException" computerName="TFSBUILD110" duration="00:00:00.0391400" startTime="2018-12-04T01:57:43.4474061-08:00" endTime="2018-12-04T01:57:43.4864066-08:00" testType="13cdc9d9-ddb5-4fa4-a97d-d965ccfc6d4b" outcome="Passed" testListId="8c84fa94-04c1-424b-9868-57a2d4851a1d" relativeResultsDirectory="17734041-284c-4cb3-872c-743959000ee1" />
    <UnitTestResult executionId="41f169ab-438b-405e-b049-0c8c1744b5ff" testId="08a50816-d2cc-5fd6-e900-8cbc6b4f053e" testName="ValidateFileCoverageEvalJobTreatsPartiallyCoveredLinesAsNotCovered" computerName="TFSBUILD110" duration="00:00:00.0266605" startTime="2018-12-04T01:57:28.3062660-08:00" endTime="2018-12-04T01:57:28.3342646-08:00" testType="13cdc9d9-ddb5-4fa4-a97d-d965ccfc6d4b" outcome="Passed" testListId="8c84fa94-04c1-424b-9868-57a2d4851a1d" relativeResultsDirectory="41f169ab-438b-405e-b049-0c8c1744b5ff" />
    <UnitTestResult executionId="ab3c1f77-2cda-4578-a89e-fb828b28d63e" testId="a6c720ae-6b6e-f316-0546-ea99dc95a792" testName="VerifyBuildHandleTestRunChangedQueuesAJob" computerName="TFSBUILD110" duration="00:00:00.0489321" startTime="2018-12-04T01:57:55.2745186-08:00" endTime="2018-12-04T01:57:55.3235184-08:00" testType="13cdc9d9-ddb5-4fa4-a97d-d965ccfc6d4b" outcome="Passed" testListId="8c84fa94-04c1-424b-9868-57a2d4851a1d" relativeResultsDirectory="ab3c1f77-2cda-4578-a89e-fb828b28d63e" />
    <UnitTestResult executionId="87fd935a-4a71-4074-be9f-6332ff7ccfdf" testId="b9a7bcf7-40d6-7a2b-4cfc-c8edd7a06551" testName="UpdateTestRunSummaryOnRunAborted_WithBuildReference_DoesSummaryUpdate" computerName="TFSBUILD110" duration="00:00:00.0489072" startTime="2018-12-04T01:57:45.6044276-08:00" endTime="2018-12-04T01:57:45.6534291-08:00" testType="13cdc9d9-ddb5-4fa4-a97d-d965ccfc6d4b" outcome="Passed" testListId="8c84fa94-04c1-424b-9868-57a2d4851a1d" relativeResultsDirectory="87fd935a-4a71-4074-be9f-6332ff7ccfdf" />
    <UnitTestResult executionId="f28bea0d-f585-41e3-818b-63be95c40d38" testId="6c643c00-7007-5556-6531-8e68a92d9d2a" testName="CreateTestRunWithInvalidBuildUri" computerName="TFSBUILD110" duration="00:00:00.0955612" startTime="2018-12-04T01:57:40.3163788-08:00" endTime="2018-12-04T01:57:40.4123792-08:00" testType="13cdc9d9-ddb5-4fa4-a97d-d965ccfc6d4b" outcome="Passed" testListId="8c84fa94-04c1-424b-9868-57a2d4851a1d" relativeResultsDirectory="f28bea0d-f585-41e3-818b-63be95c40d38" />
    <UnitTestResult executionId="8ff30a25-f91b-4054-8d41-8b2543ef568c" testId="4d91b25a-575d-6395-af5d-07424f907ff1" testName="CancelTestRunFiresRunChangedNotification" computerName="TFSBUILD110" duration="00:00:00.0563397" startTime="2018-12-04T01:57:38.1153574-08:00" endTime="2018-12-04T01:57:38.1723582-08:00" testType="13cdc9d9-ddb5-4fa4-a97d-d965ccfc6d4b" outcome="Passed" testListId="8c84fa94-04c1-424b-9868-57a2d4851a1d" relativeResultsDirectory="8ff30a25-f91b-4054-8d41-8b2543ef568c" />
    <UnitTestResult executionId="9d8e4db9-7bd3-4de7-a324-d2d14d718be4" testId="7c1a91d8-9526-2cb0-7982-21df0302eed4" testName="CleanInProgressNotification_NoTestProjects_ShouldNotThrow" computerName="TFSBUILD110" duration="00:00:00.0472737" startTime="2018-12-04T01:57:46.9264379-08:00" endTime="2018-12-04T01:57:46.9744433-08:00" testType="13cdc9d9-ddb5-4fa4-a97d-d965ccfc6d4b" outcome="Passed" testListId="8c84fa94-04c1-424b-9868-57a2d4851a1d" relativeResultsDirectory="9d8e4db9-7bd3-4de7-a324-d2d14d718be4" />
    <UnitTestResult executionId="a52a891e-58ae-44ad-87d2-d0c78ff51ae2" testId="757051e6-4e17-b694-d25e-05cfb626eeb7" testName="VerifyBuildHandleTestRunChangedQueuesAJobWithDelayFromRegistry" computerName="TFSBUILD110" duration="00:00:00.0413144" startTime="2018-12-04T01:57:55.5625190-08:00" endTime="2018-12-04T01:57:55.6045202-08:00" testType="13cdc9d9-ddb5-4fa4-a97d-d965ccfc6d4b" outcome="Passed" testListId="8c84fa94-04c1-424b-9868-57a2d4851a1d" relativeResultsDirectory="a52a891e-58ae-44ad-87d2-d0c78ff51ae2" />
    <UnitTestResult executionId="e79c9807-2345-4176-b6bb-ff479f379610" testId="2fb474b9-5ce2-d05f-fb97-3fbe622fc53f" testName="VariableSubstitution" computerName="TFSBUILD110" duration="00:00:00.2128437" startTime="2018-12-04T01:57:41.9273942-08:00" endTime="2018-12-04T01:57:42.1403939-08:00" testType="13cdc9d9-ddb5-4fa4-a97d-d965ccfc6d4b" outcome="Passed" testListId="8c84fa94-04c1-424b-9868-57a2d4851a1d" relativeResultsDirectory="e79c9807-2345-4176-b6bb-ff479f379610" />
    <UnitTestResult executionId="8587894f-cd20-4615-be47-e2c685d3c635" testId="79a4c2ad-44c3-ea7e-5705-a8a4335c4c66" testName="FirstCoverageFileNullOrEmpty" computerName="TFSBUILD110" duration="00:00:00.1119715" startTime="2018-12-04T01:57:49.1814631-08:00" endTime="2018-12-04T01:57:49.2944632-08:00" testType="13cdc9d9-ddb5-4fa4-a97d-d965ccfc6d4b" outcome="Passed" testListId="8c84fa94-04c1-424b-9868-57a2d4851a1d" relativeResultsDirectory="8587894f-cd20-4615-be47-e2c685d3c635" />
    <UnitTestResult executionId="5f80b3a2-851f-4a3a-812d-19aeaaaa2a3b" testId="8bfc662b-2c63-8294-e75c-1b3e27c154e2" testName="HandleBuildCompletionEventWhenBuildWasCanceled" computerName="TFSBUILD110" duration="00:00:00.0501467" startTime="2018-12-04T01:57:59.4915586-08:00" endTime="2018-12-04T01:57:59.5425619-08:00" testType="13cdc9d9-ddb5-4fa4-a97d-d965ccfc6d4b" outcome="Passed" testListId="8c84fa94-04c1-424b-9868-57a2d4851a1d" relativeResultsDirectory="5f80b3a2-851f-4a3a-812d-19aeaaaa2a3b" />
    <UnitTestResult executionId="11671463-8184-4a26-9b0f-e9912bf2cfdf" testId="9062252b-2e08-f32f-fa85-2b9729fe84d2" testName="HandleBuildCompletionEventWhenFeatureFlagIsOnAndNothingIsMocked" computerName="TFSBUILD110" duration="00:00:00.2791990" startTime="2018-12-04T01:57:58.4495458-08:00" endTime="2018-12-04T01:57:58.7295553-08:00" testType="13cdc9d9-ddb5-4fa4-a97d-d965ccfc6d4b" outcome="Passed" testListId="8c84fa94-04c1-424b-9868-57a2d4851a1d" relativeResultsDirectory="11671463-8184-4a26-9b0f-e9912bf2cfdf" />
    <UnitTestResult executionId="4d36804b-1e57-46d9-a8d8-867f0fda4761" testId="85403275-e340-a33b-32db-94c36fe3d6e7" testName="Execute_WithContext_JobCleansUpJobDefinitionAtEnd" computerName="TFSBUILD110" duration="00:00:01.4854095" startTime="2018-12-04T01:57:50.1014700-08:00" endTime="2018-12-04T01:57:51.5874830-08:00" testType="13cdc9d9-ddb5-4fa4-a97d-d965ccfc6d4b" outcome="Passed" testListId="8c84fa94-04c1-424b-9868-57a2d4851a1d" relativeResultsDirectory="4d36804b-1e57-46d9-a8d8-867f0fda4761" />
    <UnitTestResult executionId="474a627c-bfee-4989-9043-54ecd7909c8d" testId="17387ff0-a6bf-36cf-e164-0e820b588c3b" testName="RunCleanUpAction_WithCancellation_ReturnsTrue" computerName="TFSBUILD110" duration="00:00:00.0442475" startTime="2018-12-04T01:57:48.9754602-08:00" endTime="2018-12-04T01:57:49.0204612-08:00" testType="13cdc9d9-ddb5-4fa4-a97d-d965ccfc6d4b" outcome="Passed" testListId="8c84fa94-04c1-424b-9868-57a2d4851a1d" relativeResultsDirectory="474a627c-bfee-4989-9043-54ecd7909c8d" />
    <UnitTestResult executionId="fd36fedb-f778-4cf0-b962-49f00e7c4686" testId="643e058f-a60a-a5e8-2e27-ca01e078f5f9" testName="DeleteBuild_NullBuildUri_DoesNotDeleteBuild" computerName="TFSBUILD110" duration="00:00:00.0350257" startTime="2018-12-04T01:57:35.4143341-08:00" endTime="2018-12-04T01:57:35.4503392-08:00" testType="13cdc9d9-ddb5-4fa4-a97d-d965ccfc6d4b" outcome="Passed" testListId="8c84fa94-04c1-424b-9868-57a2d4851a1d" relativeResultsDirectory="fd36fedb-f778-4cf0-b962-49f00e7c4686" />
    <UnitTestResult executionId="0363eb3a-fbc0-4182-80eb-17cc8023c625" testId="74e33702-e4d9-fc73-df26-848473aa3c48" testName="FindApplicablePolicy_EmptyRetentionRules_DefaultRetention" computerName="TFSBUILD110" duration="00:00:00.0304253" startTime="2018-12-04T01:57:34.6963289-08:00" endTime="2018-12-04T01:57:34.7273278-08:00" testType="13cdc9d9-ddb5-4fa4-a97d-d965ccfc6d4b" outcome="Passed" testListId="8c84fa94-04c1-424b-9868-57a2d4851a1d" relativeResultsDirectory="0363eb3a-fbc0-4182-80eb-17cc8023c625" />
    <UnitTestResult executionId="4256de2a-b2e9-4115-95f2-67344622199b" testId="73e7a867-128c-801f-c826-c514fdc4646b" testName="CancelTestRunWithoutResultPublishPermission" computerName="TFSBUILD110" duration="00:00:00.0335681" startTime="2018-12-04T01:57:37.9193567-08:00" endTime="2018-12-04T01:57:37.9533574-08:00" testType="13cdc9d9-ddb5-4fa4-a97d-d965ccfc6d4b" outcome="Passed" testListId="8c84fa94-04c1-424b-9868-57a2d4851a1d" relativeResultsDirectory="4256de2a-b2e9-4115-95f2-67344622199b" />
    <UnitTestResult executionId="f573ab25-1f8d-4aba-a216-771c48bb9f7b" testId="0c17a423-c847-e3cb-85d4-8901f25fedc2" testName="TestPrCommentCreationForNoExecutableChanges" computerName="TFSBUILD110" duration="00:00:00.0348619" startTime="2018-12-04T01:57:59.8875608-08:00" endTime="2018-12-04T01:57:59.9235658-08:00" testType="13cdc9d9-ddb5-4fa4-a97d-d965ccfc6d4b" outcome="Passed" testListId="8c84fa94-04c1-424b-9868-57a2d4851a1d" relativeResultsDirectory="f573ab25-1f8d-4aba-a216-771c48bb9f7b" />
    <UnitTestResult executionId="3803590b-59bf-401f-bfcb-277da0873047" testId="a6f6b60b-d074-fce8-615a-c6afcc51d95b" testName="VerifyReleaseHandleTestRunChangedQueuesAJobWithDefaultFromRegistry" computerName="TFSBUILD110" duration="00:00:00.0520375" startTime="2018-12-04T01:57:56.2445272-08:00" endTime="2018-12-04T01:57:56.2965250-08:00" testType="13cdc9d9-ddb5-4fa4-a97d-d965ccfc6d4b" outcome="Passed" testListId="8c84fa94-04c1-424b-9868-57a2d4851a1d" relativeResultsDirectory="3803590b-59bf-401f-bfcb-277da0873047" />
    <UnitTestResult executionId="7ec4f70b-6c1c-4cff-819e-193823a208dc" testId="8039c480-63e7-ec9e-9e60-dac2849ba58a" testName="Execute_CalculateTestInsights_WithNoData" computerName="TFSBUILD110" duration="00:00:00.1727166" startTime="2018-12-04T01:57:53.1144968-08:00" endTime="2018-12-04T01:57:53.2884964-08:00" testType="13cdc9d9-ddb5-4fa4-a97d-d965ccfc6d4b" outcome="Passed" testListId="8c84fa94-04c1-424b-9868-57a2d4851a1d" relativeResultsDirectory="7ec4f70b-6c1c-4cff-819e-193823a208dc" />
    <UnitTestResult executionId="510db93d-2bc4-4c5b-be28-49cc31847dc3" testId="66f3b9e3-23e6-429b-eda1-b75b52d90f80" testName="CreateTestRunWithPopulateRowDataCount" computerName="TFSBUILD110" duration="00:00:00.0907546" startTime="2018-12-04T01:57:38.7553637-08:00" endTime="2018-12-04T01:57:38.8473643-08:00" testType="13cdc9d9-ddb5-4fa4-a97d-d965ccfc6d4b" outcome="Passed" testListId="8c84fa94-04c1-424b-9868-57a2d4851a1d" relativeResultsDirectory="510db93d-2bc4-4c5b-be28-49cc31847dc3" />
    <UnitTestResult executionId="e510b978-a7ce-49a5-9cf4-5ea91a3e7642" testId="4fa24dab-79b3-c920-571c-e8ab46deb743" testName="VerifyBuildHandleTestRunChangedSaveSignalInDb" computerName="TFSBUILD110" duration="00:00:00.3054714" startTime="2018-12-04T01:57:54.7695135-08:00" endTime="2018-12-04T01:57:55.0765176-08:00" testType="13cdc9d9-ddb5-4fa4-a97d-d965ccfc6d4b" outcome="Passed" testListId="8c84fa94-04c1-424b-9868-57a2d4851a1d" relativeResultsDirectory="e510b978-a7ce-49a5-9cf4-5ea91a3e7642" />
    <UnitTestResult executionId="a703d555-acb0-4b8c-b055-edb535f65611" testId="172fcdf1-622c-d15f-76f5-311e98caf590" testName="Verify_JobDoesNotReQueueItselfIfTheBatchIsWithinDefaultSize" computerName="TFSBUILD110" duration="00:00:00.0754631" startTime="2018-12-04T01:57:54.5025120-08:00" endTime="2018-12-04T01:57:54.5785122-08:00" testType="13cdc9d9-ddb5-4fa4-a97d-d965ccfc6d4b" outcome="Passed" testListId="8c84fa94-04c1-424b-9868-57a2d4851a1d" relativeResultsDirectory="a703d555-acb0-4b8c-b055-edb535f65611" />
    <UnitTestResult executionId="bfa59a43-98c6-4c8f-8334-a8cbda855aeb" testId="aa16617a-0659-89fc-62cb-3f72c8bfbcad" testName="TestSkipPullRequestCommentPublish" computerName="TFSBUILD110" duration="00:00:00.1019020" startTime="2018-12-04T01:57:57.7585432-08:00" endTime="2018-12-04T01:57:57.8615398-08:00" testType="13cdc9d9-ddb5-4fa4-a97d-d965ccfc6d4b" outcome="Passed" testListId="8c84fa94-04c1-424b-9868-57a2d4851a1d" relativeResultsDirectory="bfa59a43-98c6-4c8f-8334-a8cbda855aeb" />
    <UnitTestResult executionId="07b8bbbf-4ef0-4acc-a178-5c7a8123319f" testId="b2913803-979b-d673-9608-64427eb584f9" testName="Execute_WithSetOfSteps_RunsAllSteps" computerName="TFSBUILD110" duration="00:00:00.0466001" startTime="2018-12-04T01:57:46.0544302-08:00" endTime="2018-12-04T01:57:46.1024295-08:00" testType="13cdc9d9-ddb5-4fa4-a97d-d965ccfc6d4b" outcome="Passed" testListId="8c84fa94-04c1-424b-9868-57a2d4851a1d" relativeResultsDirectory="07b8bbbf-4ef0-4acc-a178-5c7a8123319f" />
    <UnitTestResult executionId="475c976e-ba95-46d5-9eca-d341b5036e2a" testId="991a645a-6d9c-0992-f5b3-fdcb83ef4db7" testName="CleanAttachments_WithDeletedAttachments_DeletesFiles" computerName="TFSBUILD110" duration="00:00:00.2222494" startTime="2018-12-04T01:57:47.7524490-08:00" endTime="2018-12-04T01:57:47.9754501-08:00" testType="13cdc9d9-ddb5-4fa4-a97d-d965ccfc6d4b" outcome="Passed" testListId="8c84fa94-04c1-424b-9868-57a2d4851a1d" relativeResultsDirectory="475c976e-ba95-46d5-9eca-d341b5036e2a" />
    <UnitTestResult executionId="6437f48d-de5f-4286-b23d-994714861002" testId="99ad7477-c9cd-d44e-d843-5bbb007ad3f3" testName="CleanTestRuns_RunDeletionBatchSizeIsNegative_SkipsTestRunCleanup" computerName="TFSBUILD110" duration="00:00:00.0636849" startTime="2018-12-04T01:57:46.5334328-08:00" endTime="2018-12-04T01:57:46.5984409-08:00" testType="13cdc9d9-ddb5-4fa4-a97d-d965ccfc6d4b" outcome="Passed" testListId="8c84fa94-04c1-424b-9868-57a2d4851a1d" relativeResultsDirectory="6437f48d-de5f-4286-b23d-994714861002" />
    <UnitTestResult executionId="5032d4a9-a34b-4ddb-8706-8efc9aa2baa8" testId="3108b71e-ff62-046d-f092-162029c7ec19" testName="DeleteBuild_DeleteTestRequestIsNotSet_MarksTestBuildDeleted" computerName="TFSBUILD110" duration="00:00:00.0391404" startTime="2018-12-04T01:57:35.5253358-08:00" endTime="2018-12-04T01:57:35.5653341-08:00" testType="13cdc9d9-ddb5-4fa4-a97d-d965ccfc6d4b" outcome="Passed" testListId="8c84fa94-04c1-424b-9868-57a2d4851a1d" relativeResultsDirectory="5032d4a9-a34b-4ddb-8706-8efc9aa2baa8" />
    <UnitTestResult executionId="4c24b045-add1-46eb-853d-45dc59c81ea1" testId="8bf7b806-6f68-bf75-54cf-eed34c30960e" testName="HandleBuildCompletionEventWhenFeatureFlagIsOff" computerName="TFSBUILD110" duration="00:00:00.0621146" startTime="2018-12-04T01:57:58.2845437-08:00" endTime="2018-12-04T01:57:58.3475452-08:00" testType="13cdc9d9-ddb5-4fa4-a97d-d965ccfc6d4b" outcome="Passed" testListId="8c84fa94-04c1-424b-9868-57a2d4851a1d" relativeResultsDirectory="4c24b045-add1-46eb-853d-45dc59c81ea1" />
    <UnitTestResult executionId="4026e92b-9a04-446b-8f07-ccab7d488d5f" testId="45984084-0d07-a4d1-b0cc-caac9b48011f" testName="MergeFileInfoShouldMergeIfLineCoverageInfoDiffers" computerName="TFSBUILD110" duration="00:00:00.0750148" startTime="2018-12-04T01:57:57.4665450-08:00" endTime="2018-12-04T01:57:57.5425392-08:00" testType="13cdc9d9-ddb5-4fa4-a97d-d965ccfc6d4b" outcome="Passed" testListId="8c84fa94-04c1-424b-9868-57a2d4851a1d" relativeResultsDirectory="4026e92b-9a04-446b-8f07-ccab7d488d5f" />
    <UnitTestResult executionId="739e030e-df6f-4ac6-84a9-37c3f8d21046" testId="2085c371-e933-1fcd-8bab-6795589d4566" testName="CleanTestRuns_NoTestProjectForRun_SkipsTestRunCleanup" computerName="TFSBUILD110" duration="00:00:00.0701276" startTime="2018-12-04T01:57:46.7034349-08:00" endTime="2018-12-04T01:57:46.7744384-08:00" testType="13cdc9d9-ddb5-4fa4-a97d-d965ccfc6d4b" outcome="Passed" testListId="8c84fa94-04c1-424b-9868-57a2d4851a1d" relativeResultsDirectory="739e030e-df6f-4ac6-84a9-37c3f8d21046" />
    <UnitTestResult executionId="6171b228-a2b6-4046-9eab-8c0f54670b39" testId="8cd49043-2b54-b46b-ce6c-ffa8511d3c9a" testName="VerifyUpdateIterationPathForRunInCancelTestRunScenario" computerName="TFSBUILD110" duration="00:00:00.0555779" startTime="2018-12-04T01:57:38.3613586-08:00" endTime="2018-12-04T01:57:38.4173608-08:00" testType="13cdc9d9-ddb5-4fa4-a97d-d965ccfc6d4b" outcome="Passed" testListId="8c84fa94-04c1-424b-9868-57a2d4851a1d" relativeResultsDirectory="6171b228-a2b6-4046-9eab-8c0f54670b39" />
    <UnitTestResult executionId="776e37f8-641e-47dd-8e55-87650c076505" testId="7843239d-7a78-4f80-1404-b119505081f2" testName="TestShouldRetain_PruneBasedOnExtension" computerName="TFSBUILD110" duration="00:00:00.0006228" startTime="2018-12-04T01:57:57.6685444-08:00" endTime="2018-12-04T01:57:57.6695439-08:00" testType="13cdc9d9-ddb5-4fa4-a97d-d965ccfc6d4b" outcome="Passed" testListId="8c84fa94-04c1-424b-9868-57a2d4851a1d" relativeResultsDirectory="776e37f8-641e-47dd-8e55-87650c076505" />
    <UnitTestResult executionId="f1e8aefc-ca4e-404f-92a8-ffa7bd26b0d3" testId="e21c885c-566a-cf70-e13b-59a936e390c0" testName="ProjectInitialization_Creates_InitializeNewProject" computerName="TFSBUILD110" duration="00:00:00.3659935" startTime="2018-12-04T01:57:36.2253430-08:00" endTime="2018-12-04T01:57:36.5913440-08:00" testType="13cdc9d9-ddb5-4fa4-a97d-d965ccfc6d4b" outcome="Passed" testListId="8c84fa94-04c1-424b-9868-57a2d4851a1d" relativeResultsDirectory="f1e8aefc-ca4e-404f-92a8-ffa7bd26b0d3" />
    <UnitTestResult executionId="40861901-08fe-44f4-b38f-fdfd8f76c979" testId="fd4837d5-a5d3-14eb-389d-cdd55c59fbc1" testName="GetIntermediateCoverageAttachmentsTestForZeroFile" computerName="TFSBUILD110" duration="00:00:00.0704050" startTime="2018-12-04T01:58:00.4725696-08:00" endTime="2018-12-04T01:58:00.5445734-08:00" testType="13cdc9d9-ddb5-4fa4-a97d-d965ccfc6d4b" outcome="Passed" testListId="8c84fa94-04c1-424b-9868-57a2d4851a1d" relativeResultsDirectory="40861901-08fe-44f4-b38f-fdfd8f76c979" />
    <UnitTestResult executionId="ceebe17b-5124-4632-afbe-ca5d67253af9" testId="d2d79b44-05e6-3939-56c8-d59e1dea41aa" testName="DeleteBuild_DeleteTestRequestIsSetAndInvalidUserContext_MarksTestBuildDeleted" computerName="TFSBUILD110" duration="00:00:00.0788833" startTime="2018-12-04T01:57:35.6573333-08:00" endTime="2018-12-04T01:57:35.7373391-08:00" testType="13cdc9d9-ddb5-4fa4-a97d-d965ccfc6d4b" outcome="Passed" testListId="8c84fa94-04c1-424b-9868-57a2d4851a1d" relativeResultsDirectory="ceebe17b-5124-4632-afbe-ca5d67253af9" />
    <UnitTestResult executionId="c685dc53-a110-4a06-8771-1a9c4fc59595" testId="92229e0f-e0f8-b8b6-0308-68ffcd16be1a" testName="UpdateTestRunSummaryOnAddResults_InvalidProject_ThrowsException" computerName="TFSBUILD110" duration="00:00:00.0477590" startTime="2018-12-04T01:57:43.9014132-08:00" endTime="2018-12-04T01:57:43.9494128-08:00" testType="13cdc9d9-ddb5-4fa4-a97d-d965ccfc6d4b" outcome="Passed" testListId="8c84fa94-04c1-424b-9868-57a2d4851a1d" relativeResultsDirectory="c685dc53-a110-4a06-8771-1a9c4fc59595" />
    <UnitTestResult executionId="2c8f7520-eb6f-4791-87c5-17c07c782829" testId="8527d593-6727-38a8-e917-3d8f691082fc" testName="UpdateTestRunSummaryOnAddResults_FF_Off_DoesNotUpdateSummary" computerName="TFSBUILD110" duration="00:00:00.0366833" startTime="2018-12-04T01:57:44.1574157-08:00" endTime="2018-12-04T01:57:44.1944147-08:00" testType="13cdc9d9-ddb5-4fa4-a97d-d965ccfc6d4b" outcome="Passed" testListId="8c84fa94-04c1-424b-9868-57a2d4851a1d" relativeResultsDirectory="2c8f7520-eb6f-4791-87c5-17c07c782829" />
    <UnitTestResult executionId="c2c4878b-2f6e-4299-998b-31fc00c8937c" testId="fc203b74-e100-0642-28be-b4dc2fd1ae02" testName="CancelTestRunWithUserSpecified" computerName="TFSBUILD110" duration="00:00:00.0417049" startTime="2018-12-04T01:57:38.0703571-08:00" endTime="2018-12-04T01:57:38.1133579-08:00" testType="13cdc9d9-ddb5-4fa4-a97d-d965ccfc6d4b" outcome="Passed" testListId="8c84fa94-04c1-424b-9868-57a2d4851a1d" relativeResultsDirectory="c2c4878b-2f6e-4299-998b-31fc00c8937c" />
    <UnitTestResult executionId="b72f12dc-915e-444e-9598-dad79e4d18f3" testId="525fef95-f27b-a9b5-6e3b-87926385c8c2" testName="TestShouldRetain_PruneBasedOnAttachmentType" computerName="TFSBUILD110" duration="00:00:00.0046244" startTime="2018-12-04T01:57:57.6255454-08:00" endTime="2018-12-04T01:57:57.6305443-08:00" testType="13cdc9d9-ddb5-4fa4-a97d-d965ccfc6d4b" outcome="Passed" testListId="8c84fa94-04c1-424b-9868-57a2d4851a1d" relativeResultsDirectory="b72f12dc-915e-444e-9598-dad79e4d18f3" />
    <UnitTestResult executionId="0ed8b427-dabe-4f2f-8435-6af5dbac38fe" testId="2bad8a4a-bcd9-0e15-1543-8db2acb10e19" testName="VerifyBuildNotificationDeleteCallsDbNotificationDelete" computerName="TFSBUILD110" duration="00:00:00.0392152" startTime="2018-12-04T01:57:56.3275249-08:00" endTime="2018-12-04T01:57:56.3675303-08:00" testType="13cdc9d9-ddb5-4fa4-a97d-d965ccfc6d4b" outcome="Passed" testListId="8c84fa94-04c1-424b-9868-57a2d4851a1d" relativeResultsDirectory="0ed8b427-dabe-4f2f-8435-6af5dbac38fe" />
    <UnitTestResult executionId="3fbd4207-363d-4cf8-b607-f08368bfca17" testId="bf91a6bd-8060-462f-0ac6-c3a8b58e2f72" testName="GetIntermediateCoverageAttachmentsTestForOneFileWithFlavorAndPlatFormWithPagination" computerName="TFSBUILD110" duration="00:00:00.0606267" startTime="2018-12-04T01:58:01.9745786-08:00" endTime="2018-12-04T01:58:02.0355787-08:00" testType="13cdc9d9-ddb5-4fa4-a97d-d965ccfc6d4b" outcome="Passed" testListId="8c84fa94-04c1-424b-9868-57a2d4851a1d" relativeResultsDirectory="3fbd4207-363d-4cf8-b607-f08368bfca17" />
    <UnitTestResult executionId="1681fa50-d378-4604-8d7d-3f9c71807348" testId="6618f33f-8830-9b83-7932-ff35d2b70b54" testName="UploadMergedCoverageFileTestWhenContainerAlreadyExist" computerName="TFSBUILD110" duration="00:00:00.0734427" startTime="2018-12-04T01:58:01.0915710-08:00" endTime="2018-12-04T01:58:01.1655703-08:00" testType="13cdc9d9-ddb5-4fa4-a97d-d965ccfc6d4b" outcome="Passed" testListId="8c84fa94-04c1-424b-9868-57a2d4851a1d" relativeResultsDirectory="1681fa50-d378-4604-8d7d-3f9c71807348" />
    <UnitTestResult executionId="b95d3f4b-fa35-4a86-963c-033638e5111b" testId="228f3f6a-6e09-24eb-22c5-936b9b21514b" testName="TestNullName" computerName="TFSBUILD110" duration="00:00:00.0263555" startTime="2018-12-04T01:57:57.2045359-08:00" endTime="2018-12-04T01:57:57.2315366-08:00" testType="13cdc9d9-ddb5-4fa4-a97d-d965ccfc6d4b" outcome="Passed" testListId="8c84fa94-04c1-424b-9868-57a2d4851a1d" relativeResultsDirectory="b95d3f4b-fa35-4a86-963c-033638e5111b" />
    <UnitTestResult executionId="504b0e48-774a-4954-a131-cc1dac7d75d2" testId="8e2fc967-f020-b2f9-4253-e19ec73bbfd9" testName="VerifyBuildHandleTestRunChangedShouldNotQueueAJobWhenNoClient" computerName="TFSBUILD110" duration="00:00:00.0750442" startTime="2018-12-04T01:57:55.3575168-08:00" endTime="2018-12-04T01:57:55.4335201-08:00" testType="13cdc9d9-ddb5-4fa4-a97d-d965ccfc6d4b" outcome="Passed" testListId="8c84fa94-04c1-424b-9868-57a2d4851a1d" relativeResultsDirectory="504b0e48-774a-4954-a131-cc1dac7d75d2" />
    <UnitTestResult executionId="3ad80b8f-5b26-4562-9489-910dd13ac3c3" testId="bc1dcf79-5a6a-9be6-693f-585970252703" testName="VerifyDownloadTestLog" computerName="TFSBUILD110" duration="00:00:00.0994261" startTime="2018-12-04T01:57:33.9833220-08:00" endTime="2018-12-04T01:57:34.0833206-08:00" testType="13cdc9d9-ddb5-4fa4-a97d-d965ccfc6d4b" outcome="Passed" testListId="8c84fa94-04c1-424b-9868-57a2d4851a1d" relativeResultsDirectory="3ad80b8f-5b26-4562-9489-910dd13ac3c3" />
    <UnitTestResult executionId="45480c9d-e7f2-4d2d-9792-8f4c28722684" testId="cc4d2c37-9967-1c9e-52c9-ce528dee7b99" testName="DeleteBuild_DeleteTestRequestIsSet_DeletesBuild" computerName="TFSBUILD110" duration="00:00:00.0397183" startTime="2018-12-04T01:57:35.5833361-08:00" endTime="2018-12-04T01:57:35.6233344-08:00" testType="13cdc9d9-ddb5-4fa4-a97d-d965ccfc6d4b" outcome="Passed" testListId="8c84fa94-04c1-424b-9868-57a2d4851a1d" relativeResultsDirectory="45480c9d-e7f2-4d2d-9792-8f4c28722684" />
    <UnitTestResult executionId="79c7584f-03cf-4f9b-a729-27f8e0d67075" testId="a71703fc-9cea-b3f1-475c-502c2164f726" testName="VerifyUploadTestLog" computerName="TFSBUILD110" duration="00:00:05.1527597" startTime="2018-12-04T01:57:28.7932719-08:00" endTime="2018-12-04T01:57:33.9483193-08:00" testType="13cdc9d9-ddb5-4fa4-a97d-d965ccfc6d4b" outcome="Passed" testListId="8c84fa94-04c1-424b-9868-57a2d4851a1d" relativeResultsDirectory="79c7584f-03cf-4f9b-a729-27f8e0d67075" />
    <UnitTestResult executionId="0b51f041-17d4-4dd5-a5d5-dc073d9debed" testId="c3767d10-7093-91ce-708b-8f82d7b039ac" testName="VerifyReleaseHandleTestRunChangedQueuesAJob" computerName="TFSBUILD110" duration="00:00:00.0409462" startTime="2018-12-04T01:57:55.9935257-08:00" endTime="2018-12-04T01:57:56.0345297-08:00" testType="13cdc9d9-ddb5-4fa4-a97d-d965ccfc6d4b" outcome="Passed" testListId="8c84fa94-04c1-424b-9868-57a2d4851a1d" relativeResultsDirectory="0b51f041-17d4-4dd5-a5d5-dc073d9debed" />
    <UnitTestResult executionId="6cb970fc-f3e7-4f4b-b4ad-e308dc5c3604" testId="0c3e3f92-c551-9801-79e9-9353decf4082" testName="UpdateTestRunSummaryOnRunCompleted_WithBuildReference_DoesSummaryUpdate" computerName="TFSBUILD110" duration="00:00:00.1949571" startTime="2018-12-04T01:57:45.3444282-08:00" endTime="2018-12-04T01:57:45.5394262-08:00" testType="13cdc9d9-ddb5-4fa4-a97d-d965ccfc6d4b" outcome="Passed" testListId="8c84fa94-04c1-424b-9868-57a2d4851a1d" relativeResultsDirectory="6cb970fc-f3e7-4f4b-b4ad-e308dc5c3604" />
    <UnitTestResult executionId="2eca874b-b664-404b-9a44-4330872cd6d8" testId="97812fec-86f5-6410-b1a1-1a25f7894eea" testName="CleanTestProjects_WithDeletedProjects_CleansProjects" computerName="TFSBUILD110" duration="00:00:00.0563650" startTime="2018-12-04T01:57:46.3144336-08:00" endTime="2018-12-04T01:57:46.3714353-08:00" testType="13cdc9d9-ddb5-4fa4-a97d-d965ccfc6d4b" outcome="Passed" testListId="8c84fa94-04c1-424b-9868-57a2d4851a1d" relativeResultsDirectory="2eca874b-b664-404b-9a44-4330872cd6d8" />
    <UnitTestResult executionId="8bc1a424-a57f-41fb-8a25-7698666726ed" testId="588a7bef-0b3e-446f-dcc2-84f9e4df201b" testName="QueueDeleteRunsByRetentionSettings_TotalRunsCountExceedMaxRuns_StopQueueingRunDeletion" computerName="TFSBUILD110" duration="00:00:00.0877841" startTime="2018-12-04T01:57:48.6744566-08:00" endTime="2018-12-04T01:57:48.7624561-08:00" testType="13cdc9d9-ddb5-4fa4-a97d-d965ccfc6d4b" outcome="Passed" testListId="8c84fa94-04c1-424b-9868-57a2d4851a1d" relativeResultsDirectory="8bc1a424-a57f-41fb-8a25-7698666726ed" />
    <UnitTestResult executionId="91e31c89-f599-47b2-a187-5b6d9cd8df54" testId="85578e4e-5c69-530e-27ce-c01090e55ea3" testName="UpdateTestCaseReferenceOnResultChange_WithResults_UpdatesTestCaseReferences" computerName="TFSBUILD110" duration="00:00:00.0377251" startTime="2018-12-04T01:57:43.7954102-08:00" endTime="2018-12-04T01:57:43.8334097-08:00" testType="13cdc9d9-ddb5-4fa4-a97d-d965ccfc6d4b" outcome="Passed" testListId="8c84fa94-04c1-424b-9868-57a2d4851a1d" relativeResultsDirectory="91e31c89-f599-47b2-a187-5b6d9cd8df54" />
    <UnitTestResult executionId="a77d3d77-018d-42da-a94e-129c8fa9b815" testId="fd729554-7ece-36f6-f4da-36fb1d5f9c5f" testName="DeleteBuild_WithWebApiBuild_SetsUri" computerName="TFSBUILD110" duration="00:00:00.3385101" startTime="2018-12-04T01:57:34.9653298-08:00" endTime="2018-12-04T01:57:35.3043324-08:00" testType="13cdc9d9-ddb5-4fa4-a97d-d965ccfc6d4b" outcome="Passed" testListId="8c84fa94-04c1-424b-9868-57a2d4851a1d" relativeResultsDirectory="a77d3d77-018d-42da-a94e-129c8fa9b815" />
    <UnitTestResult executionId="920d520f-f3b3-420f-9c9a-1b7fba1ad317" testId="1c6bda65-e5c1-fc74-e574-febb92c7e7e0" testName="FindApplicablePolicy_BranchNotIncluded_DefaultRetention" computerName="TFSBUILD110" duration="00:00:00.0353926" startTime="2018-12-04T01:57:34.7723299-08:00" endTime="2018-12-04T01:57:34.8083341-08:00" testType="13cdc9d9-ddb5-4fa4-a97d-d965ccfc6d4b" outcome="Passed" testListId="8c84fa94-04c1-424b-9868-57a2d4851a1d" relativeResultsDirectory="920d520f-f3b3-420f-9c9a-1b7fba1ad317" />
    <UnitTestResult executionId="81214a63-7915-4dbd-a175-1a6529943f75" testId="f9b135b1-7a69-87c2-4b8d-8e0ecdac2ed5" testName="CreateTestRunWithNonZeroResultsCountWithPopulateDataRowCount" computerName="TFSBUILD110" duration="00:00:00.0697986" startTime="2018-12-04T01:57:41.0333837-08:00" endTime="2018-12-04T01:57:41.1033840-08:00" testType="13cdc9d9-ddb5-4fa4-a97d-d965ccfc6d4b" outcome="Passed" testListId="8c84fa94-04c1-424b-9868-57a2d4851a1d" relativeResultsDirectory="81214a63-7915-4dbd-a175-1a6529943f75" />
    <UnitTestResult executionId="6024398c-5439-42b9-a3be-5255ad1911cf" testId="3f2e4102-32a3-98b9-4024-5267399137dd" testName="Verify_SendTestRunStatChangedIsCalledMultipleTimes_ForMultipleClients" computerName="TFSBUILD110" duration="00:00:00.0708048" startTime="2018-12-04T01:57:54.2105082-08:00" endTime="2018-12-04T01:57:54.2815099-08:00" testType="13cdc9d9-ddb5-4fa4-a97d-d965ccfc6d4b" outcome="Passed" testListId="8c84fa94-04c1-424b-9868-57a2d4851a1d" relativeResultsDirectory="6024398c-5439-42b9-a3be-5255ad1911cf" />
    <UnitTestResult executionId="7de4eec2-6e0d-4e22-8b4e-f2c209d3a202" testId="2d34d8b1-1413-3b36-706d-8811cf42fbaf" testName="Validate_BatchTestCaseResultsWithBatchSizeOne" computerName="TFSBUILD110" duration="00:00:00.0295166" startTime="2018-12-04T01:57:53.0044950-08:00" endTime="2018-12-04T01:57:53.0344958-08:00" testType="13cdc9d9-ddb5-4fa4-a97d-d965ccfc6d4b" outcome="Passed" testListId="8c84fa94-04c1-424b-9868-57a2d4851a1d" relativeResultsDirectory="7de4eec2-6e0d-4e22-8b4e-f2c209d3a202" />
    <UnitTestResult executionId="04527b8a-535c-44c6-9254-89a3644406e0" testId="dfab8d9d-5d28-51a4-69b5-0dd0b9cc8d18" testName="CleanTestRuns_WithNonDeletedProjects_CleansDeletedTestRunDimensions" computerName="TFSBUILD110" duration="00:00:00.0687666" startTime="2018-12-04T01:57:47.5354473-08:00" endTime="2018-12-04T01:57:47.6044472-08:00" testType="13cdc9d9-ddb5-4fa4-a97d-d965ccfc6d4b" outcome="Passed" testListId="8c84fa94-04c1-424b-9868-57a2d4851a1d" relativeResultsDirectory="04527b8a-535c-44c6-9254-89a3644406e0" />
    <UnitTestResult executionId="aa4252c1-f134-4c2c-859c-a113223d06f0" testId="ae893fa3-ce11-4ff8-5db5-d34fecb3e059" testName="DeleteReleasesShouldNotHitDBIfRealeaseIdsAreNotProvided" computerName="TFSBUILD110" duration="00:00:00.0351517" startTime="2018-12-04T01:57:43.1304036-08:00" endTime="2018-12-04T01:57:43.1664033-08:00" testType="13cdc9d9-ddb5-4fa4-a97d-d965ccfc6d4b" outcome="Passed" testListId="8c84fa94-04c1-424b-9868-57a2d4851a1d" relativeResultsDirectory="aa4252c1-f134-4c2c-859c-a113223d06f0" />
    <UnitTestResult executionId="3b74ba73-8550-4c4a-815b-40841a150c78" testId="9a34961f-2513-1c22-e6d0-8bde6d88fe86" testName="DeleteBuild_WithBuildIds_DeletesTestResults" computerName="TFSBUILD110" duration="00:00:00.0807372" startTime="2018-12-04T01:57:35.7543381-08:00" endTime="2018-12-04T01:57:35.8353363-08:00" testType="13cdc9d9-ddb5-4fa4-a97d-d965ccfc6d4b" outcome="Passed" testListId="8c84fa94-04c1-424b-9868-57a2d4851a1d" relativeResultsDirectory="3b74ba73-8550-4c4a-815b-40841a150c78" />
    <UnitTestResult executionId="ad3a5ec6-bdb9-4a9c-8b1f-122f4011a762" testId="408faccd-1893-8a94-4352-a69483cb2b80" testName="QueueDeleteRunsByRetentionSettings_NoMatchingProjects_SkipsRunDeletion" computerName="TFSBUILD110" duration="00:00:00.0565903" startTime="2018-12-04T01:57:48.1604507-08:00" endTime="2018-12-04T01:57:48.2174515-08:00" testType="13cdc9d9-ddb5-4fa4-a97d-d965ccfc6d4b" outcome="Passed" testListId="8c84fa94-04c1-424b-9868-57a2d4851a1d" relativeResultsDirectory="ad3a5ec6-bdb9-4a9c-8b1f-122f4011a762" />
    <UnitTestResult executionId="b9fab863-0321-482d-98c8-d6ff462032b5" testId="594d5e84-78d6-b350-0b0f-bd72ee205007" testName="CreateTestRunWithoutPopulateRowDataCount" computerName="TFSBUILD110" duration="00:00:00.1933347" startTime="2018-12-04T01:57:38.5053605-08:00" endTime="2018-12-04T01:57:38.6993629-08:00" testType="13cdc9d9-ddb5-4fa4-a97d-d965ccfc6d4b" outcome="Passed" testListId="8c84fa94-04c1-424b-9868-57a2d4851a1d" relativeResultsDirectory="b9fab863-0321-482d-98c8-d6ff462032b5" />
    <UnitTestResult executionId="efda8f99-b6fb-48a0-8e22-8d076140f924" testId="2787e5f7-4f56-8a93-7985-338437b183fc" testName="WhenOurFFisOffAndTheirIfOn" computerName="TFSBUILD110" duration="00:00:00.0339140" startTime="2018-12-04T01:57:56.9335383-08:00" endTime="2018-12-04T01:57:56.9685369-08:00" testType="13cdc9d9-ddb5-4fa4-a97d-d965ccfc6d4b" outcome="Passed" testListId="8c84fa94-04c1-424b-9868-57a2d4851a1d" relativeResultsDirectory="efda8f99-b6fb-48a0-8e22-8d076140f924" />
    <UnitTestResult executionId="1245fcde-98a7-45b8-b4ad-342246248f03" testId="efee3ac1-2990-e885-8349-fd14adb2283d" testName="CleanAttachments_WithoutDeletedAttachments_NoFilesAreDeleted" computerName="TFSBUILD110" duration="00:00:00.0476085" startTime="2018-12-04T01:57:47.9964512-08:00" endTime="2018-12-04T01:57:48.0444501-08:00" testType="13cdc9d9-ddb5-4fa4-a97d-d965ccfc6d4b" outcome="Passed" testListId="8c84fa94-04c1-424b-9868-57a2d4851a1d" relativeResultsDirectory="1245fcde-98a7-45b8-b4ad-342246248f03" />
    <UnitTestResult executionId="ac4d6ef8-7b1b-4a33-9198-e73b61648b07" testId="df3440b9-1aa3-5e3c-0563-2095a23cfc3f" testName="DeleteIntermediateCoverageFilesTestWithEmptyCoverageFile" computerName="TFSBUILD110" duration="00:00:00.0549889" startTime="2018-12-04T01:58:01.3035720-08:00" endTime="2018-12-04T01:58:01.3595706-08:00" testType="13cdc9d9-ddb5-4fa4-a97d-d965ccfc6d4b" outcome="Passed" testListId="8c84fa94-04c1-424b-9868-57a2d4851a1d" relativeResultsDirectory="ac4d6ef8-7b1b-4a33-9198-e73b61648b07" />
    <UnitTestResult executionId="48817994-0839-4612-9501-da1d850da30c" testId="7f09acaa-b152-0c06-973f-4ede5326f9d4" testName="QueueDeleteRunsByRetentionSettings_RunsCountExceedBatchSize_StopQueueingRunDeletion" computerName="TFSBUILD110" duration="00:00:00.0657115" startTime="2018-12-04T01:57:48.4404535-08:00" endTime="2018-12-04T01:57:48.5064536-08:00" testType="13cdc9d9-ddb5-4fa4-a97d-d965ccfc6d4b" outcome="Passed" testListId="8c84fa94-04c1-424b-9868-57a2d4851a1d" relativeResultsDirectory="48817994-0839-4612-9501-da1d850da30c" />
    <UnitTestResult executionId="b7481afb-b1da-4264-b773-c16de2a9b876" testId="c587bb0c-ec26-ce0c-5534-012a8346a97e" testName="UpdateTestRunChangedSignalRNotification_InvalidProject_ThrowsException" computerName="TFSBUILD110" duration="00:00:00.0364851" startTime="2018-12-04T01:57:44.3354181-08:00" endTime="2018-12-04T01:57:44.3724189-08:00" testType="13cdc9d9-ddb5-4fa4-a97d-d965ccfc6d4b" outcome="Passed" testListId="8c84fa94-04c1-424b-9868-57a2d4851a1d" relativeResultsDirectory="b7481afb-b1da-4264-b773-c16de2a9b876" />
    <UnitTestResult executionId="0f4c0a19-f961-42cb-b0db-6a887ca0f611" testId="788059fe-a86c-781a-cd72-945ce72d4d79" testName="UpdateTestRunChangedSignalRNotification_TriSignalRReportingRuns_False" computerName="TFSBUILD110" duration="00:00:00.0392063" startTime="2018-12-04T01:57:44.3974182-08:00" endTime="2018-12-04T01:57:44.4374180-08:00" testType="13cdc9d9-ddb5-4fa4-a97d-d965ccfc6d4b" outcome="Passed" testListId="8c84fa94-04c1-424b-9868-57a2d4851a1d" relativeResultsDirectory="0f4c0a19-f961-42cb-b0db-6a887ca0f611" />
  </Results>
  <TestDefinitions>
    <UnitTest name="DeleteBuild_WithWebApiBuild_SetsUri" storage="d:\v2.0\p1\_work\9\bin\release.anycpu\tcm.shared\ms.vs.services.tcm.server.common.l0.tests\microsoft.visualstudio.services.tcm.server.common.l0.tests.dll" priority="1" id="fd729554-7ece-36f6-f4da-36fb1d5f9c5f">
      <Owners>
        <Owner name="vstlmtcm" />
      </Owners>
      <TestCategory>
        <TestCategoryItem TestCategory="L0" />
        <TestCategoryItem TestCategory="Team.TestResultsAndInsights" />
      </TestCategory>
      <Execution id="a77d3d77-018d-42da-a94e-129c8fa9b815" />
      <TestMethod codeBase="d:\v2.0\P1\_work\9\bin\Release.AnyCPU\Tcm.Shared\MS.VS.Services.Tcm.Server.Common.L0.Tests\Microsoft.VisualStudio.Services.Tcm.Server.Common.L0.Tests.dll" adapterTypeName="executor://mstestadapter/v2" className="Microsoft.VisualStudio.Services.Tcm.Server.Common.L0.Tests.BuildDeletedActionTests" name="DeleteBuild_WithWebApiBuild_SetsUri" />
    </UnitTest>
    <UnitTest name="UpdateTestRunChangedSignalRNotification_InValid_TestRunId" storage="d:\v2.0\p1\_work\9\bin\release.anycpu\tcm.shared\ms.vs.services.tcm.server.common.l0.tests\microsoft.visualstudio.services.tcm.server.common.l0.tests.dll" id="9729a4ba-e31d-7863-e63d-b47469c7a121">
      <Owners>
        <Owner name="vstlmtcm" />
      </Owners>
      <TestCategory>
        <TestCategoryItem TestCategory="L0" />
        <TestCategoryItem TestCategory="Team.TestResultsAndInsights" />
      </TestCategory>
      <Execution id="4d90d19f-a197-476d-87ab-9f69f2bdd950" />
      <TestMethod codeBase="d:\v2.0\P1\_work\9\bin\Release.AnyCPU\Tcm.Shared\MS.VS.Services.Tcm.Server.Common.L0.Tests\Microsoft.VisualStudio.Services.Tcm.Server.Common.L0.Tests.dll" adapterTypeName="executor://mstestadapter/v2" className="Microsoft.VisualStudio.Services.Tcm.Server.Common.L0.Tests.Plugins.TestResultActionTests" name="UpdateTestRunChangedSignalRNotification_InValid_TestRunId" />
    </UnitTest>
    <UnitTest name="RunCleanUpAction_WithoutException_IteratesUntilSuccess" storage="d:\v2.0\p1\_work\9\bin\release.anycpu\tcm.shared\ms.vs.services.tcm.server.common.l0.tests\microsoft.visualstudio.services.tcm.server.common.l0.tests.dll" priority="1" id="28c9dcf2-5e6a-59a8-9e2b-a881ac374040">
      <Owners>
        <Owner name="vstlmtcm" />
      </Owners>
      <TestCategory>
        <TestCategoryItem TestCategory="L0" />
        <TestCategoryItem TestCategory="Team.TestCaseManagement" />
      </TestCategory>
      <Execution id="1aac1437-a13a-4d22-b701-a148043a2779" />
      <TestMethod codeBase="d:\v2.0\P1\_work\9\bin\Release.AnyCPU\Tcm.Shared\MS.VS.Services.Tcm.Server.Common.L0.Tests\Microsoft.VisualStudio.Services.Tcm.Server.Common.L0.Tests.dll" adapterTypeName="executor://mstestadapter/v2" className="Microsoft.VisualStudio.Services.Tcm.Server.Common.L0.Tests.Jobs.SharedCleanupJobTests" name="RunCleanUpAction_WithoutException_IteratesUntilSuccess" />
    </UnitTest>
    <UnitTest name="UnWatchBuildOnHubShouldCallUnWatchBuildOnDispatcher" storage="d:\v2.0\p1\_work\9\bin\release.anycpu\tcm.shared\ms.vs.services.tcm.server.common.l0.tests\microsoft.visualstudio.services.tcm.server.common.l0.tests.dll" id="42581c5f-84d0-2428-eddd-c4da8e722fcf">
      <Execution id="08afeed3-08b0-4600-b135-423945322a50" />
      <TestMethod codeBase="d:\v2.0\P1\_work\9\bin\Release.AnyCPU\Tcm.Shared\MS.VS.Services.Tcm.Server.Common.L0.Tests\Microsoft.VisualStudio.Services.Tcm.Server.Common.L0.Tests.dll" adapterTypeName="executor://mstestadapter/v2" className="Microsoft.VisualStudio.Services.Tcm.Server.Common.L0.Tests.Hub.TestHubTests" name="UnWatchBuildOnHubShouldCallUnWatchBuildOnDispatcher" />
    </UnitTest>
    <UnitTest name="ProjectInitialization_NewProject_CreatesDefaultDataspace" storage="d:\v2.0\p1\_work\9\bin\release.anycpu\tcm.shared\ms.vs.services.tcm.server.common.l0.tests\microsoft.visualstudio.services.tcm.server.common.l0.tests.dll" priority="2" id="def1ddfb-cd16-1344-e28a-03760ee6f17d">
      <Owners>
        <Owner name="vstlmtcm" />
      </Owners>
      <TestCategory>
        <TestCategoryItem TestCategory="L0" />
        <TestCategoryItem TestCategory="Team.TestCaseManagement" />
      </TestCategory>
      <Execution id="bb8b5d3a-c29a-471b-91a3-86b9f217fab4" />
      <TestMethod codeBase="d:\v2.0\P1\_work\9\bin\Release.AnyCPU\Tcm.Shared\MS.VS.Services.Tcm.Server.Common.L0.Tests\Microsoft.VisualStudio.Services.Tcm.Server.Common.L0.Tests.dll" adapterTypeName="executor://mstestadapter/v2" className="Microsoft.VisualStudio.Services.Tcm.Server.Common.L0.Tests.ProjectSyncTests" name="ProjectInitialization_NewProject_CreatesDefaultDataspace" />
    </UnitTest>
    <UnitTest name="QueueDeleteRunsByRetentionSettings_DisableRunDeletionInRegistry_SkipsRunDeletion" storage="d:\v2.0\p1\_work\9\bin\release.anycpu\tcm.shared\ms.vs.services.tcm.server.common.l0.tests\microsoft.visualstudio.services.tcm.server.common.l0.tests.dll" priority="1" id="aecc428b-b149-03d1-1498-a8fce2fe23ba">
      <Owners>
        <Owner name="vstlmtcm" />
      </Owners>
      <TestCategory>
        <TestCategoryItem TestCategory="L0" />
        <TestCategoryItem TestCategory="Team.TestCaseManagement" />
      </TestCategory>
      <Execution id="22d30224-33cc-43bf-9624-2dbbe3f299ed" />
      <TestMethod codeBase="d:\v2.0\P1\_work\9\bin\Release.AnyCPU\Tcm.Shared\MS.VS.Services.Tcm.Server.Common.L0.Tests\Microsoft.VisualStudio.Services.Tcm.Server.Common.L0.Tests.dll" adapterTypeName="executor://mstestadapter/v2" className="Microsoft.VisualStudio.Services.Tcm.Server.Common.L0.Tests.Jobs.SharedCleanupJobTests" name="QueueDeleteRunsByRetentionSettings_DisableRunDeletionInRegistry_SkipsRunDeletion" />
    </UnitTest>
    <UnitTest name="MergeFileInfoShouldMergeIfLineCoverageInfoDiffers" storage="d:\v2.0\p1\_work\9\bin\release.anycpu\tcm.shared\ms.vs.services.tcm.server.common.l0.tests\microsoft.visualstudio.services.tcm.server.common.l0.tests.dll" priority="0" id="45984084-0d07-a4d1-b0cc-caac9b48011f">
      <Owners>
        <Owner name="vstlmtcm" />
      </Owners>
      <TestCategory>
        <TestCategoryItem TestCategory="L0" />
        <TestCategoryItem TestCategory="Team.TestResultsAndInsights" />
      </TestCategory>
      <Execution id="4026e92b-9a04-446b-8f07-ccab7d488d5f" />
      <TestMethod codeBase="d:\v2.0\P1\_work\9\bin\Release.AnyCPU\Tcm.Shared\MS.VS.Services.Tcm.Server.Common.L0.Tests\Microsoft.VisualStudio.Services.Tcm.Server.Common.L0.Tests.dll" adapterTypeName="executor://mstestadapter/v2" className="Microsoft.VisualStudio.Services.Tcm.Server.Common.L0.Tests.Coverage.FileCoverageInfoTests" name="MergeFileInfoShouldMergeIfLineCoverageInfoDiffers" />
    </UnitTest>
    <UnitTest name="RunCleanUpAction_WithCancellation_ReturnsTrue" storage="d:\v2.0\p1\_work\9\bin\release.anycpu\tcm.shared\ms.vs.services.tcm.server.common.l0.tests\microsoft.visualstudio.services.tcm.server.common.l0.tests.dll" priority="1" id="17387ff0-a6bf-36cf-e164-0e820b588c3b">
      <Owners>
        <Owner name="vstlmtcm" />
      </Owners>
      <TestCategory>
        <TestCategoryItem TestCategory="L0" />
        <TestCategoryItem TestCategory="Team.TestCaseManagement" />
      </TestCategory>
      <Execution id="474a627c-bfee-4989-9043-54ecd7909c8d" />
      <TestMethod codeBase="d:\v2.0\P1\_work\9\bin\Release.AnyCPU\Tcm.Shared\MS.VS.Services.Tcm.Server.Common.L0.Tests\Microsoft.VisualStudio.Services.Tcm.Server.Common.L0.Tests.dll" adapterTypeName="executor://mstestadapter/v2" className="Microsoft.VisualStudio.Services.Tcm.Server.Common.L0.Tests.Jobs.SharedCleanupJobTests" name="RunCleanUpAction_WithCancellation_ReturnsTrue" />
    </UnitTest>
    <UnitTest name="QueueDeleteRunsByRetentionSettings_WithAutomatedAndManualDeleteCount_PublishesTelemetry" storage="d:\v2.0\p1\_work\9\bin\release.anycpu\tcm.shared\ms.vs.services.tcm.server.common.l0.tests\microsoft.visualstudio.services.tcm.server.common.l0.tests.dll" priority="1" id="25ddba23-61d8-7130-809f-7e055113beb6">
      <Owners>
        <Owner name="vstlmtcm" />
      </Owners>
      <TestCategory>
        <TestCategoryItem TestCategory="L0" />
        <TestCategoryItem TestCategory="Team.TestCaseManagement" />
      </TestCategory>
      <Execution id="2a3a754d-1944-415e-99ed-31e5eb6dac1b" />
      <TestMethod codeBase="d:\v2.0\P1\_work\9\bin\Release.AnyCPU\Tcm.Shared\MS.VS.Services.Tcm.Server.Common.L0.Tests\Microsoft.VisualStudio.Services.Tcm.Server.Common.L0.Tests.dll" adapterTypeName="executor://mstestadapter/v2" className="Microsoft.VisualStudio.Services.Tcm.Server.Common.L0.Tests.Jobs.SharedCleanupJobTests" name="QueueDeleteRunsByRetentionSettings_WithAutomatedAndManualDeleteCount_PublishesTelemetry" />
    </UnitTest>
    <UnitTest name="DeleteBuild_DeleteTestRequestIsSet_DeletesBuild" storage="d:\v2.0\p1\_work\9\bin\release.anycpu\tcm.shared\ms.vs.services.tcm.server.common.l0.tests\microsoft.visualstudio.services.tcm.server.common.l0.tests.dll" priority="1" id="cc4d2c37-9967-1c9e-52c9-ce528dee7b99">
      <Owners>
        <Owner name="vstlmtcm" />
      </Owners>
      <TestCategory>
        <TestCategoryItem TestCategory="L0" />
        <TestCategoryItem TestCategory="Team.TestResultsAndInsights" />
      </TestCategory>
      <Execution id="45480c9d-e7f2-4d2d-9792-8f4c28722684" />
      <TestMethod codeBase="d:\v2.0\P1\_work\9\bin\Release.AnyCPU\Tcm.Shared\MS.VS.Services.Tcm.Server.Common.L0.Tests\Microsoft.VisualStudio.Services.Tcm.Server.Common.L0.Tests.dll" adapterTypeName="executor://mstestadapter/v2" className="Microsoft.VisualStudio.Services.Tcm.Server.Common.L0.Tests.BuildDeletedActionTests" name="DeleteBuild_DeleteTestRequestIsSet_DeletesBuild" />
    </UnitTest>
    <UnitTest name="UploadMergedCoverageFileTestWhenContainerAlreadyExist" storage="d:\v2.0\p1\_work\9\bin\release.anycpu\tcm.shared\ms.vs.services.tcm.server.common.l0.tests\microsoft.visualstudio.services.tcm.server.common.l0.tests.dll" priority="0" id="6618f33f-8830-9b83-7932-ff35d2b70b54">
      <Owners>
        <Owner name="vstlmtcm" />
      </Owners>
      <TestCategory>
        <TestCategoryItem TestCategory="L0" />
        <TestCategoryItem TestCategory="Team.TestResultsAndInsights" />
      </TestCategory>
      <Execution id="1681fa50-d378-4604-8d7d-3f9c71807348" />
      <TestMethod codeBase="d:\v2.0\P1\_work\9\bin\Release.AnyCPU\Tcm.Shared\MS.VS.Services.Tcm.Server.Common.L0.Tests\Microsoft.VisualStudio.Services.Tcm.Server.Common.L0.Tests.dll" adapterTypeName="executor://mstestadapter/v2" className="Microsoft.VisualStudio.Services.Tcm.Server.Common.L0.Tests.Coverage.TCMAttachmentCoverageStorageTests" name="UploadMergedCoverageFileTestWhenContainerAlreadyExist" />
    </UnitTest>
    <UnitTest name="DeleteReleasesShouldNotHitDBIfRealeaseIdsAreNotProvided" storage="d:\v2.0\p1\_work\9\bin\release.anycpu\tcm.shared\ms.vs.services.tcm.server.common.l0.tests\microsoft.visualstudio.services.tcm.server.common.l0.tests.dll" id="ae893fa3-ce11-4ff8-5db5-d34fecb3e059">
      <Owners>
        <Owner name="harjain" />
      </Owners>
      <TestCategory>
        <TestCategoryItem TestCategory="L0" />
        <TestCategoryItem TestCategory="Team.TestResultsAndInsights" />
      </TestCategory>
      <Execution id="aa4252c1-f134-4c2c-859c-a113223d06f0" />
      <TestMethod codeBase="d:\v2.0\P1\_work\9\bin\Release.AnyCPU\Tcm.Shared\MS.VS.Services.Tcm.Server.Common.L0.Tests\Microsoft.VisualStudio.Services.Tcm.Server.Common.L0.Tests.dll" adapterTypeName="executor://mstestadapter/v2" className="Microsoft.VisualStudio.Services.Tcm.Server.Common.L0.Tests.Plugins.DeploymentActionTests" name="DeleteReleasesShouldNotHitDBIfRealeaseIdsAreNotProvided" />
    </UnitTest>
    <UnitTest name="Execute_NullDefinition_Fails" storage="d:\v2.0\p1\_work\9\bin\release.anycpu\tcm.shared\ms.vs.services.tcm.server.common.l0.tests\microsoft.visualstudio.services.tcm.server.common.l0.tests.dll" priority="2" id="2f82bb06-2978-7459-40a5-e968c6feeec9">
      <Owners>
        <Owner name="vstlmtcm" />
      </Owners>
      <TestCategory>
        <TestCategoryItem TestCategory="L0" />
        <TestCategoryItem TestCategory="Team.TestCaseManagement" />
      </TestCategory>
      <Execution id="a1b492a2-3545-4278-b157-a586087e309a" />
      <TestMethod codeBase="d:\v2.0\P1\_work\9\bin\Release.AnyCPU\Tcm.Shared\MS.VS.Services.Tcm.Server.Common.L0.Tests\Microsoft.VisualStudio.Services.Tcm.Server.Common.L0.Tests.dll" adapterTypeName="executor://mstestadapter/v2" className="Microsoft.VisualStudio.Services.Tcm.Server.Common.L0.Tests.Jobs.SharedPublishResultsJobTests" name="Execute_NullDefinition_Fails" />
    </UnitTest>
    <UnitTest name="VerifyReleaseHandleTestRunChangedQueuesAJob" storage="d:\v2.0\p1\_work\9\bin\release.anycpu\tcm.shared\ms.vs.services.tcm.server.common.l0.tests\microsoft.visualstudio.services.tcm.server.common.l0.tests.dll" priority="0" id="c3767d10-7093-91ce-708b-8f82d7b039ac">
      <Owners>
        <Owner name="vstlmtcm" />
      </Owners>
      <TestCategory>
        <TestCategoryItem TestCategory="L0" />
      </TestCategory>
      <Execution id="0b51f041-17d4-4dd5-a5d5-dc073d9debed" />
      <TestMethod codeBase="d:\v2.0\P1\_work\9\bin\Release.AnyCPU\Tcm.Shared\MS.VS.Services.Tcm.Server.Common.L0.Tests\Microsoft.VisualStudio.Services.Tcm.Server.Common.L0.Tests.dll" adapterTypeName="executor://mstestadapter/v2" className="Microsoft.VisualStudio.Services.Tcm.Server.Common.L0.Tests.Hub.TestHubDispatcherTests" name="VerifyReleaseHandleTestRunChangedQueuesAJob" />
    </UnitTest>
    <UnitTest name="QueueDeleteRunsByRetentionSettings_RequestCanceled_SkipsRunDeletion" storage="d:\v2.0\p1\_work\9\bin\release.anycpu\tcm.shared\ms.vs.services.tcm.server.common.l0.tests\microsoft.visualstudio.services.tcm.server.common.l0.tests.dll" priority="1" id="f350b749-c59c-1672-005b-fabd676985fd">
      <Owners>
        <Owner name="vstlmtcm" />
      </Owners>
      <TestCategory>
        <TestCategoryItem TestCategory="L0" />
        <TestCategoryItem TestCategory="Team.TestCaseManagement" />
      </TestCategory>
      <Execution id="8c0edb30-4d76-4da0-a13c-d3ecbbcf71e9" />
      <TestMethod codeBase="d:\v2.0\P1\_work\9\bin\Release.AnyCPU\Tcm.Shared\MS.VS.Services.Tcm.Server.Common.L0.Tests\Microsoft.VisualStudio.Services.Tcm.Server.Common.L0.Tests.dll" adapterTypeName="executor://mstestadapter/v2" className="Microsoft.VisualStudio.Services.Tcm.Server.Common.L0.Tests.Jobs.SharedCleanupJobTests" name="QueueDeleteRunsByRetentionSettings_RequestCanceled_SkipsRunDeletion" />
    </UnitTest>
    <UnitTest name="UpdateTestRunChangedSignalRNotification_InvalidProject_ThrowsException" storage="d:\v2.0\p1\_work\9\bin\release.anycpu\tcm.shared\ms.vs.services.tcm.server.common.l0.tests\microsoft.visualstudio.services.tcm.server.common.l0.tests.dll" id="c587bb0c-ec26-ce0c-5534-012a8346a97e">
      <Owners>
        <Owner name="vstlmtcm" />
      </Owners>
      <TestCategory>
        <TestCategoryItem TestCategory="L0" />
        <TestCategoryItem TestCategory="Team.TestResultsAndInsights" />
      </TestCategory>
      <Execution id="b7481afb-b1da-4264-b773-c16de2a9b876" />
      <TestMethod codeBase="d:\v2.0\P1\_work\9\bin\Release.AnyCPU\Tcm.Shared\MS.VS.Services.Tcm.Server.Common.L0.Tests\Microsoft.VisualStudio.Services.Tcm.Server.Common.L0.Tests.dll" adapterTypeName="executor://mstestadapter/v2" className="Microsoft.VisualStudio.Services.Tcm.Server.Common.L0.Tests.Plugins.TestResultActionTests" name="UpdateTestRunChangedSignalRNotification_InvalidProject_ThrowsException" />
    </UnitTest>
    <UnitTest name="FileCoverageProviderTests_UploadFileCoverageInfo" storage="d:\v2.0\p1\_work\9\bin\release.anycpu\tcm.shared\ms.vs.services.tcm.server.common.l0.tests\microsoft.visualstudio.services.tcm.server.common.l0.tests.dll" id="e33f09de-6ca8-94e9-aca1-bca82f850031">
      <Owners>
        <Owner name="vstlmtcm" />
      </Owners>
      <TestCategory>
        <TestCategoryItem TestCategory="L0" />
        <TestCategoryItem TestCategory="Team.TestResultsAndInsights" />
      </TestCategory>
      <Execution id="2dfb3d79-0bac-4a84-89bc-8454f7065561" />
      <TestMethod codeBase="d:\v2.0\P1\_work\9\bin\Release.AnyCPU\Tcm.Shared\MS.VS.Services.Tcm.Server.Common.L0.Tests\Microsoft.VisualStudio.Services.Tcm.Server.Common.L0.Tests.dll" adapterTypeName="executor://mstestadapter/v2" className="Microsoft.VisualStudio.Services.Tcm.Server.Common.L0.Tests.FileCoverageProviderTests" name="FileCoverageProviderTests_UploadFileCoverageInfo" />
    </UnitTest>
    <UnitTest name="CleanTestRuns_WithMaxRetriesDone_ResetsJobData" storage="d:\v2.0\p1\_work\9\bin\release.anycpu\tcm.shared\ms.vs.services.tcm.server.common.l0.tests\microsoft.visualstudio.services.tcm.server.common.l0.tests.dll" priority="1" id="047dc96e-31c3-8f55-54d9-289ec0397e6c">
      <Owners>
        <Owner name="vstlmtcm" />
      </Owners>
      <TestCategory>
        <TestCategoryItem TestCategory="L0" />
        <TestCategoryItem TestCategory="Team.TestCaseManagement" />
      </TestCategory>
      <Execution id="b3bdd8fb-9485-4947-a022-e7fceed95854" />
      <TestMethod codeBase="d:\v2.0\P1\_work\9\bin\Release.AnyCPU\Tcm.Shared\MS.VS.Services.Tcm.Server.Common.L0.Tests\Microsoft.VisualStudio.Services.Tcm.Server.Common.L0.Tests.dll" adapterTypeName="executor://mstestadapter/v2" className="Microsoft.VisualStudio.Services.Tcm.Server.Common.L0.Tests.Jobs.SharedCleanupJobTests" name="CleanTestRuns_WithMaxRetriesDone_ResetsJobData" />
    </UnitTest>
    <UnitTest name="CreateTestRunWithInvalidProjectId" storage="d:\v2.0\p1\_work\9\bin\release.anycpu\tcm.shared\ms.vs.services.tcm.server.common.l0.tests\microsoft.visualstudio.services.tcm.server.common.l0.tests.dll" priority="1" id="a9fd0979-a22c-1f05-d679-3161092b0c39">
      <Owners>
        <Owner name="vstlmtcm" />
      </Owners>
      <TestCategory>
        <TestCategoryItem TestCategory="L0" />
        <TestCategoryItem TestCategory="Team.TestResultsAndInsights" />
      </TestCategory>
      <Execution id="965ad963-b924-4973-84c3-5a7b994d89c2" />
      <TestMethod codeBase="d:\v2.0\P1\_work\9\bin\Release.AnyCPU\Tcm.Shared\MS.VS.Services.Tcm.Server.Common.L0.Tests\Microsoft.VisualStudio.Services.Tcm.Server.Common.L0.Tests.dll" adapterTypeName="executor://mstestadapter/v2" className="Microsoft.VisualStudio.Services.Tcm.Server.Common.L0.Tests.CreateTestRunTests" name="CreateTestRunWithInvalidProjectId" />
    </UnitTest>
    <UnitTest name="TestQueryCoverageChanges" storage="d:\v2.0\p1\_work\9\bin\release.anycpu\tcm.shared\ms.vs.services.tcm.server.common.l0.tests\microsoft.visualstudio.services.tcm.server.common.l0.tests.dll" priority="1" id="a331dc04-4ae7-02e8-a7e2-7f909508fd9b">
      <Owners>
        <Owner name="abhishk" />
      </Owners>
      <TestCategory>
        <TestCategoryItem TestCategory="L0" />
        <TestCategoryItem TestCategory="Team.DTA" />
      </TestCategory>
      <Execution id="02b2286f-dffe-4a17-8b9c-8feaf934c82e" />
      <TestMethod codeBase="d:\v2.0\P1\_work\9\bin\Release.AnyCPU\Tcm.Shared\MS.VS.Services.Tcm.Server.Common.L0.Tests\Microsoft.VisualStudio.Services.Tcm.Server.Common.L0.Tests.dll" adapterTypeName="executor://mstestadapter/v2" className="Microsoft.VisualStudio.Services.Tcm.Server.Common.L0.Tests.Jobs.SharedCoverageAnalyzerJobTests" name="TestQueryCoverageChanges" />
    </UnitTest>
    <UnitTest name="Execute_WithSetOfSteps_RunsAllSteps" storage="d:\v2.0\p1\_work\9\bin\release.anycpu\tcm.shared\ms.vs.services.tcm.server.common.l0.tests\microsoft.visualstudio.services.tcm.server.common.l0.tests.dll" priority="1" id="b2913803-979b-d673-9608-64427eb584f9">
      <Owners>
        <Owner name="vstlmtcm" />
      </Owners>
      <TestCategory>
        <TestCategoryItem TestCategory="L0" />
        <TestCategoryItem TestCategory="Team.TestCaseManagement" />
      </TestCategory>
      <Execution id="07b8bbbf-4ef0-4acc-a178-5c7a8123319f" />
      <TestMethod codeBase="d:\v2.0\P1\_work\9\bin\Release.AnyCPU\Tcm.Shared\MS.VS.Services.Tcm.Server.Common.L0.Tests\Microsoft.VisualStudio.Services.Tcm.Server.Common.L0.Tests.dll" adapterTypeName="executor://mstestadapter/v2" className="Microsoft.VisualStudio.Services.Tcm.Server.Common.L0.Tests.Jobs.SharedCleanupJobTests" name="Execute_WithSetOfSteps_RunsAllSteps" />
    </UnitTest>
    <UnitTest name="AbortNotStartedRunAssociatedWithFailedReleaseEnvironment_DeploymentIsSuccessful_RunNotAborted" storage="d:\v2.0\p1\_work\9\bin\release.anycpu\tcm.shared\ms.vs.services.tcm.server.common.l0.tests\microsoft.visualstudio.services.tcm.server.common.l0.tests.dll" id="f6f1dee1-2fc9-b81f-c8f8-ab0aa19d3c2e">
      <Owners>
        <Owner name="vstlmtcm" />
      </Owners>
      <TestCategory>
        <TestCategoryItem TestCategory="L0" />
        <TestCategoryItem TestCategory="Team.TestResultsAndInsights" />
      </TestCategory>
      <Execution id="aaf8b2fa-d0d6-47d0-96d1-92fab0b7e05a" />
      <TestMethod codeBase="d:\v2.0\P1\_work\9\bin\Release.AnyCPU\Tcm.Shared\MS.VS.Services.Tcm.Server.Common.L0.Tests\Microsoft.VisualStudio.Services.Tcm.Server.Common.L0.Tests.dll" adapterTypeName="executor://mstestadapter/v2" className="Microsoft.VisualStudio.Services.Tcm.Server.Common.L0.Tests.Plugins.DeploymentActionTests" name="AbortNotStartedRunAssociatedWithFailedReleaseEnvironment_DeploymentIsSuccessful_RunNotAborted" />
    </UnitTest>
    <UnitTest name="CreateTestRunWithNoOwner" storage="d:\v2.0\p1\_work\9\bin\release.anycpu\tcm.shared\ms.vs.services.tcm.server.common.l0.tests\microsoft.visualstudio.services.tcm.server.common.l0.tests.dll" priority="1" id="c6d46028-b426-d3ea-f7c4-a1230752650a">
      <Owners>
        <Owner name="vstlmtcm" />
      </Owners>
      <TestCategory>
        <TestCategoryItem TestCategory="L0" />
        <TestCategoryItem TestCategory="Team.TestResultsAndInsights" />
      </TestCategory>
      <Execution id="21db0459-7cd5-41e8-9697-0d66d68543e2" />
      <TestMethod codeBase="d:\v2.0\P1\_work\9\bin\Release.AnyCPU\Tcm.Shared\MS.VS.Services.Tcm.Server.Common.L0.Tests\Microsoft.VisualStudio.Services.Tcm.Server.Common.L0.Tests.dll" adapterTypeName="executor://mstestadapter/v2" className="Microsoft.VisualStudio.Services.Tcm.Server.Common.L0.Tests.CreateTestRunTests" name="CreateTestRunWithNoOwner" />
    </UnitTest>
    <UnitTest name="FindApplicablePolicy_EmptyRetentionRules_DefaultRetention" storage="d:\v2.0\p1\_work\9\bin\release.anycpu\tcm.shared\ms.vs.services.tcm.server.common.l0.tests\microsoft.visualstudio.services.tcm.server.common.l0.tests.dll" priority="1" id="74e33702-e4d9-fc73-df26-848473aa3c48">
      <Owners>
        <Owner name="vstlmtcm" />
      </Owners>
      <TestCategory>
        <TestCategoryItem TestCategory="L0" />
        <TestCategoryItem TestCategory="Team.TestResultsAndInsights" />
      </TestCategory>
      <Execution id="0363eb3a-fbc0-4182-80eb-17cc8023c625" />
      <TestMethod codeBase="d:\v2.0\P1\_work\9\bin\Release.AnyCPU\Tcm.Shared\MS.VS.Services.Tcm.Server.Common.L0.Tests\Microsoft.VisualStudio.Services.Tcm.Server.Common.L0.Tests.dll" adapterTypeName="executor://mstestadapter/v2" className="Microsoft.VisualStudio.Services.Tcm.Server.Common.L0.Tests.BuildDeletedActionTests" name="FindApplicablePolicy_EmptyRetentionRules_DefaultRetention" />
    </UnitTest>
    <UnitTest name="CancelTestRunFiresRunCancelRequestedNotification" storage="d:\v2.0\p1\_work\9\bin\release.anycpu\tcm.shared\ms.vs.services.tcm.server.common.l0.tests\microsoft.visualstudio.services.tcm.server.common.l0.tests.dll" priority="1" id="e61ab353-abb8-77e5-f821-9b6644e6c23a">
      <Owners>
        <Owner name="vstlmtcm" />
      </Owners>
      <TestCategory>
        <TestCategoryItem TestCategory="L0" />
        <TestCategoryItem TestCategory="Team.TestResultsAndInsights" />
      </TestCategory>
      <Execution id="2eb4d48f-d32d-49d0-a29c-7d9e05e3cc17" />
      <TestMethod codeBase="d:\v2.0\P1\_work\9\bin\Release.AnyCPU\Tcm.Shared\MS.VS.Services.Tcm.Server.Common.L0.Tests\Microsoft.VisualStudio.Services.Tcm.Server.Common.L0.Tests.dll" adapterTypeName="executor://mstestadapter/v2" className="Microsoft.VisualStudio.Services.Tcm.Server.Common.L0.Tests.CancelTestRunTests" name="CancelTestRunFiresRunCancelRequestedNotification" />
    </UnitTest>
    <UnitTest name="TestPrCommentCreationForCoverageNotFound" storage="d:\v2.0\p1\_work\9\bin\release.anycpu\tcm.shared\ms.vs.services.tcm.server.common.l0.tests\microsoft.visualstudio.services.tcm.server.common.l0.tests.dll" priority="0" id="12ff644d-75a5-6ceb-c639-0761161a4565">
      <Owners>
        <Owner name="vsinautotest" />
      </Owners>
      <TestCategory>
        <TestCategoryItem TestCategory="L0" />
        <TestCategoryItem TestCategory="Team.TestResultsAndInsights" />
      </TestCategory>
      <Execution id="b616ad50-20fe-45f7-86bb-81dc7fa3574e" />
      <TestMethod codeBase="d:\v2.0\P1\_work\9\bin\Release.AnyCPU\Tcm.Shared\MS.VS.Services.Tcm.Server.Common.L0.Tests\Microsoft.VisualStudio.Services.Tcm.Server.Common.L0.Tests.dll" adapterTypeName="executor://mstestadapter/v2" className="Microsoft.VisualStudio.Services.Tcm.Server.Common.L0.Tests.Coverage.MarkDownCommentTests" name="TestPrCommentCreationForCoverageNotFound" />
    </UnitTest>
    <UnitTest name="Execute_TriSignalRReportingRuns_SkipSendingSignals" storage="d:\v2.0\p1\_work\9\bin\release.anycpu\tcm.shared\ms.vs.services.tcm.server.common.l0.tests\microsoft.visualstudio.services.tcm.server.common.l0.tests.dll" priority="1" id="71a4fc69-7447-c07d-0bb5-a313af2198af">
      <Owners>
        <Owner name="vstlmtcm" />
      </Owners>
      <TestCategory>
        <TestCategoryItem TestCategory="L0" />
        <TestCategoryItem TestCategory="Team.TestCaseManagement" />
      </TestCategory>
      <Execution id="63b86113-72fc-4936-8c1b-e165c3e783f0" />
      <TestMethod codeBase="d:\v2.0\P1\_work\9\bin\Release.AnyCPU\Tcm.Shared\MS.VS.Services.Tcm.Server.Common.L0.Tests\Microsoft.VisualStudio.Services.Tcm.Server.Common.L0.Tests.dll" adapterTypeName="executor://mstestadapter/v2" className="Microsoft.VisualStudio.Services.Tcm.Server.Common.L0.Tests.Jobs.SharedTestSignalProcessorJobTests" name="Execute_TriSignalRReportingRuns_SkipSendingSignals" />
    </UnitTest>
    <UnitTest name="GetIntermediateCoverageAttachmentsTestForOneFileWithGuidInNameWithOutMetaData" storage="d:\v2.0\p1\_work\9\bin\release.anycpu\tcm.shared\ms.vs.services.tcm.server.common.l0.tests\microsoft.visualstudio.services.tcm.server.common.l0.tests.dll" priority="0" id="00659f0c-3f0a-c3f1-5426-61ddf3c3486e">
      <Owners>
        <Owner name="vstlmtcm" />
      </Owners>
      <TestCategory>
        <TestCategoryItem TestCategory="L0" />
        <TestCategoryItem TestCategory="Team.TestResultsAndInsights" />
      </TestCategory>
      <Execution id="7be5b408-f28e-4d53-aa0e-0a2d79c0e112" />
      <TestMethod codeBase="d:\v2.0\P1\_work\9\bin\Release.AnyCPU\Tcm.Shared\MS.VS.Services.Tcm.Server.Common.L0.Tests\Microsoft.VisualStudio.Services.Tcm.Server.Common.L0.Tests.dll" adapterTypeName="executor://mstestadapter/v2" className="Microsoft.VisualStudio.Services.Tcm.Server.Common.L0.Tests.Coverage.TcmLogStoreCoverageStorageTests" name="GetIntermediateCoverageAttachmentsTestForOneFileWithGuidInNameWithOutMetaData" />
    </UnitTest>
    <UnitTest name="VerifyNoConnectionString" storage="d:\v2.0\p1\_work\9\bin\release.anycpu\tcm.shared\ms.vs.services.tcm.server.common.l0.tests\microsoft.visualstudio.services.tcm.server.common.l0.tests.dll" priority="1" id="7beaa01b-fbd4-158d-4dad-d1b24526157d">
      <Owners>
        <Owner name="vstlmtcm" />
      </Owners>
      <Execution id="246e680a-a3e3-4d71-963f-eb3b42715da0" />
      <TestMethod codeBase="d:\v2.0\P1\_work\9\bin\Release.AnyCPU\Tcm.Shared\MS.VS.Services.Tcm.Server.Common.L0.Tests\Microsoft.VisualStudio.Services.Tcm.Server.Common.L0.Tests.dll" adapterTypeName="executor://mstestadapter/v2" className="Microsoft.VisualStudio.Services.Tcm.Server.Common.L0.Tests.TeamFoundationTestLogStoreServiceTests" name="VerifyNoConnectionString" />
    </UnitTest>
    <UnitTest name="ValidateHandleBuildsDeletedEvent" storage="d:\v2.0\p1\_work\9\bin\release.anycpu\tcm.shared\ms.vs.services.tcm.server.common.l0.tests\microsoft.visualstudio.services.tcm.server.common.l0.tests.dll" priority="0" id="22752d96-818c-0b37-8b1d-710212f1eb31">
      <Owners>
        <Owner name="vstlmtcm" />
      </Owners>
      <TestCategory>
        <TestCategoryItem TestCategory="L0" />
        <TestCategoryItem TestCategory="Team.TestResultsAndInsights" />
      </TestCategory>
      <Execution id="811cf3f9-1a8b-46ec-a236-efc5042e7c67" />
      <TestMethod codeBase="d:\v2.0\P1\_work\9\bin\Release.AnyCPU\Tcm.Shared\MS.VS.Services.Tcm.Server.Common.L0.Tests\Microsoft.VisualStudio.Services.Tcm.Server.Common.L0.Tests.dll" adapterTypeName="executor://mstestadapter/v2" className="Microsoft.VisualStudio.Services.Tcm.Server.Common.L0.Tests.Coverage.ModuleCoverageBuildEventListenerTests" name="ValidateHandleBuildsDeletedEvent" />
    </UnitTest>
    <UnitTest name="FindApplicablePolicy_MultiplePolicies_RetentionWithMaxDaysToKeep" storage="d:\v2.0\p1\_work\9\bin\release.anycpu\tcm.shared\ms.vs.services.tcm.server.common.l0.tests\microsoft.visualstudio.services.tcm.server.common.l0.tests.dll" priority="1" id="efed76f4-3ca9-7247-9e51-e94dff596f72">
      <Owners>
        <Owner name="vstlmtcm" />
      </Owners>
      <TestCategory>
        <TestCategoryItem TestCategory="L0" />
        <TestCategoryItem TestCategory="Team.TestResultsAndInsights" />
      </TestCategory>
      <Execution id="fad54a75-9af5-4e0a-9033-b9e445624faa" />
      <TestMethod codeBase="d:\v2.0\P1\_work\9\bin\Release.AnyCPU\Tcm.Shared\MS.VS.Services.Tcm.Server.Common.L0.Tests\Microsoft.VisualStudio.Services.Tcm.Server.Common.L0.Tests.dll" adapterTypeName="executor://mstestadapter/v2" className="Microsoft.VisualStudio.Services.Tcm.Server.Common.L0.Tests.BuildDeletedActionTests" name="FindApplicablePolicy_MultiplePolicies_RetentionWithMaxDaysToKeep" />
    </UnitTest>
    <UnitTest name="Validate_BatchTestCaseResultsWithGreaterBatchSize" storage="d:\v2.0\p1\_work\9\bin\release.anycpu\tcm.shared\ms.vs.services.tcm.server.common.l0.tests\microsoft.visualstudio.services.tcm.server.common.l0.tests.dll" priority="2" id="bbf3d84b-4aff-c3da-4c68-81f45678dbec">
      <Owners>
        <Owner name="vstlmtcm" />
      </Owners>
      <TestCategory>
        <TestCategoryItem TestCategory="L0" />
        <TestCategoryItem TestCategory="Team.TestCaseManagement" />
      </TestCategory>
      <Execution id="b11dbfb3-3ab2-46d5-b4a8-365bf6d13ada" />
      <TestMethod codeBase="d:\v2.0\P1\_work\9\bin\Release.AnyCPU\Tcm.Shared\MS.VS.Services.Tcm.Server.Common.L0.Tests\Microsoft.VisualStudio.Services.Tcm.Server.Common.L0.Tests.dll" adapterTypeName="executor://mstestadapter/v2" className="Microsoft.VisualStudio.Services.Tcm.Server.Common.L0.Tests.Jobs.SharedPublishResultsJobTests" name="Validate_BatchTestCaseResultsWithGreaterBatchSize" />
    </UnitTest>
    <UnitTest name="VerifyDownloadTestLog" storage="d:\v2.0\p1\_work\9\bin\release.anycpu\tcm.shared\ms.vs.services.tcm.server.common.l0.tests\microsoft.visualstudio.services.tcm.server.common.l0.tests.dll" id="bc1dcf79-5a6a-9be6-693f-585970252703">
      <Owners>
        <Owner name="vstlmtcm" />
      </Owners>
      <TestCategory>
        <TestCategoryItem TestCategory="L0" />
        <TestCategoryItem TestCategory="Team.TestResultsAndInsights" />
      </TestCategory>
      <Execution id="3ad80b8f-5b26-4562-9489-910dd13ac3c3" />
      <TestMethod codeBase="d:\v2.0\P1\_work\9\bin\Release.AnyCPU\Tcm.Shared\MS.VS.Services.Tcm.Server.Common.L0.Tests\Microsoft.VisualStudio.Services.Tcm.Server.Common.L0.Tests.dll" adapterTypeName="executor://mstestadapter/v2" className="Microsoft.VisualStudio.Services.Tcm.Server.Common.L0.Tests.TestLogStoreClientServiceTests" name="VerifyDownloadTestLog" />
    </UnitTest>
    <UnitTest name="UpdateTestRunSummaryOnAddResults_NoResults_DoesNotUpdateSummary" storage="d:\v2.0\p1\_work\9\bin\release.anycpu\tcm.shared\ms.vs.services.tcm.server.common.l0.tests\microsoft.visualstudio.services.tcm.server.common.l0.tests.dll" id="fdef44be-e86d-9c45-b0e0-764df50ab523">
      <Owners>
        <Owner name="vstlmtcm" />
      </Owners>
      <TestCategory>
        <TestCategoryItem TestCategory="L0" />
        <TestCategoryItem TestCategory="Team.TestResultsAndInsights" />
      </TestCategory>
      <Execution id="5ede6634-c549-423c-bb00-83e7921d227b" />
      <TestMethod codeBase="d:\v2.0\P1\_work\9\bin\Release.AnyCPU\Tcm.Shared\MS.VS.Services.Tcm.Server.Common.L0.Tests\Microsoft.VisualStudio.Services.Tcm.Server.Common.L0.Tests.dll" adapterTypeName="executor://mstestadapter/v2" className="Microsoft.VisualStudio.Services.Tcm.Server.Common.L0.Tests.Plugins.TestResultActionTests" name="UpdateTestRunSummaryOnAddResults_NoResults_DoesNotUpdateSummary" />
    </UnitTest>
    <UnitTest name="CancelTestRunFiresRunChangedNotification" storage="d:\v2.0\p1\_work\9\bin\release.anycpu\tcm.shared\ms.vs.services.tcm.server.common.l0.tests\microsoft.visualstudio.services.tcm.server.common.l0.tests.dll" priority="1" id="4d91b25a-575d-6395-af5d-07424f907ff1">
      <Owners>
        <Owner name="vstlmtcm" />
      </Owners>
      <TestCategory>
        <TestCategoryItem TestCategory="L0" />
        <TestCategoryItem TestCategory="Team.TestResultsAndInsights" />
      </TestCategory>
      <Execution id="8ff30a25-f91b-4054-8d41-8b2543ef568c" />
      <TestMethod codeBase="d:\v2.0\P1\_work\9\bin\Release.AnyCPU\Tcm.Shared\MS.VS.Services.Tcm.Server.Common.L0.Tests\Microsoft.VisualStudio.Services.Tcm.Server.Common.L0.Tests.dll" adapterTypeName="executor://mstestadapter/v2" className="Microsoft.VisualStudio.Services.Tcm.Server.Common.L0.Tests.CancelTestRunTests" name="CancelTestRunFiresRunChangedNotification" />
    </UnitTest>
    <UnitTest name="CancelTestRunWithInvalidProjectName" storage="d:\v2.0\p1\_work\9\bin\release.anycpu\tcm.shared\ms.vs.services.tcm.server.common.l0.tests\microsoft.visualstudio.services.tcm.server.common.l0.tests.dll" priority="1" id="391a0ae6-ff09-2633-a72c-1685acf8b03b">
      <Owners>
        <Owner name="vstlmtcm" />
      </Owners>
      <TestCategory>
        <TestCategoryItem TestCategory="L0" />
        <TestCategoryItem TestCategory="Team.TestResultsAndInsights" />
      </TestCategory>
      <Execution id="4796427f-6355-4d24-bd0e-1c36151e660a" />
      <TestMethod codeBase="d:\v2.0\P1\_work\9\bin\Release.AnyCPU\Tcm.Shared\MS.VS.Services.Tcm.Server.Common.L0.Tests\Microsoft.VisualStudio.Services.Tcm.Server.Common.L0.Tests.dll" adapterTypeName="executor://mstestadapter/v2" className="Microsoft.VisualStudio.Services.Tcm.Server.Common.L0.Tests.CancelTestRunTests" name="CancelTestRunWithInvalidProjectName" />
    </UnitTest>
    <UnitTest name="Validate_BatchTestCaseResultsWithBatchSizeOne" storage="d:\v2.0\p1\_work\9\bin\release.anycpu\tcm.shared\ms.vs.services.tcm.server.common.l0.tests\microsoft.visualstudio.services.tcm.server.common.l0.tests.dll" priority="2" id="2d34d8b1-1413-3b36-706d-8811cf42fbaf">
      <Owners>
        <Owner name="vstlmtcm" />
      </Owners>
      <TestCategory>
        <TestCategoryItem TestCategory="L0" />
        <TestCategoryItem TestCategory="Team.TestCaseManagement" />
      </TestCategory>
      <Execution id="7de4eec2-6e0d-4e22-8b4e-f2c209d3a202" />
      <TestMethod codeBase="d:\v2.0\P1\_work\9\bin\Release.AnyCPU\Tcm.Shared\MS.VS.Services.Tcm.Server.Common.L0.Tests\Microsoft.VisualStudio.Services.Tcm.Server.Common.L0.Tests.dll" adapterTypeName="executor://mstestadapter/v2" className="Microsoft.VisualStudio.Services.Tcm.Server.Common.L0.Tests.Jobs.SharedPublishResultsJobTests" name="Validate_BatchTestCaseResultsWithBatchSizeOne" />
    </UnitTest>
    <UnitTest name="IncludeTestResults_FeatureFlagDisable_ReturnsFalse" storage="d:\v2.0\p1\_work\9\bin\release.anycpu\tcm.shared\ms.vs.services.tcm.server.common.l0.tests\microsoft.visualstudio.services.tcm.server.common.l0.tests.dll" priority="1" id="346f921a-e28d-bbf6-9a77-7783e9bfe7ba">
      <Owners>
        <Owner name="vstlmtcm" />
      </Owners>
      <TestCategory>
        <TestCategoryItem TestCategory="L0" />
        <TestCategoryItem TestCategory="Team.TestResultsAndInsights" />
      </TestCategory>
      <Execution id="396a59a9-0747-46f9-ba76-bef8f527f137" />
      <TestMethod codeBase="d:\v2.0\P1\_work\9\bin\Release.AnyCPU\Tcm.Shared\MS.VS.Services.Tcm.Server.Common.L0.Tests\Microsoft.VisualStudio.Services.Tcm.Server.Common.L0.Tests.dll" adapterTypeName="executor://mstestadapter/v2" className="Microsoft.VisualStudio.Services.Tcm.Server.Common.L0.Tests.BuildDeletedActionTests" name="IncludeTestResults_FeatureFlagDisable_ReturnsFalse" />
    </UnitTest>
    <UnitTest name="QueueDeleteRunsByRetentionSettings_MatchingProjectsAndRuns_QueuesRunDeletion" storage="d:\v2.0\p1\_work\9\bin\release.anycpu\tcm.shared\ms.vs.services.tcm.server.common.l0.tests\microsoft.visualstudio.services.tcm.server.common.l0.tests.dll" priority="1" id="d92f652b-0838-0950-0e87-0d359abce4d9">
      <Owners>
        <Owner name="vstlmtcm" />
      </Owners>
      <TestCategory>
        <TestCategoryItem TestCategory="L0" />
        <TestCategoryItem TestCategory="Team.TestCaseManagement" />
      </TestCategory>
      <Execution id="b0160e64-4392-4c98-90ca-71c56178e732" />
      <TestMethod codeBase="d:\v2.0\P1\_work\9\bin\Release.AnyCPU\Tcm.Shared\MS.VS.Services.Tcm.Server.Common.L0.Tests\Microsoft.VisualStudio.Services.Tcm.Server.Common.L0.Tests.dll" adapterTypeName="executor://mstestadapter/v2" className="Microsoft.VisualStudio.Services.Tcm.Server.Common.L0.Tests.Jobs.SharedCleanupJobTests" name="QueueDeleteRunsByRetentionSettings_MatchingProjectsAndRuns_QueuesRunDeletion" />
    </UnitTest>
    <UnitTest name="TestPrCommentCreation_SortedByCoverage_ThresholdsRight" storage="d:\v2.0\p1\_work\9\bin\release.anycpu\tcm.shared\ms.vs.services.tcm.server.common.l0.tests\microsoft.visualstudio.services.tcm.server.common.l0.tests.dll" priority="0" id="f6f46a56-a6de-53bb-7013-90031be1c8d2">
      <Owners>
        <Owner name="vsinautotest" />
      </Owners>
      <TestCategory>
        <TestCategoryItem TestCategory="L0" />
        <TestCategoryItem TestCategory="Team.TestResultsAndInsights" />
      </TestCategory>
      <Execution id="bd93f397-4f46-41e5-83d0-3e6723d0ac5b" />
      <TestMethod codeBase="d:\v2.0\P1\_work\9\bin\Release.AnyCPU\Tcm.Shared\MS.VS.Services.Tcm.Server.Common.L0.Tests\Microsoft.VisualStudio.Services.Tcm.Server.Common.L0.Tests.dll" adapterTypeName="executor://mstestadapter/v2" className="Microsoft.VisualStudio.Services.Tcm.Server.Common.L0.Tests.Coverage.MarkDownCommentTests" name="TestPrCommentCreation_SortedByCoverage_ThresholdsRight" />
    </UnitTest>
    <UnitTest name="Execute_WithMessageChunk_SuccessfulResult" storage="d:\v2.0\p1\_work\9\bin\release.anycpu\tcm.shared\ms.vs.services.tcm.server.common.l0.tests\microsoft.visualstudio.services.tcm.server.common.l0.tests.dll" priority="1" id="2af7185a-1a63-98df-6108-3d97437b6fa2">
      <Owners>
        <Owner name="vstlmtcm" />
      </Owners>
      <TestCategory>
        <TestCategoryItem TestCategory="L0" />
        <TestCategoryItem TestCategory="Team.TestCaseManagement" />
      </TestCategory>
      <Execution id="d6aee3a4-a24b-4300-bf75-2e8fa6db8647" />
      <TestMethod codeBase="d:\v2.0\P1\_work\9\bin\Release.AnyCPU\Tcm.Shared\MS.VS.Services.Tcm.Server.Common.L0.Tests\Microsoft.VisualStudio.Services.Tcm.Server.Common.L0.Tests.dll" adapterTypeName="executor://mstestadapter/v2" className="Microsoft.VisualStudio.Services.Tcm.Server.Common.L0.Tests.Jobs.SharedCleanupJobTests" name="Execute_WithMessageChunk_SuccessfulResult" />
    </UnitTest>
    <UnitTest name="Execute_PublishTestResultsTestResultsAttachmentStream" storage="d:\v2.0\p1\_work\9\bin\release.anycpu\tcm.shared\ms.vs.services.tcm.server.common.l0.tests\microsoft.visualstudio.services.tcm.server.common.l0.tests.dll" priority="2" id="b2dccf9f-86cb-1887-f88a-628c15d37945">
      <Owners>
        <Owner name="vstlmtcm" />
      </Owners>
      <TestCategory>
        <TestCategoryItem TestCategory="L0" />
        <TestCategoryItem TestCategory="Team.TestCaseManagement" />
      </TestCategory>
      <Execution id="a62c7911-c4af-46b9-a725-7da9ebcec637" />
      <TestMethod codeBase="d:\v2.0\P1\_work\9\bin\Release.AnyCPU\Tcm.Shared\MS.VS.Services.Tcm.Server.Common.L0.Tests\Microsoft.VisualStudio.Services.Tcm.Server.Common.L0.Tests.dll" adapterTypeName="executor://mstestadapter/v2" className="Microsoft.VisualStudio.Services.Tcm.Server.Common.L0.Tests.Jobs.SharedPublishResultsJobTests" name="Execute_PublishTestResultsTestResultsAttachmentStream" />
    </UnitTest>
    <UnitTest name="TestNullName" storage="d:\v2.0\p1\_work\9\bin\release.anycpu\tcm.shared\ms.vs.services.tcm.server.common.l0.tests\microsoft.visualstudio.services.tcm.server.common.l0.tests.dll" priority="0" id="228f3f6a-6e09-24eb-22c5-936b9b21514b">
      <Owners>
        <Owner name="vstlmtcm" />
      </Owners>
      <TestCategory>
        <TestCategoryItem TestCategory="L0" />
        <TestCategoryItem TestCategory="Team.TestResultsAndInsights" />
      </TestCategory>
      <Execution id="b95d3f4b-fa35-4a86-963c-033638e5111b" />
      <TestMethod codeBase="d:\v2.0\P1\_work\9\bin\Release.AnyCPU\Tcm.Shared\MS.VS.Services.Tcm.Server.Common.L0.Tests\Microsoft.VisualStudio.Services.Tcm.Server.Common.L0.Tests.dll" adapterTypeName="executor://mstestadapter/v2" className="Microsoft.VisualStudio.Services.Tcm.Server.Common.L0.Tests.Coverage.CoverageStorageFactoryTests" name="TestNullName" />
    </UnitTest>
    <UnitTest name="QueueDeleteRunsByRetentionSettings_RunsCountMatchBatchSize_IteratesUntilMaxRunCount" storage="d:\v2.0\p1\_work\9\bin\release.anycpu\tcm.shared\ms.vs.services.tcm.server.common.l0.tests\microsoft.visualstudio.services.tcm.server.common.l0.tests.dll" priority="1" id="c9128d1d-21fd-a0e1-bf62-975f47fc6651">
      <Owners>
        <Owner name="vstlmtcm" />
      </Owners>
      <TestCategory>
        <TestCategoryItem TestCategory="L0" />
        <TestCategoryItem TestCategory="Team.TestCaseManagement" />
      </TestCategory>
      <Execution id="661fe51e-77ab-4dfd-9baa-2455962ddc04" />
      <TestMethod codeBase="d:\v2.0\P1\_work\9\bin\Release.AnyCPU\Tcm.Shared\MS.VS.Services.Tcm.Server.Common.L0.Tests\Microsoft.VisualStudio.Services.Tcm.Server.Common.L0.Tests.dll" adapterTypeName="executor://mstestadapter/v2" className="Microsoft.VisualStudio.Services.Tcm.Server.Common.L0.Tests.Jobs.SharedCleanupJobTests" name="QueueDeleteRunsByRetentionSettings_RunsCountMatchBatchSize_IteratesUntilMaxRunCount" />
    </UnitTest>
    <UnitTest name="FileCoverageProviderTests_GetFileCoverageInfoWhenNoJsonPresent" storage="d:\v2.0\p1\_work\9\bin\release.anycpu\tcm.shared\ms.vs.services.tcm.server.common.l0.tests\microsoft.visualstudio.services.tcm.server.common.l0.tests.dll" id="d2f5c7db-f417-b4e3-12b9-eb73316341c7">
      <Owners>
        <Owner name="vstlmtcm" />
      </Owners>
      <TestCategory>
        <TestCategoryItem TestCategory="L0" />
        <TestCategoryItem TestCategory="Team.TestResultsAndInsights" />
      </TestCategory>
      <Execution id="60819a20-e386-463e-8dba-f727b4c0704d" />
      <TestMethod codeBase="d:\v2.0\P1\_work\9\bin\Release.AnyCPU\Tcm.Shared\MS.VS.Services.Tcm.Server.Common.L0.Tests\Microsoft.VisualStudio.Services.Tcm.Server.Common.L0.Tests.dll" adapterTypeName="executor://mstestadapter/v2" className="Microsoft.VisualStudio.Services.Tcm.Server.Common.L0.Tests.FileCoverageProviderTests" name="FileCoverageProviderTests_GetFileCoverageInfoWhenNoJsonPresent" />
    </UnitTest>
    <UnitTest name="CreateTestRunWithUnspecifiedType" storage="d:\v2.0\p1\_work\9\bin\release.anycpu\tcm.shared\ms.vs.services.tcm.server.common.l0.tests\microsoft.visualstudio.services.tcm.server.common.l0.tests.dll" priority="2" id="ede39b2d-418b-4127-dbf8-9a50e181401b">
      <Owners>
        <Owner name="vstlmtcm" />
      </Owners>
      <TestCategory>
        <TestCategoryItem TestCategory="L0" />
        <TestCategoryItem TestCategory="Team.TestResultsAndInsights" />
      </TestCategory>
      <Execution id="1fa1bd71-a071-4468-95c5-f76041a08b72" />
      <TestMethod codeBase="d:\v2.0\P1\_work\9\bin\Release.AnyCPU\Tcm.Shared\MS.VS.Services.Tcm.Server.Common.L0.Tests\Microsoft.VisualStudio.Services.Tcm.Server.Common.L0.Tests.dll" adapterTypeName="executor://mstestadapter/v2" className="Microsoft.VisualStudio.Services.Tcm.Server.Common.L0.Tests.CreateTestRunTests" name="CreateTestRunWithUnspecifiedType" />
    </UnitTest>
    <UnitTest name="CreateTestRunWithNonZeroResultsCountWithPopulateDataRowCount" storage="d:\v2.0\p1\_work\9\bin\release.anycpu\tcm.shared\ms.vs.services.tcm.server.common.l0.tests\microsoft.visualstudio.services.tcm.server.common.l0.tests.dll" priority="1" id="f9b135b1-7a69-87c2-4b8d-8e0ecdac2ed5">
      <Owners>
        <Owner name="vstlmtcm" />
      </Owners>
      <TestCategory>
        <TestCategoryItem TestCategory="L0" />
        <TestCategoryItem TestCategory="Team.TestResultsAndInsights" />
      </TestCategory>
      <Execution id="81214a63-7915-4dbd-a175-1a6529943f75" />
      <TestMethod codeBase="d:\v2.0\P1\_work\9\bin\Release.AnyCPU\Tcm.Shared\MS.VS.Services.Tcm.Server.Common.L0.Tests\Microsoft.VisualStudio.Services.Tcm.Server.Common.L0.Tests.dll" adapterTypeName="executor://mstestadapter/v2" className="Microsoft.VisualStudio.Services.Tcm.Server.Common.L0.Tests.CreateTestRunTests" name="CreateTestRunWithNonZeroResultsCountWithPopulateDataRowCount" />
    </UnitTest>
    <UnitTest name="GetIntermediateCoverageAttachmentsTestForOneFile" storage="d:\v2.0\p1\_work\9\bin\release.anycpu\tcm.shared\ms.vs.services.tcm.server.common.l0.tests\microsoft.visualstudio.services.tcm.server.common.l0.tests.dll" priority="0" id="4c63b308-c14a-0cd8-7cb1-f5b9e5df1b31">
      <Owners>
        <Owner name="vstlmtcm" />
      </Owners>
      <TestCategory>
        <TestCategoryItem TestCategory="L0" />
        <TestCategoryItem TestCategory="Team.TestResultsAndInsights" />
      </TestCategory>
      <Execution id="259c9995-bab9-4e62-8bc8-aebe1fa60645" />
      <TestMethod codeBase="d:\v2.0\P1\_work\9\bin\Release.AnyCPU\Tcm.Shared\MS.VS.Services.Tcm.Server.Common.L0.Tests\Microsoft.VisualStudio.Services.Tcm.Server.Common.L0.Tests.dll" adapterTypeName="executor://mstestadapter/v2" className="Microsoft.VisualStudio.Services.Tcm.Server.Common.L0.Tests.Coverage.TcmLogStoreCoverageStorageTests" name="GetIntermediateCoverageAttachmentsTestForOneFile" />
    </UnitTest>
    <UnitTest name="CreateTestRunInPRBuild" storage="d:\v2.0\p1\_work\9\bin\release.anycpu\tcm.shared\ms.vs.services.tcm.server.common.l0.tests\microsoft.visualstudio.services.tcm.server.common.l0.tests.dll" priority="1" id="bbc98406-b46f-78ad-4bbb-f3e1df032307">
      <Owners>
        <Owner name="vstlmtcm" />
      </Owners>
      <TestCategory>
        <TestCategoryItem TestCategory="L0" />
      </TestCategory>
      <Execution id="aa151a83-4e3f-43e7-bf9a-5d88e231b226" />
      <TestMethod codeBase="d:\v2.0\P1\_work\9\bin\Release.AnyCPU\Tcm.Shared\MS.VS.Services.Tcm.Server.Common.L0.Tests\Microsoft.VisualStudio.Services.Tcm.Server.Common.L0.Tests.dll" adapterTypeName="executor://mstestadapter/v2" className="Microsoft.VisualStudio.Services.Tcm.Server.Common.L0.Tests.CreateTestRunTests" name="CreateTestRunInPRBuild" />
    </UnitTest>
    <UnitTest name="ReturnMatchingFilePath" storage="d:\v2.0\p1\_work\9\bin\release.anycpu\tcm.shared\ms.vs.services.tcm.server.common.l0.tests\microsoft.visualstudio.services.tcm.server.common.l0.tests.dll" priority="0" id="fdd18cf4-a8d7-f878-685b-3c5dbee86ea9">
      <Owners>
        <Owner name="vsinautotest" />
      </Owners>
      <TestCategory>
        <TestCategoryItem TestCategory="L0" />
        <TestCategoryItem TestCategory="Team.TestResultsAndInsights" />
      </TestCategory>
      <Execution id="175a8d79-bf62-4680-98e8-961662372e25" />
      <TestMethod codeBase="d:\v2.0\P1\_work\9\bin\Release.AnyCPU\Tcm.Shared\MS.VS.Services.Tcm.Server.Common.L0.Tests\Microsoft.VisualStudio.Services.Tcm.Server.Common.L0.Tests.dll" adapterTypeName="executor://mstestadapter/v2" className="Microsoft.VisualStudio.Services.Tcm.Server.Common.L0.Tests.Coverage.StringMatchFilterTests" name="ReturnMatchingFilePath" />
    </UnitTest>
    <UnitTest name="CancelTestRunWithoutResultPublishPermission" storage="d:\v2.0\p1\_work\9\bin\release.anycpu\tcm.shared\ms.vs.services.tcm.server.common.l0.tests\microsoft.visualstudio.services.tcm.server.common.l0.tests.dll" priority="1" id="73e7a867-128c-801f-c826-c514fdc4646b">
      <Owners>
        <Owner name="vstlmtcm" />
      </Owners>
      <TestCategory>
        <TestCategoryItem TestCategory="L0" />
        <TestCategoryItem TestCategory="Team.TestResultsAndInsights" />
      </TestCategory>
      <Execution id="4256de2a-b2e9-4115-95f2-67344622199b" />
      <TestMethod codeBase="d:\v2.0\P1\_work\9\bin\Release.AnyCPU\Tcm.Shared\MS.VS.Services.Tcm.Server.Common.L0.Tests\Microsoft.VisualStudio.Services.Tcm.Server.Common.L0.Tests.dll" adapterTypeName="executor://mstestadapter/v2" className="Microsoft.VisualStudio.Services.Tcm.Server.Common.L0.Tests.CancelTestRunTests" name="CancelTestRunWithoutResultPublishPermission" />
    </UnitTest>
    <UnitTest name="ValidateFileCoverageEvalJobGetsCorrectFileDiffIfCommetsArePresentInFile" storage="d:\v2.0\p1\_work\9\bin\release.anycpu\tcm.shared\ms.vs.services.tcm.server.common.l0.tests\microsoft.visualstudio.services.tcm.server.common.l0.tests.dll" id="bb06e784-bfe6-b201-be4f-6f1389f1d03e">
      <Owners>
        <Owner name="vstlmtcm" />
      </Owners>
      <TestCategory>
        <TestCategoryItem TestCategory="L0" />
        <TestCategoryItem TestCategory="Team.TestResultsAndInsights" />
      </TestCategory>
      <Execution id="5c744afb-c139-4191-b06c-98fcf51392bd" />
      <TestMethod codeBase="d:\v2.0\P1\_work\9\bin\Release.AnyCPU\Tcm.Shared\MS.VS.Services.Tcm.Server.Common.L0.Tests\Microsoft.VisualStudio.Services.Tcm.Server.Common.L0.Tests.dll" adapterTypeName="executor://mstestadapter/v2" className="Microsoft.VisualStudio.Services.Tcm.Server.Common.L0.Tests.FileCoverageEvaluatorTests" name="ValidateFileCoverageEvalJobGetsCorrectFileDiffIfCommetsArePresentInFile" />
    </UnitTest>
    <UnitTest name="HandleBuildCompletionEventWhenBuildWasCanceled" storage="d:\v2.0\p1\_work\9\bin\release.anycpu\tcm.shared\ms.vs.services.tcm.server.common.l0.tests\microsoft.visualstudio.services.tcm.server.common.l0.tests.dll" priority="0" id="8bfc662b-2c63-8294-e75c-1b3e27c154e2">
      <Owners>
        <Owner name="vstlmtcm" />
      </Owners>
      <TestCategory>
        <TestCategoryItem TestCategory="L0" />
        <TestCategoryItem TestCategory="Team.TestResultsAndInsights" />
      </TestCategory>
      <Execution id="5f80b3a2-851f-4a3a-812d-19aeaaaa2a3b" />
      <TestMethod codeBase="d:\v2.0\P1\_work\9\bin\Release.AnyCPU\Tcm.Shared\MS.VS.Services.Tcm.Server.Common.L0.Tests\Microsoft.VisualStudio.Services.Tcm.Server.Common.L0.Tests.dll" adapterTypeName="executor://mstestadapter/v2" className="Microsoft.VisualStudio.Services.Tcm.Server.Common.L0.Tests.Coverage.ModuleCoverageBuildEventListenerTests" name="HandleBuildCompletionEventWhenBuildWasCanceled" />
    </UnitTest>
    <UnitTest name="VerifyReleaseHandleTestRunChangedShouldNotQueueAJobWhenNoClient" storage="d:\v2.0\p1\_work\9\bin\release.anycpu\tcm.shared\ms.vs.services.tcm.server.common.l0.tests\microsoft.visualstudio.services.tcm.server.common.l0.tests.dll" priority="0" id="ad9261e1-b1d5-553a-d48f-1416836dea88">
      <Owners>
        <Owner name="vstlmtcm" />
      </Owners>
      <TestCategory>
        <TestCategoryItem TestCategory="L0" />
      </TestCategory>
      <Execution id="8351c836-b280-43e7-9a59-05e5221e861b" />
      <TestMethod codeBase="d:\v2.0\P1\_work\9\bin\Release.AnyCPU\Tcm.Shared\MS.VS.Services.Tcm.Server.Common.L0.Tests\Microsoft.VisualStudio.Services.Tcm.Server.Common.L0.Tests.dll" adapterTypeName="executor://mstestadapter/v2" className="Microsoft.VisualStudio.Services.Tcm.Server.Common.L0.Tests.Hub.TestHubDispatcherTests" name="VerifyReleaseHandleTestRunChangedShouldNotQueueAJobWhenNoClient" />
    </UnitTest>
    <UnitTest name="AbortNotStartedRunAssociatedWithFailedReleaseEnvironment_EnvironmentIsNull_RunNotAborted" storage="d:\v2.0\p1\_work\9\bin\release.anycpu\tcm.shared\ms.vs.services.tcm.server.common.l0.tests\microsoft.visualstudio.services.tcm.server.common.l0.tests.dll" id="f0713164-001a-9e79-34ae-154cb803ca58">
      <Owners>
        <Owner name="vstlmtcm" />
      </Owners>
      <TestCategory>
        <TestCategoryItem TestCategory="L0" />
        <TestCategoryItem TestCategory="Team.TestResultsAndInsights" />
      </TestCategory>
      <Execution id="daf7696c-42c9-4b16-b57d-c430496ef240" />
      <TestMethod codeBase="d:\v2.0\P1\_work\9\bin\Release.AnyCPU\Tcm.Shared\MS.VS.Services.Tcm.Server.Common.L0.Tests\Microsoft.VisualStudio.Services.Tcm.Server.Common.L0.Tests.dll" adapterTypeName="executor://mstestadapter/v2" className="Microsoft.VisualStudio.Services.Tcm.Server.Common.L0.Tests.Plugins.DeploymentActionTests" name="AbortNotStartedRunAssociatedWithFailedReleaseEnvironment_EnvironmentIsNull_RunNotAborted" />
    </UnitTest>
    <UnitTest name="VerifyBuildHandleTestRunChangedQueuesAJobWithDelayFromRegistry" storage="d:\v2.0\p1\_work\9\bin\release.anycpu\tcm.shared\ms.vs.services.tcm.server.common.l0.tests\microsoft.visualstudio.services.tcm.server.common.l0.tests.dll" priority="0" id="757051e6-4e17-b694-d25e-05cfb626eeb7">
      <Owners>
        <Owner name="vstlmtcm" />
      </Owners>
      <TestCategory>
        <TestCategoryItem TestCategory="L0" />
      </TestCategory>
      <Execution id="a52a891e-58ae-44ad-87d2-d0c78ff51ae2" />
      <TestMethod codeBase="d:\v2.0\P1\_work\9\bin\Release.AnyCPU\Tcm.Shared\MS.VS.Services.Tcm.Server.Common.L0.Tests\Microsoft.VisualStudio.Services.Tcm.Server.Common.L0.Tests.dll" adapterTypeName="executor://mstestadapter/v2" className="Microsoft.VisualStudio.Services.Tcm.Server.Common.L0.Tests.Hub.TestHubDispatcherTests" name="VerifyBuildHandleTestRunChangedQueuesAJobWithDelayFromRegistry" />
    </UnitTest>
    <UnitTest name="CreateTestRunWithNullBuildRef" storage="d:\v2.0\p1\_work\9\bin\release.anycpu\tcm.shared\ms.vs.services.tcm.server.common.l0.tests\microsoft.visualstudio.services.tcm.server.common.l0.tests.dll" priority="1" id="e8e5f758-b389-9af5-e88f-c4f07c52e985">
      <Owners>
        <Owner name="vstlmtcm" />
      </Owners>
      <TestCategory>
        <TestCategoryItem TestCategory="L0" />
      </TestCategory>
      <Execution id="d0775d69-94ba-4d0d-b66a-c6126f7d96cc" />
      <TestMethod codeBase="d:\v2.0\P1\_work\9\bin\Release.AnyCPU\Tcm.Shared\MS.VS.Services.Tcm.Server.Common.L0.Tests\Microsoft.VisualStudio.Services.Tcm.Server.Common.L0.Tests.dll" adapterTypeName="executor://mstestadapter/v2" className="Microsoft.VisualStudio.Services.Tcm.Server.Common.L0.Tests.CreateTestRunTests" name="CreateTestRunWithNullBuildRef" />
    </UnitTest>
    <UnitTest name="TestPrCommentCreationForCoverageNotFoundAndNoExecutableChanges" storage="d:\v2.0\p1\_work\9\bin\release.anycpu\tcm.shared\ms.vs.services.tcm.server.common.l0.tests\microsoft.visualstudio.services.tcm.server.common.l0.tests.dll" priority="0" id="8726cbeb-e595-0acd-289d-097643f9faf9">
      <Owners>
        <Owner name="vsinautotest" />
      </Owners>
      <TestCategory>
        <TestCategoryItem TestCategory="L0" />
        <TestCategoryItem TestCategory="Team.TestResultsAndInsights" />
      </TestCategory>
      <Execution id="5bda5908-a3ba-4a6b-8568-8a98cba1a613" />
      <TestMethod codeBase="d:\v2.0\P1\_work\9\bin\Release.AnyCPU\Tcm.Shared\MS.VS.Services.Tcm.Server.Common.L0.Tests\Microsoft.VisualStudio.Services.Tcm.Server.Common.L0.Tests.dll" adapterTypeName="executor://mstestadapter/v2" className="Microsoft.VisualStudio.Services.Tcm.Server.Common.L0.Tests.Coverage.MarkDownCommentTests" name="TestPrCommentCreationForCoverageNotFoundAndNoExecutableChanges" />
    </UnitTest>
    <UnitTest name="UpdateTestRunSummaryOnRunCompleted_RunNotCompleted_SkipSummaryUpdate" storage="d:\v2.0\p1\_work\9\bin\release.anycpu\tcm.shared\ms.vs.services.tcm.server.common.l0.tests\microsoft.visualstudio.services.tcm.server.common.l0.tests.dll" id="82ea3902-0474-5162-08ca-d9a6cb3354eb">
      <Owners>
        <Owner name="vstlmtcm" />
      </Owners>
      <TestCategory>
        <TestCategoryItem TestCategory="L0" />
        <TestCategoryItem TestCategory="Team.TestResultsAndInsights" />
      </TestCategory>
      <Execution id="4ed0ca95-a2b7-4f44-9d7a-ac4f7edccbcc" />
      <TestMethod codeBase="d:\v2.0\P1\_work\9\bin\Release.AnyCPU\Tcm.Shared\MS.VS.Services.Tcm.Server.Common.L0.Tests\Microsoft.VisualStudio.Services.Tcm.Server.Common.L0.Tests.dll" adapterTypeName="executor://mstestadapter/v2" className="Microsoft.VisualStudio.Services.Tcm.Server.Common.L0.Tests.Plugins.TestRunActionTests" name="UpdateTestRunSummaryOnRunCompleted_RunNotCompleted_SkipSummaryUpdate" />
    </UnitTest>
    <UnitTest name="Validate_BatchTestCaseResultsWithEqualBatchSize" storage="d:\v2.0\p1\_work\9\bin\release.anycpu\tcm.shared\ms.vs.services.tcm.server.common.l0.tests\microsoft.visualstudio.services.tcm.server.common.l0.tests.dll" priority="2" id="d30e2d40-08a0-3d0c-2246-d296db7c4f34">
      <Owners>
        <Owner name="vstlmtcm" />
      </Owners>
      <TestCategory>
        <TestCategoryItem TestCategory="L0" />
        <TestCategoryItem TestCategory="Team.TestCaseManagement" />
      </TestCategory>
      <Execution id="0f1c7d5d-918a-43f3-9a79-a304c6e235aa" />
      <TestMethod codeBase="d:\v2.0\P1\_work\9\bin\Release.AnyCPU\Tcm.Shared\MS.VS.Services.Tcm.Server.Common.L0.Tests\Microsoft.VisualStudio.Services.Tcm.Server.Common.L0.Tests.dll" adapterTypeName="executor://mstestadapter/v2" className="Microsoft.VisualStudio.Services.Tcm.Server.Common.L0.Tests.Jobs.SharedPublishResultsJobTests" name="Validate_BatchTestCaseResultsWithEqualBatchSize" />
    </UnitTest>
    <UnitTest name="MergeFileInfoShouldReturnNullIfFilePathsAreDifferent" storage="d:\v2.0\p1\_work\9\bin\release.anycpu\tcm.shared\ms.vs.services.tcm.server.common.l0.tests\microsoft.visualstudio.services.tcm.server.common.l0.tests.dll" priority="0" id="0fb976d4-ae6c-fb36-7adb-95d6d0ff65fa">
      <Owners>
        <Owner name="vstlmtcm" />
      </Owners>
      <TestCategory>
        <TestCategoryItem TestCategory="L0" />
        <TestCategoryItem TestCategory="Team.TestResultsAndInsights" />
      </TestCategory>
      <Execution id="1d3d5471-a197-4384-8561-ebf117f1e6b3" />
      <TestMethod codeBase="d:\v2.0\P1\_work\9\bin\Release.AnyCPU\Tcm.Shared\MS.VS.Services.Tcm.Server.Common.L0.Tests\Microsoft.VisualStudio.Services.Tcm.Server.Common.L0.Tests.dll" adapterTypeName="executor://mstestadapter/v2" className="Microsoft.VisualStudio.Services.Tcm.Server.Common.L0.Tests.Coverage.FileCoverageInfoTests" name="MergeFileInfoShouldReturnNullIfFilePathsAreDifferent" />
    </UnitTest>
    <UnitTest name="Execute_WithException_FailedResult" storage="d:\v2.0\p1\_work\9\bin\release.anycpu\tcm.shared\ms.vs.services.tcm.server.common.l0.tests\microsoft.visualstudio.services.tcm.server.common.l0.tests.dll" priority="1" id="6afaca6f-df82-ecdc-7879-d41e21e66314">
      <Owners>
        <Owner name="vstlmtcm" />
      </Owners>
      <TestCategory>
        <TestCategoryItem TestCategory="L0" />
        <TestCategoryItem TestCategory="Team.TestCaseManagement" />
      </TestCategory>
      <Execution id="decc9723-5163-41ff-8d2a-c709298635a6" />
      <TestMethod codeBase="d:\v2.0\P1\_work\9\bin\Release.AnyCPU\Tcm.Shared\MS.VS.Services.Tcm.Server.Common.L0.Tests\Microsoft.VisualStudio.Services.Tcm.Server.Common.L0.Tests.dll" adapterTypeName="executor://mstestadapter/v2" className="Microsoft.VisualStudio.Services.Tcm.Server.Common.L0.Tests.Jobs.SharedTestSignalProcessorJobTests" name="Execute_WithException_FailedResult" />
    </UnitTest>
    <UnitTest name="GetBuildRetentionPolicies_DefinitionHasNoRepository_EmptyRepositoryType" storage="d:\v2.0\p1\_work\9\bin\release.anycpu\tcm.shared\ms.vs.services.tcm.server.common.l0.tests\microsoft.visualstudio.services.tcm.server.common.l0.tests.dll" priority="1" id="020b42c6-84a8-c57e-31d1-d718364fadd3">
      <Owners>
        <Owner name="vstlmtcm" />
      </Owners>
      <TestCategory>
        <TestCategoryItem TestCategory="L0" />
        <TestCategoryItem TestCategory="Team.TestResultsAndInsights" />
      </TestCategory>
      <Execution id="6bbbf682-4130-4922-9292-4c2178d52fee" />
      <TestMethod codeBase="d:\v2.0\P1\_work\9\bin\Release.AnyCPU\Tcm.Shared\MS.VS.Services.Tcm.Server.Common.L0.Tests\Microsoft.VisualStudio.Services.Tcm.Server.Common.L0.Tests.dll" adapterTypeName="executor://mstestadapter/v2" className="Microsoft.VisualStudio.Services.Tcm.Server.Common.L0.Tests.BuildDeletedActionTests" name="GetBuildRetentionPolicies_DefinitionHasNoRepository_EmptyRepositoryType" />
    </UnitTest>
    <UnitTest name="VerifyBuildHandleTestRunChangedShouldNotSaveSignalInDbWhenNoClient" storage="d:\v2.0\p1\_work\9\bin\release.anycpu\tcm.shared\ms.vs.services.tcm.server.common.l0.tests\microsoft.visualstudio.services.tcm.server.common.l0.tests.dll" priority="0" id="33d229e1-0293-0877-bb12-764f889f3e4d">
      <Owners>
        <Owner name="vstlmtcm" />
      </Owners>
      <TestCategory>
        <TestCategoryItem TestCategory="L0" />
      </TestCategory>
      <Execution id="3463486d-4b05-473a-bbba-ed7851c6fe2e" />
      <TestMethod codeBase="d:\v2.0\P1\_work\9\bin\Release.AnyCPU\Tcm.Shared\MS.VS.Services.Tcm.Server.Common.L0.Tests\Microsoft.VisualStudio.Services.Tcm.Server.Common.L0.Tests.dll" adapterTypeName="executor://mstestadapter/v2" className="Microsoft.VisualStudio.Services.Tcm.Server.Common.L0.Tests.Hub.TestHubDispatcherTests" name="VerifyBuildHandleTestRunChangedShouldNotSaveSignalInDbWhenNoClient" />
    </UnitTest>
    <UnitTest name="CreateTestRunWithoutPopulateRowDataCount" storage="d:\v2.0\p1\_work\9\bin\release.anycpu\tcm.shared\ms.vs.services.tcm.server.common.l0.tests\microsoft.visualstudio.services.tcm.server.common.l0.tests.dll" priority="0" id="594d5e84-78d6-b350-0b0f-bd72ee205007">
      <Owners>
        <Owner name="vstlmtcm" />
      </Owners>
      <TestCategory>
        <TestCategoryItem TestCategory="L0" />
        <TestCategoryItem TestCategory="Team.TestResultsAndInsights" />
      </TestCategory>
      <Execution id="b9fab863-0321-482d-98c8-d6ff462032b5" />
      <TestMethod codeBase="d:\v2.0\P1\_work\9\bin\Release.AnyCPU\Tcm.Shared\MS.VS.Services.Tcm.Server.Common.L0.Tests\Microsoft.VisualStudio.Services.Tcm.Server.Common.L0.Tests.dll" adapterTypeName="executor://mstestadapter/v2" className="Microsoft.VisualStudio.Services.Tcm.Server.Common.L0.Tests.CreateTestRunTests" name="CreateTestRunWithoutPopulateRowDataCount" />
    </UnitTest>
    <UnitTest name="CleanInProgressNotification_NoTestProjects_ShouldNotThrow" storage="d:\v2.0\p1\_work\9\bin\release.anycpu\tcm.shared\ms.vs.services.tcm.server.common.l0.tests\microsoft.visualstudio.services.tcm.server.common.l0.tests.dll" priority="1" id="7c1a91d8-9526-2cb0-7982-21df0302eed4">
      <Owners>
        <Owner name="vstlmtcm" />
      </Owners>
      <TestCategory>
        <TestCategoryItem TestCategory="L0" />
        <TestCategoryItem TestCategory="Team.TestCaseManagement" />
      </TestCategory>
      <Execution id="9d8e4db9-7bd3-4de7-a324-d2d14d718be4" />
      <TestMethod codeBase="d:\v2.0\P1\_work\9\bin\Release.AnyCPU\Tcm.Shared\MS.VS.Services.Tcm.Server.Common.L0.Tests\Microsoft.VisualStudio.Services.Tcm.Server.Common.L0.Tests.dll" adapterTypeName="executor://mstestadapter/v2" className="Microsoft.VisualStudio.Services.Tcm.Server.Common.L0.Tests.Jobs.SharedCleanupJobTests" name="CleanInProgressNotification_NoTestProjects_ShouldNotThrow" />
    </UnitTest>
    <UnitTest name="TestGetPullRequestIterationUrl" storage="d:\v2.0\p1\_work\9\bin\release.anycpu\tcm.shared\ms.vs.services.tcm.server.common.l0.tests\microsoft.visualstudio.services.tcm.server.common.l0.tests.dll" priority="0" id="02b6250b-fca9-ce73-555a-9e718dca0146">
      <Owners>
        <Owner name="vstlmtcm" />
      </Owners>
      <TestCategory>
        <TestCategoryItem TestCategory="L0" />
        <TestCategoryItem TestCategory="Team.TestResultsAndInsights" />
      </TestCategory>
      <Execution id="48568157-7c13-4d0e-8156-7f5c86239f04" />
      <TestMethod codeBase="d:\v2.0\P1\_work\9\bin\Release.AnyCPU\Tcm.Shared\MS.VS.Services.Tcm.Server.Common.L0.Tests\Microsoft.VisualStudio.Services.Tcm.Server.Common.L0.Tests.dll" adapterTypeName="executor://mstestadapter/v2" className="Microsoft.VisualStudio.Services.Tcm.Server.Common.L0.Tests.Coverage.TfsGitVersionControlProviderTests" name="TestGetPullRequestIterationUrl" />
    </UnitTest>
    <UnitTest name="CleanTestProjects_DeleteProjectThrows_JobFails" storage="d:\v2.0\p1\_work\9\bin\release.anycpu\tcm.shared\ms.vs.services.tcm.server.common.l0.tests\microsoft.visualstudio.services.tcm.server.common.l0.tests.dll" priority="1" id="d0d7a5f2-7a85-2e6d-51d0-84ffef8fa148">
      <Owners>
        <Owner name="vstlmtcm" />
      </Owners>
      <TestCategory>
        <TestCategoryItem TestCategory="L0" />
        <TestCategoryItem TestCategory="Team.TestCaseManagement" />
      </TestCategory>
      <Execution id="a5c286f9-9316-4fa0-8af8-be589dc35822" />
      <TestMethod codeBase="d:\v2.0\P1\_work\9\bin\Release.AnyCPU\Tcm.Shared\MS.VS.Services.Tcm.Server.Common.L0.Tests\Microsoft.VisualStudio.Services.Tcm.Server.Common.L0.Tests.dll" adapterTypeName="executor://mstestadapter/v2" className="Microsoft.VisualStudio.Services.Tcm.Server.Common.L0.Tests.Jobs.SharedCleanupJobTests" name="CleanTestProjects_DeleteProjectThrows_JobFails" />
    </UnitTest>
    <UnitTest name="QueueDeleteRunsByRetentionSettings_NoMatchingProjects_SkipsRunDeletion" storage="d:\v2.0\p1\_work\9\bin\release.anycpu\tcm.shared\ms.vs.services.tcm.server.common.l0.tests\microsoft.visualstudio.services.tcm.server.common.l0.tests.dll" priority="1" id="408faccd-1893-8a94-4352-a69483cb2b80">
      <Owners>
        <Owner name="vstlmtcm" />
      </Owners>
      <TestCategory>
        <TestCategoryItem TestCategory="L0" />
        <TestCategoryItem TestCategory="Team.TestCaseManagement" />
      </TestCategory>
      <Execution id="ad3a5ec6-bdb9-4a9c-8b1f-122f4011a762" />
      <TestMethod codeBase="d:\v2.0\P1\_work\9\bin\Release.AnyCPU\Tcm.Shared\MS.VS.Services.Tcm.Server.Common.L0.Tests\Microsoft.VisualStudio.Services.Tcm.Server.Common.L0.Tests.dll" adapterTypeName="executor://mstestadapter/v2" className="Microsoft.VisualStudio.Services.Tcm.Server.Common.L0.Tests.Jobs.SharedCleanupJobTests" name="QueueDeleteRunsByRetentionSettings_NoMatchingProjects_SkipsRunDeletion" />
    </UnitTest>
    <UnitTest name="TestPullRequestCommentPublish" storage="d:\v2.0\p1\_work\9\bin\release.anycpu\tcm.shared\ms.vs.services.tcm.server.common.l0.tests\microsoft.visualstudio.services.tcm.server.common.l0.tests.dll" priority="0" id="d681a424-38a9-c72e-adaa-90bd36b26bf0">
      <Owners>
        <Owner name="vsinautotest" />
      </Owners>
      <TestCategory>
        <TestCategoryItem TestCategory="L0" />
        <TestCategoryItem TestCategory="Team.TestResultsAndInsights" />
      </TestCategory>
      <Execution id="b5e0d909-a1aa-4688-b0b0-8db3d3c5914e" />
      <TestMethod codeBase="d:\v2.0\P1\_work\9\bin\Release.AnyCPU\Tcm.Shared\MS.VS.Services.Tcm.Server.Common.L0.Tests\Microsoft.VisualStudio.Services.Tcm.Server.Common.L0.Tests.dll" adapterTypeName="executor://mstestadapter/v2" className="Microsoft.VisualStudio.Services.Tcm.Server.Common.L0.Tests.Coverage.CoverageMetricsCommentPublisherTest" name="TestPullRequestCommentPublish" />
    </UnitTest>
    <UnitTest name="Verify_TimeOutIsHonouredIntheJob" storage="d:\v2.0\p1\_work\9\bin\release.anycpu\tcm.shared\ms.vs.services.tcm.server.common.l0.tests\microsoft.visualstudio.services.tcm.server.common.l0.tests.dll" priority="1" id="33b47e14-8737-755b-03ae-42b2e2d530f4">
      <Owners>
        <Owner name="vstlmtcm" />
      </Owners>
      <TestCategory>
        <TestCategoryItem TestCategory="L0" />
        <TestCategoryItem TestCategory="Team.TestCaseManagement" />
      </TestCategory>
      <Execution id="96e4081c-3a1b-460e-bf23-81e444a8f39b" />
      <TestMethod codeBase="d:\v2.0\P1\_work\9\bin\Release.AnyCPU\Tcm.Shared\MS.VS.Services.Tcm.Server.Common.L0.Tests\Microsoft.VisualStudio.Services.Tcm.Server.Common.L0.Tests.dll" adapterTypeName="executor://mstestadapter/v2" className="Microsoft.VisualStudio.Services.Tcm.Server.Common.L0.Tests.Jobs.SharedTestSignalProcessorJobTests" name="Verify_TimeOutIsHonouredIntheJob" />
    </UnitTest>
    <UnitTest name="CleanTestProjects_WithDeletedProjects_CleansProjects" storage="d:\v2.0\p1\_work\9\bin\release.anycpu\tcm.shared\ms.vs.services.tcm.server.common.l0.tests\microsoft.visualstudio.services.tcm.server.common.l0.tests.dll" priority="1" id="97812fec-86f5-6410-b1a1-1a25f7894eea">
      <Owners>
        <Owner name="vstlmtcm" />
      </Owners>
      <TestCategory>
        <TestCategoryItem TestCategory="L0" />
        <TestCategoryItem TestCategory="Team.TestCaseManagement" />
      </TestCategory>
      <Execution id="2eca874b-b664-404b-9a44-4330872cd6d8" />
      <TestMethod codeBase="d:\v2.0\P1\_work\9\bin\Release.AnyCPU\Tcm.Shared\MS.VS.Services.Tcm.Server.Common.L0.Tests\Microsoft.VisualStudio.Services.Tcm.Server.Common.L0.Tests.dll" adapterTypeName="executor://mstestadapter/v2" className="Microsoft.VisualStudio.Services.Tcm.Server.Common.L0.Tests.Jobs.SharedCleanupJobTests" name="CleanTestProjects_WithDeletedProjects_CleansProjects" />
    </UnitTest>
    <UnitTest name="TestShouldRetain_PruneBasedOnExtension" storage="d:\v2.0\p1\_work\9\bin\release.anycpu\tcm.shared\ms.vs.services.tcm.server.common.l0.tests\microsoft.visualstudio.services.tcm.server.common.l0.tests.dll" priority="0" id="7843239d-7a78-4f80-1404-b119505081f2">
      <Owners>
        <Owner name="vstlmtcm" />
      </Owners>
      <TestCategory>
        <TestCategoryItem TestCategory="L0" />
        <TestCategoryItem TestCategory="Team.TestResultsAndInsights" />
      </TestCategory>
      <Execution id="776e37f8-641e-47dd-8e55-87650c076505" />
      <TestMethod codeBase="d:\v2.0\P1\_work\9\bin\Release.AnyCPU\Tcm.Shared\MS.VS.Services.Tcm.Server.Common.L0.Tests\Microsoft.VisualStudio.Services.Tcm.Server.Common.L0.Tests.dll" adapterTypeName="executor://mstestadapter/v2" className="Microsoft.VisualStudio.Services.Tcm.Server.Common.L0.Tests.Coverage.AttachmentFilterTests" name="TestShouldRetain_PruneBasedOnExtension" />
    </UnitTest>
    <UnitTest name="TestShouldRetain_EmptyExtensionThrows" storage="d:\v2.0\p1\_work\9\bin\release.anycpu\tcm.shared\ms.vs.services.tcm.server.common.l0.tests\microsoft.visualstudio.services.tcm.server.common.l0.tests.dll" priority="0" id="64c4062e-2bfa-7f91-8da6-6667e93ca4c0">
      <Owners>
        <Owner name="vstlmtcm" />
      </Owners>
      <TestCategory>
        <TestCategoryItem TestCategory="L0" />
        <TestCategoryItem TestCategory="Team.TestResultsAndInsights" />
      </TestCategory>
      <Execution id="c7e28f64-951e-45d4-a779-e2834e0597d2" />
      <TestMethod codeBase="d:\v2.0\P1\_work\9\bin\Release.AnyCPU\Tcm.Shared\MS.VS.Services.Tcm.Server.Common.L0.Tests\Microsoft.VisualStudio.Services.Tcm.Server.Common.L0.Tests.dll" adapterTypeName="executor://mstestadapter/v2" className="Microsoft.VisualStudio.Services.Tcm.Server.Common.L0.Tests.Coverage.AttachmentFilterTests" name="TestShouldRetain_EmptyExtensionThrows" />
    </UnitTest>
    <UnitTest name="CleanInProgressNotification_ExistingProjects_DeletesInProgressTestResultDetails" storage="d:\v2.0\p1\_work\9\bin\release.anycpu\tcm.shared\ms.vs.services.tcm.server.common.l0.tests\microsoft.visualstudio.services.tcm.server.common.l0.tests.dll" priority="1" id="73e34c03-dafe-0b0f-4e93-f71bee9f6e6f">
      <Owners>
        <Owner name="vstlmtcm" />
      </Owners>
      <TestCategory>
        <TestCategoryItem TestCategory="L0" />
        <TestCategoryItem TestCategory="Team.TestCaseManagement" />
      </TestCategory>
      <Execution id="0edca067-1b76-4103-9263-d05eb85225a1" />
      <TestMethod codeBase="d:\v2.0\P1\_work\9\bin\Release.AnyCPU\Tcm.Shared\MS.VS.Services.Tcm.Server.Common.L0.Tests\Microsoft.VisualStudio.Services.Tcm.Server.Common.L0.Tests.dll" adapterTypeName="executor://mstestadapter/v2" className="Microsoft.VisualStudio.Services.Tcm.Server.Common.L0.Tests.Jobs.SharedCleanupJobTests" name="CleanInProgressNotification_ExistingProjects_DeletesInProgressTestResultDetails" />
    </UnitTest>
    <UnitTest name="CleanTestRuns_OnException_ResetsJobData" storage="d:\v2.0\p1\_work\9\bin\release.anycpu\tcm.shared\ms.vs.services.tcm.server.common.l0.tests\microsoft.visualstudio.services.tcm.server.common.l0.tests.dll" priority="1" id="9ec46b9a-c312-88da-f6ef-7e372ef4cba9">
      <Owners>
        <Owner name="vstlmtcm" />
      </Owners>
      <TestCategory>
        <TestCategoryItem TestCategory="L0" />
        <TestCategoryItem TestCategory="Team.TestCaseManagement" />
      </TestCategory>
      <Execution id="613d1718-b84a-4c4e-b101-0ea8892b1c98" />
      <TestMethod codeBase="d:\v2.0\P1\_work\9\bin\Release.AnyCPU\Tcm.Shared\MS.VS.Services.Tcm.Server.Common.L0.Tests\Microsoft.VisualStudio.Services.Tcm.Server.Common.L0.Tests.dll" adapterTypeName="executor://mstestadapter/v2" className="Microsoft.VisualStudio.Services.Tcm.Server.Common.L0.Tests.Jobs.SharedCleanupJobTests" name="CleanTestRuns_OnException_ResetsJobData" />
    </UnitTest>
    <UnitTest name="Verify_BuildAndResultsAreHandledInBatches" storage="d:\v2.0\p1\_work\9\bin\release.anycpu\tcm.shared\ms.vs.services.tcm.server.common.l0.tests\microsoft.visualstudio.services.tcm.server.common.l0.tests.dll" priority="1" id="b10878cd-33eb-934f-432d-a85db282c77f">
      <Owners>
        <Owner name="vstlmtcm" />
      </Owners>
      <TestCategory>
        <TestCategoryItem TestCategory="L0" />
        <TestCategoryItem TestCategory="Team.TestCaseManagement" />
      </TestCategory>
      <Execution id="a64537d0-b1bf-4a06-95cd-8999b6d9f3d6" />
      <TestMethod codeBase="d:\v2.0\P1\_work\9\bin\Release.AnyCPU\Tcm.Shared\MS.VS.Services.Tcm.Server.Common.L0.Tests\Microsoft.VisualStudio.Services.Tcm.Server.Common.L0.Tests.dll" adapterTypeName="executor://mstestadapter/v2" className="Microsoft.VisualStudio.Services.Tcm.Server.Common.L0.Tests.Jobs.SharedTestSignalProcessorJobTests" name="Verify_BuildAndResultsAreHandledInBatches" />
    </UnitTest>
    <UnitTest name="GetIntermediateCoverageAttachmentsTestForOneFileWithGuidInName" storage="d:\v2.0\p1\_work\9\bin\release.anycpu\tcm.shared\ms.vs.services.tcm.server.common.l0.tests\microsoft.visualstudio.services.tcm.server.common.l0.tests.dll" priority="0" id="fe35a98d-56a5-71d5-a91e-e5bbd8c89fd3">
      <Owners>
        <Owner name="vstlmtcm" />
      </Owners>
      <TestCategory>
        <TestCategoryItem TestCategory="L0" />
        <TestCategoryItem TestCategory="Team.TestResultsAndInsights" />
      </TestCategory>
      <Execution id="0fb558ba-1284-4bba-88c3-217e45281902" />
      <TestMethod codeBase="d:\v2.0\P1\_work\9\bin\Release.AnyCPU\Tcm.Shared\MS.VS.Services.Tcm.Server.Common.L0.Tests\Microsoft.VisualStudio.Services.Tcm.Server.Common.L0.Tests.dll" adapterTypeName="executor://mstestadapter/v2" className="Microsoft.VisualStudio.Services.Tcm.Server.Common.L0.Tests.Coverage.TcmLogStoreCoverageStorageTests" name="GetIntermediateCoverageAttachmentsTestForOneFileWithGuidInName" />
    </UnitTest>
    <UnitTest name="ProjectInitialization_Creates_InitializeNewProject" storage="d:\v2.0\p1\_work\9\bin\release.anycpu\tcm.shared\ms.vs.services.tcm.server.common.l0.tests\microsoft.visualstudio.services.tcm.server.common.l0.tests.dll" priority="2" id="e21c885c-566a-cf70-e13b-59a936e390c0">
      <Owners>
        <Owner name="vstlmtcm" />
      </Owners>
      <TestCategory>
        <TestCategoryItem TestCategory="L0" />
        <TestCategoryItem TestCategory="Team.TestCaseManagement" />
      </TestCategory>
      <Execution id="f1e8aefc-ca4e-404f-92a8-ffa7bd26b0d3" />
      <TestMethod codeBase="d:\v2.0\P1\_work\9\bin\Release.AnyCPU\Tcm.Shared\MS.VS.Services.Tcm.Server.Common.L0.Tests\Microsoft.VisualStudio.Services.Tcm.Server.Common.L0.Tests.dll" adapterTypeName="executor://mstestadapter/v2" className="Microsoft.VisualStudio.Services.Tcm.Server.Common.L0.Tests.ProjectSyncTests" name="ProjectInitialization_Creates_InitializeNewProject" />
    </UnitTest>
    <UnitTest name="UploadMergedCoverageFileTestWhenContainerAlreadyExist" storage="d:\v2.0\p1\_work\9\bin\release.anycpu\tcm.shared\ms.vs.services.tcm.server.common.l0.tests\microsoft.visualstudio.services.tcm.server.common.l0.tests.dll" priority="0" id="ab57339b-01de-0e5d-cc6f-9402f73f1447">
      <Owners>
        <Owner name="vstlmtcm" />
      </Owners>
      <TestCategory>
        <TestCategoryItem TestCategory="L0" />
        <TestCategoryItem TestCategory="Team.TestResultsAndInsights" />
      </TestCategory>
      <Execution id="69947b22-3355-4543-a4bd-d5e811a7118e" />
      <TestMethod codeBase="d:\v2.0\P1\_work\9\bin\Release.AnyCPU\Tcm.Shared\MS.VS.Services.Tcm.Server.Common.L0.Tests\Microsoft.VisualStudio.Services.Tcm.Server.Common.L0.Tests.dll" adapterTypeName="executor://mstestadapter/v2" className="Microsoft.VisualStudio.Services.Tcm.Server.Common.L0.Tests.Coverage.TcmLogStoreCoverageStorageTests" name="UploadMergedCoverageFileTestWhenContainerAlreadyExist" />
    </UnitTest>
    <UnitTest name="UpdateTestRunChangedSignalRNotification_ForBuildRuns" storage="d:\v2.0\p1\_work\9\bin\release.anycpu\tcm.shared\ms.vs.services.tcm.server.common.l0.tests\microsoft.visualstudio.services.tcm.server.common.l0.tests.dll" id="ce14c7a8-4c0a-3b5c-ce0d-533603c174bd">
      <Owners>
        <Owner name="vstlmtcm" />
      </Owners>
      <TestCategory>
        <TestCategoryItem TestCategory="L0" />
        <TestCategoryItem TestCategory="Team.TestResultsAndInsights" />
      </TestCategory>
      <Execution id="e3f3c54a-ce0d-4473-8d5e-572618bff1f0" />
      <TestMethod codeBase="d:\v2.0\P1\_work\9\bin\Release.AnyCPU\Tcm.Shared\MS.VS.Services.Tcm.Server.Common.L0.Tests\Microsoft.VisualStudio.Services.Tcm.Server.Common.L0.Tests.dll" adapterTypeName="executor://mstestadapter/v2" className="Microsoft.VisualStudio.Services.Tcm.Server.Common.L0.Tests.Plugins.TestResultActionTests" name="UpdateTestRunChangedSignalRNotification_ForBuildRuns" />
    </UnitTest>
    <UnitTest name="TestPrCommentCreationForNoExecutableChanges" storage="d:\v2.0\p1\_work\9\bin\release.anycpu\tcm.shared\ms.vs.services.tcm.server.common.l0.tests\microsoft.visualstudio.services.tcm.server.common.l0.tests.dll" priority="0" id="0c17a423-c847-e3cb-85d4-8901f25fedc2">
      <Owners>
        <Owner name="vsinautotest" />
      </Owners>
      <TestCategory>
        <TestCategoryItem TestCategory="L0" />
        <TestCategoryItem TestCategory="Team.TestResultsAndInsights" />
      </TestCategory>
      <Execution id="f573ab25-1f8d-4aba-a216-771c48bb9f7b" />
      <TestMethod codeBase="d:\v2.0\P1\_work\9\bin\Release.AnyCPU\Tcm.Shared\MS.VS.Services.Tcm.Server.Common.L0.Tests\Microsoft.VisualStudio.Services.Tcm.Server.Common.L0.Tests.dll" adapterTypeName="executor://mstestadapter/v2" className="Microsoft.VisualStudio.Services.Tcm.Server.Common.L0.Tests.Coverage.MarkDownCommentTests" name="TestPrCommentCreationForNoExecutableChanges" />
    </UnitTest>
    <UnitTest name="VerifyReleaseHandleTestRunChangedQueuesAJobWithDefaultFromRegistry" storage="d:\v2.0\p1\_work\9\bin\release.anycpu\tcm.shared\ms.vs.services.tcm.server.common.l0.tests\microsoft.visualstudio.services.tcm.server.common.l0.tests.dll" priority="0" id="a6f6b60b-d074-fce8-615a-c6afcc51d95b">
      <Owners>
        <Owner name="vstlmtcm" />
      </Owners>
      <TestCategory>
        <TestCategoryItem TestCategory="L0" />
      </TestCategory>
      <Execution id="3803590b-59bf-401f-bfcb-277da0873047" />
      <TestMethod codeBase="d:\v2.0\P1\_work\9\bin\Release.AnyCPU\Tcm.Shared\MS.VS.Services.Tcm.Server.Common.L0.Tests\Microsoft.VisualStudio.Services.Tcm.Server.Common.L0.Tests.dll" adapterTypeName="executor://mstestadapter/v2" className="Microsoft.VisualStudio.Services.Tcm.Server.Common.L0.Tests.Hub.TestHubDispatcherTests" name="VerifyReleaseHandleTestRunChangedQueuesAJobWithDefaultFromRegistry" />
    </UnitTest>
    <UnitTest name="Execute_CalculateTestInsights_WithNoData" storage="d:\v2.0\p1\_work\9\bin\release.anycpu\tcm.shared\ms.vs.services.tcm.server.common.l0.tests\microsoft.visualstudio.services.tcm.server.common.l0.tests.dll" priority="1" id="8039c480-63e7-ec9e-9e60-dac2849ba58a">
      <Owners>
        <Owner name="vstlmtcm" />
      </Owners>
      <TestCategory>
        <TestCategoryItem TestCategory="L0" />
        <TestCategoryItem TestCategory="Team.TestCaseManagement" />
      </TestCategory>
      <Execution id="7ec4f70b-6c1c-4cff-819e-193823a208dc" />
      <TestMethod codeBase="d:\v2.0\P1\_work\9\bin\Release.AnyCPU\Tcm.Shared\MS.VS.Services.Tcm.Server.Common.L0.Tests\Microsoft.VisualStudio.Services.Tcm.Server.Common.L0.Tests.dll" adapterTypeName="executor://mstestadapter/v2" className="Microsoft.VisualStudio.Services.Tcm.Server.Common.L0.Tests.Jobs.SharedCalculateTestInsightsJobTests" name="Execute_CalculateTestInsights_WithNoData" />
    </UnitTest>
    <UnitTest name="Execute_CalculateTestInsights_WithReleaseData" storage="d:\v2.0\p1\_work\9\bin\release.anycpu\tcm.shared\ms.vs.services.tcm.server.common.l0.tests\microsoft.visualstudio.services.tcm.server.common.l0.tests.dll" priority="1" id="f402d0ec-7c21-4815-45e3-ea93cc211240">
      <Owners>
        <Owner name="vstlmtcm" />
      </Owners>
      <TestCategory>
        <TestCategoryItem TestCategory="L0" />
        <TestCategoryItem TestCategory="Team.TestCaseManagement" />
      </TestCategory>
      <Execution id="376a9cb7-1426-4e30-ad6f-21f5deeacfd9" />
      <TestMethod codeBase="d:\v2.0\P1\_work\9\bin\Release.AnyCPU\Tcm.Shared\MS.VS.Services.Tcm.Server.Common.L0.Tests\Microsoft.VisualStudio.Services.Tcm.Server.Common.L0.Tests.dll" adapterTypeName="executor://mstestadapter/v2" className="Microsoft.VisualStudio.Services.Tcm.Server.Common.L0.Tests.Jobs.SharedCalculateTestInsightsJobTests" name="Execute_CalculateTestInsights_WithReleaseData" />
    </UnitTest>
    <UnitTest name="UpdateTestRunSummaryOnAddResults_FF_Off_DoesNotUpdateSummary" storage="d:\v2.0\p1\_work\9\bin\release.anycpu\tcm.shared\ms.vs.services.tcm.server.common.l0.tests\microsoft.visualstudio.services.tcm.server.common.l0.tests.dll" id="8527d593-6727-38a8-e917-3d8f691082fc">
      <Owners>
        <Owner name="vstlmtcm" />
      </Owners>
      <TestCategory>
        <TestCategoryItem TestCategory="L0" />
        <TestCategoryItem TestCategory="Team.TestResultsAndInsights" />
      </TestCategory>
      <Execution id="2c8f7520-eb6f-4791-87c5-17c07c782829" />
      <TestMethod codeBase="d:\v2.0\P1\_work\9\bin\Release.AnyCPU\Tcm.Shared\MS.VS.Services.Tcm.Server.Common.L0.Tests\Microsoft.VisualStudio.Services.Tcm.Server.Common.L0.Tests.dll" adapterTypeName="executor://mstestadapter/v2" className="Microsoft.VisualStudio.Services.Tcm.Server.Common.L0.Tests.Plugins.TestResultActionTests" name="UpdateTestRunSummaryOnAddResults_FF_Off_DoesNotUpdateSummary" />
    </UnitTest>
    <UnitTest name="CreateTestRunShouldTrimCommentLengthIfMoreThanSpecified" storage="d:\v2.0\p1\_work\9\bin\release.anycpu\tcm.shared\ms.vs.services.tcm.server.common.l0.tests\microsoft.visualstudio.services.tcm.server.common.l0.tests.dll" priority="1" id="e1f10b13-21d8-0c95-2989-50d44e15fe50">
      <Owners>
        <Owner name="vstlmtcm" />
      </Owners>
      <TestCategory>
        <TestCategoryItem TestCategory="L0" />
      </TestCategory>
      <Execution id="ff707a12-15f1-4082-a56e-e9c997105226" />
      <TestMethod codeBase="d:\v2.0\P1\_work\9\bin\Release.AnyCPU\Tcm.Shared\MS.VS.Services.Tcm.Server.Common.L0.Tests\Microsoft.VisualStudio.Services.Tcm.Server.Common.L0.Tests.dll" adapterTypeName="executor://mstestadapter/v2" className="Microsoft.VisualStudio.Services.Tcm.Server.Common.L0.Tests.CreateTestRunTests" name="CreateTestRunShouldTrimCommentLengthIfMoreThanSpecified" />
    </UnitTest>
    <UnitTest name="TestGetFileDiffMappingsInCurrentIteration" storage="d:\v2.0\p1\_work\9\bin\release.anycpu\tcm.shared\ms.vs.services.tcm.server.common.l0.tests\microsoft.visualstudio.services.tcm.server.common.l0.tests.dll" priority="0" id="07576205-8e1d-e265-92be-07bcec4e7cb4">
      <Owners>
        <Owner name="vstlmtcm" />
      </Owners>
      <TestCategory>
        <TestCategoryItem TestCategory="L0" />
        <TestCategoryItem TestCategory="Team.TestResultsAndInsights" />
      </TestCategory>
      <Execution id="203a9246-47ac-4881-a21d-bb3cf60e564f" />
      <TestMethod codeBase="d:\v2.0\P1\_work\9\bin\Release.AnyCPU\Tcm.Shared\MS.VS.Services.Tcm.Server.Common.L0.Tests\Microsoft.VisualStudio.Services.Tcm.Server.Common.L0.Tests.dll" adapterTypeName="executor://mstestadapter/v2" className="Microsoft.VisualStudio.Services.Tcm.Server.Common.L0.Tests.Coverage.TfsGitVersionControlProviderTests" name="TestGetFileDiffMappingsInCurrentIteration" />
    </UnitTest>
    <UnitTest name="GetBuildRetentionPolicies_DefinitionHasRetention_ReturnsPolicies" storage="d:\v2.0\p1\_work\9\bin\release.anycpu\tcm.shared\ms.vs.services.tcm.server.common.l0.tests\microsoft.visualstudio.services.tcm.server.common.l0.tests.dll" priority="1" id="05f5028d-bbce-9b14-869c-d866567ad348">
      <Owners>
        <Owner name="vstlmtcm" />
      </Owners>
      <TestCategory>
        <TestCategoryItem TestCategory="L0" />
        <TestCategoryItem TestCategory="Team.TestResultsAndInsights" />
      </TestCategory>
      <Execution id="cb30b5ce-e982-49b1-9e64-9e3ffe534990" />
      <TestMethod codeBase="d:\v2.0\P1\_work\9\bin\Release.AnyCPU\Tcm.Shared\MS.VS.Services.Tcm.Server.Common.L0.Tests\Microsoft.VisualStudio.Services.Tcm.Server.Common.L0.Tests.dll" adapterTypeName="executor://mstestadapter/v2" className="Microsoft.VisualStudio.Services.Tcm.Server.Common.L0.Tests.BuildDeletedActionTests" name="GetBuildRetentionPolicies_DefinitionHasRetention_ReturnsPolicies" />
    </UnitTest>
    <UnitTest name="WhenOurFFisOffAndTheirIfOn" storage="d:\v2.0\p1\_work\9\bin\release.anycpu\tcm.shared\ms.vs.services.tcm.server.common.l0.tests\microsoft.visualstudio.services.tcm.server.common.l0.tests.dll" priority="0" id="2787e5f7-4f56-8a93-7985-338437b183fc">
      <Owners>
        <Owner name="vstlmtcm" />
      </Owners>
      <TestCategory>
        <TestCategoryItem TestCategory="L0" />
        <TestCategoryItem TestCategory="Team.TestResultsAndInsights" />
      </TestCategory>
      <Execution id="efda8f99-b6fb-48a0-8e22-8d076140f924" />
      <TestMethod codeBase="d:\v2.0\P1\_work\9\bin\Release.AnyCPU\Tcm.Shared\MS.VS.Services.Tcm.Server.Common.L0.Tests\Microsoft.VisualStudio.Services.Tcm.Server.Common.L0.Tests.dll" adapterTypeName="executor://mstestadapter/v2" className="Microsoft.VisualStudio.Services.Tcm.Server.Common.L0.Tests.Coverage.CoverageStorageFactoryTests" name="WhenOurFFisOffAndTheirIfOn" />
    </UnitTest>
    <UnitTest name="Verify_SendTestRunStatChangedIsNotCalled_WhenNoClients" storage="d:\v2.0\p1\_work\9\bin\release.anycpu\tcm.shared\ms.vs.services.tcm.server.common.l0.tests\microsoft.visualstudio.services.tcm.server.common.l0.tests.dll" priority="1" id="e35a88f7-385e-3d22-633c-a18957c0dd5f">
      <Owners>
        <Owner name="vstlmtcm" />
      </Owners>
      <TestCategory>
        <TestCategoryItem TestCategory="L0" />
        <TestCategoryItem TestCategory="Team.TestCaseManagement" />
      </TestCategory>
      <Execution id="f988bdf3-96a6-4bf3-a299-7f15d16393ef" />
      <TestMethod codeBase="d:\v2.0\P1\_work\9\bin\Release.AnyCPU\Tcm.Shared\MS.VS.Services.Tcm.Server.Common.L0.Tests\Microsoft.VisualStudio.Services.Tcm.Server.Common.L0.Tests.dll" adapterTypeName="executor://mstestadapter/v2" className="Microsoft.VisualStudio.Services.Tcm.Server.Common.L0.Tests.Jobs.SharedTestSignalProcessorJobTests" name="Verify_SendTestRunStatChangedIsNotCalled_WhenNoClients" />
    </UnitTest>
    <UnitTest name="SyncTestSettingsWorksWithContinuationtoken" storage="d:\v2.0\p1\_work\9\bin\release.anycpu\tcm.shared\ms.vs.services.tcm.server.common.l0.tests\microsoft.visualstudio.services.tcm.server.common.l0.tests.dll" id="7af18900-103f-2522-0dc1-e19641553f59">
      <Owners>
        <Owner name="vstlmtcm" />
      </Owners>
      <TestCategory>
        <TestCategoryItem TestCategory="L0" />
        <TestCategoryItem TestCategory="Team.TestResultsAndInsights" />
      </TestCategory>
      <Execution id="bc500010-0118-423e-b131-5cefe1c0aca9" />
      <TestMethod codeBase="d:\v2.0\P1\_work\9\bin\Release.AnyCPU\Tcm.Shared\MS.VS.Services.Tcm.Server.Common.L0.Tests\Microsoft.VisualStudio.Services.Tcm.Server.Common.L0.Tests.dll" adapterTypeName="executor://mstestadapter/v2" className="Microsoft.VisualStudio.Services.Tcm.Server.Common.L0.Tests.ProjectSyncTests" name="SyncTestSettingsWorksWithContinuationtoken" />
    </UnitTest>
    <UnitTest name="FileNameWhenPlatformHasUnwantedCharacters" storage="d:\v2.0\p1\_work\9\bin\release.anycpu\tcm.shared\ms.vs.services.tcm.server.common.l0.tests\microsoft.visualstudio.services.tcm.server.common.l0.tests.dll" priority="0" id="cd6dddc0-e90e-258d-3e4e-7bb3b5c8337f">
      <Owners>
        <Owner name="vsinautotest" />
      </Owners>
      <TestCategory>
        <TestCategoryItem TestCategory="L0" />
        <TestCategoryItem TestCategory="Team.TestResultsAndInsights" />
      </TestCategory>
      <Execution id="139e038e-3fe7-4a95-a7ba-f1614b2e0ec2" />
      <TestMethod codeBase="d:\v2.0\P1\_work\9\bin\Release.AnyCPU\Tcm.Shared\MS.VS.Services.Tcm.Server.Common.L0.Tests\Microsoft.VisualStudio.Services.Tcm.Server.Common.L0.Tests.dll" adapterTypeName="executor://mstestadapter/v2" className="Microsoft.VisualStudio.Services.Tcm.Server.Common.L0.Tests.Coverage.CoverageFileNameUtilityTests" name="FileNameWhenPlatformHasUnwantedCharacters" />
    </UnitTest>
    <UnitTest name="ProjectInitialization_Creates_InitializeNewProjectAlreadySynced" storage="d:\v2.0\p1\_work\9\bin\release.anycpu\tcm.shared\ms.vs.services.tcm.server.common.l0.tests\microsoft.visualstudio.services.tcm.server.common.l0.tests.dll" priority="2" id="aa3b52de-28aa-0a8d-5eda-a943dba005bd">
      <Owners>
        <Owner name="vstlmtcm" />
      </Owners>
      <TestCategory>
        <TestCategoryItem TestCategory="L0" />
        <TestCategoryItem TestCategory="Team.TestCaseManagement" />
      </TestCategory>
      <Execution id="f7d30e29-0019-4531-b9e7-1b57cd915647" />
      <TestMethod codeBase="d:\v2.0\P1\_work\9\bin\Release.AnyCPU\Tcm.Shared\MS.VS.Services.Tcm.Server.Common.L0.Tests\Microsoft.VisualStudio.Services.Tcm.Server.Common.L0.Tests.dll" adapterTypeName="executor://mstestadapter/v2" className="Microsoft.VisualStudio.Services.Tcm.Server.Common.L0.Tests.ProjectSyncTests" name="ProjectInitialization_Creates_InitializeNewProjectAlreadySynced" />
    </UnitTest>
    <UnitTest name="GetIntermediateCoverageAttachmentsTestForOneFile" storage="d:\v2.0\p1\_work\9\bin\release.anycpu\tcm.shared\ms.vs.services.tcm.server.common.l0.tests\microsoft.visualstudio.services.tcm.server.common.l0.tests.dll" priority="0" id="7113ea1b-5701-7284-af55-2378a8231b4f">
      <Owners>
        <Owner name="vstlmtcm" />
      </Owners>
      <TestCategory>
        <TestCategoryItem TestCategory="L0" />
        <TestCategoryItem TestCategory="Team.TestResultsAndInsights" />
      </TestCategory>
      <Execution id="dcf1af4d-ca78-4394-8c13-d9cd552d00e4" />
      <TestMethod codeBase="d:\v2.0\P1\_work\9\bin\Release.AnyCPU\Tcm.Shared\MS.VS.Services.Tcm.Server.Common.L0.Tests\Microsoft.VisualStudio.Services.Tcm.Server.Common.L0.Tests.dll" adapterTypeName="executor://mstestadapter/v2" className="Microsoft.VisualStudio.Services.Tcm.Server.Common.L0.Tests.Coverage.TCMAttachmentCoverageStorageTests" name="GetIntermediateCoverageAttachmentsTestForOneFile" />
    </UnitTest>
    <UnitTest name="VerifyBuildHandleTestRunChangedShouldNotQueueAJobWhenNoClient" storage="d:\v2.0\p1\_work\9\bin\release.anycpu\tcm.shared\ms.vs.services.tcm.server.common.l0.tests\microsoft.visualstudio.services.tcm.server.common.l0.tests.dll" priority="0" id="8e2fc967-f020-b2f9-4253-e19ec73bbfd9">
      <Owners>
        <Owner name="vstlmtcm" />
      </Owners>
      <TestCategory>
        <TestCategoryItem TestCategory="L0" />
      </TestCategory>
      <Execution id="504b0e48-774a-4954-a131-cc1dac7d75d2" />
      <TestMethod codeBase="d:\v2.0\P1\_work\9\bin\Release.AnyCPU\Tcm.Shared\MS.VS.Services.Tcm.Server.Common.L0.Tests\Microsoft.VisualStudio.Services.Tcm.Server.Common.L0.Tests.dll" adapterTypeName="executor://mstestadapter/v2" className="Microsoft.VisualStudio.Services.Tcm.Server.Common.L0.Tests.Hub.TestHubDispatcherTests" name="VerifyBuildHandleTestRunChangedShouldNotQueueAJobWhenNoClient" />
    </UnitTest>
    <UnitTest name="CleanTestRuns_NoTestProjectForRun_SkipsTestRunCleanup" storage="d:\v2.0\p1\_work\9\bin\release.anycpu\tcm.shared\ms.vs.services.tcm.server.common.l0.tests\microsoft.visualstudio.services.tcm.server.common.l0.tests.dll" priority="1" id="2085c371-e933-1fcd-8bab-6795589d4566">
      <Owners>
        <Owner name="vstlmtcm" />
      </Owners>
      <TestCategory>
        <TestCategoryItem TestCategory="L0" />
        <TestCategoryItem TestCategory="Team.TestCaseManagement" />
      </TestCategory>
      <Execution id="739e030e-df6f-4ac6-84a9-37c3f8d21046" />
      <TestMethod codeBase="d:\v2.0\P1\_work\9\bin\Release.AnyCPU\Tcm.Shared\MS.VS.Services.Tcm.Server.Common.L0.Tests\Microsoft.VisualStudio.Services.Tcm.Server.Common.L0.Tests.dll" adapterTypeName="executor://mstestadapter/v2" className="Microsoft.VisualStudio.Services.Tcm.Server.Common.L0.Tests.Jobs.SharedCleanupJobTests" name="CleanTestRuns_NoTestProjectForRun_SkipsTestRunCleanup" />
    </UnitTest>
    <UnitTest name="QueryBuildCoverageTestWhenCofigurationDoesntMatch" storage="d:\v2.0\p1\_work\9\bin\release.anycpu\tcm.shared\ms.vs.services.tcm.server.common.l0.tests\microsoft.visualstudio.services.tcm.server.common.l0.tests.dll" priority="0" id="34c95f66-77ff-3974-8056-b5d845f689d8">
      <Owners>
        <Owner name="vstlmtcm" />
      </Owners>
      <TestCategory>
        <TestCategoryItem TestCategory="L0" />
        <TestCategoryItem TestCategory="Team.TestResultsAndInsights" />
      </TestCategory>
      <Execution id="a85bc41a-9544-42d3-93d6-755050656fd6" />
      <TestMethod codeBase="d:\v2.0\P1\_work\9\bin\Release.AnyCPU\Tcm.Shared\MS.VS.Services.Tcm.Server.Common.L0.Tests\Microsoft.VisualStudio.Services.Tcm.Server.Common.L0.Tests.dll" adapterTypeName="executor://mstestadapter/v2" className="Microsoft.VisualStudio.Services.Tcm.Server.Common.L0.Tests.Coverage.MSCodeCoverageTransformerTests" name="QueryBuildCoverageTestWhenCofigurationDoesntMatch" />
    </UnitTest>
    <UnitTest name="DeleteBuild_DeleteTestRequestIsSetAndInvalidUserContext_MarksTestBuildDeleted" storage="d:\v2.0\p1\_work\9\bin\release.anycpu\tcm.shared\ms.vs.services.tcm.server.common.l0.tests\microsoft.visualstudio.services.tcm.server.common.l0.tests.dll" priority="1" id="d2d79b44-05e6-3939-56c8-d59e1dea41aa">
      <Owners>
        <Owner name="vstlmtcm" />
      </Owners>
      <TestCategory>
        <TestCategoryItem TestCategory="L0" />
        <TestCategoryItem TestCategory="Team.TestResultsAndInsights" />
      </TestCategory>
      <Execution id="ceebe17b-5124-4632-afbe-ca5d67253af9" />
      <TestMethod codeBase="d:\v2.0\P1\_work\9\bin\Release.AnyCPU\Tcm.Shared\MS.VS.Services.Tcm.Server.Common.L0.Tests\Microsoft.VisualStudio.Services.Tcm.Server.Common.L0.Tests.dll" adapterTypeName="executor://mstestadapter/v2" className="Microsoft.VisualStudio.Services.Tcm.Server.Common.L0.Tests.BuildDeletedActionTests" name="DeleteBuild_DeleteTestRequestIsSetAndInvalidUserContext_MarksTestBuildDeleted" />
    </UnitTest>
    <UnitTest name="GetFileLevelCoverageReturnsEmptyJsonIfNoFileFound" storage="d:\v2.0\p1\_work\9\bin\release.anycpu\tcm.shared\ms.vs.services.tcm.server.common.l0.tests\microsoft.visualstudio.services.tcm.server.common.l0.tests.dll" priority="0" id="73635338-4a76-d6f5-35cf-602ef7a4ca3e">
      <Owners>
        <Owner name="vstlmtcm" />
      </Owners>
      <TestCategory>
        <TestCategoryItem TestCategory="L0" />
        <TestCategoryItem TestCategory="Team.TestResultsAndInsights" />
      </TestCategory>
      <Execution id="13ce5698-0d6c-4b71-91a3-02a9a2b95c8a" />
      <TestMethod codeBase="d:\v2.0\P1\_work\9\bin\Release.AnyCPU\Tcm.Shared\MS.VS.Services.Tcm.Server.Common.L0.Tests\Microsoft.VisualStudio.Services.Tcm.Server.Common.L0.Tests.dll" adapterTypeName="executor://mstestadapter/v2" className="Microsoft.VisualStudio.Services.Tcm.Server.Common.L0.Tests.Coverage.TeamFoundationTestManagementCodeCoverageServiceTests" name="GetFileLevelCoverageReturnsEmptyJsonIfNoFileFound" />
    </UnitTest>
    <UnitTest name="DeleteBuild_NullBuildUri_DoesNotDeleteBuild" storage="d:\v2.0\p1\_work\9\bin\release.anycpu\tcm.shared\ms.vs.services.tcm.server.common.l0.tests\microsoft.visualstudio.services.tcm.server.common.l0.tests.dll" priority="1" id="643e058f-a60a-a5e8-2e27-ca01e078f5f9">
      <Owners>
        <Owner name="vstlmtcm" />
      </Owners>
      <TestCategory>
        <TestCategoryItem TestCategory="L0" />
        <TestCategoryItem TestCategory="Team.TestResultsAndInsights" />
      </TestCategory>
      <Execution id="fd36fedb-f778-4cf0-b962-49f00e7c4686" />
      <TestMethod codeBase="d:\v2.0\P1\_work\9\bin\Release.AnyCPU\Tcm.Shared\MS.VS.Services.Tcm.Server.Common.L0.Tests\Microsoft.VisualStudio.Services.Tcm.Server.Common.L0.Tests.dll" adapterTypeName="executor://mstestadapter/v2" className="Microsoft.VisualStudio.Services.Tcm.Server.Common.L0.Tests.BuildDeletedActionTests" name="DeleteBuild_NullBuildUri_DoesNotDeleteBuild" />
    </UnitTest>
    <UnitTest name="CheckCoverageContainerPath" storage="d:\v2.0\p1\_work\9\bin\release.anycpu\tcm.shared\ms.vs.services.tcm.server.common.l0.tests\microsoft.visualstudio.services.tcm.server.common.l0.tests.dll" priority="1" id="c3b868d6-699d-dc23-0157-dd952998cee8">
      <Owners>
        <Owner name="abhishk" />
      </Owners>
      <TestCategory>
        <TestCategoryItem TestCategory="L0" />
        <TestCategoryItem TestCategory="Team.DTA" />
      </TestCategory>
      <Execution id="b7c9a034-1768-4954-8c8a-31c3c4d5678f" />
      <TestMethod codeBase="d:\v2.0\P1\_work\9\bin\Release.AnyCPU\Tcm.Shared\MS.VS.Services.Tcm.Server.Common.L0.Tests\Microsoft.VisualStudio.Services.Tcm.Server.Common.L0.Tests.dll" adapterTypeName="executor://mstestadapter/v2" className="Microsoft.VisualStudio.Services.Tcm.Server.Common.L0.Tests.Jobs.SharedCoverageAnalyzerJobTests" name="CheckCoverageContainerPath" />
    </UnitTest>
    <UnitTest name="ReturnBestMatchingFilePathWithForwardSlashInPaths" storage="d:\v2.0\p1\_work\9\bin\release.anycpu\tcm.shared\ms.vs.services.tcm.server.common.l0.tests\microsoft.visualstudio.services.tcm.server.common.l0.tests.dll" priority="0" id="7924bff6-8662-9688-d9cb-6a59907ddeb7">
      <Owners>
        <Owner name="vsinautotest" />
      </Owners>
      <TestCategory>
        <TestCategoryItem TestCategory="L0" />
        <TestCategoryItem TestCategory="Team.TestResultsAndInsights" />
      </TestCategory>
      <Execution id="0574ede6-2940-4638-8dbe-47812eba2f17" />
      <TestMethod codeBase="d:\v2.0\P1\_work\9\bin\Release.AnyCPU\Tcm.Shared\MS.VS.Services.Tcm.Server.Common.L0.Tests\Microsoft.VisualStudio.Services.Tcm.Server.Common.L0.Tests.dll" adapterTypeName="executor://mstestadapter/v2" className="Microsoft.VisualStudio.Services.Tcm.Server.Common.L0.Tests.Coverage.StringMatchFilterTests" name="ReturnBestMatchingFilePathWithForwardSlashInPaths" />
    </UnitTest>
    <UnitTest name="UpdateTestRunSummaryOnRunCompleted_InvalidProject_SkipSummaryUpdate" storage="d:\v2.0\p1\_work\9\bin\release.anycpu\tcm.shared\ms.vs.services.tcm.server.common.l0.tests\microsoft.visualstudio.services.tcm.server.common.l0.tests.dll" id="73b4b68a-90c7-698a-fa98-23fbe3307f14">
      <Owners>
        <Owner name="vstlmtcm" />
      </Owners>
      <TestCategory>
        <TestCategoryItem TestCategory="L0" />
        <TestCategoryItem TestCategory="Team.TestResultsAndInsights" />
      </TestCategory>
      <Execution id="cd6c433f-d124-4de6-8009-905f13c38979" />
      <TestMethod codeBase="d:\v2.0\P1\_work\9\bin\Release.AnyCPU\Tcm.Shared\MS.VS.Services.Tcm.Server.Common.L0.Tests\Microsoft.VisualStudio.Services.Tcm.Server.Common.L0.Tests.dll" adapterTypeName="executor://mstestadapter/v2" className="Microsoft.VisualStudio.Services.Tcm.Server.Common.L0.Tests.Plugins.TestRunActionTests" name="UpdateTestRunSummaryOnRunCompleted_InvalidProject_SkipSummaryUpdate" />
    </UnitTest>
    <UnitTest name="VerifyReleaseHandleTestRunChangedSaveSignalInDb" storage="d:\v2.0\p1\_work\9\bin\release.anycpu\tcm.shared\ms.vs.services.tcm.server.common.l0.tests\microsoft.visualstudio.services.tcm.server.common.l0.tests.dll" priority="0" id="87ed3e3d-c09b-5c0d-1695-5d1c580bce6a">
      <Owners>
        <Owner name="vstlmtcm" />
      </Owners>
      <TestCategory>
        <TestCategoryItem TestCategory="L0" />
      </TestCategory>
      <Execution id="96975caa-1953-47c2-af37-c11787e44539" />
      <TestMethod codeBase="d:\v2.0\P1\_work\9\bin\Release.AnyCPU\Tcm.Shared\MS.VS.Services.Tcm.Server.Common.L0.Tests\Microsoft.VisualStudio.Services.Tcm.Server.Common.L0.Tests.dll" adapterTypeName="executor://mstestadapter/v2" className="Microsoft.VisualStudio.Services.Tcm.Server.Common.L0.Tests.Hub.TestHubDispatcherTests" name="VerifyReleaseHandleTestRunChangedSaveSignalInDb" />
    </UnitTest>
    <UnitTest name="RunCleanUpAction_WithException_ReturnsFalse" storage="d:\v2.0\p1\_work\9\bin\release.anycpu\tcm.shared\ms.vs.services.tcm.server.common.l0.tests\microsoft.visualstudio.services.tcm.server.common.l0.tests.dll" priority="1" id="fb553472-43aa-fbe8-b485-ffedb70b5376">
      <Owners>
        <Owner name="vstlmtcm" />
      </Owners>
      <TestCategory>
        <TestCategoryItem TestCategory="L0" />
        <TestCategoryItem TestCategory="Team.TestCaseManagement" />
      </TestCategory>
      <Execution id="318b8e85-127d-49fb-b2c0-e5f4422a268a" />
      <TestMethod codeBase="d:\v2.0\P1\_work\9\bin\Release.AnyCPU\Tcm.Shared\MS.VS.Services.Tcm.Server.Common.L0.Tests\Microsoft.VisualStudio.Services.Tcm.Server.Common.L0.Tests.dll" adapterTypeName="executor://mstestadapter/v2" className="Microsoft.VisualStudio.Services.Tcm.Server.Common.L0.Tests.Jobs.SharedCleanupJobTests" name="RunCleanUpAction_WithException_ReturnsFalse" />
    </UnitTest>
    <UnitTest name="CleanTestRuns_WithNonDeletedProjects_CleansTestRuns" storage="d:\v2.0\p1\_work\9\bin\release.anycpu\tcm.shared\ms.vs.services.tcm.server.common.l0.tests\microsoft.visualstudio.services.tcm.server.common.l0.tests.dll" priority="1" id="c08e099c-75da-9a4e-aa9d-2bdff8529016">
      <Owners>
        <Owner name="vstlmtcm" />
      </Owners>
      <TestCategory>
        <TestCategoryItem TestCategory="L0" />
        <TestCategoryItem TestCategory="Team.TestCaseManagement" />
      </TestCategory>
      <Execution id="91fba6e8-7745-444b-bab2-2b670c2c4485" />
      <TestMethod codeBase="d:\v2.0\P1\_work\9\bin\Release.AnyCPU\Tcm.Shared\MS.VS.Services.Tcm.Server.Common.L0.Tests\Microsoft.VisualStudio.Services.Tcm.Server.Common.L0.Tests.dll" adapterTypeName="executor://mstestadapter/v2" className="Microsoft.VisualStudio.Services.Tcm.Server.Common.L0.Tests.Jobs.SharedCleanupJobTests" name="CleanTestRuns_WithNonDeletedProjects_CleansTestRuns" />
    </UnitTest>
    <UnitTest name="UploadMergedCoverageFileTestWithContainersDoesntExist" storage="d:\v2.0\p1\_work\9\bin\release.anycpu\tcm.shared\ms.vs.services.tcm.server.common.l0.tests\microsoft.visualstudio.services.tcm.server.common.l0.tests.dll" priority="0" id="45685da9-ee5e-b45d-58ae-d7bb4aa800a5">
      <Owners>
        <Owner name="vstlmtcm" />
      </Owners>
      <TestCategory>
        <TestCategoryItem TestCategory="L0" />
        <TestCategoryItem TestCategory="Team.TestResultsAndInsights" />
      </TestCategory>
      <Execution id="e46d812d-f594-446d-aa5a-7bb20233f5d4" />
      <TestMethod codeBase="d:\v2.0\P1\_work\9\bin\Release.AnyCPU\Tcm.Shared\MS.VS.Services.Tcm.Server.Common.L0.Tests\Microsoft.VisualStudio.Services.Tcm.Server.Common.L0.Tests.dll" adapterTypeName="executor://mstestadapter/v2" className="Microsoft.VisualStudio.Services.Tcm.Server.Common.L0.Tests.Coverage.TCMAttachmentCoverageStorageTests" name="UploadMergedCoverageFileTestWithContainersDoesntExist" />
    </UnitTest>
    <UnitTest name="VerifySingleConnectionString" storage="d:\v2.0\p1\_work\9\bin\release.anycpu\tcm.shared\ms.vs.services.tcm.server.common.l0.tests\microsoft.visualstudio.services.tcm.server.common.l0.tests.dll" priority="1" id="18103fad-ca69-d112-ebec-4a1a788e9bca">
      <Owners>
        <Owner name="vstlmtcm" />
      </Owners>
      <Execution id="7e91abf9-4bf8-4af8-b0b2-5df83533cff9" />
      <TestMethod codeBase="d:\v2.0\P1\_work\9\bin\Release.AnyCPU\Tcm.Shared\MS.VS.Services.Tcm.Server.Common.L0.Tests\Microsoft.VisualStudio.Services.Tcm.Server.Common.L0.Tests.dll" adapterTypeName="executor://mstestadapter/v2" className="Microsoft.VisualStudio.Services.Tcm.Server.Common.L0.Tests.TeamFoundationTestLogStoreServiceTests" name="VerifySingleConnectionString" />
    </UnitTest>
    <UnitTest name="Validate_BatchTestCaseResults" storage="d:\v2.0\p1\_work\9\bin\release.anycpu\tcm.shared\ms.vs.services.tcm.server.common.l0.tests\microsoft.visualstudio.services.tcm.server.common.l0.tests.dll" priority="2" id="1b009c87-475b-8ef8-cc9e-da768e92b6f6">
      <Owners>
        <Owner name="vstlmtcm" />
      </Owners>
      <TestCategory>
        <TestCategoryItem TestCategory="L0" />
        <TestCategoryItem TestCategory="Team.TestCaseManagement" />
      </TestCategory>
      <Execution id="32a901a4-9715-4f38-9731-2f079f87269b" />
      <TestMethod codeBase="d:\v2.0\P1\_work\9\bin\Release.AnyCPU\Tcm.Shared\MS.VS.Services.Tcm.Server.Common.L0.Tests\Microsoft.VisualStudio.Services.Tcm.Server.Common.L0.Tests.dll" adapterTypeName="executor://mstestadapter/v2" className="Microsoft.VisualStudio.Services.Tcm.Server.Common.L0.Tests.Jobs.SharedPublishResultsJobTests" name="Validate_BatchTestCaseResults" />
    </UnitTest>
    <UnitTest name="SyncTestFailureTypesWorks" storage="d:\v2.0\p1\_work\9\bin\release.anycpu\tcm.shared\ms.vs.services.tcm.server.common.l0.tests\microsoft.visualstudio.services.tcm.server.common.l0.tests.dll" id="0e007e19-1fbb-b529-3752-1c1b511be8b9">
      <Owners>
        <Owner name="vstlmtcm" />
      </Owners>
      <TestCategory>
        <TestCategoryItem TestCategory="L0" />
        <TestCategoryItem TestCategory="Team.TestResultsAndInsights" />
      </TestCategory>
      <Execution id="a624562b-7594-4c83-8ecd-580b5fc95b95" />
      <TestMethod codeBase="d:\v2.0\P1\_work\9\bin\Release.AnyCPU\Tcm.Shared\MS.VS.Services.Tcm.Server.Common.L0.Tests\Microsoft.VisualStudio.Services.Tcm.Server.Common.L0.Tests.dll" adapterTypeName="executor://mstestadapter/v2" className="Microsoft.VisualStudio.Services.Tcm.Server.Common.L0.Tests.ProjectSyncTests" name="SyncTestFailureTypesWorks" />
    </UnitTest>
    <UnitTest name="CreateTestRunWithSettingsNull" storage="d:\v2.0\p1\_work\9\bin\release.anycpu\tcm.shared\ms.vs.services.tcm.server.common.l0.tests\microsoft.visualstudio.services.tcm.server.common.l0.tests.dll" priority="2" id="5d8ffa2a-a6d0-88a4-35ca-a5d478d6e7b8">
      <Owners>
        <Owner name="vstlmtcm" />
      </Owners>
      <TestCategory>
        <TestCategoryItem TestCategory="L0" />
        <TestCategoryItem TestCategory="Team.TestResultsAndInsights" />
      </TestCategory>
      <Execution id="ab2973aa-dcd6-4a85-8954-0af3cee89421" />
      <TestMethod codeBase="d:\v2.0\P1\_work\9\bin\Release.AnyCPU\Tcm.Shared\MS.VS.Services.Tcm.Server.Common.L0.Tests\Microsoft.VisualStudio.Services.Tcm.Server.Common.L0.Tests.dll" adapterTypeName="executor://mstestadapter/v2" className="Microsoft.VisualStudio.Services.Tcm.Server.Common.L0.Tests.CreateTestRunTests" name="CreateTestRunWithSettingsNull" />
    </UnitTest>
    <UnitTest name="HandleBuildCompletionEventWhenFeatureFlagIsOnWhenTestRunsAreThereButNoCoverageFiles" storage="d:\v2.0\p1\_work\9\bin\release.anycpu\tcm.shared\ms.vs.services.tcm.server.common.l0.tests\microsoft.visualstudio.services.tcm.server.common.l0.tests.dll" priority="0" id="cd5f29a9-6200-2a18-4b4f-95d82986b558">
      <Owners>
        <Owner name="vstlmtcm" />
      </Owners>
      <TestCategory>
        <TestCategoryItem TestCategory="L0" />
        <TestCategoryItem TestCategory="Team.TestResultsAndInsights" />
      </TestCategory>
      <Execution id="6189ca9b-0f96-477e-a94f-6748106438dc" />
      <TestMethod codeBase="d:\v2.0\P1\_work\9\bin\Release.AnyCPU\Tcm.Shared\MS.VS.Services.Tcm.Server.Common.L0.Tests\Microsoft.VisualStudio.Services.Tcm.Server.Common.L0.Tests.dll" adapterTypeName="executor://mstestadapter/v2" className="Microsoft.VisualStudio.Services.Tcm.Server.Common.L0.Tests.Coverage.ModuleCoverageBuildEventListenerTests" name="HandleBuildCompletionEventWhenFeatureFlagIsOnWhenTestRunsAreThereButNoCoverageFiles" />
    </UnitTest>
    <UnitTest name="TestInvalidName" storage="d:\v2.0\p1\_work\9\bin\release.anycpu\tcm.shared\ms.vs.services.tcm.server.common.l0.tests\microsoft.visualstudio.services.tcm.server.common.l0.tests.dll" priority="0" id="83f1b804-c435-84ba-ac36-64a3b476c5ce">
      <Owners>
        <Owner name="vstlmtcm" />
      </Owners>
      <TestCategory>
        <TestCategoryItem TestCategory="L0" />
        <TestCategoryItem TestCategory="Team.TestResultsAndInsights" />
      </TestCategory>
      <Execution id="1422bec2-0fd3-48ef-b2f1-14829809e2e5" />
      <TestMethod codeBase="d:\v2.0\P1\_work\9\bin\Release.AnyCPU\Tcm.Shared\MS.VS.Services.Tcm.Server.Common.L0.Tests\Microsoft.VisualStudio.Services.Tcm.Server.Common.L0.Tests.dll" adapterTypeName="executor://mstestadapter/v2" className="Microsoft.VisualStudio.Services.Tcm.Server.Common.L0.Tests.Coverage.CoverageStorageFactoryTests" name="TestInvalidName" />
    </UnitTest>
    <UnitTest name="UploadMergedCoverageFileTestWithContainersDoesntExist" storage="d:\v2.0\p1\_work\9\bin\release.anycpu\tcm.shared\ms.vs.services.tcm.server.common.l0.tests\microsoft.visualstudio.services.tcm.server.common.l0.tests.dll" priority="0" id="5e2d2600-2f2c-0d9a-b3f0-eee6e2b205f5">
      <Owners>
        <Owner name="vstlmtcm" />
      </Owners>
      <TestCategory>
        <TestCategoryItem TestCategory="L0" />
        <TestCategoryItem TestCategory="Team.TestResultsAndInsights" />
      </TestCategory>
      <Execution id="3c20876e-2ef8-4bf4-8e4c-e6a4f45d35e0" />
      <TestMethod codeBase="d:\v2.0\P1\_work\9\bin\Release.AnyCPU\Tcm.Shared\MS.VS.Services.Tcm.Server.Common.L0.Tests\Microsoft.VisualStudio.Services.Tcm.Server.Common.L0.Tests.dll" adapterTypeName="executor://mstestadapter/v2" className="Microsoft.VisualStudio.Services.Tcm.Server.Common.L0.Tests.Coverage.TcmLogStoreCoverageStorageTests" name="UploadMergedCoverageFileTestWithContainersDoesntExist" />
    </UnitTest>
    <UnitTest name="UnWatchReleaseOnHubShouldCallUnWatchReleaseOnDispatcher" storage="d:\v2.0\p1\_work\9\bin\release.anycpu\tcm.shared\ms.vs.services.tcm.server.common.l0.tests\microsoft.visualstudio.services.tcm.server.common.l0.tests.dll" id="c77ab15b-9cad-bc65-91a9-78dfeea9569d">
      <Execution id="630d68df-331e-46da-b1a3-8148f49ade58" />
      <TestMethod codeBase="d:\v2.0\P1\_work\9\bin\Release.AnyCPU\Tcm.Shared\MS.VS.Services.Tcm.Server.Common.L0.Tests\Microsoft.VisualStudio.Services.Tcm.Server.Common.L0.Tests.dll" adapterTypeName="executor://mstestadapter/v2" className="Microsoft.VisualStudio.Services.Tcm.Server.Common.L0.Tests.Hub.TestHubTests" name="UnWatchReleaseOnHubShouldCallUnWatchReleaseOnDispatcher" />
    </UnitTest>
    <UnitTest name="DeleteBuild_WithBuildIds_DeletesTestResults" storage="d:\v2.0\p1\_work\9\bin\release.anycpu\tcm.shared\ms.vs.services.tcm.server.common.l0.tests\microsoft.visualstudio.services.tcm.server.common.l0.tests.dll" priority="1" id="9a34961f-2513-1c22-e6d0-8bde6d88fe86">
      <Owners>
        <Owner name="vstlmtcm" />
      </Owners>
      <TestCategory>
        <TestCategoryItem TestCategory="L0" />
        <TestCategoryItem TestCategory="Team.TestResultsAndInsights" />
      </TestCategory>
      <Execution id="3b74ba73-8550-4c4a-815b-40841a150c78" />
      <TestMethod codeBase="d:\v2.0\P1\_work\9\bin\Release.AnyCPU\Tcm.Shared\MS.VS.Services.Tcm.Server.Common.L0.Tests\Microsoft.VisualStudio.Services.Tcm.Server.Common.L0.Tests.dll" adapterTypeName="executor://mstestadapter/v2" className="Microsoft.VisualStudio.Services.Tcm.Server.Common.L0.Tests.BuildDeletedActionTests" name="DeleteBuild_WithBuildIds_DeletesTestResults" />
    </UnitTest>
    <UnitTest name="QueueDeleteRunsByRetentionSettings_TotalRunsCountExceedMaxRuns_StopQueueingRunDeletion" storage="d:\v2.0\p1\_work\9\bin\release.anycpu\tcm.shared\ms.vs.services.tcm.server.common.l0.tests\microsoft.visualstudio.services.tcm.server.common.l0.tests.dll" priority="1" id="588a7bef-0b3e-446f-dcc2-84f9e4df201b">
      <Owners>
        <Owner name="vstlmtcm" />
      </Owners>
      <TestCategory>
        <TestCategoryItem TestCategory="L0" />
        <TestCategoryItem TestCategory="Team.TestCaseManagement" />
      </TestCategory>
      <Execution id="8bc1a424-a57f-41fb-8a25-7698666726ed" />
      <TestMethod codeBase="d:\v2.0\P1\_work\9\bin\Release.AnyCPU\Tcm.Shared\MS.VS.Services.Tcm.Server.Common.L0.Tests\Microsoft.VisualStudio.Services.Tcm.Server.Common.L0.Tests.dll" adapterTypeName="executor://mstestadapter/v2" className="Microsoft.VisualStudio.Services.Tcm.Server.Common.L0.Tests.Jobs.SharedCleanupJobTests" name="QueueDeleteRunsByRetentionSettings_TotalRunsCountExceedMaxRuns_StopQueueingRunDeletion" />
    </UnitTest>
    <UnitTest name="FileCoverageProviderTests_GetFileCoverageInfoWhenMultipleJsonPresent" storage="d:\v2.0\p1\_work\9\bin\release.anycpu\tcm.shared\ms.vs.services.tcm.server.common.l0.tests\microsoft.visualstudio.services.tcm.server.common.l0.tests.dll" id="a88083dc-7d4c-421c-7fb8-d6cc9dc96b2e">
      <Owners>
        <Owner name="vstlmtcm" />
      </Owners>
      <TestCategory>
        <TestCategoryItem TestCategory="L0" />
        <TestCategoryItem TestCategory="Team.TestResultsAndInsights" />
      </TestCategory>
      <Execution id="15f9888f-fdec-419f-ace6-9ac43db80ca9" />
      <TestMethod codeBase="d:\v2.0\P1\_work\9\bin\Release.AnyCPU\Tcm.Shared\MS.VS.Services.Tcm.Server.Common.L0.Tests\Microsoft.VisualStudio.Services.Tcm.Server.Common.L0.Tests.dll" adapterTypeName="executor://mstestadapter/v2" className="Microsoft.VisualStudio.Services.Tcm.Server.Common.L0.Tests.FileCoverageProviderTests" name="FileCoverageProviderTests_GetFileCoverageInfoWhenMultipleJsonPresent" />
    </UnitTest>
    <UnitTest name="CreateTestRunWithSpecifiedType" storage="d:\v2.0\p1\_work\9\bin\release.anycpu\tcm.shared\ms.vs.services.tcm.server.common.l0.tests\microsoft.visualstudio.services.tcm.server.common.l0.tests.dll" priority="2" id="8f22c8b1-14e7-3eb5-8ee9-b6fce4a873b3">
      <Owners>
        <Owner name="vstlmtcm" />
      </Owners>
      <TestCategory>
        <TestCategoryItem TestCategory="L0" />
        <TestCategoryItem TestCategory="Team.TestResultsAndInsights" />
      </TestCategory>
      <Execution id="3f485a5f-fa9a-4ce4-a0b8-ec20d7e88189" />
      <TestMethod codeBase="d:\v2.0\P1\_work\9\bin\Release.AnyCPU\Tcm.Shared\MS.VS.Services.Tcm.Server.Common.L0.Tests\Microsoft.VisualStudio.Services.Tcm.Server.Common.L0.Tests.dll" adapterTypeName="executor://mstestadapter/v2" className="Microsoft.VisualStudio.Services.Tcm.Server.Common.L0.Tests.CreateTestRunTests" name="CreateTestRunWithSpecifiedType" />
    </UnitTest>
    <UnitTest name="VerifyReleaseHandleTestRunChangedQueuesAJobWithDefaultDelay" storage="d:\v2.0\p1\_work\9\bin\release.anycpu\tcm.shared\ms.vs.services.tcm.server.common.l0.tests\microsoft.visualstudio.services.tcm.server.common.l0.tests.dll" priority="0" id="5b04be64-70eb-2658-ab4d-bb4d034483cf">
      <Owners>
        <Owner name="vstlmtcm" />
      </Owners>
      <TestCategory>
        <TestCategoryItem TestCategory="L0" />
      </TestCategory>
      <Execution id="ee2adfc2-80da-4e1e-a71c-cba17e6bf263" />
      <TestMethod codeBase="d:\v2.0\P1\_work\9\bin\Release.AnyCPU\Tcm.Shared\MS.VS.Services.Tcm.Server.Common.L0.Tests\Microsoft.VisualStudio.Services.Tcm.Server.Common.L0.Tests.dll" adapterTypeName="executor://mstestadapter/v2" className="Microsoft.VisualStudio.Services.Tcm.Server.Common.L0.Tests.Hub.TestHubDispatcherTests" name="VerifyReleaseHandleTestRunChangedQueuesAJobWithDefaultDelay" />
    </UnitTest>
    <UnitTest name="ValidateFileCoverageEvalJobReturnsNullIfNoCoverageIsFoundForFile" storage="d:\v2.0\p1\_work\9\bin\release.anycpu\tcm.shared\ms.vs.services.tcm.server.common.l0.tests\microsoft.visualstudio.services.tcm.server.common.l0.tests.dll" id="d6c8b137-f76b-3e7a-ae25-5aab634975a4">
      <Owners>
        <Owner name="vstlmtcm" />
      </Owners>
      <TestCategory>
        <TestCategoryItem TestCategory="L0" />
        <TestCategoryItem TestCategory="Team.TestResultsAndInsights" />
      </TestCategory>
      <Execution id="71c082ef-b4db-4703-b3ee-66d7a43ef250" />
      <TestMethod codeBase="d:\v2.0\P1\_work\9\bin\Release.AnyCPU\Tcm.Shared\MS.VS.Services.Tcm.Server.Common.L0.Tests\Microsoft.VisualStudio.Services.Tcm.Server.Common.L0.Tests.dll" adapterTypeName="executor://mstestadapter/v2" className="Microsoft.VisualStudio.Services.Tcm.Server.Common.L0.Tests.FileCoverageEvaluatorTests" name="ValidateFileCoverageEvalJobReturnsNullIfNoCoverageIsFoundForFile" />
    </UnitTest>
    <UnitTest name="GetBuildRetentionPolicies_DefinitionHasNoRetention_DefaultMaxRetention" storage="d:\v2.0\p1\_work\9\bin\release.anycpu\tcm.shared\ms.vs.services.tcm.server.common.l0.tests\microsoft.visualstudio.services.tcm.server.common.l0.tests.dll" priority="1" id="89316f66-fb90-4488-ce3a-e8655fe2818c">
      <Owners>
        <Owner name="vstlmtcm" />
      </Owners>
      <TestCategory>
        <TestCategoryItem TestCategory="L0" />
        <TestCategoryItem TestCategory="Team.TestResultsAndInsights" />
      </TestCategory>
      <Execution id="4c6158bf-59e5-4adc-9148-8dbbf1c87a57" />
      <TestMethod codeBase="d:\v2.0\P1\_work\9\bin\Release.AnyCPU\Tcm.Shared\MS.VS.Services.Tcm.Server.Common.L0.Tests\Microsoft.VisualStudio.Services.Tcm.Server.Common.L0.Tests.dll" adapterTypeName="executor://mstestadapter/v2" className="Microsoft.VisualStudio.Services.Tcm.Server.Common.L0.Tests.BuildDeletedActionTests" name="GetBuildRetentionPolicies_DefinitionHasNoRetention_DefaultMaxRetention" />
    </UnitTest>
    <UnitTest name="CleanTestRuns_RunDeletionBatchSizeIsNegative_SkipsTestRunCleanup" storage="d:\v2.0\p1\_work\9\bin\release.anycpu\tcm.shared\ms.vs.services.tcm.server.common.l0.tests\microsoft.visualstudio.services.tcm.server.common.l0.tests.dll" priority="1" id="99ad7477-c9cd-d44e-d843-5bbb007ad3f3">
      <Owners>
        <Owner name="vstlmtcm" />
      </Owners>
      <TestCategory>
        <TestCategoryItem TestCategory="L0" />
        <TestCategoryItem TestCategory="Team.TestCaseManagement" />
      </TestCategory>
      <Execution id="6437f48d-de5f-4286-b23d-994714861002" />
      <TestMethod codeBase="d:\v2.0\P1\_work\9\bin\Release.AnyCPU\Tcm.Shared\MS.VS.Services.Tcm.Server.Common.L0.Tests\Microsoft.VisualStudio.Services.Tcm.Server.Common.L0.Tests.dll" adapterTypeName="executor://mstestadapter/v2" className="Microsoft.VisualStudio.Services.Tcm.Server.Common.L0.Tests.Jobs.SharedCleanupJobTests" name="CleanTestRuns_RunDeletionBatchSizeIsNegative_SkipsTestRunCleanup" />
    </UnitTest>
    <UnitTest name="CleanAttachments_WithoutDeletedAttachments_NoFilesAreDeleted" storage="d:\v2.0\p1\_work\9\bin\release.anycpu\tcm.shared\ms.vs.services.tcm.server.common.l0.tests\microsoft.visualstudio.services.tcm.server.common.l0.tests.dll" priority="1" id="efee3ac1-2990-e885-8349-fd14adb2283d">
      <Owners>
        <Owner name="vstlmtcm" />
      </Owners>
      <TestCategory>
        <TestCategoryItem TestCategory="L0" />
        <TestCategoryItem TestCategory="Team.TestCaseManagement" />
      </TestCategory>
      <Execution id="1245fcde-98a7-45b8-b4ad-342246248f03" />
      <TestMethod codeBase="d:\v2.0\P1\_work\9\bin\Release.AnyCPU\Tcm.Shared\MS.VS.Services.Tcm.Server.Common.L0.Tests\Microsoft.VisualStudio.Services.Tcm.Server.Common.L0.Tests.dll" adapterTypeName="executor://mstestadapter/v2" className="Microsoft.VisualStudio.Services.Tcm.Server.Common.L0.Tests.Jobs.SharedCleanupJobTests" name="CleanAttachments_WithoutDeletedAttachments_NoFilesAreDeleted" />
    </UnitTest>
    <UnitTest name="TestSkipPullRequestCommentPublish" storage="d:\v2.0\p1\_work\9\bin\release.anycpu\tcm.shared\ms.vs.services.tcm.server.common.l0.tests\microsoft.visualstudio.services.tcm.server.common.l0.tests.dll" priority="0" id="aa16617a-0659-89fc-62cb-3f72c8bfbcad">
      <Owners>
        <Owner name="vsinautotest" />
      </Owners>
      <TestCategory>
        <TestCategoryItem TestCategory="L0" />
        <TestCategoryItem TestCategory="Team.TestResultsAndInsights" />
      </TestCategory>
      <Execution id="bfa59a43-98c6-4c8f-8334-a8cbda855aeb" />
      <TestMethod codeBase="d:\v2.0\P1\_work\9\bin\Release.AnyCPU\Tcm.Shared\MS.VS.Services.Tcm.Server.Common.L0.Tests\Microsoft.VisualStudio.Services.Tcm.Server.Common.L0.Tests.dll" adapterTypeName="executor://mstestadapter/v2" className="Microsoft.VisualStudio.Services.Tcm.Server.Common.L0.Tests.Coverage.CoverageMetricsCommentPublisherTest" name="TestSkipPullRequestCommentPublish" />
    </UnitTest>
    <UnitTest name="DeleteReleasesShouldReadTestRunDeletionBatchSizeFromRegistry" storage="d:\v2.0\p1\_work\9\bin\release.anycpu\tcm.shared\ms.vs.services.tcm.server.common.l0.tests\microsoft.visualstudio.services.tcm.server.common.l0.tests.dll" id="1e908455-1929-748c-07af-2f31d759f605">
      <Owners>
        <Owner name="harjain" />
      </Owners>
      <TestCategory>
        <TestCategoryItem TestCategory="L0" />
        <TestCategoryItem TestCategory="Team.TestResultsAndInsights" />
      </TestCategory>
      <Execution id="be72494d-4926-47c0-8085-2114dbd4961e" />
      <TestMethod codeBase="d:\v2.0\P1\_work\9\bin\Release.AnyCPU\Tcm.Shared\MS.VS.Services.Tcm.Server.Common.L0.Tests\Microsoft.VisualStudio.Services.Tcm.Server.Common.L0.Tests.dll" adapterTypeName="executor://mstestadapter/v2" className="Microsoft.VisualStudio.Services.Tcm.Server.Common.L0.Tests.Plugins.DeploymentActionTests" name="DeleteReleasesShouldReadTestRunDeletionBatchSizeFromRegistry" />
    </UnitTest>
    <UnitTest name="CreateTestRunWithPopulateRowDataCount" storage="d:\v2.0\p1\_work\9\bin\release.anycpu\tcm.shared\ms.vs.services.tcm.server.common.l0.tests\microsoft.visualstudio.services.tcm.server.common.l0.tests.dll" priority="1" id="66f3b9e3-23e6-429b-eda1-b75b52d90f80">
      <Owners>
        <Owner name="vstlmtcm" />
      </Owners>
      <TestCategory>
        <TestCategoryItem TestCategory="L0" />
        <TestCategoryItem TestCategory="Team.TestResultsAndInsights" />
      </TestCategory>
      <Execution id="510db93d-2bc4-4c5b-be28-49cc31847dc3" />
      <TestMethod codeBase="d:\v2.0\P1\_work\9\bin\Release.AnyCPU\Tcm.Shared\MS.VS.Services.Tcm.Server.Common.L0.Tests\Microsoft.VisualStudio.Services.Tcm.Server.Common.L0.Tests.dll" adapterTypeName="executor://mstestadapter/v2" className="Microsoft.VisualStudio.Services.Tcm.Server.Common.L0.Tests.CreateTestRunTests" name="CreateTestRunWithPopulateRowDataCount" />
    </UnitTest>
    <UnitTest name="VerifyUpdateIterationPathForRunInCancelTestRunScenario" storage="d:\v2.0\p1\_work\9\bin\release.anycpu\tcm.shared\ms.vs.services.tcm.server.common.l0.tests\microsoft.visualstudio.services.tcm.server.common.l0.tests.dll" priority="1" id="8cd49043-2b54-b46b-ce6c-ffa8511d3c9a">
      <Owners>
        <Owner name="devass" />
      </Owners>
      <TestCategory>
        <TestCategoryItem TestCategory="L0" />
        <TestCategoryItem TestCategory="Team.TestResultsAndInsights" />
      </TestCategory>
      <Execution id="6171b228-a2b6-4046-9eab-8c0f54670b39" />
      <TestMethod codeBase="d:\v2.0\P1\_work\9\bin\Release.AnyCPU\Tcm.Shared\MS.VS.Services.Tcm.Server.Common.L0.Tests\Microsoft.VisualStudio.Services.Tcm.Server.Common.L0.Tests.dll" adapterTypeName="executor://mstestadapter/v2" className="Microsoft.VisualStudio.Services.Tcm.Server.Common.L0.Tests.CancelTestRunTests" name="VerifyUpdateIterationPathForRunInCancelTestRunScenario" />
    </UnitTest>
    <UnitTest name="CleanTestRuns_WithNonDeletedProjects_CleansDeletedTestRunDimensions" storage="d:\v2.0\p1\_work\9\bin\release.anycpu\tcm.shared\ms.vs.services.tcm.server.common.l0.tests\microsoft.visualstudio.services.tcm.server.common.l0.tests.dll" priority="1" id="dfab8d9d-5d28-51a4-69b5-0dd0b9cc8d18">
      <Owners>
        <Owner name="vstlmtcm" />
      </Owners>
      <TestCategory>
        <TestCategoryItem TestCategory="L0" />
        <TestCategoryItem TestCategory="Team.TestCaseManagement" />
      </TestCategory>
      <Execution id="04527b8a-535c-44c6-9254-89a3644406e0" />
      <TestMethod codeBase="d:\v2.0\P1\_work\9\bin\Release.AnyCPU\Tcm.Shared\MS.VS.Services.Tcm.Server.Common.L0.Tests\Microsoft.VisualStudio.Services.Tcm.Server.Common.L0.Tests.dll" adapterTypeName="executor://mstestadapter/v2" className="Microsoft.VisualStudio.Services.Tcm.Server.Common.L0.Tests.Jobs.SharedCleanupJobTests" name="CleanTestRuns_WithNonDeletedProjects_CleansDeletedTestRunDimensions" />
    </UnitTest>
    <UnitTest name="SyncTestResolutionStateWorks" storage="d:\v2.0\p1\_work\9\bin\release.anycpu\tcm.shared\ms.vs.services.tcm.server.common.l0.tests\microsoft.visualstudio.services.tcm.server.common.l0.tests.dll" id="1333d28e-2246-61f0-999c-f60860a833c9">
      <Owners>
        <Owner name="vstlmtcm" />
      </Owners>
      <TestCategory>
        <TestCategoryItem TestCategory="L0" />
        <TestCategoryItem TestCategory="Team.TestResultsAndInsights" />
      </TestCategory>
      <Execution id="7225fd53-c44c-48dd-87ca-138bfef6e9f4" />
      <TestMethod codeBase="d:\v2.0\P1\_work\9\bin\Release.AnyCPU\Tcm.Shared\MS.VS.Services.Tcm.Server.Common.L0.Tests\Microsoft.VisualStudio.Services.Tcm.Server.Common.L0.Tests.dll" adapterTypeName="executor://mstestadapter/v2" className="Microsoft.VisualStudio.Services.Tcm.Server.Common.L0.Tests.ProjectSyncTests" name="SyncTestResolutionStateWorks" />
    </UnitTest>
    <UnitTest name="Verify_SendTestRunStatChangedIsCalled_WhenClients" storage="d:\v2.0\p1\_work\9\bin\release.anycpu\tcm.shared\ms.vs.services.tcm.server.common.l0.tests\microsoft.visualstudio.services.tcm.server.common.l0.tests.dll" priority="1" id="cc6fae0d-1f42-8cf1-519a-4635300175a2">
      <Owners>
        <Owner name="vstlmtcm" />
      </Owners>
      <TestCategory>
        <TestCategoryItem TestCategory="L0" />
        <TestCategoryItem TestCategory="Team.TestCaseManagement" />
      </TestCategory>
      <Execution id="bf964aaa-417c-4f6a-a7ac-bc21ddd850d1" />
      <TestMethod codeBase="d:\v2.0\P1\_work\9\bin\Release.AnyCPU\Tcm.Shared\MS.VS.Services.Tcm.Server.Common.L0.Tests\Microsoft.VisualStudio.Services.Tcm.Server.Common.L0.Tests.dll" adapterTypeName="executor://mstestadapter/v2" className="Microsoft.VisualStudio.Services.Tcm.Server.Common.L0.Tests.Jobs.SharedTestSignalProcessorJobTests" name="Verify_SendTestRunStatChangedIsCalled_WhenClients" />
    </UnitTest>
    <UnitTest name="Execute_CalculateTestInsights_WithBuildReleaseData" storage="d:\v2.0\p1\_work\9\bin\release.anycpu\tcm.shared\ms.vs.services.tcm.server.common.l0.tests\microsoft.visualstudio.services.tcm.server.common.l0.tests.dll" priority="1" id="bd99f4f2-23d5-8a9f-8e07-55031f31fb6b">
      <Owners>
        <Owner name="vstlmtcm" />
      </Owners>
      <TestCategory>
        <TestCategoryItem TestCategory="L0" />
        <TestCategoryItem TestCategory="Team.TestCaseManagement" />
      </TestCategory>
      <Execution id="8c3fd937-0506-4efe-8998-3554e63d6ded" />
      <TestMethod codeBase="d:\v2.0\P1\_work\9\bin\Release.AnyCPU\Tcm.Shared\MS.VS.Services.Tcm.Server.Common.L0.Tests\Microsoft.VisualStudio.Services.Tcm.Server.Common.L0.Tests.dll" adapterTypeName="executor://mstestadapter/v2" className="Microsoft.VisualStudio.Services.Tcm.Server.Common.L0.Tests.Jobs.SharedCalculateTestInsightsJobTests" name="Execute_CalculateTestInsights_WithBuildReleaseData" />
    </UnitTest>
    <UnitTest name="DeleteReleasesShouldNotHitDBIfProjectGuidIsNull" storage="d:\v2.0\p1\_work\9\bin\release.anycpu\tcm.shared\ms.vs.services.tcm.server.common.l0.tests\microsoft.visualstudio.services.tcm.server.common.l0.tests.dll" id="925080e3-c4cc-fdb0-7c82-8f0b2ed9d3ff">
      <Owners>
        <Owner name="harjain" />
      </Owners>
      <TestCategory>
        <TestCategoryItem TestCategory="L0" />
        <TestCategoryItem TestCategory="Team.TestResultsAndInsights" />
      </TestCategory>
      <Execution id="9db44636-eb51-42db-95e0-dab1611ee1c2" />
      <TestMethod codeBase="d:\v2.0\P1\_work\9\bin\Release.AnyCPU\Tcm.Shared\MS.VS.Services.Tcm.Server.Common.L0.Tests\Microsoft.VisualStudio.Services.Tcm.Server.Common.L0.Tests.dll" adapterTypeName="executor://mstestadapter/v2" className="Microsoft.VisualStudio.Services.Tcm.Server.Common.L0.Tests.Plugins.DeploymentActionTests" name="DeleteReleasesShouldNotHitDBIfProjectGuidIsNull" />
    </UnitTest>
    <UnitTest name="TestShouldRetain_PruneBasedOnAttachmentType" storage="d:\v2.0\p1\_work\9\bin\release.anycpu\tcm.shared\ms.vs.services.tcm.server.common.l0.tests\microsoft.visualstudio.services.tcm.server.common.l0.tests.dll" priority="0" id="525fef95-f27b-a9b5-6e3b-87926385c8c2">
      <Owners>
        <Owner name="vstlmtcm" />
      </Owners>
      <TestCategory>
        <TestCategoryItem TestCategory="L0" />
        <TestCategoryItem TestCategory="Team.TestResultsAndInsights" />
      </TestCategory>
      <Execution id="b72f12dc-915e-444e-9598-dad79e4d18f3" />
      <TestMethod codeBase="d:\v2.0\P1\_work\9\bin\Release.AnyCPU\Tcm.Shared\MS.VS.Services.Tcm.Server.Common.L0.Tests\Microsoft.VisualStudio.Services.Tcm.Server.Common.L0.Tests.dll" adapterTypeName="executor://mstestadapter/v2" className="Microsoft.VisualStudio.Services.Tcm.Server.Common.L0.Tests.Coverage.AttachmentFilterTests" name="TestShouldRetain_PruneBasedOnAttachmentType" />
    </UnitTest>
    <UnitTest name="CreateTestRunWithNonZeroResultsCount" storage="d:\v2.0\p1\_work\9\bin\release.anycpu\tcm.shared\ms.vs.services.tcm.server.common.l0.tests\microsoft.visualstudio.services.tcm.server.common.l0.tests.dll" priority="0" id="8b3a7c4e-046a-d8a6-7c31-c69e42847479">
      <Owners>
        <Owner name="vstlmtcm" />
      </Owners>
      <TestCategory>
        <TestCategoryItem TestCategory="L0" />
        <TestCategoryItem TestCategory="Team.TestResultsAndInsights" />
      </TestCategory>
      <Execution id="dd628bb2-b30b-41aa-bd80-b2240c9b1356" />
      <TestMethod codeBase="d:\v2.0\P1\_work\9\bin\Release.AnyCPU\Tcm.Shared\MS.VS.Services.Tcm.Server.Common.L0.Tests\Microsoft.VisualStudio.Services.Tcm.Server.Common.L0.Tests.dll" adapterTypeName="executor://mstestadapter/v2" className="Microsoft.VisualStudio.Services.Tcm.Server.Common.L0.Tests.CreateTestRunTests" name="CreateTestRunWithNonZeroResultsCount" />
    </UnitTest>
    <UnitTest name="DeleteReleasesShouldEatUpProjectDoesNotExistException" storage="d:\v2.0\p1\_work\9\bin\release.anycpu\tcm.shared\ms.vs.services.tcm.server.common.l0.tests\microsoft.visualstudio.services.tcm.server.common.l0.tests.dll" id="ae3b1129-6982-d6ac-fe89-a4c944036272">
      <Owners>
        <Owner name="vstlmtcm" />
      </Owners>
      <TestCategory>
        <TestCategoryItem TestCategory="L0" />
        <TestCategoryItem TestCategory="Team.TestResultsAndInsights" />
      </TestCategory>
      <Execution id="17734041-284c-4cb3-872c-743959000ee1" />
      <TestMethod codeBase="d:\v2.0\P1\_work\9\bin\Release.AnyCPU\Tcm.Shared\MS.VS.Services.Tcm.Server.Common.L0.Tests\Microsoft.VisualStudio.Services.Tcm.Server.Common.L0.Tests.dll" adapterTypeName="executor://mstestadapter/v2" className="Microsoft.VisualStudio.Services.Tcm.Server.Common.L0.Tests.Plugins.DeploymentActionTests" name="DeleteReleasesShouldEatUpProjectDoesNotExistException" />
    </UnitTest>
    <UnitTest name="DeleteBuild_WithBuildIdsOnException_MarksTestBuildDeleted" storage="d:\v2.0\p1\_work\9\bin\release.anycpu\tcm.shared\ms.vs.services.tcm.server.common.l0.tests\microsoft.visualstudio.services.tcm.server.common.l0.tests.dll" priority="1" id="e7d3a7cd-4060-8cc2-43ed-9f9107b1f449">
      <Owners>
        <Owner name="vstlmtcm" />
      </Owners>
      <TestCategory>
        <TestCategoryItem TestCategory="L0" />
        <TestCategoryItem TestCategory="Team.TestResultsAndInsights" />
      </TestCategory>
      <Execution id="a65b47e6-26bf-4b66-a4f8-f1a423e54331" />
      <TestMethod codeBase="d:\v2.0\P1\_work\9\bin\Release.AnyCPU\Tcm.Shared\MS.VS.Services.Tcm.Server.Common.L0.Tests\Microsoft.VisualStudio.Services.Tcm.Server.Common.L0.Tests.dll" adapterTypeName="executor://mstestadapter/v2" className="Microsoft.VisualStudio.Services.Tcm.Server.Common.L0.Tests.BuildDeletedActionTests" name="DeleteBuild_WithBuildIdsOnException_MarksTestBuildDeleted" />
    </UnitTest>
    <UnitTest name="FindApplicablePolicy_BranchNotIncluded_DefaultRetention" storage="d:\v2.0\p1\_work\9\bin\release.anycpu\tcm.shared\ms.vs.services.tcm.server.common.l0.tests\microsoft.visualstudio.services.tcm.server.common.l0.tests.dll" priority="1" id="1c6bda65-e5c1-fc74-e574-febb92c7e7e0">
      <Owners>
        <Owner name="vstlmtcm" />
      </Owners>
      <TestCategory>
        <TestCategoryItem TestCategory="L0" />
        <TestCategoryItem TestCategory="Team.TestResultsAndInsights" />
      </TestCategory>
      <Execution id="920d520f-f3b3-420f-9c9a-1b7fba1ad317" />
      <TestMethod codeBase="d:\v2.0\P1\_work\9\bin\Release.AnyCPU\Tcm.Shared\MS.VS.Services.Tcm.Server.Common.L0.Tests\Microsoft.VisualStudio.Services.Tcm.Server.Common.L0.Tests.dll" adapterTypeName="executor://mstestadapter/v2" className="Microsoft.VisualStudio.Services.Tcm.Server.Common.L0.Tests.BuildDeletedActionTests" name="FindApplicablePolicy_BranchNotIncluded_DefaultRetention" />
    </UnitTest>
    <UnitTest name="VerifyMultipleConnectionString" storage="d:\v2.0\p1\_work\9\bin\release.anycpu\tcm.shared\ms.vs.services.tcm.server.common.l0.tests\microsoft.visualstudio.services.tcm.server.common.l0.tests.dll" priority="1" id="28bbfc85-10a7-8775-57bb-6d9d91675f6a">
      <Owners>
        <Owner name="vstlmtcm" />
      </Owners>
      <Execution id="5e989cbc-47bd-417d-9d8a-a9bffc427fe9" />
      <TestMethod codeBase="d:\v2.0\P1\_work\9\bin\Release.AnyCPU\Tcm.Shared\MS.VS.Services.Tcm.Server.Common.L0.Tests\Microsoft.VisualStudio.Services.Tcm.Server.Common.L0.Tests.dll" adapterTypeName="executor://mstestadapter/v2" className="Microsoft.VisualStudio.Services.Tcm.Server.Common.L0.Tests.TeamFoundationTestLogStoreServiceTests" name="VerifyMultipleConnectionString" />
    </UnitTest>
    <UnitTest name="CreateTestRunWithAutomated" storage="d:\v2.0\p1\_work\9\bin\release.anycpu\tcm.shared\ms.vs.services.tcm.server.common.l0.tests\microsoft.visualstudio.services.tcm.server.common.l0.tests.dll" priority="2" id="7059a2cb-5144-cc3f-e6e4-c6acbf06710c">
      <Owners>
        <Owner name="vstlmtcm" />
      </Owners>
      <TestCategory>
        <TestCategoryItem TestCategory="L0" />
        <TestCategoryItem TestCategory="Team.TestResultsAndInsights" />
      </TestCategory>
      <Execution id="3b8535cb-96cf-42ec-bb5e-1d6d2a2f435e" />
      <TestMethod codeBase="d:\v2.0\P1\_work\9\bin\Release.AnyCPU\Tcm.Shared\MS.VS.Services.Tcm.Server.Common.L0.Tests\Microsoft.VisualStudio.Services.Tcm.Server.Common.L0.Tests.dll" adapterTypeName="executor://mstestadapter/v2" className="Microsoft.VisualStudio.Services.Tcm.Server.Common.L0.Tests.CreateTestRunTests" name="CreateTestRunWithAutomated" />
    </UnitTest>
    <UnitTest name="CreateTestRunWithoutProjectName" storage="d:\v2.0\p1\_work\9\bin\release.anycpu\tcm.shared\ms.vs.services.tcm.server.common.l0.tests\microsoft.visualstudio.services.tcm.server.common.l0.tests.dll" priority="1" id="acdb8223-bf02-608c-ab4d-aa39c82c921a">
      <Owners>
        <Owner name="vstlmtcm" />
      </Owners>
      <TestCategory>
        <TestCategoryItem TestCategory="L0" />
        <TestCategoryItem TestCategory="Team.TestResultsAndInsights" />
      </TestCategory>
      <Execution id="78535484-c11e-41c0-a25c-44c0480d498e" />
      <TestMethod codeBase="d:\v2.0\P1\_work\9\bin\Release.AnyCPU\Tcm.Shared\MS.VS.Services.Tcm.Server.Common.L0.Tests\Microsoft.VisualStudio.Services.Tcm.Server.Common.L0.Tests.dll" adapterTypeName="executor://mstestadapter/v2" className="Microsoft.VisualStudio.Services.Tcm.Server.Common.L0.Tests.CreateTestRunTests" name="CreateTestRunWithoutProjectName" />
    </UnitTest>
    <UnitTest name="AnalyzeFailsWhenBuildNotFound" storage="d:\v2.0\p1\_work\9\bin\release.anycpu\tcm.shared\ms.vs.services.tcm.server.common.l0.tests\microsoft.visualstudio.services.tcm.server.common.l0.tests.dll" priority="1" id="4226dff2-cea7-499b-b3c3-4e1a18df8332">
      <Owners>
        <Owner name="abhishk" />
      </Owners>
      <TestCategory>
        <TestCategoryItem TestCategory="L0" />
        <TestCategoryItem TestCategory="Team.DTA" />
      </TestCategory>
      <Execution id="3a1b48a5-c1af-4a02-be71-9f4c384d4570" />
      <TestMethod codeBase="d:\v2.0\P1\_work\9\bin\Release.AnyCPU\Tcm.Shared\MS.VS.Services.Tcm.Server.Common.L0.Tests\Microsoft.VisualStudio.Services.Tcm.Server.Common.L0.Tests.dll" adapterTypeName="executor://mstestadapter/v2" className="Microsoft.VisualStudio.Services.Tcm.Server.Common.L0.Tests.Jobs.SharedCoverageAnalyzerJobTests" name="AnalyzeFailsWhenBuildNotFound" />
    </UnitTest>
    <UnitTest name="GetIntermediateCoverageAttachmentsTestForOneFileWithFlavorAndPlatForm" storage="d:\v2.0\p1\_work\9\bin\release.anycpu\tcm.shared\ms.vs.services.tcm.server.common.l0.tests\microsoft.visualstudio.services.tcm.server.common.l0.tests.dll" priority="0" id="c660bddd-5322-1aa7-7986-222c18d2eada">
      <Owners>
        <Owner name="vstlmtcm" />
      </Owners>
      <TestCategory>
        <TestCategoryItem TestCategory="L0" />
        <TestCategoryItem TestCategory="Team.TestResultsAndInsights" />
      </TestCategory>
      <Execution id="692a18bf-d985-41ee-9a01-5d4aff8f179f" />
      <TestMethod codeBase="d:\v2.0\P1\_work\9\bin\Release.AnyCPU\Tcm.Shared\MS.VS.Services.Tcm.Server.Common.L0.Tests\Microsoft.VisualStudio.Services.Tcm.Server.Common.L0.Tests.dll" adapterTypeName="executor://mstestadapter/v2" className="Microsoft.VisualStudio.Services.Tcm.Server.Common.L0.Tests.Coverage.TcmLogStoreCoverageStorageTests" name="GetIntermediateCoverageAttachmentsTestForOneFileWithFlavorAndPlatForm" />
    </UnitTest>
    <UnitTest name="FindApplicablePolicy_BranchMatcherNotSet_DefaultRetention" storage="d:\v2.0\p1\_work\9\bin\release.anycpu\tcm.shared\ms.vs.services.tcm.server.common.l0.tests\microsoft.visualstudio.services.tcm.server.common.l0.tests.dll" priority="1" id="886d718b-0688-abd3-d5b7-6312921f5e58">
      <Owners>
        <Owner name="vstlmtcm" />
      </Owners>
      <TestCategory>
        <TestCategoryItem TestCategory="L0" />
        <TestCategoryItem TestCategory="Team.TestResultsAndInsights" />
      </TestCategory>
      <Execution id="df2d877b-77a9-46f7-be25-304397827c00" />
      <TestMethod codeBase="d:\v2.0\P1\_work\9\bin\Release.AnyCPU\Tcm.Shared\MS.VS.Services.Tcm.Server.Common.L0.Tests\Microsoft.VisualStudio.Services.Tcm.Server.Common.L0.Tests.dll" adapterTypeName="executor://mstestadapter/v2" className="Microsoft.VisualStudio.Services.Tcm.Server.Common.L0.Tests.BuildDeletedActionTests" name="FindApplicablePolicy_BranchMatcherNotSet_DefaultRetention" />
    </UnitTest>
    <UnitTest name="AbortNotStartedRunAssociatedWithFailedReleaseEnvironment_CompletedEventNull_RunNotAborted" storage="d:\v2.0\p1\_work\9\bin\release.anycpu\tcm.shared\ms.vs.services.tcm.server.common.l0.tests\microsoft.visualstudio.services.tcm.server.common.l0.tests.dll" id="39d5e775-08d5-1d5c-fc1c-563e768828ab">
      <Owners>
        <Owner name="vstlmtcm" />
      </Owners>
      <TestCategory>
        <TestCategoryItem TestCategory="L0" />
        <TestCategoryItem TestCategory="Team.TestResultsAndInsights" />
      </TestCategory>
      <Execution id="636ca852-2419-4a16-b644-8b6d2cb38219" />
      <TestMethod codeBase="d:\v2.0\P1\_work\9\bin\Release.AnyCPU\Tcm.Shared\MS.VS.Services.Tcm.Server.Common.L0.Tests\Microsoft.VisualStudio.Services.Tcm.Server.Common.L0.Tests.dll" adapterTypeName="executor://mstestadapter/v2" className="Microsoft.VisualStudio.Services.Tcm.Server.Common.L0.Tests.Plugins.DeploymentActionTests" name="AbortNotStartedRunAssociatedWithFailedReleaseEnvironment_CompletedEventNull_RunNotAborted" />
    </UnitTest>
    <UnitTest name="UpdateTestCaseReferenceOnResultChange_InvalidProject_ThrowsException" storage="d:\v2.0\p1\_work\9\bin\release.anycpu\tcm.shared\ms.vs.services.tcm.server.common.l0.tests\microsoft.visualstudio.services.tcm.server.common.l0.tests.dll" id="9847945e-5a85-9f46-f8d6-10b5a621aaea">
      <Owners>
        <Owner name="vstlmtcm" />
      </Owners>
      <TestCategory>
        <TestCategoryItem TestCategory="L0" />
        <TestCategoryItem TestCategory="Team.TestResultsAndInsights" />
      </TestCategory>
      <Execution id="f3993df7-a3fc-4e5e-a9f8-2ba43ce45ee7" />
      <TestMethod codeBase="d:\v2.0\P1\_work\9\bin\Release.AnyCPU\Tcm.Shared\MS.VS.Services.Tcm.Server.Common.L0.Tests\Microsoft.VisualStudio.Services.Tcm.Server.Common.L0.Tests.dll" adapterTypeName="executor://mstestadapter/v2" className="Microsoft.VisualStudio.Services.Tcm.Server.Common.L0.Tests.Plugins.TestResultActionTests" name="UpdateTestCaseReferenceOnResultChange_InvalidProject_ThrowsException" />
    </UnitTest>
    <UnitTest name="CreateTestRunAddCITest" storage="d:\v2.0\p1\_work\9\bin\release.anycpu\tcm.shared\ms.vs.services.tcm.server.common.l0.tests\microsoft.visualstudio.services.tcm.server.common.l0.tests.dll" priority="2" id="2337eeff-d503-5f85-0236-cef567db39f4">
      <Owners>
        <Owner name="vstlmtcm" />
      </Owners>
      <TestCategory>
        <TestCategoryItem TestCategory="L0" />
        <TestCategoryItem TestCategory="Team.TestResultsAndInsights" />
      </TestCategory>
      <Execution id="d696ddcc-850f-4d87-a7b8-a46223617dd2" />
      <TestMethod codeBase="d:\v2.0\P1\_work\9\bin\Release.AnyCPU\Tcm.Shared\MS.VS.Services.Tcm.Server.Common.L0.Tests\Microsoft.VisualStudio.Services.Tcm.Server.Common.L0.Tests.dll" adapterTypeName="executor://mstestadapter/v2" className="Microsoft.VisualStudio.Services.Tcm.Server.Common.L0.Tests.CreateTestRunTests" name="CreateTestRunAddCITest" />
    </UnitTest>
    <UnitTest name="UpdateTestRunSummaryOnRunCompleted_WithBuildReference_DoesSummaryUpdate" storage="d:\v2.0\p1\_work\9\bin\release.anycpu\tcm.shared\ms.vs.services.tcm.server.common.l0.tests\microsoft.visualstudio.services.tcm.server.common.l0.tests.dll" id="0c3e3f92-c551-9801-79e9-9353decf4082">
      <Owners>
        <Owner name="vstlmtcm" />
      </Owners>
      <TestCategory>
        <TestCategoryItem TestCategory="L0" />
        <TestCategoryItem TestCategory="Team.TestResultsAndInsights" />
      </TestCategory>
      <Execution id="6cb970fc-f3e7-4f4b-b4ad-e308dc5c3604" />
      <TestMethod codeBase="d:\v2.0\P1\_work\9\bin\Release.AnyCPU\Tcm.Shared\MS.VS.Services.Tcm.Server.Common.L0.Tests\Microsoft.VisualStudio.Services.Tcm.Server.Common.L0.Tests.dll" adapterTypeName="executor://mstestadapter/v2" className="Microsoft.VisualStudio.Services.Tcm.Server.Common.L0.Tests.Plugins.TestRunActionTests" name="UpdateTestRunSummaryOnRunCompleted_WithBuildReference_DoesSummaryUpdate" />
    </UnitTest>
    <UnitTest name="ValidateFileCoverageEvalJobTreatsPartiallyCoveredLinesAsNotCovered" storage="d:\v2.0\p1\_work\9\bin\release.anycpu\tcm.shared\ms.vs.services.tcm.server.common.l0.tests\microsoft.visualstudio.services.tcm.server.common.l0.tests.dll" id="08a50816-d2cc-5fd6-e900-8cbc6b4f053e">
      <Owners>
        <Owner name="vstlmtcm" />
      </Owners>
      <TestCategory>
        <TestCategoryItem TestCategory="L0" />
        <TestCategoryItem TestCategory="Team.TestResultsAndInsights" />
      </TestCategory>
      <Execution id="41f169ab-438b-405e-b049-0c8c1744b5ff" />
      <TestMethod codeBase="d:\v2.0\P1\_work\9\bin\Release.AnyCPU\Tcm.Shared\MS.VS.Services.Tcm.Server.Common.L0.Tests\Microsoft.VisualStudio.Services.Tcm.Server.Common.L0.Tests.dll" adapterTypeName="executor://mstestadapter/v2" className="Microsoft.VisualStudio.Services.Tcm.Server.Common.L0.Tests.FileCoverageEvaluatorTests" name="ValidateFileCoverageEvalJobTreatsPartiallyCoveredLinesAsNotCovered" />
    </UnitTest>
    <UnitTest name="VerifyBuildHandleTestRunChangedSaveSignalInDb" storage="d:\v2.0\p1\_work\9\bin\release.anycpu\tcm.shared\ms.vs.services.tcm.server.common.l0.tests\microsoft.visualstudio.services.tcm.server.common.l0.tests.dll" priority="0" id="4fa24dab-79b3-c920-571c-e8ab46deb743">
      <Owners>
        <Owner name="vstlmtcm" />
      </Owners>
      <TestCategory>
        <TestCategoryItem TestCategory="L0" />
      </TestCategory>
      <Execution id="e510b978-a7ce-49a5-9cf4-5ea91a3e7642" />
      <TestMethod codeBase="d:\v2.0\P1\_work\9\bin\Release.AnyCPU\Tcm.Shared\MS.VS.Services.Tcm.Server.Common.L0.Tests\Microsoft.VisualStudio.Services.Tcm.Server.Common.L0.Tests.dll" adapterTypeName="executor://mstestadapter/v2" className="Microsoft.VisualStudio.Services.Tcm.Server.Common.L0.Tests.Hub.TestHubDispatcherTests" name="VerifyBuildHandleTestRunChangedSaveSignalInDb" />
    </UnitTest>
    <UnitTest name="CleanAttachments_WithDeletedAttachments_DeletesFiles" storage="d:\v2.0\p1\_work\9\bin\release.anycpu\tcm.shared\ms.vs.services.tcm.server.common.l0.tests\microsoft.visualstudio.services.tcm.server.common.l0.tests.dll" priority="1" id="991a645a-6d9c-0992-f5b3-fdcb83ef4db7">
      <Owners>
        <Owner name="vstlmtcm" />
      </Owners>
      <TestCategory>
        <TestCategoryItem TestCategory="L0" />
        <TestCategoryItem TestCategory="Team.TestCaseManagement" />
      </TestCategory>
      <Execution id="475c976e-ba95-46d5-9eca-d341b5036e2a" />
      <TestMethod codeBase="d:\v2.0\P1\_work\9\bin\Release.AnyCPU\Tcm.Shared\MS.VS.Services.Tcm.Server.Common.L0.Tests\Microsoft.VisualStudio.Services.Tcm.Server.Common.L0.Tests.dll" adapterTypeName="executor://mstestadapter/v2" className="Microsoft.VisualStudio.Services.Tcm.Server.Common.L0.Tests.Jobs.SharedCleanupJobTests" name="CleanAttachments_WithDeletedAttachments_DeletesFiles" />
    </UnitTest>
    <UnitTest name="VerifyBuildHandleTestRunChangedQueuesAJobWithDefaultDelay" storage="d:\v2.0\p1\_work\9\bin\release.anycpu\tcm.shared\ms.vs.services.tcm.server.common.l0.tests\microsoft.visualstudio.services.tcm.server.common.l0.tests.dll" priority="0" id="840bda69-a628-798f-cbb9-79ec60f47079">
      <Owners>
        <Owner name="vstlmtcm" />
      </Owners>
      <TestCategory>
        <TestCategoryItem TestCategory="L0" />
      </TestCategory>
      <Execution id="ae08ad7d-ff95-4049-923a-f1a2ade65e79" />
      <TestMethod codeBase="d:\v2.0\P1\_work\9\bin\Release.AnyCPU\Tcm.Shared\MS.VS.Services.Tcm.Server.Common.L0.Tests\Microsoft.VisualStudio.Services.Tcm.Server.Common.L0.Tests.dll" adapterTypeName="executor://mstestadapter/v2" className="Microsoft.VisualStudio.Services.Tcm.Server.Common.L0.Tests.Hub.TestHubDispatcherTests" name="VerifyBuildHandleTestRunChangedQueuesAJobWithDefaultDelay" />
    </UnitTest>
    <UnitTest name="SecondCoverageFileNullOrEmpty" storage="d:\v2.0\p1\_work\9\bin\release.anycpu\tcm.shared\ms.vs.services.tcm.server.common.l0.tests\microsoft.visualstudio.services.tcm.server.common.l0.tests.dll" priority="0" id="f8de6808-1fa2-5357-4a06-f3c55333c490">
      <Owners>
        <Owner name="abhishk" />
      </Owners>
      <TestCategory>
        <TestCategoryItem TestCategory="L0" />
        <TestCategoryItem TestCategory="Team.DTA" />
      </TestCategory>
      <Execution id="b268708e-1049-4f64-8dc6-3fb731499c30" />
      <TestMethod codeBase="d:\v2.0\P1\_work\9\bin\Release.AnyCPU\Tcm.Shared\MS.VS.Services.Tcm.Server.Common.L0.Tests\Microsoft.VisualStudio.Services.Tcm.Server.Common.L0.Tests.dll" adapterTypeName="executor://mstestadapter/v2" className="Microsoft.VisualStudio.Services.Tcm.Server.Common.L0.Tests.Jobs.SharedCoverageAnalyzerJobTests" name="SecondCoverageFileNullOrEmpty" />
    </UnitTest>
    <UnitTest name="AbortNotStartedRunAssociatedWithFailedReleaseEnvironment_DeploymentIsNotSuccessful_RunAborted" storage="d:\v2.0\p1\_work\9\bin\release.anycpu\tcm.shared\ms.vs.services.tcm.server.common.l0.tests\microsoft.visualstudio.services.tcm.server.common.l0.tests.dll" id="1ba6b2a3-a77f-f580-c8f7-470abf03523e">
      <Owners>
        <Owner name="vstlmtcm" />
      </Owners>
      <TestCategory>
        <TestCategoryItem TestCategory="L0" />
        <TestCategoryItem TestCategory="Team.TestResultsAndInsights" />
      </TestCategory>
      <Execution id="225b2e46-786d-48cb-9913-3e97df6993cc" />
      <TestMethod codeBase="d:\v2.0\P1\_work\9\bin\Release.AnyCPU\Tcm.Shared\MS.VS.Services.Tcm.Server.Common.L0.Tests\Microsoft.VisualStudio.Services.Tcm.Server.Common.L0.Tests.dll" adapterTypeName="executor://mstestadapter/v2" className="Microsoft.VisualStudio.Services.Tcm.Server.Common.L0.Tests.Plugins.DeploymentActionTests" name="AbortNotStartedRunAssociatedWithFailedReleaseEnvironment_DeploymentIsNotSuccessful_RunAborted" />
    </UnitTest>
    <UnitTest name="DeleteBuild_DeleteTestRequestIsNotSet_MarksTestBuildDeleted" storage="d:\v2.0\p1\_work\9\bin\release.anycpu\tcm.shared\ms.vs.services.tcm.server.common.l0.tests\microsoft.visualstudio.services.tcm.server.common.l0.tests.dll" priority="1" id="3108b71e-ff62-046d-f092-162029c7ec19">
      <Owners>
        <Owner name="vstlmtcm" />
      </Owners>
      <TestCategory>
        <TestCategoryItem TestCategory="L0" />
        <TestCategoryItem TestCategory="Team.TestResultsAndInsights" />
      </TestCategory>
      <Execution id="5032d4a9-a34b-4ddb-8706-8efc9aa2baa8" />
      <TestMethod codeBase="d:\v2.0\P1\_work\9\bin\Release.AnyCPU\Tcm.Shared\MS.VS.Services.Tcm.Server.Common.L0.Tests\Microsoft.VisualStudio.Services.Tcm.Server.Common.L0.Tests.dll" adapterTypeName="executor://mstestadapter/v2" className="Microsoft.VisualStudio.Services.Tcm.Server.Common.L0.Tests.BuildDeletedActionTests" name="DeleteBuild_DeleteTestRequestIsNotSet_MarksTestBuildDeleted" />
    </UnitTest>
    <UnitTest name="UpdateTestCaseReferenceOnResultChange_WithResults_UpdatesTestCaseReferences" storage="d:\v2.0\p1\_work\9\bin\release.anycpu\tcm.shared\ms.vs.services.tcm.server.common.l0.tests\microsoft.visualstudio.services.tcm.server.common.l0.tests.dll" id="85578e4e-5c69-530e-27ce-c01090e55ea3">
      <Owners>
        <Owner name="vstlmtcm" />
      </Owners>
      <TestCategory>
        <TestCategoryItem TestCategory="L0" />
        <TestCategoryItem TestCategory="Team.TestResultsAndInsights" />
      </TestCategory>
      <Execution id="91e31c89-f599-47b2-a187-5b6d9cd8df54" />
      <TestMethod codeBase="d:\v2.0\P1\_work\9\bin\Release.AnyCPU\Tcm.Shared\MS.VS.Services.Tcm.Server.Common.L0.Tests\Microsoft.VisualStudio.Services.Tcm.Server.Common.L0.Tests.dll" adapterTypeName="executor://mstestadapter/v2" className="Microsoft.VisualStudio.Services.Tcm.Server.Common.L0.Tests.Plugins.TestResultActionTests" name="UpdateTestCaseReferenceOnResultChange_WithResults_UpdatesTestCaseReferences" />
    </UnitTest>
    <UnitTest name="QueueDeleteRunsByRetentionSettings_RunsCountExceedBatchSize_StopQueueingRunDeletion" storage="d:\v2.0\p1\_work\9\bin\release.anycpu\tcm.shared\ms.vs.services.tcm.server.common.l0.tests\microsoft.visualstudio.services.tcm.server.common.l0.tests.dll" priority="1" id="7f09acaa-b152-0c06-973f-4ede5326f9d4">
      <Owners>
        <Owner name="vstlmtcm" />
      </Owners>
      <TestCategory>
        <TestCategoryItem TestCategory="L0" />
        <TestCategoryItem TestCategory="Team.TestCaseManagement" />
      </TestCategory>
      <Execution id="48817994-0839-4612-9501-da1d850da30c" />
      <TestMethod codeBase="d:\v2.0\P1\_work\9\bin\Release.AnyCPU\Tcm.Shared\MS.VS.Services.Tcm.Server.Common.L0.Tests\Microsoft.VisualStudio.Services.Tcm.Server.Common.L0.Tests.dll" adapterTypeName="executor://mstestadapter/v2" className="Microsoft.VisualStudio.Services.Tcm.Server.Common.L0.Tests.Jobs.SharedCleanupJobTests" name="QueueDeleteRunsByRetentionSettings_RunsCountExceedBatchSize_StopQueueingRunDeletion" />
    </UnitTest>
    <UnitTest name="DeleteIntermediateCoverageFilesTestWithSomeCoverageFile" storage="d:\v2.0\p1\_work\9\bin\release.anycpu\tcm.shared\ms.vs.services.tcm.server.common.l0.tests\microsoft.visualstudio.services.tcm.server.common.l0.tests.dll" priority="0" id="593e8fe7-6135-0386-0adc-b9238d91809b">
      <Owners>
        <Owner name="vstlmtcm" />
      </Owners>
      <TestCategory>
        <TestCategoryItem TestCategory="L0" />
        <TestCategoryItem TestCategory="Team.TestResultsAndInsights" />
      </TestCategory>
      <Execution id="9d99997c-1cb0-4cb6-8cfd-57e22a7d5b60" />
      <TestMethod codeBase="d:\v2.0\P1\_work\9\bin\Release.AnyCPU\Tcm.Shared\MS.VS.Services.Tcm.Server.Common.L0.Tests\Microsoft.VisualStudio.Services.Tcm.Server.Common.L0.Tests.dll" adapterTypeName="executor://mstestadapter/v2" className="Microsoft.VisualStudio.Services.Tcm.Server.Common.L0.Tests.Coverage.TCMAttachmentCoverageStorageTests" name="DeleteIntermediateCoverageFilesTestWithSomeCoverageFile" />
    </UnitTest>
    <UnitTest name="ValidateFileCoverageEvalJobGetsCorrectFileDiff" storage="d:\v2.0\p1\_work\9\bin\release.anycpu\tcm.shared\ms.vs.services.tcm.server.common.l0.tests\microsoft.visualstudio.services.tcm.server.common.l0.tests.dll" id="60f28385-4a98-0e55-3b38-f761b6bd5e74">
      <Owners>
        <Owner name="vstlmtcm" />
      </Owners>
      <TestCategory>
        <TestCategoryItem TestCategory="L0" />
        <TestCategoryItem TestCategory="Team.TestResultsAndInsights" />
      </TestCategory>
      <Execution id="f3c72753-8694-4290-a1b2-dd3b337774ec" />
      <TestMethod codeBase="d:\v2.0\P1\_work\9\bin\Release.AnyCPU\Tcm.Shared\MS.VS.Services.Tcm.Server.Common.L0.Tests\Microsoft.VisualStudio.Services.Tcm.Server.Common.L0.Tests.dll" adapterTypeName="executor://mstestadapter/v2" className="Microsoft.VisualStudio.Services.Tcm.Server.Common.L0.Tests.FileCoverageEvaluatorTests" name="ValidateFileCoverageEvalJobGetsCorrectFileDiff" />
    </UnitTest>
    <UnitTest name="TestShouldRetain_Retain" storage="d:\v2.0\p1\_work\9\bin\release.anycpu\tcm.shared\ms.vs.services.tcm.server.common.l0.tests\microsoft.visualstudio.services.tcm.server.common.l0.tests.dll" priority="0" id="73e9b1f9-9717-efeb-073e-740e80bdb8d8">
      <Owners>
        <Owner name="vstlmtcm" />
      </Owners>
      <TestCategory>
        <TestCategoryItem TestCategory="L0" />
        <TestCategoryItem TestCategory="Team.TestResultsAndInsights" />
      </TestCategory>
      <Execution id="58f00532-cf28-4df2-a257-8d7cbc4b8b93" />
      <TestMethod codeBase="d:\v2.0\P1\_work\9\bin\Release.AnyCPU\Tcm.Shared\MS.VS.Services.Tcm.Server.Common.L0.Tests\Microsoft.VisualStudio.Services.Tcm.Server.Common.L0.Tests.dll" adapterTypeName="executor://mstestadapter/v2" className="Microsoft.VisualStudio.Services.Tcm.Server.Common.L0.Tests.Coverage.AttachmentFilterTests" name="TestShouldRetain_Retain" />
    </UnitTest>
    <UnitTest name="UpdateTestRunChangedSignalRNotification_ForReleaseRuns" storage="d:\v2.0\p1\_work\9\bin\release.anycpu\tcm.shared\ms.vs.services.tcm.server.common.l0.tests\microsoft.visualstudio.services.tcm.server.common.l0.tests.dll" id="c352acd2-7a46-9397-95d8-abaf9328e6b3">
      <Owners>
        <Owner name="vstlmtcm" />
      </Owners>
      <TestCategory>
        <TestCategoryItem TestCategory="L0" />
        <TestCategoryItem TestCategory="Team.TestResultsAndInsights" />
      </TestCategory>
      <Execution id="8963dcda-4c55-41e1-93d4-e0c86a58fe99" />
      <TestMethod codeBase="d:\v2.0\P1\_work\9\bin\Release.AnyCPU\Tcm.Shared\MS.VS.Services.Tcm.Server.Common.L0.Tests\Microsoft.VisualStudio.Services.Tcm.Server.Common.L0.Tests.dll" adapterTypeName="executor://mstestadapter/v2" className="Microsoft.VisualStudio.Services.Tcm.Server.Common.L0.Tests.Plugins.TestResultActionTests" name="UpdateTestRunChangedSignalRNotification_ForReleaseRuns" />
    </UnitTest>
    <UnitTest name="VerifyBuildHandleTestRunChangedQueuesAJob" storage="d:\v2.0\p1\_work\9\bin\release.anycpu\tcm.shared\ms.vs.services.tcm.server.common.l0.tests\microsoft.visualstudio.services.tcm.server.common.l0.tests.dll" priority="0" id="a6c720ae-6b6e-f316-0546-ea99dc95a792">
      <Owners>
        <Owner name="vstlmtcm" />
      </Owners>
      <TestCategory>
        <TestCategoryItem TestCategory="L0" />
      </TestCategory>
      <Execution id="ab3c1f77-2cda-4578-a89e-fb828b28d63e" />
      <TestMethod codeBase="d:\v2.0\P1\_work\9\bin\Release.AnyCPU\Tcm.Shared\MS.VS.Services.Tcm.Server.Common.L0.Tests\Microsoft.VisualStudio.Services.Tcm.Server.Common.L0.Tests.dll" adapterTypeName="executor://mstestadapter/v2" className="Microsoft.VisualStudio.Services.Tcm.Server.Common.L0.Tests.Hub.TestHubDispatcherTests" name="VerifyBuildHandleTestRunChangedQueuesAJob" />
    </UnitTest>
    <UnitTest name="Execute_CalculateTestInsights_WithBuildData" storage="d:\v2.0\p1\_work\9\bin\release.anycpu\tcm.shared\ms.vs.services.tcm.server.common.l0.tests\microsoft.visualstudio.services.tcm.server.common.l0.tests.dll" priority="1" id="48338bd5-06c8-5180-5ec5-6c00d20df126">
      <Owners>
        <Owner name="vstlmtcm" />
      </Owners>
      <TestCategory>
        <TestCategoryItem TestCategory="L0" />
        <TestCategoryItem TestCategory="Team.TestCaseManagement" />
      </TestCategory>
      <Execution id="a38d3944-f839-4a66-8647-5a6e7db33452" />
      <TestMethod codeBase="d:\v2.0\P1\_work\9\bin\Release.AnyCPU\Tcm.Shared\MS.VS.Services.Tcm.Server.Common.L0.Tests\Microsoft.VisualStudio.Services.Tcm.Server.Common.L0.Tests.dll" adapterTypeName="executor://mstestadapter/v2" className="Microsoft.VisualStudio.Services.Tcm.Server.Common.L0.Tests.Jobs.SharedCalculateTestInsightsJobTests" name="Execute_CalculateTestInsights_WithBuildData" />
    </UnitTest>
    <UnitTest name="VariableSubstitution" storage="d:\v2.0\p1\_work\9\bin\release.anycpu\tcm.shared\ms.vs.services.tcm.server.common.l0.tests\microsoft.visualstudio.services.tcm.server.common.l0.tests.dll" id="2fb474b9-5ce2-d05f-fb97-3fbe622fc53f">
      <Execution id="e79c9807-2345-4176-b6bb-ff479f379610" />
      <TestMethod codeBase="d:\v2.0\P1\_work\9\bin\Release.AnyCPU\Tcm.Shared\MS.VS.Services.Tcm.Server.Common.L0.Tests\Microsoft.VisualStudio.Services.Tcm.Server.Common.L0.Tests.dll" adapterTypeName="executor://mstestadapter/v2" className="Microsoft.VisualStudio.Services.Tcm.Server.Common.L0.Tests.Query.QueryEngineTests" name="VariableSubstitution" />
    </UnitTest>
    <UnitTest name="AbortNotStartedRunAssociatedWithFailedReleaseEnvironment_FeatureFlagDisabled_RunNotAborted" storage="d:\v2.0\p1\_work\9\bin\release.anycpu\tcm.shared\ms.vs.services.tcm.server.common.l0.tests\microsoft.visualstudio.services.tcm.server.common.l0.tests.dll" id="fce22142-3213-bf1e-fadd-872553224e7c">
      <Owners>
        <Owner name="vstlmtcm" />
      </Owners>
      <TestCategory>
        <TestCategoryItem TestCategory="L0" />
        <TestCategoryItem TestCategory="Team.TestResultsAndInsights" />
      </TestCategory>
      <Execution id="a5dba895-a497-41ec-95e5-94a9f03ee7e7" />
      <TestMethod codeBase="d:\v2.0\P1\_work\9\bin\Release.AnyCPU\Tcm.Shared\MS.VS.Services.Tcm.Server.Common.L0.Tests\Microsoft.VisualStudio.Services.Tcm.Server.Common.L0.Tests.dll" adapterTypeName="executor://mstestadapter/v2" className="Microsoft.VisualStudio.Services.Tcm.Server.Common.L0.Tests.Plugins.DeploymentActionTests" name="AbortNotStartedRunAssociatedWithFailedReleaseEnvironment_FeatureFlagDisabled_RunNotAborted" />
    </UnitTest>
    <UnitTest name="WatchReleaseOnHubShouldCallWatchReleaseOnDispatcher" storage="d:\v2.0\p1\_work\9\bin\release.anycpu\tcm.shared\ms.vs.services.tcm.server.common.l0.tests\microsoft.visualstudio.services.tcm.server.common.l0.tests.dll" id="eaead9f6-42e2-4729-f64b-c82c33fca4c1">
      <Execution id="95b49483-fe97-4046-9888-bf49d81c6e8f" />
      <TestMethod codeBase="d:\v2.0\P1\_work\9\bin\Release.AnyCPU\Tcm.Shared\MS.VS.Services.Tcm.Server.Common.L0.Tests\Microsoft.VisualStudio.Services.Tcm.Server.Common.L0.Tests.dll" adapterTypeName="executor://mstestadapter/v2" className="Microsoft.VisualStudio.Services.Tcm.Server.Common.L0.Tests.Hub.TestHubTests" name="WatchReleaseOnHubShouldCallWatchReleaseOnDispatcher" />
    </UnitTest>
    <UnitTest name="FirstCoverageFileNullOrEmpty" storage="d:\v2.0\p1\_work\9\bin\release.anycpu\tcm.shared\ms.vs.services.tcm.server.common.l0.tests\microsoft.visualstudio.services.tcm.server.common.l0.tests.dll" priority="0" id="79a4c2ad-44c3-ea7e-5705-a8a4335c4c66">
      <Owners>
        <Owner name="abhishk" />
      </Owners>
      <TestCategory>
        <TestCategoryItem TestCategory="L0" />
        <TestCategoryItem TestCategory="Team.DTA" />
      </TestCategory>
      <Execution id="8587894f-cd20-4615-be47-e2c685d3c635" />
      <TestMethod codeBase="d:\v2.0\P1\_work\9\bin\Release.AnyCPU\Tcm.Shared\MS.VS.Services.Tcm.Server.Common.L0.Tests\Microsoft.VisualStudio.Services.Tcm.Server.Common.L0.Tests.dll" adapterTypeName="executor://mstestadapter/v2" className="Microsoft.VisualStudio.Services.Tcm.Server.Common.L0.Tests.Jobs.SharedCoverageAnalyzerJobTests" name="FirstCoverageFileNullOrEmpty" />
    </UnitTest>
    <UnitTest name="HandleBuildCompletionEventWhenFeatureFlagIsOnAndNothingIsMocked" storage="d:\v2.0\p1\_work\9\bin\release.anycpu\tcm.shared\ms.vs.services.tcm.server.common.l0.tests\microsoft.visualstudio.services.tcm.server.common.l0.tests.dll" priority="0" id="9062252b-2e08-f32f-fa85-2b9729fe84d2">
      <Owners>
        <Owner name="vstlmtcm" />
      </Owners>
      <TestCategory>
        <TestCategoryItem TestCategory="L0" />
        <TestCategoryItem TestCategory="Team.TestResultsAndInsights" />
      </TestCategory>
      <Execution id="11671463-8184-4a26-9b0f-e9912bf2cfdf" />
      <TestMethod codeBase="d:\v2.0\P1\_work\9\bin\Release.AnyCPU\Tcm.Shared\MS.VS.Services.Tcm.Server.Common.L0.Tests\Microsoft.VisualStudio.Services.Tcm.Server.Common.L0.Tests.dll" adapterTypeName="executor://mstestadapter/v2" className="Microsoft.VisualStudio.Services.Tcm.Server.Common.L0.Tests.Coverage.ModuleCoverageBuildEventListenerTests" name="HandleBuildCompletionEventWhenFeatureFlagIsOnAndNothingIsMocked" />
    </UnitTest>
    <UnitTest name="CleanTestRuns_CleansDeletedTestRunDimensions_TelemetryNotPublishedIfDeletedRefsIsNull" storage="d:\v2.0\p1\_work\9\bin\release.anycpu\tcm.shared\ms.vs.services.tcm.server.common.l0.tests\microsoft.visualstudio.services.tcm.server.common.l0.tests.dll" priority="1" id="b6fca9ec-8671-d6a9-c7ea-bb46e6301d66">
      <Owners>
        <Owner name="vstlmtcm" />
      </Owners>
      <TestCategory>
        <TestCategoryItem TestCategory="L0" />
        <TestCategoryItem TestCategory="Team.TestCaseManagement" />
      </TestCategory>
      <Execution id="2acd3665-3bc0-42a6-aa68-f92b9efb89b8" />
      <TestMethod codeBase="d:\v2.0\P1\_work\9\bin\Release.AnyCPU\Tcm.Shared\MS.VS.Services.Tcm.Server.Common.L0.Tests\Microsoft.VisualStudio.Services.Tcm.Server.Common.L0.Tests.dll" adapterTypeName="executor://mstestadapter/v2" className="Microsoft.VisualStudio.Services.Tcm.Server.Common.L0.Tests.Jobs.SharedCleanupJobTests" name="CleanTestRuns_CleansDeletedTestRunDimensions_TelemetryNotPublishedIfDeletedRefsIsNull" />
    </UnitTest>
    <UnitTest name="VerifyBuildNotificationDeleteCallsDbNotificationDelete" storage="d:\v2.0\p1\_work\9\bin\release.anycpu\tcm.shared\ms.vs.services.tcm.server.common.l0.tests\microsoft.visualstudio.services.tcm.server.common.l0.tests.dll" priority="0" id="2bad8a4a-bcd9-0e15-1543-8db2acb10e19">
      <Owners>
        <Owner name="vstlmtcm" />
      </Owners>
      <TestCategory>
        <TestCategoryItem TestCategory="L0" />
      </TestCategory>
      <Execution id="0ed8b427-dabe-4f2f-8435-6af5dbac38fe" />
      <TestMethod codeBase="d:\v2.0\P1\_work\9\bin\Release.AnyCPU\Tcm.Shared\MS.VS.Services.Tcm.Server.Common.L0.Tests\Microsoft.VisualStudio.Services.Tcm.Server.Common.L0.Tests.dll" adapterTypeName="executor://mstestadapter/v2" className="Microsoft.VisualStudio.Services.Tcm.Server.Common.L0.Tests.Hub.TestHubDispatcherTests" name="VerifyBuildNotificationDeleteCallsDbNotificationDelete" />
    </UnitTest>
    <UnitTest name="UploadMergedCoverageFileTest" storage="d:\v2.0\p1\_work\9\bin\release.anycpu\tcm.shared\ms.vs.services.tcm.server.common.l0.tests\microsoft.visualstudio.services.tcm.server.common.l0.tests.dll" priority="0" id="14e9d8fc-ba87-e319-abf3-f2ff794893cb">
      <Owners>
        <Owner name="vstlmtcm" />
      </Owners>
      <TestCategory>
        <TestCategoryItem TestCategory="L0" />
        <TestCategoryItem TestCategory="Team.TestResultsAndInsights" />
      </TestCategory>
      <Execution id="ce107668-408a-49a8-beec-fd6ab74661b4" />
      <TestMethod codeBase="d:\v2.0\P1\_work\9\bin\Release.AnyCPU\Tcm.Shared\MS.VS.Services.Tcm.Server.Common.L0.Tests\Microsoft.VisualStudio.Services.Tcm.Server.Common.L0.Tests.dll" adapterTypeName="executor://mstestadapter/v2" className="Microsoft.VisualStudio.Services.Tcm.Server.Common.L0.Tests.Coverage.TcmLogStoreCoverageStorageTests" name="UploadMergedCoverageFileTest" />
    </UnitTest>
    <UnitTest name="UpdateTestRunSummaryOnRunAborted_WithBuildReference_DoesSummaryUpdate" storage="d:\v2.0\p1\_work\9\bin\release.anycpu\tcm.shared\ms.vs.services.tcm.server.common.l0.tests\microsoft.visualstudio.services.tcm.server.common.l0.tests.dll" id="b9a7bcf7-40d6-7a2b-4cfc-c8edd7a06551">
      <Owners>
        <Owner name="vstlmtcm" />
      </Owners>
      <TestCategory>
        <TestCategoryItem TestCategory="L0" />
        <TestCategoryItem TestCategory="Team.TestResultsAndInsights" />
      </TestCategory>
      <Execution id="87fd935a-4a71-4074-be9f-6332ff7ccfdf" />
      <TestMethod codeBase="d:\v2.0\P1\_work\9\bin\Release.AnyCPU\Tcm.Shared\MS.VS.Services.Tcm.Server.Common.L0.Tests\Microsoft.VisualStudio.Services.Tcm.Server.Common.L0.Tests.dll" adapterTypeName="executor://mstestadapter/v2" className="Microsoft.VisualStudio.Services.Tcm.Server.Common.L0.Tests.Plugins.TestRunActionTests" name="UpdateTestRunSummaryOnRunAborted_WithBuildReference_DoesSummaryUpdate" />
    </UnitTest>
    <UnitTest name="VerifyReleaseNotificationDeleteCallsDbNotificationDelete" storage="d:\v2.0\p1\_work\9\bin\release.anycpu\tcm.shared\ms.vs.services.tcm.server.common.l0.tests\microsoft.visualstudio.services.tcm.server.common.l0.tests.dll" priority="0" id="8cce8d43-f98c-f436-bbc9-37935b701238">
      <Owners>
        <Owner name="vstlmtcm" />
      </Owners>
      <TestCategory>
        <TestCategoryItem TestCategory="L0" />
      </TestCategory>
      <Execution id="1f524dfb-10c6-4928-af61-b665d99bcc1b" />
      <TestMethod codeBase="d:\v2.0\P1\_work\9\bin\Release.AnyCPU\Tcm.Shared\MS.VS.Services.Tcm.Server.Common.L0.Tests\Microsoft.VisualStudio.Services.Tcm.Server.Common.L0.Tests.dll" adapterTypeName="executor://mstestadapter/v2" className="Microsoft.VisualStudio.Services.Tcm.Server.Common.L0.Tests.Hub.TestHubDispatcherTests" name="VerifyReleaseNotificationDeleteCallsDbNotificationDelete" />
    </UnitTest>
    <UnitTest name="WhenOurFFisOffAndTheirIfOff" storage="d:\v2.0\p1\_work\9\bin\release.anycpu\tcm.shared\ms.vs.services.tcm.server.common.l0.tests\microsoft.visualstudio.services.tcm.server.common.l0.tests.dll" priority="0" id="44a6b3ab-5415-26ba-0eea-a1f9ca8c1db2">
      <Owners>
        <Owner name="vstlmtcm" />
      </Owners>
      <TestCategory>
        <TestCategoryItem TestCategory="L0" />
        <TestCategoryItem TestCategory="Team.TestResultsAndInsights" />
      </TestCategory>
      <Execution id="daa69610-cbe8-4548-a855-7d78f7c3bfc0" />
      <TestMethod codeBase="d:\v2.0\P1\_work\9\bin\Release.AnyCPU\Tcm.Shared\MS.VS.Services.Tcm.Server.Common.L0.Tests\Microsoft.VisualStudio.Services.Tcm.Server.Common.L0.Tests.dll" adapterTypeName="executor://mstestadapter/v2" className="Microsoft.VisualStudio.Services.Tcm.Server.Common.L0.Tests.Coverage.CoverageStorageFactoryTests" name="WhenOurFFisOffAndTheirIfOff" />
    </UnitTest>
    <UnitTest name="DeleteIntermediateCoverageFilesTestWithEmptyCoverageFile" storage="d:\v2.0\p1\_work\9\bin\release.anycpu\tcm.shared\ms.vs.services.tcm.server.common.l0.tests\microsoft.visualstudio.services.tcm.server.common.l0.tests.dll" priority="0" id="df3440b9-1aa3-5e3c-0563-2095a23cfc3f">
      <Owners>
        <Owner name="vstlmtcm" />
      </Owners>
      <TestCategory>
        <TestCategoryItem TestCategory="L0" />
        <TestCategoryItem TestCategory="Team.TestResultsAndInsights" />
      </TestCategory>
      <Execution id="ac4d6ef8-7b1b-4a33-9198-e73b61648b07" />
      <TestMethod codeBase="d:\v2.0\P1\_work\9\bin\Release.AnyCPU\Tcm.Shared\MS.VS.Services.Tcm.Server.Common.L0.Tests\Microsoft.VisualStudio.Services.Tcm.Server.Common.L0.Tests.dll" adapterTypeName="executor://mstestadapter/v2" className="Microsoft.VisualStudio.Services.Tcm.Server.Common.L0.Tests.Coverage.TCMAttachmentCoverageStorageTests" name="DeleteIntermediateCoverageFilesTestWithEmptyCoverageFile" />
    </UnitTest>
    <UnitTest name="Execute_WithRequestCancelled_NotExecuteNextSteps" storage="d:\v2.0\p1\_work\9\bin\release.anycpu\tcm.shared\ms.vs.services.tcm.server.common.l0.tests\microsoft.visualstudio.services.tcm.server.common.l0.tests.dll" priority="1" id="7f88d404-c504-7376-999c-3f98950ff19f">
      <Owners>
        <Owner name="vstlmtcm" />
      </Owners>
      <TestCategory>
        <TestCategoryItem TestCategory="L0" />
        <TestCategoryItem TestCategory="Team.TestCaseManagement" />
      </TestCategory>
      <Execution id="61ee9c5f-ec88-44a9-a4d4-a0283e7cd02f" />
      <TestMethod codeBase="d:\v2.0\P1\_work\9\bin\Release.AnyCPU\Tcm.Shared\MS.VS.Services.Tcm.Server.Common.L0.Tests\Microsoft.VisualStudio.Services.Tcm.Server.Common.L0.Tests.dll" adapterTypeName="executor://mstestadapter/v2" className="Microsoft.VisualStudio.Services.Tcm.Server.Common.L0.Tests.Jobs.SharedCleanupJobTests" name="Execute_WithRequestCancelled_NotExecuteNextSteps" />
    </UnitTest>
    <UnitTest name="WatchBuildOnHubShouldCallWatchBuildOnDispatcher" storage="d:\v2.0\p1\_work\9\bin\release.anycpu\tcm.shared\ms.vs.services.tcm.server.common.l0.tests\microsoft.visualstudio.services.tcm.server.common.l0.tests.dll" id="7735ccef-becd-c3da-dc63-73f1c86b99ff">
      <Execution id="d5b75321-e435-4a57-8583-ebf4d011c10d" />
      <TestMethod codeBase="d:\v2.0\P1\_work\9\bin\Release.AnyCPU\Tcm.Shared\MS.VS.Services.Tcm.Server.Common.L0.Tests\Microsoft.VisualStudio.Services.Tcm.Server.Common.L0.Tests.dll" adapterTypeName="executor://mstestadapter/v2" className="Microsoft.VisualStudio.Services.Tcm.Server.Common.L0.Tests.Hub.TestHubTests" name="WatchBuildOnHubShouldCallWatchBuildOnDispatcher" />
    </UnitTest>
    <UnitTest name="DeleteIntermediateCoverageFilesTestWithSomeCoverageFileThrowsException" storage="d:\v2.0\p1\_work\9\bin\release.anycpu\tcm.shared\ms.vs.services.tcm.server.common.l0.tests\microsoft.visualstudio.services.tcm.server.common.l0.tests.dll" priority="0" id="fc27dfa7-7a9f-3ef4-10de-e9a7ae9b58db">
      <Owners>
        <Owner name="vstlmtcm" />
      </Owners>
      <TestCategory>
        <TestCategoryItem TestCategory="L0" />
        <TestCategoryItem TestCategory="Team.TestResultsAndInsights" />
      </TestCategory>
      <Execution id="95ead6ec-592f-41e5-b7df-160496c50478" />
      <TestMethod codeBase="d:\v2.0\P1\_work\9\bin\Release.AnyCPU\Tcm.Shared\MS.VS.Services.Tcm.Server.Common.L0.Tests\Microsoft.VisualStudio.Services.Tcm.Server.Common.L0.Tests.dll" adapterTypeName="executor://mstestadapter/v2" className="Microsoft.VisualStudio.Services.Tcm.Server.Common.L0.Tests.Coverage.TCMAttachmentCoverageStorageTests" name="DeleteIntermediateCoverageFilesTestWithSomeCoverageFileThrowsException" />
    </UnitTest>
    <UnitTest name="CleanTestRuns_WithNonDeletedProjects_ResetsJobData" storage="d:\v2.0\p1\_work\9\bin\release.anycpu\tcm.shared\ms.vs.services.tcm.server.common.l0.tests\microsoft.visualstudio.services.tcm.server.common.l0.tests.dll" priority="1" id="3026930a-2d56-d72d-0f8f-c69bca5711e6">
      <Owners>
        <Owner name="vstlmtcm" />
      </Owners>
      <TestCategory>
        <TestCategoryItem TestCategory="L0" />
        <TestCategoryItem TestCategory="Team.TestCaseManagement" />
      </TestCategory>
      <Execution id="3c30304a-0dc2-47bf-b6f0-e5ca29251885" />
      <TestMethod codeBase="d:\v2.0\P1\_work\9\bin\Release.AnyCPU\Tcm.Shared\MS.VS.Services.Tcm.Server.Common.L0.Tests\Microsoft.VisualStudio.Services.Tcm.Server.Common.L0.Tests.dll" adapterTypeName="executor://mstestadapter/v2" className="Microsoft.VisualStudio.Services.Tcm.Server.Common.L0.Tests.Jobs.SharedCleanupJobTests" name="CleanTestRuns_WithNonDeletedProjects_ResetsJobData" />
    </UnitTest>
    <UnitTest name="VerifyReleaseHandleTestRunChangedSholdNotSaveSignalInDbWhenNoClient" storage="d:\v2.0\p1\_work\9\bin\release.anycpu\tcm.shared\ms.vs.services.tcm.server.common.l0.tests\microsoft.visualstudio.services.tcm.server.common.l0.tests.dll" priority="0" id="ef004604-5dc2-07dc-7f27-9ac10a3bbd95">
      <Owners>
        <Owner name="vstlmtcm" />
      </Owners>
      <TestCategory>
        <TestCategoryItem TestCategory="L0" />
      </TestCategory>
      <Execution id="9c1290c1-002e-4021-aba4-0599de415662" />
      <TestMethod codeBase="d:\v2.0\P1\_work\9\bin\Release.AnyCPU\Tcm.Shared\MS.VS.Services.Tcm.Server.Common.L0.Tests\Microsoft.VisualStudio.Services.Tcm.Server.Common.L0.Tests.dll" adapterTypeName="executor://mstestadapter/v2" className="Microsoft.VisualStudio.Services.Tcm.Server.Common.L0.Tests.Hub.TestHubDispatcherTests" name="VerifyReleaseHandleTestRunChangedSholdNotSaveSignalInDbWhenNoClient" />
    </UnitTest>
    <UnitTest name="DeleteReleasesShouldThrowExceptionIfThrownByDatabase" storage="d:\v2.0\p1\_work\9\bin\release.anycpu\tcm.shared\ms.vs.services.tcm.server.common.l0.tests\microsoft.visualstudio.services.tcm.server.common.l0.tests.dll" id="ec3b4ddb-cc81-ab15-6474-81d13a020c67">
      <Owners>
        <Owner name="harjain" />
      </Owners>
      <TestCategory>
        <TestCategoryItem TestCategory="L0" />
        <TestCategoryItem TestCategory="Team.TestResultsAndInsights" />
      </TestCategory>
      <Execution id="4ba981f8-b31d-463f-8ddc-a9a43326565b" />
      <TestMethod codeBase="d:\v2.0\P1\_work\9\bin\Release.AnyCPU\Tcm.Shared\MS.VS.Services.Tcm.Server.Common.L0.Tests\Microsoft.VisualStudio.Services.Tcm.Server.Common.L0.Tests.dll" adapterTypeName="executor://mstestadapter/v2" className="Microsoft.VisualStudio.Services.Tcm.Server.Common.L0.Tests.Plugins.DeploymentActionTests" name="DeleteReleasesShouldThrowExceptionIfThrownByDatabase" />
    </UnitTest>
    <UnitTest name="GetIntermediateCoverageAttachmentsTestForZeroFile" storage="d:\v2.0\p1\_work\9\bin\release.anycpu\tcm.shared\ms.vs.services.tcm.server.common.l0.tests\microsoft.visualstudio.services.tcm.server.common.l0.tests.dll" priority="0" id="fd4837d5-a5d3-14eb-389d-cdd55c59fbc1">
      <Owners>
        <Owner name="vstlmtcm" />
      </Owners>
      <TestCategory>
        <TestCategoryItem TestCategory="L0" />
        <TestCategoryItem TestCategory="Team.TestResultsAndInsights" />
      </TestCategory>
      <Execution id="40861901-08fe-44f4-b38f-fdfd8f76c979" />
      <TestMethod codeBase="d:\v2.0\P1\_work\9\bin\Release.AnyCPU\Tcm.Shared\MS.VS.Services.Tcm.Server.Common.L0.Tests\Microsoft.VisualStudio.Services.Tcm.Server.Common.L0.Tests.dll" adapterTypeName="executor://mstestadapter/v2" className="Microsoft.VisualStudio.Services.Tcm.Server.Common.L0.Tests.Coverage.TCMAttachmentCoverageStorageTests" name="GetIntermediateCoverageAttachmentsTestForZeroFile" />
    </UnitTest>
    <UnitTest name="UpdateTestRunChangedSignalRNotification_TriSignalRReportingRuns_False" storage="d:\v2.0\p1\_work\9\bin\release.anycpu\tcm.shared\ms.vs.services.tcm.server.common.l0.tests\microsoft.visualstudio.services.tcm.server.common.l0.tests.dll" id="788059fe-a86c-781a-cd72-945ce72d4d79">
      <Owners>
        <Owner name="vstlmtcm" />
      </Owners>
      <TestCategory>
        <TestCategoryItem TestCategory="L0" />
        <TestCategoryItem TestCategory="Team.TestResultsAndInsights" />
      </TestCategory>
      <Execution id="0f4c0a19-f961-42cb-b0db-6a887ca0f611" />
      <TestMethod codeBase="d:\v2.0\P1\_work\9\bin\Release.AnyCPU\Tcm.Shared\MS.VS.Services.Tcm.Server.Common.L0.Tests\Microsoft.VisualStudio.Services.Tcm.Server.Common.L0.Tests.dll" adapterTypeName="executor://mstestadapter/v2" className="Microsoft.VisualStudio.Services.Tcm.Server.Common.L0.Tests.Plugins.TestResultActionTests" name="UpdateTestRunChangedSignalRNotification_TriSignalRReportingRuns_False" />
    </UnitTest>
    <UnitTest name="GetIntermediateCoverageAttachmentsTestForOneFileWithFlavorAndPlatFormWithPagination" storage="d:\v2.0\p1\_work\9\bin\release.anycpu\tcm.shared\ms.vs.services.tcm.server.common.l0.tests\microsoft.visualstudio.services.tcm.server.common.l0.tests.dll" priority="0" id="bf91a6bd-8060-462f-0ac6-c3a8b58e2f72">
      <Owners>
        <Owner name="vstlmtcm" />
      </Owners>
      <TestCategory>
        <TestCategoryItem TestCategory="L0" />
        <TestCategoryItem TestCategory="Team.TestResultsAndInsights" />
      </TestCategory>
      <Execution id="3fbd4207-363d-4cf8-b607-f08368bfca17" />
      <TestMethod codeBase="d:\v2.0\P1\_work\9\bin\Release.AnyCPU\Tcm.Shared\MS.VS.Services.Tcm.Server.Common.L0.Tests\Microsoft.VisualStudio.Services.Tcm.Server.Common.L0.Tests.dll" adapterTypeName="executor://mstestadapter/v2" className="Microsoft.VisualStudio.Services.Tcm.Server.Common.L0.Tests.Coverage.TcmLogStoreCoverageStorageTests" name="GetIntermediateCoverageAttachmentsTestForOneFileWithFlavorAndPlatFormWithPagination" />
    </UnitTest>
    <UnitTest name="FileNameWhenFlavorHasUnwantedCharacters" storage="d:\v2.0\p1\_work\9\bin\release.anycpu\tcm.shared\ms.vs.services.tcm.server.common.l0.tests\microsoft.visualstudio.services.tcm.server.common.l0.tests.dll" priority="0" id="2f4d611a-da6f-3d6a-bf47-f8a645ddecaa">
      <Owners>
        <Owner name="vsinautotest" />
      </Owners>
      <TestCategory>
        <TestCategoryItem TestCategory="L0" />
        <TestCategoryItem TestCategory="Team.TestResultsAndInsights" />
      </TestCategory>
      <Execution id="36bf3f67-3da7-4c45-9e5a-00a2b9e2f980" />
      <TestMethod codeBase="d:\v2.0\P1\_work\9\bin\Release.AnyCPU\Tcm.Shared\MS.VS.Services.Tcm.Server.Common.L0.Tests\Microsoft.VisualStudio.Services.Tcm.Server.Common.L0.Tests.dll" adapterTypeName="executor://mstestadapter/v2" className="Microsoft.VisualStudio.Services.Tcm.Server.Common.L0.Tests.Coverage.CoverageFileNameUtilityTests" name="FileNameWhenFlavorHasUnwantedCharacters" />
    </UnitTest>
    <UnitTest name="Verify_JobDoesNotReQueueItselfIfTheBatchIsWithinDefaultSize" storage="d:\v2.0\p1\_work\9\bin\release.anycpu\tcm.shared\ms.vs.services.tcm.server.common.l0.tests\microsoft.visualstudio.services.tcm.server.common.l0.tests.dll" priority="1" id="172fcdf1-622c-d15f-76f5-311e98caf590">
      <Owners>
        <Owner name="vstlmtcm" />
      </Owners>
      <TestCategory>
        <TestCategoryItem TestCategory="L0" />
        <TestCategoryItem TestCategory="Team.TestCaseManagement" />
      </TestCategory>
      <Execution id="a703d555-acb0-4b8c-b055-edb535f65611" />
      <TestMethod codeBase="d:\v2.0\P1\_work\9\bin\Release.AnyCPU\Tcm.Shared\MS.VS.Services.Tcm.Server.Common.L0.Tests\Microsoft.VisualStudio.Services.Tcm.Server.Common.L0.Tests.dll" adapterTypeName="executor://mstestadapter/v2" className="Microsoft.VisualStudio.Services.Tcm.Server.Common.L0.Tests.Jobs.SharedTestSignalProcessorJobTests" name="Verify_JobDoesNotReQueueItselfIfTheBatchIsWithinDefaultSize" />
    </UnitTest>
    <UnitTest name="CancelTestRun" storage="d:\v2.0\p1\_work\9\bin\release.anycpu\tcm.shared\ms.vs.services.tcm.server.common.l0.tests\microsoft.visualstudio.services.tcm.server.common.l0.tests.dll" priority="0" id="5f1cb520-1e6f-a22c-eeb9-145b41cfb042">
      <Owners>
        <Owner name="vstlmtcm" />
      </Owners>
      <TestCategory>
        <TestCategoryItem TestCategory="L0" />
        <TestCategoryItem TestCategory="Team.TestResultsAndInsights" />
      </TestCategory>
      <Execution id="d043ed08-29ac-4cbd-a268-310679405b9d" />
      <TestMethod codeBase="d:\v2.0\P1\_work\9\bin\Release.AnyCPU\Tcm.Shared\MS.VS.Services.Tcm.Server.Common.L0.Tests\Microsoft.VisualStudio.Services.Tcm.Server.Common.L0.Tests.dll" adapterTypeName="executor://mstestadapter/v2" className="Microsoft.VisualStudio.Services.Tcm.Server.Common.L0.Tests.CancelTestRunTests" name="CancelTestRun" />
    </UnitTest>
    <UnitTest name="CreateTestRunWithInvalidBuildUri" storage="d:\v2.0\p1\_work\9\bin\release.anycpu\tcm.shared\ms.vs.services.tcm.server.common.l0.tests\microsoft.visualstudio.services.tcm.server.common.l0.tests.dll" priority="2" id="6c643c00-7007-5556-6531-8e68a92d9d2a">
      <Owners>
        <Owner name="vstlmtcm" />
      </Owners>
      <TestCategory>
        <TestCategoryItem TestCategory="L0" />
        <TestCategoryItem TestCategory="Team.TestResultsAndInsights" />
      </TestCategory>
      <Execution id="f28bea0d-f585-41e3-818b-63be95c40d38" />
      <TestMethod codeBase="d:\v2.0\P1\_work\9\bin\Release.AnyCPU\Tcm.Shared\MS.VS.Services.Tcm.Server.Common.L0.Tests\Microsoft.VisualStudio.Services.Tcm.Server.Common.L0.Tests.dll" adapterTypeName="executor://mstestadapter/v2" className="Microsoft.VisualStudio.Services.Tcm.Server.Common.L0.Tests.CreateTestRunTests" name="CreateTestRunWithInvalidBuildUri" />
    </UnitTest>
    <UnitTest name="IncludeTestResults_PolicyAllowsDeleteTestResults_ReturnsTrue" storage="d:\v2.0\p1\_work\9\bin\release.anycpu\tcm.shared\ms.vs.services.tcm.server.common.l0.tests\microsoft.visualstudio.services.tcm.server.common.l0.tests.dll" priority="1" id="e32a511c-db3f-8b25-f350-b2634cdadb16">
      <Owners>
        <Owner name="vstlmtcm" />
      </Owners>
      <TestCategory>
        <TestCategoryItem TestCategory="L0" />
        <TestCategoryItem TestCategory="Team.TestResultsAndInsights" />
      </TestCategory>
      <Execution id="74c88392-5381-408a-9436-29b58a7a7c4f" />
      <TestMethod codeBase="d:\v2.0\P1\_work\9\bin\Release.AnyCPU\Tcm.Shared\MS.VS.Services.Tcm.Server.Common.L0.Tests\Microsoft.VisualStudio.Services.Tcm.Server.Common.L0.Tests.dll" adapterTypeName="executor://mstestadapter/v2" className="Microsoft.VisualStudio.Services.Tcm.Server.Common.L0.Tests.BuildDeletedActionTests" name="IncludeTestResults_PolicyAllowsDeleteTestResults_ReturnsTrue" />
    </UnitTest>
    <UnitTest name="CreateTestRunInNonPRBuild" storage="d:\v2.0\p1\_work\9\bin\release.anycpu\tcm.shared\ms.vs.services.tcm.server.common.l0.tests\microsoft.visualstudio.services.tcm.server.common.l0.tests.dll" priority="1" id="6951fc45-7966-0e20-5710-4cb0d84543cd">
      <Owners>
        <Owner name="vstlmtcm" />
      </Owners>
      <TestCategory>
        <TestCategoryItem TestCategory="L0" />
      </TestCategory>
      <Execution id="2b8f4bbb-ee26-4718-8771-7139babfca1f" />
      <TestMethod codeBase="d:\v2.0\P1\_work\9\bin\Release.AnyCPU\Tcm.Shared\MS.VS.Services.Tcm.Server.Common.L0.Tests\Microsoft.VisualStudio.Services.Tcm.Server.Common.L0.Tests.dll" adapterTypeName="executor://mstestadapter/v2" className="Microsoft.VisualStudio.Services.Tcm.Server.Common.L0.Tests.CreateTestRunTests" name="CreateTestRunInNonPRBuild" />
    </UnitTest>
    <UnitTest name="HandleBuildCompletionEventWhenFeatureFlagIsOnAndBuildArgsAreNull" storage="d:\v2.0\p1\_work\9\bin\release.anycpu\tcm.shared\ms.vs.services.tcm.server.common.l0.tests\microsoft.visualstudio.services.tcm.server.common.l0.tests.dll" priority="0" id="dc52b115-554d-fdda-eb46-adcc365d79b9">
      <Owners>
        <Owner name="vstlmtcm" />
      </Owners>
      <TestCategory>
        <TestCategoryItem TestCategory="L0" />
        <TestCategoryItem TestCategory="Team.TestResultsAndInsights" />
      </TestCategory>
      <Execution id="5fcc0850-793e-45df-bbe0-ee114e9d5cb2" />
      <TestMethod codeBase="d:\v2.0\P1\_work\9\bin\Release.AnyCPU\Tcm.Shared\MS.VS.Services.Tcm.Server.Common.L0.Tests\Microsoft.VisualStudio.Services.Tcm.Server.Common.L0.Tests.dll" adapterTypeName="executor://mstestadapter/v2" className="Microsoft.VisualStudio.Services.Tcm.Server.Common.L0.Tests.Coverage.ModuleCoverageBuildEventListenerTests" name="HandleBuildCompletionEventWhenFeatureFlagIsOnAndBuildArgsAreNull" />
    </UnitTest>
    <UnitTest name="UploadMergedCoverageFileTest" storage="d:\v2.0\p1\_work\9\bin\release.anycpu\tcm.shared\ms.vs.services.tcm.server.common.l0.tests\microsoft.visualstudio.services.tcm.server.common.l0.tests.dll" priority="0" id="b80660fc-ad87-b5b4-b094-8f9cac87b9b8">
      <Owners>
        <Owner name="vstlmtcm" />
      </Owners>
      <TestCategory>
        <TestCategoryItem TestCategory="L0" />
        <TestCategoryItem TestCategory="Team.TestResultsAndInsights" />
      </TestCategory>
      <Execution id="7408dca8-e3d0-4d8f-9b34-66fcd46fa111" />
      <TestMethod codeBase="d:\v2.0\P1\_work\9\bin\Release.AnyCPU\Tcm.Shared\MS.VS.Services.Tcm.Server.Common.L0.Tests\Microsoft.VisualStudio.Services.Tcm.Server.Common.L0.Tests.dll" adapterTypeName="executor://mstestadapter/v2" className="Microsoft.VisualStudio.Services.Tcm.Server.Common.L0.Tests.Coverage.TCMAttachmentCoverageStorageTests" name="UploadMergedCoverageFileTest" />
    </UnitTest>
    <UnitTest name="CancelTestRunWithProjectNameNull" storage="d:\v2.0\p1\_work\9\bin\release.anycpu\tcm.shared\ms.vs.services.tcm.server.common.l0.tests\microsoft.visualstudio.services.tcm.server.common.l0.tests.dll" priority="1" id="61527920-ea4d-3ec2-5663-a6c80ed9fb17">
      <Owners>
        <Owner name="vstlmtcm" />
      </Owners>
      <TestCategory>
        <TestCategoryItem TestCategory="L0" />
        <TestCategoryItem TestCategory="Team.TestResultsAndInsights" />
      </TestCategory>
      <Execution id="6d1fc23f-c53b-469e-ad4a-fb76043ad8e2" />
      <TestMethod codeBase="d:\v2.0\P1\_work\9\bin\Release.AnyCPU\Tcm.Shared\MS.VS.Services.Tcm.Server.Common.L0.Tests\Microsoft.VisualStudio.Services.Tcm.Server.Common.L0.Tests.dll" adapterTypeName="executor://mstestadapter/v2" className="Microsoft.VisualStudio.Services.Tcm.Server.Common.L0.Tests.CancelTestRunTests" name="CancelTestRunWithProjectNameNull" />
    </UnitTest>
    <UnitTest name="DownloadIntermediateCoverageFilesTest" storage="d:\v2.0\p1\_work\9\bin\release.anycpu\tcm.shared\ms.vs.services.tcm.server.common.l0.tests\microsoft.visualstudio.services.tcm.server.common.l0.tests.dll" priority="0" id="c88700c1-64b7-146b-760b-00f64e022e6d">
      <Owners>
        <Owner name="vstlmtcm" />
      </Owners>
      <TestCategory>
        <TestCategoryItem TestCategory="L0" />
        <TestCategoryItem TestCategory="Team.TestResultsAndInsights" />
      </TestCategory>
      <Execution id="b68df283-647c-49f3-b33b-b662794638fb" />
      <TestMethod codeBase="d:\v2.0\P1\_work\9\bin\Release.AnyCPU\Tcm.Shared\MS.VS.Services.Tcm.Server.Common.L0.Tests\Microsoft.VisualStudio.Services.Tcm.Server.Common.L0.Tests.dll" adapterTypeName="executor://mstestadapter/v2" className="Microsoft.VisualStudio.Services.Tcm.Server.Common.L0.Tests.Coverage.TCMAttachmentCoverageStorageTests" name="DownloadIntermediateCoverageFilesTest" />
    </UnitTest>
    <UnitTest name="DeleteReleasesShouldDeleteReleases" storage="d:\v2.0\p1\_work\9\bin\release.anycpu\tcm.shared\ms.vs.services.tcm.server.common.l0.tests\microsoft.visualstudio.services.tcm.server.common.l0.tests.dll" id="3a779dd0-bad8-ed81-935c-792eb3654bb8">
      <Owners>
        <Owner name="harjain" />
      </Owners>
      <TestCategory>
        <TestCategoryItem TestCategory="L0" />
        <TestCategoryItem TestCategory="Team.TestResultsAndInsights" />
      </TestCategory>
      <Execution id="5b996ada-9063-430e-9aa6-0c69b714d9ee" />
      <TestMethod codeBase="d:\v2.0\P1\_work\9\bin\Release.AnyCPU\Tcm.Shared\MS.VS.Services.Tcm.Server.Common.L0.Tests\Microsoft.VisualStudio.Services.Tcm.Server.Common.L0.Tests.dll" adapterTypeName="executor://mstestadapter/v2" className="Microsoft.VisualStudio.Services.Tcm.Server.Common.L0.Tests.Plugins.DeploymentActionTests" name="DeleteReleasesShouldDeleteReleases" />
    </UnitTest>
    <UnitTest name="CreateTestRunWithoutResultsPublishPermission" storage="d:\v2.0\p1\_work\9\bin\release.anycpu\tcm.shared\ms.vs.services.tcm.server.common.l0.tests\microsoft.visualstudio.services.tcm.server.common.l0.tests.dll" priority="1" id="2c0bf965-ade9-18d3-0505-6b0d2c3c12bf">
      <Owners>
        <Owner name="vstlmtcm" />
      </Owners>
      <TestCategory>
        <TestCategoryItem TestCategory="L0" />
        <TestCategoryItem TestCategory="Team.TestResultsAndInsights" />
      </TestCategory>
      <Execution id="b792940c-d73c-47b3-be9e-84a4c7e4f001" />
      <TestMethod codeBase="d:\v2.0\P1\_work\9\bin\Release.AnyCPU\Tcm.Shared\MS.VS.Services.Tcm.Server.Common.L0.Tests\Microsoft.VisualStudio.Services.Tcm.Server.Common.L0.Tests.dll" adapterTypeName="executor://mstestadapter/v2" className="Microsoft.VisualStudio.Services.Tcm.Server.Common.L0.Tests.CreateTestRunTests" name="CreateTestRunWithoutResultsPublishPermission" />
    </UnitTest>
    <UnitTest name="CancelTestRunWithUserSpecified" storage="d:\v2.0\p1\_work\9\bin\release.anycpu\tcm.shared\ms.vs.services.tcm.server.common.l0.tests\microsoft.visualstudio.services.tcm.server.common.l0.tests.dll" priority="2" id="fc203b74-e100-0642-28be-b4dc2fd1ae02">
      <Owners>
        <Owner name="vstlmtcm" />
      </Owners>
      <TestCategory>
        <TestCategoryItem TestCategory="L0" />
        <TestCategoryItem TestCategory="Team.TestResultsAndInsights" />
      </TestCategory>
      <Execution id="c2c4878b-2f6e-4299-998b-31fc00c8937c" />
      <TestMethod codeBase="d:\v2.0\P1\_work\9\bin\Release.AnyCPU\Tcm.Shared\MS.VS.Services.Tcm.Server.Common.L0.Tests\Microsoft.VisualStudio.Services.Tcm.Server.Common.L0.Tests.dll" adapterTypeName="executor://mstestadapter/v2" className="Microsoft.VisualStudio.Services.Tcm.Server.Common.L0.Tests.CancelTestRunTests" name="CancelTestRunWithUserSpecified" />
    </UnitTest>
    <UnitTest name="VerifyUploadTestLog" storage="d:\v2.0\p1\_work\9\bin\release.anycpu\tcm.shared\ms.vs.services.tcm.server.common.l0.tests\microsoft.visualstudio.services.tcm.server.common.l0.tests.dll" id="a71703fc-9cea-b3f1-475c-502c2164f726">
      <Owners>
        <Owner name="vstlmtcm" />
      </Owners>
      <TestCategory>
        <TestCategoryItem TestCategory="L0" />
        <TestCategoryItem TestCategory="Team.TestResultsAndInsights" />
      </TestCategory>
      <Execution id="79c7584f-03cf-4f9b-a729-27f8e0d67075" />
      <TestMethod codeBase="d:\v2.0\P1\_work\9\bin\Release.AnyCPU\Tcm.Shared\MS.VS.Services.Tcm.Server.Common.L0.Tests\Microsoft.VisualStudio.Services.Tcm.Server.Common.L0.Tests.dll" adapterTypeName="executor://mstestadapter/v2" className="Microsoft.VisualStudio.Services.Tcm.Server.Common.L0.Tests.TestLogStoreClientServiceTests" name="VerifyUploadTestLog" />
    </UnitTest>
    <UnitTest name="TestPrCommentCreationWithEmptyCoverage" storage="d:\v2.0\p1\_work\9\bin\release.anycpu\tcm.shared\ms.vs.services.tcm.server.common.l0.tests\microsoft.visualstudio.services.tcm.server.common.l0.tests.dll" priority="0" id="e4a0901b-f951-279f-0ea8-4a6218bdda12">
      <Owners>
        <Owner name="vsinautotest" />
      </Owners>
      <TestCategory>
        <TestCategoryItem TestCategory="L0" />
        <TestCategoryItem TestCategory="Team.TestResultsAndInsights" />
      </TestCategory>
      <Execution id="317e3495-dea0-4ed9-a080-7ebff632b585" />
      <TestMethod codeBase="d:\v2.0\P1\_work\9\bin\Release.AnyCPU\Tcm.Shared\MS.VS.Services.Tcm.Server.Common.L0.Tests\Microsoft.VisualStudio.Services.Tcm.Server.Common.L0.Tests.dll" adapterTypeName="executor://mstestadapter/v2" className="Microsoft.VisualStudio.Services.Tcm.Server.Common.L0.Tests.Coverage.MarkDownCommentTests" name="TestPrCommentCreationWithEmptyCoverage" />
    </UnitTest>
    <UnitTest name="Execute_TcmCleanupFeatureFlagEnabled_SkipsTestCleanup" storage="d:\v2.0\p1\_work\9\bin\release.anycpu\tcm.shared\ms.vs.services.tcm.server.common.l0.tests\microsoft.visualstudio.services.tcm.server.common.l0.tests.dll" priority="1" id="aabac6f6-17a8-4f23-3c5d-52bc42bb279a">
      <Owners>
        <Owner name="vstlmtcm" />
      </Owners>
      <TestCategory>
        <TestCategoryItem TestCategory="L0" />
        <TestCategoryItem TestCategory="Team.TestCaseManagement" />
      </TestCategory>
      <Execution id="5f101209-c015-4dfb-95c2-196b41b7529f" />
      <TestMethod codeBase="d:\v2.0\P1\_work\9\bin\Release.AnyCPU\Tcm.Shared\MS.VS.Services.Tcm.Server.Common.L0.Tests\Microsoft.VisualStudio.Services.Tcm.Server.Common.L0.Tests.dll" adapterTypeName="executor://mstestadapter/v2" className="Microsoft.VisualStudio.Services.Tcm.Server.Common.L0.Tests.Jobs.SharedCleanupJobTests" name="Execute_TcmCleanupFeatureFlagEnabled_SkipsTestCleanup" />
    </UnitTest>
    <UnitTest name="QueryBuildCoverageTestWhenItIsNull" storage="d:\v2.0\p1\_work\9\bin\release.anycpu\tcm.shared\ms.vs.services.tcm.server.common.l0.tests\microsoft.visualstudio.services.tcm.server.common.l0.tests.dll" priority="0" id="56741507-7bea-e036-f50d-3fce58a15c26">
      <Owners>
        <Owner name="vstlmtcm" />
      </Owners>
      <TestCategory>
        <TestCategoryItem TestCategory="L0" />
        <TestCategoryItem TestCategory="Team.TestResultsAndInsights" />
      </TestCategory>
      <Execution id="8c951d97-2536-49f1-82de-765a1d9887a3" />
      <TestMethod codeBase="d:\v2.0\P1\_work\9\bin\Release.AnyCPU\Tcm.Shared\MS.VS.Services.Tcm.Server.Common.L0.Tests\Microsoft.VisualStudio.Services.Tcm.Server.Common.L0.Tests.dll" adapterTypeName="executor://mstestadapter/v2" className="Microsoft.VisualStudio.Services.Tcm.Server.Common.L0.Tests.Coverage.MSCodeCoverageTransformerTests" name="QueryBuildCoverageTestWhenItIsNull" />
    </UnitTest>
    <UnitTest name="Execute_WithContext_JobCleansUpJobDefinitionAtEnd" storage="d:\v2.0\p1\_work\9\bin\release.anycpu\tcm.shared\ms.vs.services.tcm.server.common.l0.tests\microsoft.visualstudio.services.tcm.server.common.l0.tests.dll" priority="1" id="85403275-e340-a33b-32db-94c36fe3d6e7">
      <Owners>
        <Owner name="vstlmtcm" />
      </Owners>
      <TestCategory>
        <TestCategoryItem TestCategory="L0" />
        <TestCategoryItem TestCategory="Team.TestCaseManagement" />
      </TestCategory>
      <Execution id="4d36804b-1e57-46d9-a8d8-867f0fda4761" />
      <TestMethod codeBase="d:\v2.0\P1\_work\9\bin\Release.AnyCPU\Tcm.Shared\MS.VS.Services.Tcm.Server.Common.L0.Tests\Microsoft.VisualStudio.Services.Tcm.Server.Common.L0.Tests.dll" adapterTypeName="executor://mstestadapter/v2" className="Microsoft.VisualStudio.Services.Tcm.Server.Common.L0.Tests.Jobs.SharedPublishResultsJobTests" name="Execute_WithContext_JobCleansUpJobDefinitionAtEnd" />
    </UnitTest>
    <UnitTest name="ValidateFileCoverageEvalJobReturnsEmptyStringIfNoLineAddedOrModified" storage="d:\v2.0\p1\_work\9\bin\release.anycpu\tcm.shared\ms.vs.services.tcm.server.common.l0.tests\microsoft.visualstudio.services.tcm.server.common.l0.tests.dll" id="10031e76-6117-3796-1464-20c359d40092">
      <Owners>
        <Owner name="vstlmtcm" />
      </Owners>
      <TestCategory>
        <TestCategoryItem TestCategory="L0" />
        <TestCategoryItem TestCategory="Team.TestResultsAndInsights" />
      </TestCategory>
      <Execution id="d1c02b72-74bc-438c-a74e-a8cac25dd59f" />
      <TestMethod codeBase="d:\v2.0\P1\_work\9\bin\Release.AnyCPU\Tcm.Shared\MS.VS.Services.Tcm.Server.Common.L0.Tests\Microsoft.VisualStudio.Services.Tcm.Server.Common.L0.Tests.dll" adapterTypeName="executor://mstestadapter/v2" className="Microsoft.VisualStudio.Services.Tcm.Server.Common.L0.Tests.FileCoverageEvaluatorTests" name="ValidateFileCoverageEvalJobReturnsEmptyStringIfNoLineAddedOrModified" />
    </UnitTest>
    <UnitTest name="UpdateTestRunSummaryOnRunCompleted_WithBuildReference_QueuesJob" storage="d:\v2.0\p1\_work\9\bin\release.anycpu\tcm.shared\ms.vs.services.tcm.server.common.l0.tests\microsoft.visualstudio.services.tcm.server.common.l0.tests.dll" id="627d837c-fee9-f1ec-f105-e35ceac4b905">
      <Owners>
        <Owner name="vstlmtcm" />
      </Owners>
      <TestCategory>
        <TestCategoryItem TestCategory="L0" />
        <TestCategoryItem TestCategory="Team.TestResultsAndInsights" />
      </TestCategory>
      <Execution id="823eb501-c05e-4d65-b0ac-7b576bb580a4" />
      <TestMethod codeBase="d:\v2.0\P1\_work\9\bin\Release.AnyCPU\Tcm.Shared\MS.VS.Services.Tcm.Server.Common.L0.Tests\Microsoft.VisualStudio.Services.Tcm.Server.Common.L0.Tests.dll" adapterTypeName="executor://mstestadapter/v2" className="Microsoft.VisualStudio.Services.Tcm.Server.Common.L0.Tests.Plugins.TestRunActionTests" name="UpdateTestRunSummaryOnRunCompleted_WithBuildReference_QueuesJob" />
    </UnitTest>
    <UnitTest name="UpdateTestRunSummaryOnRunAborted_WithBuildReference_QueuesJob" storage="d:\v2.0\p1\_work\9\bin\release.anycpu\tcm.shared\ms.vs.services.tcm.server.common.l0.tests\microsoft.visualstudio.services.tcm.server.common.l0.tests.dll" id="3106703d-6dee-c79d-cbc4-99142ead326a">
      <Owners>
        <Owner name="vstlmtcm" />
      </Owners>
      <TestCategory>
        <TestCategoryItem TestCategory="L0" />
        <TestCategoryItem TestCategory="Team.TestResultsAndInsights" />
      </TestCategory>
      <Execution id="68e0cd41-3815-46f2-a4e8-536ed9748584" />
      <TestMethod codeBase="d:\v2.0\P1\_work\9\bin\Release.AnyCPU\Tcm.Shared\MS.VS.Services.Tcm.Server.Common.L0.Tests\Microsoft.VisualStudio.Services.Tcm.Server.Common.L0.Tests.dll" adapterTypeName="executor://mstestadapter/v2" className="Microsoft.VisualStudio.Services.Tcm.Server.Common.L0.Tests.Plugins.TestRunActionTests" name="UpdateTestRunSummaryOnRunAborted_WithBuildReference_QueuesJob" />
    </UnitTest>
    <UnitTest name="TestGetChangesInCurrentIteration" storage="d:\v2.0\p1\_work\9\bin\release.anycpu\tcm.shared\ms.vs.services.tcm.server.common.l0.tests\microsoft.visualstudio.services.tcm.server.common.l0.tests.dll" priority="0" id="e22279f3-bb56-8664-25b7-dfe39c81ac16">
      <Owners>
        <Owner name="vstlmtcm" />
      </Owners>
      <TestCategory>
        <TestCategoryItem TestCategory="L0" />
        <TestCategoryItem TestCategory="Team.TestResultsAndInsights" />
      </TestCategory>
      <Execution id="d995f92e-8c06-4188-92c3-950265a6e050" />
      <TestMethod codeBase="d:\v2.0\P1\_work\9\bin\Release.AnyCPU\Tcm.Shared\MS.VS.Services.Tcm.Server.Common.L0.Tests\Microsoft.VisualStudio.Services.Tcm.Server.Common.L0.Tests.dll" adapterTypeName="executor://mstestadapter/v2" className="Microsoft.VisualStudio.Services.Tcm.Server.Common.L0.Tests.Coverage.TfsGitVersionControlProviderTests" name="TestGetChangesInCurrentIteration" />
    </UnitTest>
    <UnitTest name="Execute_WithException_FailedResult" storage="d:\v2.0\p1\_work\9\bin\release.anycpu\tcm.shared\ms.vs.services.tcm.server.common.l0.tests\microsoft.visualstudio.services.tcm.server.common.l0.tests.dll" priority="1" id="2ba8fb0e-93d9-c70c-9ca1-a2d5dac774c4">
      <Owners>
        <Owner name="vstlmtcm" />
      </Owners>
      <TestCategory>
        <TestCategoryItem TestCategory="L0" />
        <TestCategoryItem TestCategory="Team.TestCaseManagement" />
      </TestCategory>
      <Execution id="db010481-9255-4c9e-8d68-bae9371ee9c4" />
      <TestMethod codeBase="d:\v2.0\P1\_work\9\bin\Release.AnyCPU\Tcm.Shared\MS.VS.Services.Tcm.Server.Common.L0.Tests\Microsoft.VisualStudio.Services.Tcm.Server.Common.L0.Tests.dll" adapterTypeName="executor://mstestadapter/v2" className="Microsoft.VisualStudio.Services.Tcm.Server.Common.L0.Tests.Jobs.SharedCleanupJobTests" name="Execute_WithException_FailedResult" />
    </UnitTest>
    <UnitTest name="DeleteBuild_NullProjectName_DoesNotDeleteBuild" storage="d:\v2.0\p1\_work\9\bin\release.anycpu\tcm.shared\ms.vs.services.tcm.server.common.l0.tests\microsoft.visualstudio.services.tcm.server.common.l0.tests.dll" priority="1" id="cee44b56-ade8-86f3-ef97-45de1dac83fc">
      <Owners>
        <Owner name="vstlmtcm" />
      </Owners>
      <TestCategory>
        <TestCategoryItem TestCategory="L0" />
        <TestCategoryItem TestCategory="Team.TestResultsAndInsights" />
      </TestCategory>
      <Execution id="e72d32a2-248d-460f-8665-1bfe95e31e6c" />
      <TestMethod codeBase="d:\v2.0\P1\_work\9\bin\Release.AnyCPU\Tcm.Shared\MS.VS.Services.Tcm.Server.Common.L0.Tests\Microsoft.VisualStudio.Services.Tcm.Server.Common.L0.Tests.dll" adapterTypeName="executor://mstestadapter/v2" className="Microsoft.VisualStudio.Services.Tcm.Server.Common.L0.Tests.BuildDeletedActionTests" name="DeleteBuild_NullProjectName_DoesNotDeleteBuild" />
    </UnitTest>
    <UnitTest name="CancelTestRunWithUserNotSpecified" storage="d:\v2.0\p1\_work\9\bin\release.anycpu\tcm.shared\ms.vs.services.tcm.server.common.l0.tests\microsoft.visualstudio.services.tcm.server.common.l0.tests.dll" priority="1" id="936603b7-90cd-06b2-de78-25be1d7e5fb4">
      <Owners>
        <Owner name="vstlmtcm" />
      </Owners>
      <TestCategory>
        <TestCategoryItem TestCategory="L0" />
        <TestCategoryItem TestCategory="Team.TestResultsAndInsights" />
      </TestCategory>
      <Execution id="c5f790f6-aea7-4912-bb94-8d1aae7cd6b4" />
      <TestMethod codeBase="d:\v2.0\P1\_work\9\bin\Release.AnyCPU\Tcm.Shared\MS.VS.Services.Tcm.Server.Common.L0.Tests\Microsoft.VisualStudio.Services.Tcm.Server.Common.L0.Tests.dll" adapterTypeName="executor://mstestadapter/v2" className="Microsoft.VisualStudio.Services.Tcm.Server.Common.L0.Tests.CancelTestRunTests" name="CancelTestRunWithUserNotSpecified" />
    </UnitTest>
    <UnitTest name="TestOldAttachmentStoreName" storage="d:\v2.0\p1\_work\9\bin\release.anycpu\tcm.shared\ms.vs.services.tcm.server.common.l0.tests\microsoft.visualstudio.services.tcm.server.common.l0.tests.dll" priority="0" id="294d215f-eb4f-579d-d15a-e077bb5db637">
      <Owners>
        <Owner name="vstlmtcm" />
      </Owners>
      <TestCategory>
        <TestCategoryItem TestCategory="L0" />
        <TestCategoryItem TestCategory="Team.TestResultsAndInsights" />
      </TestCategory>
      <Execution id="47699e2b-bc32-42da-9576-feaa235a36da" />
      <TestMethod codeBase="d:\v2.0\P1\_work\9\bin\Release.AnyCPU\Tcm.Shared\MS.VS.Services.Tcm.Server.Common.L0.Tests\Microsoft.VisualStudio.Services.Tcm.Server.Common.L0.Tests.dll" adapterTypeName="executor://mstestadapter/v2" className="Microsoft.VisualStudio.Services.Tcm.Server.Common.L0.Tests.Coverage.CoverageStorageFactoryTests" name="TestOldAttachmentStoreName" />
    </UnitTest>
    <UnitTest name="AbortNotStartedRunAssociatedWithFailedReleaseEnvironment_DeploymentIsNull_RunNotAborted" storage="d:\v2.0\p1\_work\9\bin\release.anycpu\tcm.shared\ms.vs.services.tcm.server.common.l0.tests\microsoft.visualstudio.services.tcm.server.common.l0.tests.dll" id="77923ebf-f24e-95a0-5427-fb5cdffb23a2">
      <Owners>
        <Owner name="vstlmtcm" />
      </Owners>
      <TestCategory>
        <TestCategoryItem TestCategory="L0" />
        <TestCategoryItem TestCategory="Team.TestResultsAndInsights" />
      </TestCategory>
      <Execution id="cd7580a1-9ec8-4dd2-bebd-249036839408" />
      <TestMethod codeBase="d:\v2.0\P1\_work\9\bin\Release.AnyCPU\Tcm.Shared\MS.VS.Services.Tcm.Server.Common.L0.Tests\Microsoft.VisualStudio.Services.Tcm.Server.Common.L0.Tests.dll" adapterTypeName="executor://mstestadapter/v2" className="Microsoft.VisualStudio.Services.Tcm.Server.Common.L0.Tests.Plugins.DeploymentActionTests" name="AbortNotStartedRunAssociatedWithFailedReleaseEnvironment_DeploymentIsNull_RunNotAborted" />
    </UnitTest>
    <UnitTest name="CleanTestRuns_WithNonDeletedProjects_CleansMaxNumberOfDeletedTestRuns" storage="d:\v2.0\p1\_work\9\bin\release.anycpu\tcm.shared\ms.vs.services.tcm.server.common.l0.tests\microsoft.visualstudio.services.tcm.server.common.l0.tests.dll" priority="1" id="ad32c4fe-6fe9-c82a-69b2-86f712aeb855">
      <Owners>
        <Owner name="vstlmtcm" />
      </Owners>
      <TestCategory>
        <TestCategoryItem TestCategory="L0" />
        <TestCategoryItem TestCategory="Team.TestCaseManagement" />
      </TestCategory>
      <Execution id="0d204777-6b34-4acf-b952-968933db605c" />
      <TestMethod codeBase="d:\v2.0\P1\_work\9\bin\Release.AnyCPU\Tcm.Shared\MS.VS.Services.Tcm.Server.Common.L0.Tests\Microsoft.VisualStudio.Services.Tcm.Server.Common.L0.Tests.dll" adapterTypeName="executor://mstestadapter/v2" className="Microsoft.VisualStudio.Services.Tcm.Server.Common.L0.Tests.Jobs.SharedCleanupJobTests" name="CleanTestRuns_WithNonDeletedProjects_CleansMaxNumberOfDeletedTestRuns" />
    </UnitTest>
    <UnitTest name="UpdateTestRunSummaryOnAddResults_InvalidProject_ThrowsException" storage="d:\v2.0\p1\_work\9\bin\release.anycpu\tcm.shared\ms.vs.services.tcm.server.common.l0.tests\microsoft.visualstudio.services.tcm.server.common.l0.tests.dll" id="92229e0f-e0f8-b8b6-0308-68ffcd16be1a">
      <Owners>
        <Owner name="vstlmtcm" />
      </Owners>
      <TestCategory>
        <TestCategoryItem TestCategory="L0" />
        <TestCategoryItem TestCategory="Team.TestResultsAndInsights" />
      </TestCategory>
      <Execution id="c685dc53-a110-4a06-8771-1a9c4fc59595" />
      <TestMethod codeBase="d:\v2.0\P1\_work\9\bin\Release.AnyCPU\Tcm.Shared\MS.VS.Services.Tcm.Server.Common.L0.Tests\Microsoft.VisualStudio.Services.Tcm.Server.Common.L0.Tests.dll" adapterTypeName="executor://mstestadapter/v2" className="Microsoft.VisualStudio.Services.Tcm.Server.Common.L0.Tests.Plugins.TestResultActionTests" name="UpdateTestRunSummaryOnAddResults_InvalidProject_ThrowsException" />
    </UnitTest>
    <UnitTest name="TestNewAttachmentStoreName" storage="d:\v2.0\p1\_work\9\bin\release.anycpu\tcm.shared\ms.vs.services.tcm.server.common.l0.tests\microsoft.visualstudio.services.tcm.server.common.l0.tests.dll" priority="0" id="49663d2f-58d9-38eb-9f3c-86a29399385d">
      <Owners>
        <Owner name="vstlmtcm" />
      </Owners>
      <TestCategory>
        <TestCategoryItem TestCategory="L0" />
        <TestCategoryItem TestCategory="Team.TestResultsAndInsights" />
      </TestCategory>
      <Execution id="e697861c-dc4a-47a4-bb8d-70129080af5b" />
      <TestMethod codeBase="d:\v2.0\P1\_work\9\bin\Release.AnyCPU\Tcm.Shared\MS.VS.Services.Tcm.Server.Common.L0.Tests\Microsoft.VisualStudio.Services.Tcm.Server.Common.L0.Tests.dll" adapterTypeName="executor://mstestadapter/v2" className="Microsoft.VisualStudio.Services.Tcm.Server.Common.L0.Tests.Coverage.CoverageStorageFactoryTests" name="TestNewAttachmentStoreName" />
    </UnitTest>
    <UnitTest name="Verify_SendTestRunStatChangedIsCalledMultipleTimes_ForMultipleClients" storage="d:\v2.0\p1\_work\9\bin\release.anycpu\tcm.shared\ms.vs.services.tcm.server.common.l0.tests\microsoft.visualstudio.services.tcm.server.common.l0.tests.dll" priority="1" id="3f2e4102-32a3-98b9-4024-5267399137dd">
      <Owners>
        <Owner name="vstlmtcm" />
      </Owners>
      <TestCategory>
        <TestCategoryItem TestCategory="L0" />
        <TestCategoryItem TestCategory="Team.TestCaseManagement" />
      </TestCategory>
      <Execution id="6024398c-5439-42b9-a3be-5255ad1911cf" />
      <TestMethod codeBase="d:\v2.0\P1\_work\9\bin\Release.AnyCPU\Tcm.Shared\MS.VS.Services.Tcm.Server.Common.L0.Tests\Microsoft.VisualStudio.Services.Tcm.Server.Common.L0.Tests.dll" adapterTypeName="executor://mstestadapter/v2" className="Microsoft.VisualStudio.Services.Tcm.Server.Common.L0.Tests.Jobs.SharedTestSignalProcessorJobTests" name="Verify_SendTestRunStatChangedIsCalledMultipleTimes_ForMultipleClients" />
    </UnitTest>
    <UnitTest name="HandleBuildCompletionEventWhenFeatureFlagIsOff" storage="d:\v2.0\p1\_work\9\bin\release.anycpu\tcm.shared\ms.vs.services.tcm.server.common.l0.tests\microsoft.visualstudio.services.tcm.server.common.l0.tests.dll" priority="0" id="8bf7b806-6f68-bf75-54cf-eed34c30960e">
      <Owners>
        <Owner name="vstlmtcm" />
      </Owners>
      <TestCategory>
        <TestCategoryItem TestCategory="L0" />
        <TestCategoryItem TestCategory="Team.TestResultsAndInsights" />
      </TestCategory>
      <Execution id="4c24b045-add1-46eb-853d-45dc59c81ea1" />
      <TestMethod codeBase="d:\v2.0\P1\_work\9\bin\Release.AnyCPU\Tcm.Shared\MS.VS.Services.Tcm.Server.Common.L0.Tests\Microsoft.VisualStudio.Services.Tcm.Server.Common.L0.Tests.dll" adapterTypeName="executor://mstestadapter/v2" className="Microsoft.VisualStudio.Services.Tcm.Server.Common.L0.Tests.Coverage.ModuleCoverageBuildEventListenerTests" name="HandleBuildCompletionEventWhenFeatureFlagIsOff" />
    </UnitTest>
    <UnitTest name="UpdateTestRunSummaryOnAddResults_WithResults_UpdatesTestRunSummary" storage="d:\v2.0\p1\_work\9\bin\release.anycpu\tcm.shared\ms.vs.services.tcm.server.common.l0.tests\microsoft.visualstudio.services.tcm.server.common.l0.tests.dll" id="23ddee52-9eab-34f1-7f75-abb7202020f9">
      <Owners>
        <Owner name="vstlmtcm" />
      </Owners>
      <TestCategory>
        <TestCategoryItem TestCategory="L0" />
        <TestCategoryItem TestCategory="Team.TestResultsAndInsights" />
      </TestCategory>
      <Execution id="379e2f00-c3dc-4363-b6eb-22cd3867eb51" />
      <TestMethod codeBase="d:\v2.0\P1\_work\9\bin\Release.AnyCPU\Tcm.Shared\MS.VS.Services.Tcm.Server.Common.L0.Tests\Microsoft.VisualStudio.Services.Tcm.Server.Common.L0.Tests.dll" adapterTypeName="executor://mstestadapter/v2" className="Microsoft.VisualStudio.Services.Tcm.Server.Common.L0.Tests.Plugins.TestResultActionTests" name="UpdateTestRunSummaryOnAddResults_WithResults_UpdatesTestRunSummary" />
    </UnitTest>
    <UnitTest name="TestPrCommentCreationWithLargeNumberOfFiles" storage="d:\v2.0\p1\_work\9\bin\release.anycpu\tcm.shared\ms.vs.services.tcm.server.common.l0.tests\microsoft.visualstudio.services.tcm.server.common.l0.tests.dll" priority="0" id="bf843ea4-71e6-e388-5ef5-c047f6c434e2">
      <Owners>
        <Owner name="vsinautotest" />
      </Owners>
      <TestCategory>
        <TestCategoryItem TestCategory="L0" />
        <TestCategoryItem TestCategory="Team.TestResultsAndInsights" />
      </TestCategory>
      <Execution id="7c43442c-fdc2-4326-8747-33fc87096723" />
      <TestMethod codeBase="d:\v2.0\P1\_work\9\bin\Release.AnyCPU\Tcm.Shared\MS.VS.Services.Tcm.Server.Common.L0.Tests\Microsoft.VisualStudio.Services.Tcm.Server.Common.L0.Tests.dll" adapterTypeName="executor://mstestadapter/v2" className="Microsoft.VisualStudio.Services.Tcm.Server.Common.L0.Tests.Coverage.MarkDownCommentTests" name="TestPrCommentCreationWithLargeNumberOfFiles" />
    </UnitTest>
    <UnitTest name="CreateTestRunWithInvalidIteration" storage="d:\v2.0\p1\_work\9\bin\release.anycpu\tcm.shared\ms.vs.services.tcm.server.common.l0.tests\microsoft.visualstudio.services.tcm.server.common.l0.tests.dll" priority="1" id="d222b83c-58e4-41ca-9d4e-a54818b3904d">
      <Owners>
        <Owner name="vstlmtcm" />
      </Owners>
      <TestCategory>
        <TestCategoryItem TestCategory="L0" />
        <TestCategoryItem TestCategory="Team.TestResultsAndInsights" />
      </TestCategory>
      <Execution id="9c3715bf-1586-4f10-b5be-65e90f3dbfc4" />
      <TestMethod codeBase="d:\v2.0\P1\_work\9\bin\Release.AnyCPU\Tcm.Shared\MS.VS.Services.Tcm.Server.Common.L0.Tests\Microsoft.VisualStudio.Services.Tcm.Server.Common.L0.Tests.dll" adapterTypeName="executor://mstestadapter/v2" className="Microsoft.VisualStudio.Services.Tcm.Server.Common.L0.Tests.CreateTestRunTests" name="CreateTestRunWithInvalidIteration" />
    </UnitTest>
    <UnitTest name="ProjectInitialization_NewProject_CreatesProjectData" storage="d:\v2.0\p1\_work\9\bin\release.anycpu\tcm.shared\ms.vs.services.tcm.server.common.l0.tests\microsoft.visualstudio.services.tcm.server.common.l0.tests.dll" priority="2" id="26ea4e14-4086-a2fa-455f-d1111797599b">
      <Owners>
        <Owner name="vstlmtcm" />
      </Owners>
      <TestCategory>
        <TestCategoryItem TestCategory="L0" />
        <TestCategoryItem TestCategory="Team.TestCaseManagement" />
      </TestCategory>
      <Execution id="7cdd1237-ae54-43df-aa42-cf0b17ce31fa" />
      <TestMethod codeBase="d:\v2.0\P1\_work\9\bin\Release.AnyCPU\Tcm.Shared\MS.VS.Services.Tcm.Server.Common.L0.Tests\Microsoft.VisualStudio.Services.Tcm.Server.Common.L0.Tests.dll" adapterTypeName="executor://mstestadapter/v2" className="Microsoft.VisualStudio.Services.Tcm.Server.Common.L0.Tests.ProjectSyncTests" name="ProjectInitialization_NewProject_CreatesProjectData" />
    </UnitTest>
    <UnitTest name="DeleteBuild_WithSkipRetentionPolicyCheck_AlwaysDeletesResults" storage="d:\v2.0\p1\_work\9\bin\release.anycpu\tcm.shared\ms.vs.services.tcm.server.common.l0.tests\microsoft.visualstudio.services.tcm.server.common.l0.tests.dll" priority="1" id="5ee8c7c4-0841-3665-8e79-bce8e756ae09">
      <Owners>
        <Owner name="vstlmtcm" />
      </Owners>
      <TestCategory>
        <TestCategoryItem TestCategory="L0" />
        <TestCategoryItem TestCategory="Team.TestResultsAndInsights" />
      </TestCategory>
      <Execution id="ef73c18f-f55e-4720-9d14-fec8264d8038" />
      <TestMethod codeBase="d:\v2.0\P1\_work\9\bin\Release.AnyCPU\Tcm.Shared\MS.VS.Services.Tcm.Server.Common.L0.Tests\Microsoft.VisualStudio.Services.Tcm.Server.Common.L0.Tests.dll" adapterTypeName="executor://mstestadapter/v2" className="Microsoft.VisualStudio.Services.Tcm.Server.Common.L0.Tests.BuildDeletedActionTests" name="DeleteBuild_WithSkipRetentionPolicyCheck_AlwaysDeletesResults" />
    </UnitTest>
    <UnitTest name="ReturnBestMatchingFilePath" storage="d:\v2.0\p1\_work\9\bin\release.anycpu\tcm.shared\ms.vs.services.tcm.server.common.l0.tests\microsoft.visualstudio.services.tcm.server.common.l0.tests.dll" priority="0" id="8abf4f0e-b5dc-8921-4367-3e4fb9238c0a">
      <Owners>
        <Owner name="vsinautotest" />
      </Owners>
      <TestCategory>
        <TestCategoryItem TestCategory="L0" />
        <TestCategoryItem TestCategory="Team.TestResultsAndInsights" />
      </TestCategory>
      <Execution id="3e10a5a9-4f64-49b5-9f69-f3f6f1b8562b" />
      <TestMethod codeBase="d:\v2.0\P1\_work\9\bin\Release.AnyCPU\Tcm.Shared\MS.VS.Services.Tcm.Server.Common.L0.Tests\Microsoft.VisualStudio.Services.Tcm.Server.Common.L0.Tests.dll" adapterTypeName="executor://mstestadapter/v2" className="Microsoft.VisualStudio.Services.Tcm.Server.Common.L0.Tests.Coverage.StringMatchFilterTests" name="ReturnBestMatchingFilePath" />
    </UnitTest>
    <UnitTest name="SyncTestSettingsWorksWithoutContinuationtoken" storage="d:\v2.0\p1\_work\9\bin\release.anycpu\tcm.shared\ms.vs.services.tcm.server.common.l0.tests\microsoft.visualstudio.services.tcm.server.common.l0.tests.dll" id="a576ec33-0f40-56d5-7f5a-3ae28b7296da">
      <Owners>
        <Owner name="vstlmtcm" />
      </Owners>
      <TestCategory>
        <TestCategoryItem TestCategory="L0" />
        <TestCategoryItem TestCategory="Team.TestResultsAndInsights" />
      </TestCategory>
      <Execution id="9bfeaaaf-b730-4942-8ca0-6fb61e61c15c" />
      <TestMethod codeBase="d:\v2.0\P1\_work\9\bin\Release.AnyCPU\Tcm.Shared\MS.VS.Services.Tcm.Server.Common.L0.Tests\Microsoft.VisualStudio.Services.Tcm.Server.Common.L0.Tests.dll" adapterTypeName="executor://mstestadapter/v2" className="Microsoft.VisualStudio.Services.Tcm.Server.Common.L0.Tests.ProjectSyncTests" name="SyncTestSettingsWorksWithoutContinuationtoken" />
    </UnitTest>
    <UnitTest name="IncludeTestResults_PolicyDoesNotAllowDeleteTestResults_ReturnsFalse" storage="d:\v2.0\p1\_work\9\bin\release.anycpu\tcm.shared\ms.vs.services.tcm.server.common.l0.tests\microsoft.visualstudio.services.tcm.server.common.l0.tests.dll" priority="1" id="086fe566-20c8-a851-ec3e-70260fe63c63">
      <Owners>
        <Owner name="vstlmtcm" />
      </Owners>
      <TestCategory>
        <TestCategoryItem TestCategory="L0" />
        <TestCategoryItem TestCategory="Team.TestResultsAndInsights" />
      </TestCategory>
      <Execution id="fd736379-0ca9-4ba5-ac6f-6863348c8c74" />
      <TestMethod codeBase="d:\v2.0\P1\_work\9\bin\Release.AnyCPU\Tcm.Shared\MS.VS.Services.Tcm.Server.Common.L0.Tests\Microsoft.VisualStudio.Services.Tcm.Server.Common.L0.Tests.dll" adapterTypeName="executor://mstestadapter/v2" className="Microsoft.VisualStudio.Services.Tcm.Server.Common.L0.Tests.BuildDeletedActionTests" name="IncludeTestResults_PolicyDoesNotAllowDeleteTestResults_ReturnsFalse" />
    </UnitTest>
    <UnitTest name="UpdateTestCaseReferenceOnResultChange_NoResults_DoesNotUpdateTestCaseReference" storage="d:\v2.0\p1\_work\9\bin\release.anycpu\tcm.shared\ms.vs.services.tcm.server.common.l0.tests\microsoft.visualstudio.services.tcm.server.common.l0.tests.dll" id="52f566b8-f178-10be-6f0d-0c3dc9f91b45">
      <Owners>
        <Owner name="vstlmtcm" />
      </Owners>
      <TestCategory>
        <TestCategoryItem TestCategory="L0" />
        <TestCategoryItem TestCategory="Team.TestResultsAndInsights" />
      </TestCategory>
      <Execution id="6affb2a0-a9b2-4ac5-afdc-2a7abc7c497c" />
      <TestMethod codeBase="d:\v2.0\P1\_work\9\bin\Release.AnyCPU\Tcm.Shared\MS.VS.Services.Tcm.Server.Common.L0.Tests\Microsoft.VisualStudio.Services.Tcm.Server.Common.L0.Tests.dll" adapterTypeName="executor://mstestadapter/v2" className="Microsoft.VisualStudio.Services.Tcm.Server.Common.L0.Tests.Plugins.TestResultActionTests" name="UpdateTestCaseReferenceOnResultChange_NoResults_DoesNotUpdateTestCaseReference" />
    </UnitTest>
    <UnitTest name="Execute_NullDefinitionData_Fails" storage="d:\v2.0\p1\_work\9\bin\release.anycpu\tcm.shared\ms.vs.services.tcm.server.common.l0.tests\microsoft.visualstudio.services.tcm.server.common.l0.tests.dll" priority="2" id="9567ad80-5f6c-dbb9-04ab-70738d2786fd">
      <Owners>
        <Owner name="vstlmtcm" />
      </Owners>
      <TestCategory>
        <TestCategoryItem TestCategory="L0" />
        <TestCategoryItem TestCategory="Team.TestCaseManagement" />
      </TestCategory>
      <Execution id="0c3d76c7-a74a-4699-b324-59484e20af3a" />
      <TestMethod codeBase="d:\v2.0\P1\_work\9\bin\Release.AnyCPU\Tcm.Shared\MS.VS.Services.Tcm.Server.Common.L0.Tests\Microsoft.VisualStudio.Services.Tcm.Server.Common.L0.Tests.dll" adapterTypeName="executor://mstestadapter/v2" className="Microsoft.VisualStudio.Services.Tcm.Server.Common.L0.Tests.Jobs.SharedPublishResultsJobTests" name="Execute_NullDefinitionData_Fails" />
    </UnitTest>
    <UnitTest name="Execute_ValidDefinition_PublishJobData" storage="d:\v2.0\p1\_work\9\bin\release.anycpu\tcm.shared\ms.vs.services.tcm.server.common.l0.tests\microsoft.visualstudio.services.tcm.server.common.l0.tests.dll" priority="2" id="a72e47a9-5371-212b-40bd-61faa2640b3d">
      <Owners>
        <Owner name="vstlmtcm" />
      </Owners>
      <TestCategory>
        <TestCategoryItem TestCategory="L0" />
        <TestCategoryItem TestCategory="Team.TestCaseManagement" />
      </TestCategory>
      <Execution id="1928cfe5-5425-49f3-819c-41466cf1cf68" />
      <TestMethod codeBase="d:\v2.0\P1\_work\9\bin\Release.AnyCPU\Tcm.Shared\MS.VS.Services.Tcm.Server.Common.L0.Tests\Microsoft.VisualStudio.Services.Tcm.Server.Common.L0.Tests.dll" adapterTypeName="executor://mstestadapter/v2" className="Microsoft.VisualStudio.Services.Tcm.Server.Common.L0.Tests.Jobs.SharedPublishResultsJobTests" name="Execute_ValidDefinition_PublishJobData" />
    </UnitTest>
  </TestDefinitions>
  <TestEntries>
    <TestEntry testId="c9128d1d-21fd-a0e1-bf62-975f47fc6651" executionId="661fe51e-77ab-4dfd-9baa-2455962ddc04" testListId="8c84fa94-04c1-424b-9868-57a2d4851a1d" />
    <TestEntry testId="c352acd2-7a46-9397-95d8-abaf9328e6b3" executionId="8963dcda-4c55-41e1-93d4-e0c86a58fe99" testListId="8c84fa94-04c1-424b-9868-57a2d4851a1d" />
    <TestEntry testId="e1f10b13-21d8-0c95-2989-50d44e15fe50" executionId="ff707a12-15f1-4082-a56e-e9c997105226" testListId="8c84fa94-04c1-424b-9868-57a2d4851a1d" />
    <TestEntry testId="5ee8c7c4-0841-3665-8e79-bce8e756ae09" executionId="ef73c18f-f55e-4720-9d14-fec8264d8038" testListId="8c84fa94-04c1-424b-9868-57a2d4851a1d" />
    <TestEntry testId="aecc428b-b149-03d1-1498-a8fce2fe23ba" executionId="22d30224-33cc-43bf-9624-2dbbe3f299ed" testListId="8c84fa94-04c1-424b-9868-57a2d4851a1d" />
    <TestEntry testId="02b6250b-fca9-ce73-555a-9e718dca0146" executionId="48568157-7c13-4d0e-8156-7f5c86239f04" testListId="8c84fa94-04c1-424b-9868-57a2d4851a1d" />
    <TestEntry testId="ec3b4ddb-cc81-ab15-6474-81d13a020c67" executionId="4ba981f8-b31d-463f-8ddc-a9a43326565b" testListId="8c84fa94-04c1-424b-9868-57a2d4851a1d" />
    <TestEntry testId="d92f652b-0838-0950-0e87-0d359abce4d9" executionId="b0160e64-4392-4c98-90ca-71c56178e732" testListId="8c84fa94-04c1-424b-9868-57a2d4851a1d" />
    <TestEntry testId="05f5028d-bbce-9b14-869c-d866567ad348" executionId="cb30b5ce-e982-49b1-9e64-9e3ffe534990" testListId="8c84fa94-04c1-424b-9868-57a2d4851a1d" />
    <TestEntry testId="bf843ea4-71e6-e388-5ef5-c047f6c434e2" executionId="7c43442c-fdc2-4326-8747-33fc87096723" testListId="8c84fa94-04c1-424b-9868-57a2d4851a1d" />
    <TestEntry testId="3026930a-2d56-d72d-0f8f-c69bca5711e6" executionId="3c30304a-0dc2-47bf-b6f0-e5ca29251885" testListId="8c84fa94-04c1-424b-9868-57a2d4851a1d" />
    <TestEntry testId="ad9261e1-b1d5-553a-d48f-1416836dea88" executionId="8351c836-b280-43e7-9a59-05e5221e861b" testListId="8c84fa94-04c1-424b-9868-57a2d4851a1d" />
    <TestEntry testId="627d837c-fee9-f1ec-f105-e35ceac4b905" executionId="823eb501-c05e-4d65-b0ac-7b576bb580a4" testListId="8c84fa94-04c1-424b-9868-57a2d4851a1d" />
    <TestEntry testId="cc6fae0d-1f42-8cf1-519a-4635300175a2" executionId="bf964aaa-417c-4f6a-a7ac-bc21ddd850d1" testListId="8c84fa94-04c1-424b-9868-57a2d4851a1d" />
    <TestEntry testId="e22279f3-bb56-8664-25b7-dfe39c81ac16" executionId="d995f92e-8c06-4188-92c3-950265a6e050" testListId="8c84fa94-04c1-424b-9868-57a2d4851a1d" />
    <TestEntry testId="7059a2cb-5144-cc3f-e6e4-c6acbf06710c" executionId="3b8535cb-96cf-42ec-bb5e-1d6d2a2f435e" testListId="8c84fa94-04c1-424b-9868-57a2d4851a1d" />
    <TestEntry testId="c3b868d6-699d-dc23-0157-dd952998cee8" executionId="b7c9a034-1768-4954-8c8a-31c3c4d5678f" testListId="8c84fa94-04c1-424b-9868-57a2d4851a1d" />
    <TestEntry testId="e8e5f758-b389-9af5-e88f-c4f07c52e985" executionId="d0775d69-94ba-4d0d-b66a-c6126f7d96cc" testListId="8c84fa94-04c1-424b-9868-57a2d4851a1d" />
    <TestEntry testId="1ba6b2a3-a77f-f580-c8f7-470abf03523e" executionId="225b2e46-786d-48cb-9913-3e97df6993cc" testListId="8c84fa94-04c1-424b-9868-57a2d4851a1d" />
    <TestEntry testId="d681a424-38a9-c72e-adaa-90bd36b26bf0" executionId="b5e0d909-a1aa-4688-b0b0-8db3d3c5914e" testListId="8c84fa94-04c1-424b-9868-57a2d4851a1d" />
    <TestEntry testId="346f921a-e28d-bbf6-9a77-7783e9bfe7ba" executionId="396a59a9-0747-46f9-ba76-bef8f527f137" testListId="8c84fa94-04c1-424b-9868-57a2d4851a1d" />
    <TestEntry testId="d222b83c-58e4-41ca-9d4e-a54818b3904d" executionId="9c3715bf-1586-4f10-b5be-65e90f3dbfc4" testListId="8c84fa94-04c1-424b-9868-57a2d4851a1d" />
    <TestEntry testId="c6d46028-b426-d3ea-f7c4-a1230752650a" executionId="21db0459-7cd5-41e8-9697-0d66d68543e2" testListId="8c84fa94-04c1-424b-9868-57a2d4851a1d" />
    <TestEntry testId="5b04be64-70eb-2658-ab4d-bb4d034483cf" executionId="ee2adfc2-80da-4e1e-a71c-cba17e6bf263" testListId="8c84fa94-04c1-424b-9868-57a2d4851a1d" />
    <TestEntry testId="e61ab353-abb8-77e5-f821-9b6644e6c23a" executionId="2eb4d48f-d32d-49d0-a29c-7d9e05e3cc17" testListId="8c84fa94-04c1-424b-9868-57a2d4851a1d" />
    <TestEntry testId="00659f0c-3f0a-c3f1-5426-61ddf3c3486e" executionId="7be5b408-f28e-4d53-aa0e-0a2d79c0e112" testListId="8c84fa94-04c1-424b-9868-57a2d4851a1d" />
    <TestEntry testId="1e908455-1929-748c-07af-2f31d759f605" executionId="be72494d-4926-47c0-8085-2114dbd4961e" testListId="8c84fa94-04c1-424b-9868-57a2d4851a1d" />
    <TestEntry testId="26ea4e14-4086-a2fa-455f-d1111797599b" executionId="7cdd1237-ae54-43df-aa42-cf0b17ce31fa" testListId="8c84fa94-04c1-424b-9868-57a2d4851a1d" />
    <TestEntry testId="c08e099c-75da-9a4e-aa9d-2bdff8529016" executionId="91fba6e8-7745-444b-bab2-2b670c2c4485" testListId="8c84fa94-04c1-424b-9868-57a2d4851a1d" />
    <TestEntry testId="73e9b1f9-9717-efeb-073e-740e80bdb8d8" executionId="58f00532-cf28-4df2-a257-8d7cbc4b8b93" testListId="8c84fa94-04c1-424b-9868-57a2d4851a1d" />
    <TestEntry testId="840bda69-a628-798f-cbb9-79ec60f47079" executionId="ae08ad7d-ff95-4049-923a-f1a2ade65e79" testListId="8c84fa94-04c1-424b-9868-57a2d4851a1d" />
    <TestEntry testId="f402d0ec-7c21-4815-45e3-ea93cc211240" executionId="376a9cb7-1426-4e30-ad6f-21f5deeacfd9" testListId="8c84fa94-04c1-424b-9868-57a2d4851a1d" />
    <TestEntry testId="7735ccef-becd-c3da-dc63-73f1c86b99ff" executionId="d5b75321-e435-4a57-8583-ebf4d011c10d" testListId="8c84fa94-04c1-424b-9868-57a2d4851a1d" />
    <TestEntry testId="886d718b-0688-abd3-d5b7-6312921f5e58" executionId="df2d877b-77a9-46f7-be25-304397827c00" testListId="8c84fa94-04c1-424b-9868-57a2d4851a1d" />
    <TestEntry testId="acdb8223-bf02-608c-ab4d-aa39c82c921a" executionId="78535484-c11e-41c0-a25c-44c0480d498e" testListId="8c84fa94-04c1-424b-9868-57a2d4851a1d" />
    <TestEntry testId="8726cbeb-e595-0acd-289d-097643f9faf9" executionId="5bda5908-a3ba-4a6b-8568-8a98cba1a613" testListId="8c84fa94-04c1-424b-9868-57a2d4851a1d" />
    <TestEntry testId="5f1cb520-1e6f-a22c-eeb9-145b41cfb042" executionId="d043ed08-29ac-4cbd-a268-310679405b9d" testListId="8c84fa94-04c1-424b-9868-57a2d4851a1d" />
    <TestEntry testId="73635338-4a76-d6f5-35cf-602ef7a4ca3e" executionId="13ce5698-0d6c-4b71-91a3-02a9a2b95c8a" testListId="8c84fa94-04c1-424b-9868-57a2d4851a1d" />
    <TestEntry testId="def1ddfb-cd16-1344-e28a-03760ee6f17d" executionId="bb8b5d3a-c29a-471b-91a3-86b9f217fab4" testListId="8c84fa94-04c1-424b-9868-57a2d4851a1d" />
    <TestEntry testId="fc27dfa7-7a9f-3ef4-10de-e9a7ae9b58db" executionId="95ead6ec-592f-41e5-b7df-160496c50478" testListId="8c84fa94-04c1-424b-9868-57a2d4851a1d" />
    <TestEntry testId="c660bddd-5322-1aa7-7986-222c18d2eada" executionId="692a18bf-d985-41ee-9a01-5d4aff8f179f" testListId="8c84fa94-04c1-424b-9868-57a2d4851a1d" />
    <TestEntry testId="047dc96e-31c3-8f55-54d9-289ec0397e6c" executionId="b3bdd8fb-9485-4947-a022-e7fceed95854" testListId="8c84fa94-04c1-424b-9868-57a2d4851a1d" />
    <TestEntry testId="ad32c4fe-6fe9-c82a-69b2-86f712aeb855" executionId="0d204777-6b34-4acf-b952-968933db605c" testListId="8c84fa94-04c1-424b-9868-57a2d4851a1d" />
    <TestEntry testId="7113ea1b-5701-7284-af55-2378a8231b4f" executionId="dcf1af4d-ca78-4394-8c13-d9cd552d00e4" testListId="8c84fa94-04c1-424b-9868-57a2d4851a1d" />
    <TestEntry testId="bbc98406-b46f-78ad-4bbb-f3e1df032307" executionId="aa151a83-4e3f-43e7-bf9a-5d88e231b226" testListId="8c84fa94-04c1-424b-9868-57a2d4851a1d" />
    <TestEntry testId="71a4fc69-7447-c07d-0bb5-a313af2198af" executionId="63b86113-72fc-4936-8c1b-e165c3e783f0" testListId="8c84fa94-04c1-424b-9868-57a2d4851a1d" />
    <TestEntry testId="d2f5c7db-f417-b4e3-12b9-eb73316341c7" executionId="60819a20-e386-463e-8dba-f727b4c0704d" testListId="8c84fa94-04c1-424b-9868-57a2d4851a1d" />
    <TestEntry testId="e4a0901b-f951-279f-0ea8-4a6218bdda12" executionId="317e3495-dea0-4ed9-a080-7ebff632b585" testListId="8c84fa94-04c1-424b-9868-57a2d4851a1d" />
    <TestEntry testId="22752d96-818c-0b37-8b1d-710212f1eb31" executionId="811cf3f9-1a8b-46ec-a236-efc5042e7c67" testListId="8c84fa94-04c1-424b-9868-57a2d4851a1d" />
    <TestEntry testId="8cce8d43-f98c-f436-bbc9-37935b701238" executionId="1f524dfb-10c6-4928-af61-b665d99bcc1b" testListId="8c84fa94-04c1-424b-9868-57a2d4851a1d" />
    <TestEntry testId="60f28385-4a98-0e55-3b38-f761b6bd5e74" executionId="f3c72753-8694-4290-a1b2-dd3b337774ec" testListId="8c84fa94-04c1-424b-9868-57a2d4851a1d" />
    <TestEntry testId="086fe566-20c8-a851-ec3e-70260fe63c63" executionId="fd736379-0ca9-4ba5-ac6f-6863348c8c74" testListId="8c84fa94-04c1-424b-9868-57a2d4851a1d" />
    <TestEntry testId="aabac6f6-17a8-4f23-3c5d-52bc42bb279a" executionId="5f101209-c015-4dfb-95c2-196b41b7529f" testListId="8c84fa94-04c1-424b-9868-57a2d4851a1d" />
    <TestEntry testId="7beaa01b-fbd4-158d-4dad-d1b24526157d" executionId="246e680a-a3e3-4d71-963f-eb3b42715da0" testListId="8c84fa94-04c1-424b-9868-57a2d4851a1d" />
    <TestEntry testId="ab57339b-01de-0e5d-cc6f-9402f73f1447" executionId="69947b22-3355-4543-a4bd-d5e811a7118e" testListId="8c84fa94-04c1-424b-9868-57a2d4851a1d" />
    <TestEntry testId="fb553472-43aa-fbe8-b485-ffedb70b5376" executionId="318b8e85-127d-49fb-b2c0-e5f4422a268a" testListId="8c84fa94-04c1-424b-9868-57a2d4851a1d" />
    <TestEntry testId="ef004604-5dc2-07dc-7f27-9ac10a3bbd95" executionId="9c1290c1-002e-4021-aba4-0599de415662" testListId="8c84fa94-04c1-424b-9868-57a2d4851a1d" />
    <TestEntry testId="18103fad-ca69-d112-ebec-4a1a788e9bca" executionId="7e91abf9-4bf8-4af8-b0b2-5df83533cff9" testListId="8c84fa94-04c1-424b-9868-57a2d4851a1d" />
    <TestEntry testId="8f22c8b1-14e7-3eb5-8ee9-b6fce4a873b3" executionId="3f485a5f-fa9a-4ce4-a0b8-ec20d7e88189" testListId="8c84fa94-04c1-424b-9868-57a2d4851a1d" />
    <TestEntry testId="7f88d404-c504-7376-999c-3f98950ff19f" executionId="61ee9c5f-ec88-44a9-a4d4-a0283e7cd02f" testListId="8c84fa94-04c1-424b-9868-57a2d4851a1d" />
    <TestEntry testId="82ea3902-0474-5162-08ca-d9a6cb3354eb" executionId="4ed0ca95-a2b7-4f44-9d7a-ac4f7edccbcc" testListId="8c84fa94-04c1-424b-9868-57a2d4851a1d" />
    <TestEntry testId="e33f09de-6ca8-94e9-aca1-bca82f850031" executionId="2dfb3d79-0bac-4a84-89bc-8454f7065561" testListId="8c84fa94-04c1-424b-9868-57a2d4851a1d" />
    <TestEntry testId="14e9d8fc-ba87-e319-abf3-f2ff794893cb" executionId="ce107668-408a-49a8-beec-fd6ab74661b4" testListId="8c84fa94-04c1-424b-9868-57a2d4851a1d" />
    <TestEntry testId="bbf3d84b-4aff-c3da-4c68-81f45678dbec" executionId="b11dbfb3-3ab2-46d5-b4a8-365bf6d13ada" testListId="8c84fa94-04c1-424b-9868-57a2d4851a1d" />
    <TestEntry testId="73b4b68a-90c7-698a-fa98-23fbe3307f14" executionId="cd6c433f-d124-4de6-8009-905f13c38979" testListId="8c84fa94-04c1-424b-9868-57a2d4851a1d" />
    <TestEntry testId="23ddee52-9eab-34f1-7f75-abb7202020f9" executionId="379e2f00-c3dc-4363-b6eb-22cd3867eb51" testListId="8c84fa94-04c1-424b-9868-57a2d4851a1d" />
    <TestEntry testId="8b3a7c4e-046a-d8a6-7c31-c69e42847479" executionId="dd628bb2-b30b-41aa-bd80-b2240c9b1356" testListId="8c84fa94-04c1-424b-9868-57a2d4851a1d" />
    <TestEntry testId="593e8fe7-6135-0386-0adc-b9238d91809b" executionId="9d99997c-1cb0-4cb6-8cfd-57e22a7d5b60" testListId="8c84fa94-04c1-424b-9868-57a2d4851a1d" />
    <TestEntry testId="25ddba23-61d8-7130-809f-7e055113beb6" executionId="2a3a754d-1944-415e-99ed-31e5eb6dac1b" testListId="8c84fa94-04c1-424b-9868-57a2d4851a1d" />
    <TestEntry testId="ede39b2d-418b-4127-dbf8-9a50e181401b" executionId="1fa1bd71-a071-4468-95c5-f76041a08b72" testListId="8c84fa94-04c1-424b-9868-57a2d4851a1d" />
    <TestEntry testId="d6c8b137-f76b-3e7a-ae25-5aab634975a4" executionId="71c082ef-b4db-4703-b3ee-66d7a43ef250" testListId="8c84fa94-04c1-424b-9868-57a2d4851a1d" />
    <TestEntry testId="77923ebf-f24e-95a0-5427-fb5cdffb23a2" executionId="cd7580a1-9ec8-4dd2-bebd-249036839408" testListId="8c84fa94-04c1-424b-9868-57a2d4851a1d" />
    <TestEntry testId="b6fca9ec-8671-d6a9-c7ea-bb46e6301d66" executionId="2acd3665-3bc0-42a6-aa68-f92b9efb89b8" testListId="8c84fa94-04c1-424b-9868-57a2d4851a1d" />
    <TestEntry testId="6951fc45-7966-0e20-5710-4cb0d84543cd" executionId="2b8f4bbb-ee26-4718-8771-7139babfca1f" testListId="8c84fa94-04c1-424b-9868-57a2d4851a1d" />
    <TestEntry testId="f6f1dee1-2fc9-b81f-c8f8-ab0aa19d3c2e" executionId="aaf8b2fa-d0d6-47d0-96d1-92fab0b7e05a" testListId="8c84fa94-04c1-424b-9868-57a2d4851a1d" />
    <TestEntry testId="391a0ae6-ff09-2633-a72c-1685acf8b03b" executionId="4796427f-6355-4d24-bd0e-1c36151e660a" testListId="8c84fa94-04c1-424b-9868-57a2d4851a1d" />
    <TestEntry testId="e32a511c-db3f-8b25-f350-b2634cdadb16" executionId="74c88392-5381-408a-9436-29b58a7a7c4f" testListId="8c84fa94-04c1-424b-9868-57a2d4851a1d" />
    <TestEntry testId="48338bd5-06c8-5180-5ec5-6c00d20df126" executionId="a38d3944-f839-4a66-8647-5a6e7db33452" testListId="8c84fa94-04c1-424b-9868-57a2d4851a1d" />
    <TestEntry testId="9ec46b9a-c312-88da-f6ef-7e372ef4cba9" executionId="613d1718-b84a-4c4e-b101-0ea8892b1c98" testListId="8c84fa94-04c1-424b-9868-57a2d4851a1d" />
    <TestEntry testId="eaead9f6-42e2-4729-f64b-c82c33fca4c1" executionId="95b49483-fe97-4046-9888-bf49d81c6e8f" testListId="8c84fa94-04c1-424b-9868-57a2d4851a1d" />
    <TestEntry testId="b80660fc-ad87-b5b4-b094-8f9cac87b9b8" executionId="7408dca8-e3d0-4d8f-9b34-66fcd46fa111" testListId="8c84fa94-04c1-424b-9868-57a2d4851a1d" />
    <TestEntry testId="83f1b804-c435-84ba-ac36-64a3b476c5ce" executionId="1422bec2-0fd3-48ef-b2f1-14829809e2e5" testListId="8c84fa94-04c1-424b-9868-57a2d4851a1d" />
    <TestEntry testId="e7d3a7cd-4060-8cc2-43ed-9f9107b1f449" executionId="a65b47e6-26bf-4b66-a4f8-f1a423e54331" testListId="8c84fa94-04c1-424b-9868-57a2d4851a1d" />
    <TestEntry testId="8abf4f0e-b5dc-8921-4367-3e4fb9238c0a" executionId="3e10a5a9-4f64-49b5-9f69-f3f6f1b8562b" testListId="8c84fa94-04c1-424b-9868-57a2d4851a1d" />
    <TestEntry testId="87ed3e3d-c09b-5c0d-1695-5d1c580bce6a" executionId="96975caa-1953-47c2-af37-c11787e44539" testListId="8c84fa94-04c1-424b-9868-57a2d4851a1d" />
    <TestEntry testId="73e34c03-dafe-0b0f-4e93-f71bee9f6e6f" executionId="0edca067-1b76-4103-9263-d05eb85225a1" testListId="8c84fa94-04c1-424b-9868-57a2d4851a1d" />
    <TestEntry testId="ce14c7a8-4c0a-3b5c-ce0d-533603c174bd" executionId="e3f3c54a-ce0d-4473-8d5e-572618bff1f0" testListId="8c84fa94-04c1-424b-9868-57a2d4851a1d" />
    <TestEntry testId="020b42c6-84a8-c57e-31d1-d718364fadd3" executionId="6bbbf682-4130-4922-9292-4c2178d52fee" testListId="8c84fa94-04c1-424b-9868-57a2d4851a1d" />
    <TestEntry testId="07576205-8e1d-e265-92be-07bcec4e7cb4" executionId="203a9246-47ac-4881-a21d-bb3cf60e564f" testListId="8c84fa94-04c1-424b-9868-57a2d4851a1d" />
    <TestEntry testId="f350b749-c59c-1672-005b-fabd676985fd" executionId="8c0edb30-4d76-4da0-a13c-d3ecbbcf71e9" testListId="8c84fa94-04c1-424b-9868-57a2d4851a1d" />
    <TestEntry testId="2f4d611a-da6f-3d6a-bf47-f8a645ddecaa" executionId="36bf3f67-3da7-4c45-9e5a-00a2b9e2f980" testListId="8c84fa94-04c1-424b-9868-57a2d4851a1d" />
    <TestEntry testId="efed76f4-3ca9-7247-9e51-e94dff596f72" executionId="fad54a75-9af5-4e0a-9033-b9e445624faa" testListId="8c84fa94-04c1-424b-9868-57a2d4851a1d" />
    <TestEntry testId="cd5f29a9-6200-2a18-4b4f-95d82986b558" executionId="6189ca9b-0f96-477e-a94f-6748106438dc" testListId="8c84fa94-04c1-424b-9868-57a2d4851a1d" />
    <TestEntry testId="4226dff2-cea7-499b-b3c3-4e1a18df8332" executionId="3a1b48a5-c1af-4a02-be71-9f4c384d4570" testListId="8c84fa94-04c1-424b-9868-57a2d4851a1d" />
    <TestEntry testId="b10878cd-33eb-934f-432d-a85db282c77f" executionId="a64537d0-b1bf-4a06-95cd-8999b6d9f3d6" testListId="8c84fa94-04c1-424b-9868-57a2d4851a1d" />
    <TestEntry testId="45685da9-ee5e-b45d-58ae-d7bb4aa800a5" executionId="e46d812d-f594-446d-aa5a-7bb20233f5d4" testListId="8c84fa94-04c1-424b-9868-57a2d4851a1d" />
    <TestEntry testId="28bbfc85-10a7-8775-57bb-6d9d91675f6a" executionId="5e989cbc-47bd-417d-9d8a-a9bffc427fe9" testListId="8c84fa94-04c1-424b-9868-57a2d4851a1d" />
    <TestEntry testId="42581c5f-84d0-2428-eddd-c4da8e722fcf" executionId="08afeed3-08b0-4600-b135-423945322a50" testListId="8c84fa94-04c1-424b-9868-57a2d4851a1d" />
    <TestEntry testId="39d5e775-08d5-1d5c-fc1c-563e768828ab" executionId="636ca852-2419-4a16-b644-8b6d2cb38219" testListId="8c84fa94-04c1-424b-9868-57a2d4851a1d" />
    <TestEntry testId="12ff644d-75a5-6ceb-c639-0761161a4565" executionId="b616ad50-20fe-45f7-86bb-81dc7fa3574e" testListId="8c84fa94-04c1-424b-9868-57a2d4851a1d" />
    <TestEntry testId="0fb976d4-ae6c-fb36-7adb-95d6d0ff65fa" executionId="1d3d5471-a197-4384-8561-ebf117f1e6b3" testListId="8c84fa94-04c1-424b-9868-57a2d4851a1d" />
    <TestEntry testId="3106703d-6dee-c79d-cbc4-99142ead326a" executionId="68e0cd41-3815-46f2-a4e8-536ed9748584" testListId="8c84fa94-04c1-424b-9868-57a2d4851a1d" />
    <TestEntry testId="936603b7-90cd-06b2-de78-25be1d7e5fb4" executionId="c5f790f6-aea7-4912-bb94-8d1aae7cd6b4" testListId="8c84fa94-04c1-424b-9868-57a2d4851a1d" />
    <TestEntry testId="7924bff6-8662-9688-d9cb-6a59907ddeb7" executionId="0574ede6-2940-4638-8dbe-47812eba2f17" testListId="8c84fa94-04c1-424b-9868-57a2d4851a1d" />
    <TestEntry testId="fdd18cf4-a8d7-f878-685b-3c5dbee86ea9" executionId="175a8d79-bf62-4680-98e8-961662372e25" testListId="8c84fa94-04c1-424b-9868-57a2d4851a1d" />
    <TestEntry testId="cd6dddc0-e90e-258d-3e4e-7bb3b5c8337f" executionId="139e038e-3fe7-4a95-a7ba-f1614b2e0ec2" testListId="8c84fa94-04c1-424b-9868-57a2d4851a1d" />
    <TestEntry testId="fdef44be-e86d-9c45-b0e0-764df50ab523" executionId="5ede6634-c549-423c-bb00-83e7921d227b" testListId="8c84fa94-04c1-424b-9868-57a2d4851a1d" />
    <TestEntry testId="0e007e19-1fbb-b529-3752-1c1b511be8b9" executionId="a624562b-7594-4c83-8ecd-580b5fc95b95" testListId="8c84fa94-04c1-424b-9868-57a2d4851a1d" />
    <TestEntry testId="10031e76-6117-3796-1464-20c359d40092" executionId="d1c02b72-74bc-438c-a74e-a8cac25dd59f" testListId="8c84fa94-04c1-424b-9868-57a2d4851a1d" />
    <TestEntry testId="64c4062e-2bfa-7f91-8da6-6667e93ca4c0" executionId="c7e28f64-951e-45d4-a779-e2834e0597d2" testListId="8c84fa94-04c1-424b-9868-57a2d4851a1d" />
    <TestEntry testId="2ba8fb0e-93d9-c70c-9ca1-a2d5dac774c4" executionId="db010481-9255-4c9e-8d68-bae9371ee9c4" testListId="8c84fa94-04c1-424b-9868-57a2d4851a1d" />
    <TestEntry testId="33d229e1-0293-0877-bb12-764f889f3e4d" executionId="3463486d-4b05-473a-bbba-ed7851c6fe2e" testListId="8c84fa94-04c1-424b-9868-57a2d4851a1d" />
    <TestEntry testId="2c0bf965-ade9-18d3-0505-6b0d2c3c12bf" executionId="b792940c-d73c-47b3-be9e-84a4c7e4f001" testListId="8c84fa94-04c1-424b-9868-57a2d4851a1d" />
    <TestEntry testId="9729a4ba-e31d-7863-e63d-b47469c7a121" executionId="4d90d19f-a197-476d-87ab-9f69f2bdd950" testListId="8c84fa94-04c1-424b-9868-57a2d4851a1d" />
    <TestEntry testId="a72e47a9-5371-212b-40bd-61faa2640b3d" executionId="1928cfe5-5425-49f3-819c-41466cf1cf68" testListId="8c84fa94-04c1-424b-9868-57a2d4851a1d" />
    <TestEntry testId="b2dccf9f-86cb-1887-f88a-628c15d37945" executionId="a62c7911-c4af-46b9-a725-7da9ebcec637" testListId="8c84fa94-04c1-424b-9868-57a2d4851a1d" />
    <TestEntry testId="6afaca6f-df82-ecdc-7879-d41e21e66314" executionId="decc9723-5163-41ff-8d2a-c709298635a6" testListId="8c84fa94-04c1-424b-9868-57a2d4851a1d" />
    <TestEntry testId="1b009c87-475b-8ef8-cc9e-da768e92b6f6" executionId="32a901a4-9715-4f38-9731-2f079f87269b" testListId="8c84fa94-04c1-424b-9868-57a2d4851a1d" />
    <TestEntry testId="28c9dcf2-5e6a-59a8-9e2b-a881ac374040" executionId="1aac1437-a13a-4d22-b701-a148043a2779" testListId="8c84fa94-04c1-424b-9868-57a2d4851a1d" />
    <TestEntry testId="cee44b56-ade8-86f3-ef97-45de1dac83fc" executionId="e72d32a2-248d-460f-8665-1bfe95e31e6c" testListId="8c84fa94-04c1-424b-9868-57a2d4851a1d" />
    <TestEntry testId="56741507-7bea-e036-f50d-3fce58a15c26" executionId="8c951d97-2536-49f1-82de-765a1d9887a3" testListId="8c84fa94-04c1-424b-9868-57a2d4851a1d" />
    <TestEntry testId="33b47e14-8737-755b-03ae-42b2e2d530f4" executionId="96e4081c-3a1b-460e-bf23-81e444a8f39b" testListId="8c84fa94-04c1-424b-9868-57a2d4851a1d" />
    <TestEntry testId="c88700c1-64b7-146b-760b-00f64e022e6d" executionId="b68df283-647c-49f3-b33b-b662794638fb" testListId="8c84fa94-04c1-424b-9868-57a2d4851a1d" />
    <TestEntry testId="7af18900-103f-2522-0dc1-e19641553f59" executionId="bc500010-0118-423e-b131-5cefe1c0aca9" testListId="8c84fa94-04c1-424b-9868-57a2d4851a1d" />
    <TestEntry testId="a88083dc-7d4c-421c-7fb8-d6cc9dc96b2e" executionId="15f9888f-fdec-419f-ace6-9ac43db80ca9" testListId="8c84fa94-04c1-424b-9868-57a2d4851a1d" />
    <TestEntry testId="c77ab15b-9cad-bc65-91a9-78dfeea9569d" executionId="630d68df-331e-46da-b1a3-8148f49ade58" testListId="8c84fa94-04c1-424b-9868-57a2d4851a1d" />
    <TestEntry testId="925080e3-c4cc-fdb0-7c82-8f0b2ed9d3ff" executionId="9db44636-eb51-42db-95e0-dab1611ee1c2" testListId="8c84fa94-04c1-424b-9868-57a2d4851a1d" />
    <TestEntry testId="d30e2d40-08a0-3d0c-2246-d296db7c4f34" executionId="0f1c7d5d-918a-43f3-9a79-a304c6e235aa" testListId="8c84fa94-04c1-424b-9868-57a2d4851a1d" />
    <TestEntry testId="fe35a98d-56a5-71d5-a91e-e5bbd8c89fd3" executionId="0fb558ba-1284-4bba-88c3-217e45281902" testListId="8c84fa94-04c1-424b-9868-57a2d4851a1d" />
    <TestEntry testId="294d215f-eb4f-579d-d15a-e077bb5db637" executionId="47699e2b-bc32-42da-9576-feaa235a36da" testListId="8c84fa94-04c1-424b-9868-57a2d4851a1d" />
    <TestEntry testId="bd99f4f2-23d5-8a9f-8e07-55031f31fb6b" executionId="8c3fd937-0506-4efe-8998-3554e63d6ded" testListId="8c84fa94-04c1-424b-9868-57a2d4851a1d" />
    <TestEntry testId="f6f46a56-a6de-53bb-7013-90031be1c8d2" executionId="bd93f397-4f46-41e5-83d0-3e6723d0ac5b" testListId="8c84fa94-04c1-424b-9868-57a2d4851a1d" />
    <TestEntry testId="61527920-ea4d-3ec2-5663-a6c80ed9fb17" executionId="6d1fc23f-c53b-469e-ad4a-fb76043ad8e2" testListId="8c84fa94-04c1-424b-9868-57a2d4851a1d" />
    <TestEntry testId="89316f66-fb90-4488-ce3a-e8655fe2818c" executionId="4c6158bf-59e5-4adc-9148-8dbbf1c87a57" testListId="8c84fa94-04c1-424b-9868-57a2d4851a1d" />
    <TestEntry testId="44a6b3ab-5415-26ba-0eea-a1f9ca8c1db2" executionId="daa69610-cbe8-4548-a855-7d78f7c3bfc0" testListId="8c84fa94-04c1-424b-9868-57a2d4851a1d" />
    <TestEntry testId="bb06e784-bfe6-b201-be4f-6f1389f1d03e" executionId="5c744afb-c139-4191-b06c-98fcf51392bd" testListId="8c84fa94-04c1-424b-9868-57a2d4851a1d" />
    <TestEntry testId="dc52b115-554d-fdda-eb46-adcc365d79b9" executionId="5fcc0850-793e-45df-bbe0-ee114e9d5cb2" testListId="8c84fa94-04c1-424b-9868-57a2d4851a1d" />
    <TestEntry testId="a9fd0979-a22c-1f05-d679-3161092b0c39" executionId="965ad963-b924-4973-84c3-5a7b994d89c2" testListId="8c84fa94-04c1-424b-9868-57a2d4851a1d" />
    <TestEntry testId="1333d28e-2246-61f0-999c-f60860a833c9" executionId="7225fd53-c44c-48dd-87ca-138bfef6e9f4" testListId="8c84fa94-04c1-424b-9868-57a2d4851a1d" />
    <TestEntry testId="9847945e-5a85-9f46-f8d6-10b5a621aaea" executionId="f3993df7-a3fc-4e5e-a9f8-2ba43ce45ee7" testListId="8c84fa94-04c1-424b-9868-57a2d4851a1d" />
    <TestEntry testId="2f82bb06-2978-7459-40a5-e968c6feeec9" executionId="a1b492a2-3545-4278-b157-a586087e309a" testListId="8c84fa94-04c1-424b-9868-57a2d4851a1d" />
    <TestEntry testId="2af7185a-1a63-98df-6108-3d97437b6fa2" executionId="d6aee3a4-a24b-4300-bf75-2e8fa6db8647" testListId="8c84fa94-04c1-424b-9868-57a2d4851a1d" />
    <TestEntry testId="4c63b308-c14a-0cd8-7cb1-f5b9e5df1b31" executionId="259c9995-bab9-4e62-8bc8-aebe1fa60645" testListId="8c84fa94-04c1-424b-9868-57a2d4851a1d" />
    <TestEntry testId="3a779dd0-bad8-ed81-935c-792eb3654bb8" executionId="5b996ada-9063-430e-9aa6-0c69b714d9ee" testListId="8c84fa94-04c1-424b-9868-57a2d4851a1d" />
    <TestEntry testId="2337eeff-d503-5f85-0236-cef567db39f4" executionId="d696ddcc-850f-4d87-a7b8-a46223617dd2" testListId="8c84fa94-04c1-424b-9868-57a2d4851a1d" />
    <TestEntry testId="e35a88f7-385e-3d22-633c-a18957c0dd5f" executionId="f988bdf3-96a6-4bf3-a299-7f15d16393ef" testListId="8c84fa94-04c1-424b-9868-57a2d4851a1d" />
    <TestEntry testId="5e2d2600-2f2c-0d9a-b3f0-eee6e2b205f5" executionId="3c20876e-2ef8-4bf4-8e4c-e6a4f45d35e0" testListId="8c84fa94-04c1-424b-9868-57a2d4851a1d" />
    <TestEntry testId="9567ad80-5f6c-dbb9-04ab-70738d2786fd" executionId="0c3d76c7-a74a-4699-b324-59484e20af3a" testListId="8c84fa94-04c1-424b-9868-57a2d4851a1d" />
    <TestEntry testId="a576ec33-0f40-56d5-7f5a-3ae28b7296da" executionId="9bfeaaaf-b730-4942-8ca0-6fb61e61c15c" testListId="8c84fa94-04c1-424b-9868-57a2d4851a1d" />
    <TestEntry testId="5d8ffa2a-a6d0-88a4-35ca-a5d478d6e7b8" executionId="ab2973aa-dcd6-4a85-8954-0af3cee89421" testListId="8c84fa94-04c1-424b-9868-57a2d4851a1d" />
    <TestEntry testId="fce22142-3213-bf1e-fadd-872553224e7c" executionId="a5dba895-a497-41ec-95e5-94a9f03ee7e7" testListId="8c84fa94-04c1-424b-9868-57a2d4851a1d" />
    <TestEntry testId="a331dc04-4ae7-02e8-a7e2-7f909508fd9b" executionId="02b2286f-dffe-4a17-8b9c-8feaf934c82e" testListId="8c84fa94-04c1-424b-9868-57a2d4851a1d" />
    <TestEntry testId="52f566b8-f178-10be-6f0d-0c3dc9f91b45" executionId="6affb2a0-a9b2-4ac5-afdc-2a7abc7c497c" testListId="8c84fa94-04c1-424b-9868-57a2d4851a1d" />
    <TestEntry testId="aa3b52de-28aa-0a8d-5eda-a943dba005bd" executionId="f7d30e29-0019-4531-b9e7-1b57cd915647" testListId="8c84fa94-04c1-424b-9868-57a2d4851a1d" />
    <TestEntry testId="f8de6808-1fa2-5357-4a06-f3c55333c490" executionId="b268708e-1049-4f64-8dc6-3fb731499c30" testListId="8c84fa94-04c1-424b-9868-57a2d4851a1d" />
    <TestEntry testId="34c95f66-77ff-3974-8056-b5d845f689d8" executionId="a85bc41a-9544-42d3-93d6-755050656fd6" testListId="8c84fa94-04c1-424b-9868-57a2d4851a1d" />
    <TestEntry testId="49663d2f-58d9-38eb-9f3c-86a29399385d" executionId="e697861c-dc4a-47a4-bb8d-70129080af5b" testListId="8c84fa94-04c1-424b-9868-57a2d4851a1d" />
    <TestEntry testId="d0d7a5f2-7a85-2e6d-51d0-84ffef8fa148" executionId="a5c286f9-9316-4fa0-8af8-be589dc35822" testListId="8c84fa94-04c1-424b-9868-57a2d4851a1d" />
    <TestEntry testId="f0713164-001a-9e79-34ae-154cb803ca58" executionId="daf7696c-42c9-4b16-b57d-c430496ef240" testListId="8c84fa94-04c1-424b-9868-57a2d4851a1d" />
    <TestEntry testId="ae3b1129-6982-d6ac-fe89-a4c944036272" executionId="17734041-284c-4cb3-872c-743959000ee1" testListId="8c84fa94-04c1-424b-9868-57a2d4851a1d" />
    <TestEntry testId="08a50816-d2cc-5fd6-e900-8cbc6b4f053e" executionId="41f169ab-438b-405e-b049-0c8c1744b5ff" testListId="8c84fa94-04c1-424b-9868-57a2d4851a1d" />
    <TestEntry testId="a6c720ae-6b6e-f316-0546-ea99dc95a792" executionId="ab3c1f77-2cda-4578-a89e-fb828b28d63e" testListId="8c84fa94-04c1-424b-9868-57a2d4851a1d" />
    <TestEntry testId="b9a7bcf7-40d6-7a2b-4cfc-c8edd7a06551" executionId="87fd935a-4a71-4074-be9f-6332ff7ccfdf" testListId="8c84fa94-04c1-424b-9868-57a2d4851a1d" />
    <TestEntry testId="6c643c00-7007-5556-6531-8e68a92d9d2a" executionId="f28bea0d-f585-41e3-818b-63be95c40d38" testListId="8c84fa94-04c1-424b-9868-57a2d4851a1d" />
    <TestEntry testId="4d91b25a-575d-6395-af5d-07424f907ff1" executionId="8ff30a25-f91b-4054-8d41-8b2543ef568c" testListId="8c84fa94-04c1-424b-9868-57a2d4851a1d" />
    <TestEntry testId="7c1a91d8-9526-2cb0-7982-21df0302eed4" executionId="9d8e4db9-7bd3-4de7-a324-d2d14d718be4" testListId="8c84fa94-04c1-424b-9868-57a2d4851a1d" />
    <TestEntry testId="757051e6-4e17-b694-d25e-05cfb626eeb7" executionId="a52a891e-58ae-44ad-87d2-d0c78ff51ae2" testListId="8c84fa94-04c1-424b-9868-57a2d4851a1d" />
    <TestEntry testId="2fb474b9-5ce2-d05f-fb97-3fbe622fc53f" executionId="e79c9807-2345-4176-b6bb-ff479f379610" testListId="8c84fa94-04c1-424b-9868-57a2d4851a1d" />
    <TestEntry testId="79a4c2ad-44c3-ea7e-5705-a8a4335c4c66" executionId="8587894f-cd20-4615-be47-e2c685d3c635" testListId="8c84fa94-04c1-424b-9868-57a2d4851a1d" />
    <TestEntry testId="8bfc662b-2c63-8294-e75c-1b3e27c154e2" executionId="5f80b3a2-851f-4a3a-812d-19aeaaaa2a3b" testListId="8c84fa94-04c1-424b-9868-57a2d4851a1d" />
    <TestEntry testId="9062252b-2e08-f32f-fa85-2b9729fe84d2" executionId="11671463-8184-4a26-9b0f-e9912bf2cfdf" testListId="8c84fa94-04c1-424b-9868-57a2d4851a1d" />
    <TestEntry testId="85403275-e340-a33b-32db-94c36fe3d6e7" executionId="4d36804b-1e57-46d9-a8d8-867f0fda4761" testListId="8c84fa94-04c1-424b-9868-57a2d4851a1d" />
    <TestEntry testId="17387ff0-a6bf-36cf-e164-0e820b588c3b" executionId="474a627c-bfee-4989-9043-54ecd7909c8d" testListId="8c84fa94-04c1-424b-9868-57a2d4851a1d" />
    <TestEntry testId="643e058f-a60a-a5e8-2e27-ca01e078f5f9" executionId="fd36fedb-f778-4cf0-b962-49f00e7c4686" testListId="8c84fa94-04c1-424b-9868-57a2d4851a1d" />
    <TestEntry testId="74e33702-e4d9-fc73-df26-848473aa3c48" executionId="0363eb3a-fbc0-4182-80eb-17cc8023c625" testListId="8c84fa94-04c1-424b-9868-57a2d4851a1d" />
    <TestEntry testId="73e7a867-128c-801f-c826-c514fdc4646b" executionId="4256de2a-b2e9-4115-95f2-67344622199b" testListId="8c84fa94-04c1-424b-9868-57a2d4851a1d" />
    <TestEntry testId="0c17a423-c847-e3cb-85d4-8901f25fedc2" executionId="f573ab25-1f8d-4aba-a216-771c48bb9f7b" testListId="8c84fa94-04c1-424b-9868-57a2d4851a1d" />
    <TestEntry testId="a6f6b60b-d074-fce8-615a-c6afcc51d95b" executionId="3803590b-59bf-401f-bfcb-277da0873047" testListId="8c84fa94-04c1-424b-9868-57a2d4851a1d" />
    <TestEntry testId="8039c480-63e7-ec9e-9e60-dac2849ba58a" executionId="7ec4f70b-6c1c-4cff-819e-193823a208dc" testListId="8c84fa94-04c1-424b-9868-57a2d4851a1d" />
    <TestEntry testId="66f3b9e3-23e6-429b-eda1-b75b52d90f80" executionId="510db93d-2bc4-4c5b-be28-49cc31847dc3" testListId="8c84fa94-04c1-424b-9868-57a2d4851a1d" />
    <TestEntry testId="4fa24dab-79b3-c920-571c-e8ab46deb743" executionId="e510b978-a7ce-49a5-9cf4-5ea91a3e7642" testListId="8c84fa94-04c1-424b-9868-57a2d4851a1d" />
    <TestEntry testId="172fcdf1-622c-d15f-76f5-311e98caf590" executionId="a703d555-acb0-4b8c-b055-edb535f65611" testListId="8c84fa94-04c1-424b-9868-57a2d4851a1d" />
    <TestEntry testId="aa16617a-0659-89fc-62cb-3f72c8bfbcad" executionId="bfa59a43-98c6-4c8f-8334-a8cbda855aeb" testListId="8c84fa94-04c1-424b-9868-57a2d4851a1d" />
    <TestEntry testId="b2913803-979b-d673-9608-64427eb584f9" executionId="07b8bbbf-4ef0-4acc-a178-5c7a8123319f" testListId="8c84fa94-04c1-424b-9868-57a2d4851a1d" />
    <TestEntry testId="991a645a-6d9c-0992-f5b3-fdcb83ef4db7" executionId="475c976e-ba95-46d5-9eca-d341b5036e2a" testListId="8c84fa94-04c1-424b-9868-57a2d4851a1d" />
    <TestEntry testId="99ad7477-c9cd-d44e-d843-5bbb007ad3f3" executionId="6437f48d-de5f-4286-b23d-994714861002" testListId="8c84fa94-04c1-424b-9868-57a2d4851a1d" />
    <TestEntry testId="3108b71e-ff62-046d-f092-162029c7ec19" executionId="5032d4a9-a34b-4ddb-8706-8efc9aa2baa8" testListId="8c84fa94-04c1-424b-9868-57a2d4851a1d" />
    <TestEntry testId="8bf7b806-6f68-bf75-54cf-eed34c30960e" executionId="4c24b045-add1-46eb-853d-45dc59c81ea1" testListId="8c84fa94-04c1-424b-9868-57a2d4851a1d" />
    <TestEntry testId="45984084-0d07-a4d1-b0cc-caac9b48011f" executionId="4026e92b-9a04-446b-8f07-ccab7d488d5f" testListId="8c84fa94-04c1-424b-9868-57a2d4851a1d" />
    <TestEntry testId="2085c371-e933-1fcd-8bab-6795589d4566" executionId="739e030e-df6f-4ac6-84a9-37c3f8d21046" testListId="8c84fa94-04c1-424b-9868-57a2d4851a1d" />
    <TestEntry testId="8cd49043-2b54-b46b-ce6c-ffa8511d3c9a" executionId="6171b228-a2b6-4046-9eab-8c0f54670b39" testListId="8c84fa94-04c1-424b-9868-57a2d4851a1d" />
    <TestEntry testId="7843239d-7a78-4f80-1404-b119505081f2" executionId="776e37f8-641e-47dd-8e55-87650c076505" testListId="8c84fa94-04c1-424b-9868-57a2d4851a1d" />
    <TestEntry testId="e21c885c-566a-cf70-e13b-59a936e390c0" executionId="f1e8aefc-ca4e-404f-92a8-ffa7bd26b0d3" testListId="8c84fa94-04c1-424b-9868-57a2d4851a1d" />
    <TestEntry testId="fd4837d5-a5d3-14eb-389d-cdd55c59fbc1" executionId="40861901-08fe-44f4-b38f-fdfd8f76c979" testListId="8c84fa94-04c1-424b-9868-57a2d4851a1d" />
    <TestEntry testId="d2d79b44-05e6-3939-56c8-d59e1dea41aa" executionId="ceebe17b-5124-4632-afbe-ca5d67253af9" testListId="8c84fa94-04c1-424b-9868-57a2d4851a1d" />
    <TestEntry testId="92229e0f-e0f8-b8b6-0308-68ffcd16be1a" executionId="c685dc53-a110-4a06-8771-1a9c4fc59595" testListId="8c84fa94-04c1-424b-9868-57a2d4851a1d" />
    <TestEntry testId="8527d593-6727-38a8-e917-3d8f691082fc" executionId="2c8f7520-eb6f-4791-87c5-17c07c782829" testListId="8c84fa94-04c1-424b-9868-57a2d4851a1d" />
    <TestEntry testId="fc203b74-e100-0642-28be-b4dc2fd1ae02" executionId="c2c4878b-2f6e-4299-998b-31fc00c8937c" testListId="8c84fa94-04c1-424b-9868-57a2d4851a1d" />
    <TestEntry testId="525fef95-f27b-a9b5-6e3b-87926385c8c2" executionId="b72f12dc-915e-444e-9598-dad79e4d18f3" testListId="8c84fa94-04c1-424b-9868-57a2d4851a1d" />
    <TestEntry testId="2bad8a4a-bcd9-0e15-1543-8db2acb10e19" executionId="0ed8b427-dabe-4f2f-8435-6af5dbac38fe" testListId="8c84fa94-04c1-424b-9868-57a2d4851a1d" />
    <TestEntry testId="bf91a6bd-8060-462f-0ac6-c3a8b58e2f72" executionId="3fbd4207-363d-4cf8-b607-f08368bfca17" testListId="8c84fa94-04c1-424b-9868-57a2d4851a1d" />
    <TestEntry testId="6618f33f-8830-9b83-7932-ff35d2b70b54" executionId="1681fa50-d378-4604-8d7d-3f9c71807348" testListId="8c84fa94-04c1-424b-9868-57a2d4851a1d" />
    <TestEntry testId="228f3f6a-6e09-24eb-22c5-936b9b21514b" executionId="b95d3f4b-fa35-4a86-963c-033638e5111b" testListId="8c84fa94-04c1-424b-9868-57a2d4851a1d" />
    <TestEntry testId="8e2fc967-f020-b2f9-4253-e19ec73bbfd9" executionId="504b0e48-774a-4954-a131-cc1dac7d75d2" testListId="8c84fa94-04c1-424b-9868-57a2d4851a1d" />
    <TestEntry testId="bc1dcf79-5a6a-9be6-693f-585970252703" executionId="3ad80b8f-5b26-4562-9489-910dd13ac3c3" testListId="8c84fa94-04c1-424b-9868-57a2d4851a1d" />
    <TestEntry testId="cc4d2c37-9967-1c9e-52c9-ce528dee7b99" executionId="45480c9d-e7f2-4d2d-9792-8f4c28722684" testListId="8c84fa94-04c1-424b-9868-57a2d4851a1d" />
    <TestEntry testId="a71703fc-9cea-b3f1-475c-502c2164f726" executionId="79c7584f-03cf-4f9b-a729-27f8e0d67075" testListId="8c84fa94-04c1-424b-9868-57a2d4851a1d" />
    <TestEntry testId="c3767d10-7093-91ce-708b-8f82d7b039ac" executionId="0b51f041-17d4-4dd5-a5d5-dc073d9debed" testListId="8c84fa94-04c1-424b-9868-57a2d4851a1d" />
    <TestEntry testId="0c3e3f92-c551-9801-79e9-9353decf4082" executionId="6cb970fc-f3e7-4f4b-b4ad-e308dc5c3604" testListId="8c84fa94-04c1-424b-9868-57a2d4851a1d" />
    <TestEntry testId="97812fec-86f5-6410-b1a1-1a25f7894eea" executionId="2eca874b-b664-404b-9a44-4330872cd6d8" testListId="8c84fa94-04c1-424b-9868-57a2d4851a1d" />
    <TestEntry testId="588a7bef-0b3e-446f-dcc2-84f9e4df201b" executionId="8bc1a424-a57f-41fb-8a25-7698666726ed" testListId="8c84fa94-04c1-424b-9868-57a2d4851a1d" />
    <TestEntry testId="85578e4e-5c69-530e-27ce-c01090e55ea3" executionId="91e31c89-f599-47b2-a187-5b6d9cd8df54" testListId="8c84fa94-04c1-424b-9868-57a2d4851a1d" />
    <TestEntry testId="fd729554-7ece-36f6-f4da-36fb1d5f9c5f" executionId="a77d3d77-018d-42da-a94e-129c8fa9b815" testListId="8c84fa94-04c1-424b-9868-57a2d4851a1d" />
    <TestEntry testId="1c6bda65-e5c1-fc74-e574-febb92c7e7e0" executionId="920d520f-f3b3-420f-9c9a-1b7fba1ad317" testListId="8c84fa94-04c1-424b-9868-57a2d4851a1d" />
    <TestEntry testId="f9b135b1-7a69-87c2-4b8d-8e0ecdac2ed5" executionId="81214a63-7915-4dbd-a175-1a6529943f75" testListId="8c84fa94-04c1-424b-9868-57a2d4851a1d" />
    <TestEntry testId="3f2e4102-32a3-98b9-4024-5267399137dd" executionId="6024398c-5439-42b9-a3be-5255ad1911cf" testListId="8c84fa94-04c1-424b-9868-57a2d4851a1d" />
    <TestEntry testId="2d34d8b1-1413-3b36-706d-8811cf42fbaf" executionId="7de4eec2-6e0d-4e22-8b4e-f2c209d3a202" testListId="8c84fa94-04c1-424b-9868-57a2d4851a1d" />
    <TestEntry testId="dfab8d9d-5d28-51a4-69b5-0dd0b9cc8d18" executionId="04527b8a-535c-44c6-9254-89a3644406e0" testListId="8c84fa94-04c1-424b-9868-57a2d4851a1d" />
    <TestEntry testId="ae893fa3-ce11-4ff8-5db5-d34fecb3e059" executionId="aa4252c1-f134-4c2c-859c-a113223d06f0" testListId="8c84fa94-04c1-424b-9868-57a2d4851a1d" />
    <TestEntry testId="9a34961f-2513-1c22-e6d0-8bde6d88fe86" executionId="3b74ba73-8550-4c4a-815b-40841a150c78" testListId="8c84fa94-04c1-424b-9868-57a2d4851a1d" />
    <TestEntry testId="408faccd-1893-8a94-4352-a69483cb2b80" executionId="ad3a5ec6-bdb9-4a9c-8b1f-122f4011a762" testListId="8c84fa94-04c1-424b-9868-57a2d4851a1d" />
    <TestEntry testId="594d5e84-78d6-b350-0b0f-bd72ee205007" executionId="b9fab863-0321-482d-98c8-d6ff462032b5" testListId="8c84fa94-04c1-424b-9868-57a2d4851a1d" />
    <TestEntry testId="2787e5f7-4f56-8a93-7985-338437b183fc" executionId="efda8f99-b6fb-48a0-8e22-8d076140f924" testListId="8c84fa94-04c1-424b-9868-57a2d4851a1d" />
    <TestEntry testId="efee3ac1-2990-e885-8349-fd14adb2283d" executionId="1245fcde-98a7-45b8-b4ad-342246248f03" testListId="8c84fa94-04c1-424b-9868-57a2d4851a1d" />
    <TestEntry testId="df3440b9-1aa3-5e3c-0563-2095a23cfc3f" executionId="ac4d6ef8-7b1b-4a33-9198-e73b61648b07" testListId="8c84fa94-04c1-424b-9868-57a2d4851a1d" />
    <TestEntry testId="7f09acaa-b152-0c06-973f-4ede5326f9d4" executionId="48817994-0839-4612-9501-da1d850da30c" testListId="8c84fa94-04c1-424b-9868-57a2d4851a1d" />
    <TestEntry testId="c587bb0c-ec26-ce0c-5534-012a8346a97e" executionId="b7481afb-b1da-4264-b773-c16de2a9b876" testListId="8c84fa94-04c1-424b-9868-57a2d4851a1d" />
    <TestEntry testId="788059fe-a86c-781a-cd72-945ce72d4d79" executionId="0f4c0a19-f961-42cb-b0db-6a887ca0f611" testListId="8c84fa94-04c1-424b-9868-57a2d4851a1d" />
  </TestEntries>
  <TestLists>
    <TestList name="Results Not in a List" id="8c84fa94-04c1-424b-9868-57a2d4851a1d" />
    <TestList name="All Loaded Results" id="19431567-8539-422a-85d7-44ee4e166bda" />
  </TestLists>
  <ResultSummary outcome="Completed">
    <Counters total="231" executed="229" passed="229" failed="0" error="0" timeout="0" aborted="0" inconclusive="0" passedButRunAborted="0" notRunnable="0" notExecuted="0" disconnected="0" warning="0" completed="0" inProgress="0" pending="0" />
    <Output>
      <StdOut>Test 'VerifySingleConnectionString' was skipped in the test run.Test 'VerifyMultipleConnectionString' was skipped in the test run.</StdOut>
    </Output>
    <CollectorDataEntries>
      <Collector agentName="TFSBUILD110" uri="datacollector://microsoft/CodeCoverage/2.0" collectorDisplayName="Code Coverage">
        <UriAttachments>
          <UriAttachment>
            <A href="C:\\LogStore.covx"></A>
          </UriAttachment>
          <UriAttachment>
            <A href="C:\\LogStore[1].txt"></A>
          </UriAttachment>
        </UriAttachments>
      </Collector>
    </CollectorDataEntries>
  </ResultSummary>
</TestRun>
